@I [HLS-0] Workspace /home/mhho/wrk/SparkAccel/hls/hls_linearRegression/axi_interfaces_prj/solution1 opened at Thu Jun 18 16:27:23 HKT 2015
@I [HLS-100] Command "config_clock -quiet -name default -period 4 -default=false "
@I [SYN-201] Setting up clock 'default' with a period of 4ns.
@I [HLS-100] Command 'config_clock' returned 0; elapsed 0.000208Total elapsed time: 1.307 sec.
@I [HLS-100] Command "open_platform DefaultPlatform "
@I [HLS-100] Command 'open_platform' returned 0; elapsed 6.1e-05Total elapsed time: 1.307 sec.
@I [HLS-100] Command "import_lib /opt/Xilinx/Vivado_HLS/2015.1/common/technology/xilinx/kintex7/kintex7 "
@I [HLS-100] Command "source /opt/Xilinx/Vivado_HLS/2015.1/common/technology/xilinx/common/xilinx.lib "
@I [HLS-100] Command "source /opt/Xilinx/Vivado_HLS/2015.1/common/technology/xilinx/interface/xilinx_interface.lib "
@I [HLS-100] Command "source /opt/Xilinx/Vivado_HLS/2015.1/common/technology/xilinx/interface/plb46.lib "
@I [HLS-100] Command 'ap_source' returned 0; elapsed 0.000298Total elapsed time: 1.308 sec.
@I [HLS-100] Command "source /opt/Xilinx/Vivado_HLS/2015.1/common/technology/xilinx/interface/fsl.lib "
@I [HLS-100] Command 'ap_source' returned 0; elapsed 0.000154Total elapsed time: 1.308 sec.
@I [HLS-100] Command "source /opt/Xilinx/Vivado_HLS/2015.1/common/technology/xilinx/interface/axi4.lib "
@I [HLS-100] Command 'ap_source' returned 0; elapsed 0.000204Total elapsed time: 1.308 sec.
@I [HLS-100] Command "source /opt/Xilinx/Vivado_HLS/2015.1/common/technology/xilinx/interface/maxi.lib "
@I [HLS-100] Command 'ap_source' returned 0; elapsed 0.000178Total elapsed time: 1.309 sec.
@I [HLS-100] Command "source /opt/Xilinx/Vivado_HLS/2015.1/common/technology/xilinx/interface/saxilite.lib "
@I [HLS-100] Command 'ap_source' returned 0; elapsed 0.000104Total elapsed time: 1.309 sec.
@I [HLS-100] Command 'ap_source' returned 0; elapsed 0.001241Total elapsed time: 1.309 sec.
@I [HLS-100] Command "source /opt/Xilinx/Vivado_HLS/2015.1/common/technology/xilinx/common/dsp48.lib "
@I [HLS-100] Command 'ap_source' returned 0; elapsed 0.000103Total elapsed time: 1.309 sec.
@I [HLS-100] Command "source /opt/Xilinx/Vivado_HLS/2015.1/common/technology/xilinx/ip/xfir.lib "
@I [HLS-100] Command 'ap_source' returned 0; elapsed 8.4e-05Total elapsed time: 1.309 sec.
@I [HLS-100] Command "source /opt/Xilinx/Vivado_HLS/2015.1/common/technology/xilinx/ip/xfft.lib "
@I [HLS-100] Command 'ap_source' returned 0; elapsed 7.2e-05Total elapsed time: 1.309 sec.
@I [HLS-100] Command "source /opt/Xilinx/Vivado_HLS/2015.1/common/technology/xilinx/ip/dds_compiler.lib "
@I [HLS-100] Command 'ap_source' returned 0; elapsed 6.8e-05Total elapsed time: 1.309 sec.
@I [HLS-100] Command 'ap_source' returned 0; elapsed 0.003431Total elapsed time: 1.311 sec.
@I [HLS-100] Command "source /opt/Xilinx/Vivado_HLS/2015.1/common/technology/xilinx/common/xilinx_old.lib "
@I [HLS-100] Command 'ap_source' returned 0; elapsed 0.000742Total elapsed time: 1.313 sec.
@I [HLS-100] Command "source /opt/Xilinx/Vivado_HLS/2015.1/common/technology/xilinx/common/xilinx_vivado.lib "
@I [HLS-100] Command 'ap_source' returned 0; elapsed 0.000397Total elapsed time: 1.313 sec.
@I [HLS-100] Command "source /opt/Xilinx/Vivado_HLS/2015.1/common/technology/xilinx/common/xilinx.hlp "
@I [HLS-100] Command "source /opt/Xilinx/Vivado_HLS/2015.1/common/technology/xilinx/common/target_info.tcl "
@I [HLS-100] Command 'ap_source' returned 0; elapsed 0.000123Total elapsed time: 1.315 sec.
@I [HLS-100] Command "source /opt/Xilinx/Vivado_HLS/2015.1/common/technology/xilinx/interface/xilinx_interface.hlp "
@I [HLS-100] Command "source /opt/Xilinx/Vivado_HLS/2015.1/common/technology/xilinx/interface/maxi.hlp "
@I [HLS-100] Command 'ap_source' returned 0; elapsed 8.1e-05Total elapsed time: 1.315 sec.
@I [HLS-100] Command "source /opt/Xilinx/Vivado_HLS/2015.1/common/technology/xilinx/interface/saxilite.hlp "
@I [HLS-100] Command 'ap_source' returned 0; elapsed 7.5e-05Total elapsed time: 1.315 sec.
@I [HLS-100] Command 'ap_source' returned 0; elapsed 0.000272Total elapsed time: 1.315 sec.
@I [HLS-100] Command "source /opt/Xilinx/Vivado_HLS/2015.1/common/technology/xilinx/common/dsp48.hlp "
@I [HLS-100] Command 'ap_source' returned 0; elapsed 0.000374Total elapsed time: 1.316 sec.
@I [HLS-100] Command 'ap_source' returned 0; elapsed 0.001691Total elapsed time: 1.316 sec.
@I [HLS-100] Command "source /opt/Xilinx/Vivado_HLS/2015.1/common/technology/xilinx/kintex7/dsp48e1.hlp "
@I [HLS-100] Command 'ap_source' returned 0; elapsed 8.2e-05Total elapsed time: 1.316 sec.
@I [HLS-100] Command "get_default_platform "
@I [HLS-100] Command 'get_default_platform' returned 0; elapsed 1.1e-05Total elapsed time: 1.316 sec.
@I [HLS-100] Command "config_chip_info -quiet -resource  {SLICE 50950} {LUT 203800}    {FF 407600} {DSP48E 840}    {BRAM 890}  "
@I [HLS-100] Command 'config_chip_info' returned 0; elapsed 1.7e-05Total elapsed time: 1.317 sec.
@I [HLS-100] Command "config_chip_info -quiet -speed medium "
@I [HLS-100] Command 'config_chip_info' returned 0; elapsed 7e-06Total elapsed time: 1.317 sec.
@I [HLS-100] Command 'import_lib' returned 0; elapsed 0.01044Total elapsed time: 1.318 sec.
@I [HLS-100] Command "source /opt/Xilinx/Vivado_HLS/2015.1/common/technology/xilinx/kintex7/kintex7.gen "
@I [HLS-100] Command "source /opt/Xilinx/Vivado_HLS/2015.1/common/technology/xilinx/common/virtex.gen "
@I [HLS-100] Command "source /opt/Xilinx/Vivado_HLS/2015.1/common/technology/xilinx/common/xilinx.gen "
@I [HLS-100] Command "source /opt/Xilinx/Vivado_HLS/2015.1/common/technology/xilinx/interface/plb46.gen "
@I [HLS-100] Command 'ap_source' returned 0; elapsed 0.001643Total elapsed time: 1.320 sec.
@I [HLS-100] Command "source /opt/Xilinx/Vivado_HLS/2015.1/common/technology/xilinx/interface/fsl.gen "
@I [HLS-100] Command 'ap_source' returned 0; elapsed 0.001181Total elapsed time: 1.320 sec.
@I [HLS-100] Command "source /opt/Xilinx/Vivado_HLS/2015.1/common/technology/xilinx/interface/axi4.gen "
@I [HLS-100] Command 'ap_source' returned 0; elapsed 0.001763Total elapsed time: 1.325 sec.
@I [HLS-100] Command "source /opt/Xilinx/Vivado_HLS/2015.1/common/technology/xilinx/interface/nativeAXI4.gen "
@I [HLS-100] Command "source /opt/Xilinx/Vivado_HLS/2015.1/common/technology/xilinx/interface/saxilite.gen "
@I [HLS-100] Command 'ap_source' returned 0; elapsed 0.00225Total elapsed time: 1.327 sec.
@I [HLS-100] Command "source /opt/Xilinx/Vivado_HLS/2015.1/common/technology/xilinx/interface/maxi.gen "
@I [HLS-100] Command 'ap_source' returned 0; elapsed 0.00516Total elapsed time: 1.333 sec.
@I [HLS-100] Command 'ap_source' returned 0; elapsed 0.007646Total elapsed time: 1.333 sec.
@I [HLS-100] Command "source /opt/Xilinx/Vivado_HLS/2015.1/common/technology/xilinx/scripts/xilinxcoregen.gen "
@I [HLS-100] Command 'ap_source' returned 0; elapsed 0.008449Total elapsed time: 1.341 sec.
@I [HLS-100] Command "source /opt/Xilinx/Vivado_HLS/2015.1/common/technology/xilinx/interface/XilEDKCoreGen.gen "
@I [HLS-100] Command 'ap_source' returned 0; elapsed 0.009429Total elapsed time: 1.351 sec.
@I [HLS-100] Command "source /opt/Xilinx/Vivado_HLS/2015.1/common/technology/xilinx/ip/xfir.gen "
@I [HLS-100] Command "source /opt/Xilinx/Vivado_HLS/2015.1/tps/tcl/tcllib1.11.1/struct/list.tcl "
@I [HLS-100] Command "source /opt/Xilinx/Vivado_HLS/2015.1/tps/tcl/tcllib1.11.1/cmdline/cmdline.tcl "
@I [HLS-100] Command 'ap_source' returned 0; elapsed 0.000671Total elapsed time: 1.367 sec.
@I [HLS-100] Command 'ap_source' returned 0; elapsed 0.001428Total elapsed time: 1.367 sec.
@I [HLS-100] Command "source /opt/Xilinx/Vivado_HLS/2015.1/tps/tcl/tcllib1.11.1/math/bignum.tcl "
@I [HLS-100] Command 'ap_source' returned 0; elapsed 0.001503Total elapsed time: 1.400 sec.
@I [HLS-100] Command 'ap_source' returned 0; elapsed 0.03802Total elapsed time: 1.416 sec.
@I [HLS-100] Command "source /opt/Xilinx/Vivado_HLS/2015.1/common/technology/xilinx/ip/xfft.gen "
@I [HLS-100] Command 'ap_source' returned 0; elapsed 0.090452Total elapsed time: 1.516 sec.
@I [HLS-100] Command "source /opt/Xilinx/Vivado_HLS/2015.1/common/technology/xilinx/ip/dds_compiler.gen "
@I [HLS-100] Command 'ap_source' returned 0; elapsed 0.002402Total elapsed time: 1.519 sec.
@I [HLS-100] Command "source /opt/Xilinx/Vivado_HLS/2015.1/common/technology/xilinx/ip/util.gen "
@I [HLS-100] Command 'ap_source' returned 0; elapsed 0.000145Total elapsed time: 1.519 sec.
@I [HLS-100] Command 'ap_source' returned 0; elapsed 0.162674Total elapsed time: 1.519 sec.
@I [HLS-100] Command "source /opt/Xilinx/Vivado_HLS/2015.1/common/technology/xilinx/common/dsp48.gen "
@I [HLS-100] Command 'ap_source' returned 0; elapsed 0.000103Total elapsed time: 1.521 sec.
@I [HLS-100] Command 'ap_source' returned 0; elapsed 0.164047Total elapsed time: 1.521 sec.
@I [HLS-100] Command 'ap_source' returned 0; elapsed 0.16417Total elapsed time: 1.521 sec.
@I [HLS-100] Command "open_platform DefaultPlatform "
@I [HLS-100] Command 'open_platform' returned 0; elapsed 1.1e-05Total elapsed time: 1.521 sec.
@I [HLS-100] Command "import_lib /opt/Xilinx/Vivado_HLS/2015.1/common/technology/xilinx/kintex7/kintex7_fpv6 "
@I [HLS-100] Command "source /opt/Xilinx/Vivado_HLS/2015.1/common/technology/xilinx/common/xilinx_fpv7.lib "
@I [HLS-100] Command 'ap_source' returned 0; elapsed 0.00235Total elapsed time: 1.523 sec.
@I [HLS-100] Command "source /opt/Xilinx/Vivado_HLS/2015.1/common/technology/xilinx/common/xilinx_fpv.hlp "
@I [HLS-100] Command "source /opt/Xilinx/Vivado_HLS/2015.1/common/technology/xilinx/common/xilinx.hlp "
@I [HLS-100] Command "source /opt/Xilinx/Vivado_HLS/2015.1/common/technology/xilinx/common/target_info.tcl "
@I [HLS-100] Command 'ap_source' returned 0; elapsed 0.000148Total elapsed time: 1.528 sec.
@I [HLS-100] Command "source /opt/Xilinx/Vivado_HLS/2015.1/common/technology/xilinx/interface/xilinx_interface.hlp "
@I [HLS-100] Command "source /opt/Xilinx/Vivado_HLS/2015.1/common/technology/xilinx/interface/maxi.hlp "
@I [HLS-100] Command 'ap_source' returned 0; elapsed 8.3e-05Total elapsed time: 1.528 sec.
@I [HLS-100] Command "source /opt/Xilinx/Vivado_HLS/2015.1/common/technology/xilinx/interface/saxilite.hlp "
@I [HLS-100] Command 'ap_source' returned 0; elapsed 7.5e-05Total elapsed time: 1.528 sec.
@I [HLS-100] Command 'ap_source' returned 0; elapsed 0.000271Total elapsed time: 1.528 sec.
@I [HLS-100] Command "source /opt/Xilinx/Vivado_HLS/2015.1/common/technology/xilinx/common/dsp48.hlp "
@I [HLS-100] Command 'ap_source' returned 0; elapsed 0.000344Total elapsed time: 1.529 sec.
@I [HLS-100] Command 'ap_source' returned 0; elapsed 0.00155Total elapsed time: 1.529 sec.
@I [HLS-100] Command 'ap_source' returned 0; elapsed 0.001979Total elapsed time: 1.529 sec.
@I [HLS-100] Command 'import_lib' returned 0; elapsed 0.01148Total elapsed time: 1.532 sec.
@I [HLS-100] Command "source /opt/Xilinx/Vivado_HLS/2015.1/common/technology/xilinx/kintex7/kintex7_fpv6.gen "
@I [HLS-100] Command "source /opt/Xilinx/Vivado_HLS/2015.1/common/technology/xilinx/common/xilinx_fpv6.gen "
@I [HLS-100] Command 'ap_source' returned 0; elapsed 0.001123Total elapsed time: 1.534 sec.
@I [HLS-100] Command 'ap_source' returned 0; elapsed 0.001282Total elapsed time: 1.534 sec.
@I [HLS-100] Command "set_part xc7k325tffg900-2 "
@I [HLS-100] Command "add_library xilinx/kintex7/kintex7:xc7k325t:ffg900:-2 "
@I [HLS-100] Command "get_default_platform "
@I [HLS-100] Command 'get_default_platform' returned 0; elapsed 9e-06Total elapsed time: 1.537 sec.
@I [HLS-100] Command "license_exists VIVADO_HLS "
@I [HLS-100] Command 'license_exists' returned 1; elapsed 0.015641Total elapsed time: 1.927 sec.
@I [HLS-100] Command "license_exists ap_opencl "
@I [HLS-100] Command 'license_exists' returned 1; elapsed 0.018588Total elapsed time: 2.296 sec.
@I [HLS-100] Command "license_exists AUTOESL_NI "
@I [HLS-100] Command 'license_exists' returned 1; elapsed 0.01496Total elapsed time: 2.648 sec.
@I [HLS-100] Command "license_exists HLS "
@I [HLS-100] Command 'license_exists' returned 0; elapsed 1.2e-05Total elapsed time: 2.648 sec.
@I [HLS-100] Command "open_platform DefaultPlatform "
@I [HLS-100] Command 'open_platform' returned 0; elapsed 1.2e-05Total elapsed time: 2.648 sec.
@I [HLS-100] Command "import_lib /opt/Xilinx/Vivado_HLS/2015.1/common/technology/xilinx/kintex7/kintex7 "
@I [HLS-100] Command "source /opt/Xilinx/Vivado_HLS/2015.1/common/technology/xilinx/common/xilinx.lib "
@I [HLS-100] Command "source /opt/Xilinx/Vivado_HLS/2015.1/common/technology/xilinx/interface/xilinx_interface.lib "
@I [HLS-100] Command "source /opt/Xilinx/Vivado_HLS/2015.1/common/technology/xilinx/interface/plb46.lib "
@I [HLS-100] Command 'ap_source' returned 0; elapsed 0.000224Total elapsed time: 2.649 sec.
@I [HLS-100] Command "source /opt/Xilinx/Vivado_HLS/2015.1/common/technology/xilinx/interface/fsl.lib "
@I [HLS-100] Command 'ap_source' returned 0; elapsed 0.000114Total elapsed time: 2.649 sec.
@I [HLS-100] Command "source /opt/Xilinx/Vivado_HLS/2015.1/common/technology/xilinx/interface/axi4.lib "
@I [HLS-100] Command 'ap_source' returned 0; elapsed 0.000159Total elapsed time: 2.649 sec.
@I [HLS-100] Command "source /opt/Xilinx/Vivado_HLS/2015.1/common/technology/xilinx/interface/maxi.lib "
@I [HLS-100] Command 'ap_source' returned 0; elapsed 0.000254Total elapsed time: 2.650 sec.
@I [HLS-100] Command "source /opt/Xilinx/Vivado_HLS/2015.1/common/technology/xilinx/interface/saxilite.lib "
@I [HLS-100] Command 'ap_source' returned 0; elapsed 0.000252Total elapsed time: 2.650 sec.
@I [HLS-100] Command 'ap_source' returned 0; elapsed 0.001299Total elapsed time: 2.650 sec.
@I [HLS-100] Command "source /opt/Xilinx/Vivado_HLS/2015.1/common/technology/xilinx/common/dsp48.lib "
@I [HLS-100] Command 'ap_source' returned 0; elapsed 0.000177Total elapsed time: 2.650 sec.
@I [HLS-100] Command "source /opt/Xilinx/Vivado_HLS/2015.1/common/technology/xilinx/ip/xfir.lib "
@I [HLS-100] Command 'ap_source' returned 0; elapsed 8.8e-05Total elapsed time: 2.650 sec.
@I [HLS-100] Command "source /opt/Xilinx/Vivado_HLS/2015.1/common/technology/xilinx/ip/xfft.lib "
@I [HLS-100] Command 'ap_source' returned 0; elapsed 0.000233Total elapsed time: 2.651 sec.
@I [HLS-100] Command "source /opt/Xilinx/Vivado_HLS/2015.1/common/technology/xilinx/ip/dds_compiler.lib "
@I [HLS-100] Command 'ap_source' returned 0; elapsed 8.2e-05Total elapsed time: 2.651 sec.
@I [HLS-100] Command 'ap_source' returned 0; elapsed 0.003416Total elapsed time: 2.652 sec.
@I [HLS-100] Command "source /opt/Xilinx/Vivado_HLS/2015.1/common/technology/xilinx/common/xilinx_old.lib "
@I [HLS-100] Command 'ap_source' returned 0; elapsed 0.000474Total elapsed time: 2.654 sec.
@I [HLS-100] Command "source /opt/Xilinx/Vivado_HLS/2015.1/common/technology/xilinx/common/xilinx_vivado.lib "
@I [HLS-100] Command 'ap_source' returned 0; elapsed 0.000383Total elapsed time: 2.654 sec.
@I [HLS-100] Command "source /opt/Xilinx/Vivado_HLS/2015.1/common/technology/xilinx/common/xilinx.hlp "
@I [HLS-100] Command "source /opt/Xilinx/Vivado_HLS/2015.1/common/technology/xilinx/common/target_info.tcl "
@I [HLS-100] Command 'ap_source' returned 0; elapsed 0.000104Total elapsed time: 2.655 sec.
@I [HLS-100] Command "source /opt/Xilinx/Vivado_HLS/2015.1/common/technology/xilinx/interface/xilinx_interface.hlp "
@I [HLS-100] Command "source /opt/Xilinx/Vivado_HLS/2015.1/common/technology/xilinx/interface/maxi.hlp "
@I [HLS-100] Command 'ap_source' returned 0; elapsed 8.7e-05Total elapsed time: 2.655 sec.
@I [HLS-100] Command "source /opt/Xilinx/Vivado_HLS/2015.1/common/technology/xilinx/interface/saxilite.hlp "
@I [HLS-100] Command 'ap_source' returned 0; elapsed 7.5e-05Total elapsed time: 2.656 sec.
@I [HLS-100] Command 'ap_source' returned 0; elapsed 0.000268Total elapsed time: 2.656 sec.
@I [HLS-100] Command "source /opt/Xilinx/Vivado_HLS/2015.1/common/technology/xilinx/common/dsp48.hlp "
@I [HLS-100] Command 'ap_source' returned 0; elapsed 0.000341Total elapsed time: 2.656 sec.
@I [HLS-100] Command 'ap_source' returned 0; elapsed 0.001458Total elapsed time: 2.656 sec.
@I [HLS-100] Command "source /opt/Xilinx/Vivado_HLS/2015.1/common/technology/xilinx/kintex7/dsp48e1.hlp "
@I [HLS-100] Command 'ap_source' returned 0; elapsed 7.9e-05Total elapsed time: 2.657 sec.
@I [HLS-100] Command "get_default_platform "
@I [HLS-100] Command 'get_default_platform' returned 0; elapsed 9e-06Total elapsed time: 2.657 sec.
@I [HLS-100] Command "config_chip_info -quiet -resource  {SLICE 50950} {LUT 203800}    {FF 407600} {DSP48E 840}    {BRAM 890}  "
@I [HLS-100] Command 'config_chip_info' returned 0; elapsed 1.7e-05Total elapsed time: 2.657 sec.
@I [HLS-100] Command "config_chip_info -quiet -speed medium "
@I [HLS-100] Command 'config_chip_info' returned 0; elapsed 6e-06Total elapsed time: 2.657 sec.
@I [HLS-100] Command 'import_lib' returned 0; elapsed 0.009287Total elapsed time: 2.658 sec.
@I [HLS-100] Command "source /opt/Xilinx/Vivado_HLS/2015.1/common/technology/xilinx/kintex7/kintex7.gen "
@I [HLS-100] Command "source /opt/Xilinx/Vivado_HLS/2015.1/common/technology/xilinx/common/virtex.gen "
@I [HLS-100] Command "source /opt/Xilinx/Vivado_HLS/2015.1/common/technology/xilinx/common/xilinx.gen "
@I [HLS-100] Command "source /opt/Xilinx/Vivado_HLS/2015.1/common/technology/xilinx/interface/plb46.gen "
@I [HLS-100] Command 'ap_source' returned 0; elapsed 0.001324Total elapsed time: 2.660 sec.
@I [HLS-100] Command "source /opt/Xilinx/Vivado_HLS/2015.1/common/technology/xilinx/interface/fsl.gen "
@I [HLS-100] Command 'ap_source' returned 0; elapsed 0.000334Total elapsed time: 2.660 sec.
@I [HLS-100] Command "source /opt/Xilinx/Vivado_HLS/2015.1/common/technology/xilinx/interface/axi4.gen "
@I [HLS-100] Command 'ap_source' returned 0; elapsed 0.00139Total elapsed time: 2.662 sec.
@I [HLS-100] Command "source /opt/Xilinx/Vivado_HLS/2015.1/common/technology/xilinx/interface/nativeAXI4.gen "
@I [HLS-100] Command "source /opt/Xilinx/Vivado_HLS/2015.1/common/technology/xilinx/interface/saxilite.gen "
@I [HLS-100] Command 'ap_source' returned 0; elapsed 0.00132Total elapsed time: 2.664 sec.
@I [HLS-100] Command "source /opt/Xilinx/Vivado_HLS/2015.1/common/technology/xilinx/interface/maxi.gen "
@I [HLS-100] Command 'ap_source' returned 0; elapsed 0.003464Total elapsed time: 2.668 sec.
@I [HLS-100] Command 'ap_source' returned 0; elapsed 0.004937Total elapsed time: 2.668 sec.
@I [HLS-100] Command "source /opt/Xilinx/Vivado_HLS/2015.1/common/technology/xilinx/scripts/xilinxcoregen.gen "
@I [HLS-100] Command 'ap_source' returned 0; elapsed 0.004971Total elapsed time: 2.675 sec.
@I [HLS-100] Command "source /opt/Xilinx/Vivado_HLS/2015.1/common/technology/xilinx/interface/XilEDKCoreGen.gen "
@I [HLS-100] Command 'ap_source' returned 0; elapsed 0.004429Total elapsed time: 2.681 sec.
@I [HLS-100] Command "source /opt/Xilinx/Vivado_HLS/2015.1/common/technology/xilinx/ip/xfir.gen "
@I [HLS-100] Command 'ap_source' returned 0; elapsed 0.026537Total elapsed time: 2.712 sec.
@I [HLS-100] Command "source /opt/Xilinx/Vivado_HLS/2015.1/common/technology/xilinx/ip/xfft.gen "
@I [HLS-100] Command 'ap_source' returned 0; elapsed 0.073756Total elapsed time: 2.786 sec.
@I [HLS-100] Command "source /opt/Xilinx/Vivado_HLS/2015.1/common/technology/xilinx/ip/dds_compiler.gen "
@I [HLS-100] Command 'ap_source' returned 0; elapsed 0.002951Total elapsed time: 2.790 sec.
@I [HLS-100] Command "source /opt/Xilinx/Vivado_HLS/2015.1/common/technology/xilinx/ip/util.gen "
@I [HLS-100] Command 'ap_source' returned 0; elapsed 0.000135Total elapsed time: 2.790 sec.
@I [HLS-100] Command 'ap_source' returned 0; elapsed 0.121523Total elapsed time: 2.790 sec.
@I [HLS-100] Command "source /opt/Xilinx/Vivado_HLS/2015.1/common/technology/xilinx/common/dsp48.gen "
@I [HLS-100] Command 'ap_source' returned 0; elapsed 0.000199Total elapsed time: 2.792 sec.
@I [HLS-100] Command 'ap_source' returned 0; elapsed 0.123791Total elapsed time: 2.792 sec.
@I [HLS-100] Command 'ap_source' returned 0; elapsed 0.12394Total elapsed time: 2.792 sec.
@I [HLS-100] Command "get_default_platform "
@I [HLS-100] Command 'get_default_platform' returned 0; elapsed 1.4e-05Total elapsed time: 2.793 sec.
@I [HLS-100] Command "config_chip_info -quiet -resource  {SLICE 50950} {LUT 203800}    {FF 407600} {DSP48E 840}    {BRAM 890}  "
@I [HLS-100] Command 'config_chip_info' returned 0; elapsed 0.000125Total elapsed time: 2.793 sec.
@I [HLS-100] Command "config_chip_info -quiet -speed medium "
@I [HLS-100] Command 'config_chip_info' returned 0; elapsed 9e-06Total elapsed time: 2.793 sec.
@I [HLS-100] Command 'add_library' returned 0; elapsed 0.185206Total elapsed time: 2.794 sec.
@I [HLS-100] Command "add_library xilinx/kintex7/kintex7_fpv6 "
@I [HLS-100] Command "get_default_platform "
@I [HLS-100] Command 'get_default_platform' returned 0; elapsed 1.2e-05Total elapsed time: 2.794 sec.
@I [HLS-100] Command "license_exists VIVADO_HLS "
@I [HLS-100] Command 'license_exists' returned 1; elapsed 0.014488Total elapsed time: 3.146 sec.
@I [HLS-100] Command "license_exists ap_opencl "
@I [HLS-100] Command 'license_exists' returned 1; elapsed 0.013183Total elapsed time: 3.523 sec.
@I [HLS-100] Command "license_exists AUTOESL_NI "
@I [HLS-100] Command 'license_exists' returned 1; elapsed 0.01931Total elapsed time: 3.898 sec.
@I [HLS-100] Command "license_exists HLS "
@I [HLS-100] Command 'license_exists' returned 0; elapsed 8.5e-05Total elapsed time: 3.899 sec.
@I [HLS-100] Command "open_platform DefaultPlatform "
@I [HLS-100] Command 'open_platform' returned 0; elapsed 1.1e-05Total elapsed time: 3.899 sec.
@I [HLS-100] Command "import_lib /opt/Xilinx/Vivado_HLS/2015.1/common/technology/xilinx/kintex7/kintex7_fpv6 "
@I [HLS-100] Command "source /opt/Xilinx/Vivado_HLS/2015.1/common/technology/xilinx/common/xilinx_fpv7.lib "
@I [HLS-100] Command 'ap_source' returned 0; elapsed 0.002591Total elapsed time: 3.902 sec.
@I [HLS-100] Command "source /opt/Xilinx/Vivado_HLS/2015.1/common/technology/xilinx/common/xilinx_fpv.hlp "
@I [HLS-100] Command "source /opt/Xilinx/Vivado_HLS/2015.1/common/technology/xilinx/common/xilinx.hlp "
@I [HLS-100] Command "source /opt/Xilinx/Vivado_HLS/2015.1/common/technology/xilinx/common/target_info.tcl "
@I [HLS-100] Command 'ap_source' returned 0; elapsed 0.000154Total elapsed time: 3.906 sec.
@I [HLS-100] Command "source /opt/Xilinx/Vivado_HLS/2015.1/common/technology/xilinx/interface/xilinx_interface.hlp "
@I [HLS-100] Command "source /opt/Xilinx/Vivado_HLS/2015.1/common/technology/xilinx/interface/maxi.hlp "
@I [HLS-100] Command 'ap_source' returned 0; elapsed 9.5e-05Total elapsed time: 3.906 sec.
@I [HLS-100] Command "source /opt/Xilinx/Vivado_HLS/2015.1/common/technology/xilinx/interface/saxilite.hlp "
@I [HLS-100] Command 'ap_source' returned 0; elapsed 0.000141Total elapsed time: 3.907 sec.
@I [HLS-100] Command 'ap_source' returned 0; elapsed 0.000366Total elapsed time: 3.907 sec.
@I [HLS-100] Command "source /opt/Xilinx/Vivado_HLS/2015.1/common/technology/xilinx/common/dsp48.hlp "
@I [HLS-100] Command 'ap_source' returned 0; elapsed 0.000787Total elapsed time: 3.908 sec.
@I [HLS-100] Command 'ap_source' returned 0; elapsed 0.002352Total elapsed time: 3.908 sec.
@I [HLS-100] Command 'ap_source' returned 0; elapsed 0.002971Total elapsed time: 3.909 sec.
@I [HLS-100] Command 'import_lib' returned 0; elapsed 0.014766Total elapsed time: 3.915 sec.
@I [HLS-100] Command "source /opt/Xilinx/Vivado_HLS/2015.1/common/technology/xilinx/kintex7/kintex7_fpv6.gen "
@I [HLS-100] Command "source /opt/Xilinx/Vivado_HLS/2015.1/common/technology/xilinx/common/xilinx_fpv6.gen "
@I [HLS-100] Command 'ap_source' returned 0; elapsed 0.002103Total elapsed time: 3.917 sec.
@I [HLS-100] Command 'ap_source' returned 0; elapsed 0.002333Total elapsed time: 3.917 sec.
@I [HLS-100] Command 'add_library' returned 0; elapsed 0.067092Total elapsed time: 3.919 sec.
@I [HLS-10] Setting target device to 'xc7k325tffg900-2'
@I [HLS-100] Command 'set_part' returned 0; elapsed 0.254442Total elapsed time: 3.919 sec.
@I [HLS-100] Command "get_default_platform "
@I [HLS-100] Command 'get_default_platform' returned 0; elapsed 1.6e-05Total elapsed time: 3.919 sec.
@I [HLS-100] Command "config_chip_info -quiet -resource  {SLICE 50950} {LUT 203800}    {FF 407600} {DSP48E 840}    {BRAM 890}  "
@I [HLS-100] Command 'config_chip_info' returned 0; elapsed 3.3e-05Total elapsed time: 3.919 sec.
@I [HLS-100] Command "config_chip_info -quiet -speed medium "
@I [HLS-100] Command 'config_chip_info' returned 0; elapsed 1.3e-05Total elapsed time: 3.919 sec.
@I [HLS-100] Command 'open_solution' returned 0; elapsed 0.450448Total elapsed time: 3.920 sec.
@I [HLS-100] Command "set_part xc7k325tffg900-2 "
@I [HLS-100] Command "add_library xilinx/kintex7/kintex7:xc7k325t:ffg900:-2 "
@I [HLS-100] Command "get_default_platform "
@I [HLS-100] Command 'get_default_platform' returned 0; elapsed 9.6e-05Total elapsed time: 3.923 sec.
@I [HLS-100] Command "license_exists VIVADO_HLS "
@I [HLS-100] Command 'license_exists' returned 1; elapsed 0.018106Total elapsed time: 4.292 sec.
@I [HLS-100] Command "license_exists ap_opencl "
@I [HLS-100] Command 'license_exists' returned 1; elapsed 0.013636Total elapsed time: 4.906 sec.
@I [HLS-100] Command "license_exists AUTOESL_NI "
@I [HLS-100] Command 'license_exists' returned 1; elapsed 0.015263Total elapsed time: 5.281 sec.
@I [HLS-100] Command "license_exists HLS "
@I [HLS-100] Command 'license_exists' returned 0; elapsed 1.4e-05Total elapsed time: 5.281 sec.
@I [HLS-100] Command "open_platform DefaultPlatform "
@I [HLS-100] Command 'open_platform' returned 0; elapsed 1e-05Total elapsed time: 5.281 sec.
@I [HLS-100] Command "import_lib /opt/Xilinx/Vivado_HLS/2015.1/common/technology/xilinx/kintex7/kintex7 "
@I [HLS-100] Command "source /opt/Xilinx/Vivado_HLS/2015.1/common/technology/xilinx/common/xilinx.lib "
@I [HLS-100] Command "source /opt/Xilinx/Vivado_HLS/2015.1/common/technology/xilinx/interface/xilinx_interface.lib "
@I [HLS-100] Command "source /opt/Xilinx/Vivado_HLS/2015.1/common/technology/xilinx/interface/plb46.lib "
@I [HLS-100] Command 'ap_source' returned 0; elapsed 0.000306Total elapsed time: 5.282 sec.
@I [HLS-100] Command "source /opt/Xilinx/Vivado_HLS/2015.1/common/technology/xilinx/interface/fsl.lib "
@I [HLS-100] Command 'ap_source' returned 0; elapsed 0.000133Total elapsed time: 5.282 sec.
@I [HLS-100] Command "source /opt/Xilinx/Vivado_HLS/2015.1/common/technology/xilinx/interface/axi4.lib "
@I [HLS-100] Command 'ap_source' returned 0; elapsed 0.000171Total elapsed time: 5.282 sec.
@I [HLS-100] Command "source /opt/Xilinx/Vivado_HLS/2015.1/common/technology/xilinx/interface/maxi.lib "
@I [HLS-100] Command 'ap_source' returned 0; elapsed 0.000236Total elapsed time: 5.283 sec.
@I [HLS-100] Command "source /opt/Xilinx/Vivado_HLS/2015.1/common/technology/xilinx/interface/saxilite.lib "
@I [HLS-100] Command 'ap_source' returned 0; elapsed 0.000106Total elapsed time: 5.283 sec.
@I [HLS-100] Command 'ap_source' returned 0; elapsed 0.001226Total elapsed time: 5.283 sec.
@I [HLS-100] Command "source /opt/Xilinx/Vivado_HLS/2015.1/common/technology/xilinx/common/dsp48.lib "
@I [HLS-100] Command 'ap_source' returned 0; elapsed 0.000209Total elapsed time: 5.283 sec.
@I [HLS-100] Command "source /opt/Xilinx/Vivado_HLS/2015.1/common/technology/xilinx/ip/xfir.lib "
@I [HLS-100] Command 'ap_source' returned 0; elapsed 2.4e-05Total elapsed time: 5.283 sec.
@I [HLS-100] Command "source /opt/Xilinx/Vivado_HLS/2015.1/common/technology/xilinx/ip/xfft.lib "
@I [HLS-100] Command 'ap_source' returned 0; elapsed 0.000168Total elapsed time: 5.284 sec.
@I [HLS-100] Command "source /opt/Xilinx/Vivado_HLS/2015.1/common/technology/xilinx/ip/dds_compiler.lib "
@I [HLS-100] Command 'ap_source' returned 0; elapsed 9e-05Total elapsed time: 5.284 sec.
@I [HLS-100] Command 'ap_source' returned 0; elapsed 0.004078Total elapsed time: 5.286 sec.
@I [HLS-100] Command "source /opt/Xilinx/Vivado_HLS/2015.1/common/technology/xilinx/common/xilinx_old.lib "
@I [HLS-100] Command 'ap_source' returned 0; elapsed 0.000605Total elapsed time: 5.287 sec.
@I [HLS-100] Command "source /opt/Xilinx/Vivado_HLS/2015.1/common/technology/xilinx/common/xilinx_vivado.lib "
@I [HLS-100] Command 'ap_source' returned 0; elapsed 0.000352Total elapsed time: 5.287 sec.
@I [HLS-100] Command "source /opt/Xilinx/Vivado_HLS/2015.1/common/technology/xilinx/common/xilinx.hlp "
@I [HLS-100] Command "source /opt/Xilinx/Vivado_HLS/2015.1/common/technology/xilinx/common/target_info.tcl "
@I [HLS-100] Command 'ap_source' returned 0; elapsed 0.000138Total elapsed time: 5.289 sec.
@I [HLS-100] Command "source /opt/Xilinx/Vivado_HLS/2015.1/common/technology/xilinx/interface/xilinx_interface.hlp "
@I [HLS-100] Command "source /opt/Xilinx/Vivado_HLS/2015.1/common/technology/xilinx/interface/maxi.hlp "
@I [HLS-100] Command 'ap_source' returned 0; elapsed 8.4e-05Total elapsed time: 5.289 sec.
@I [HLS-100] Command "source /opt/Xilinx/Vivado_HLS/2015.1/common/technology/xilinx/interface/saxilite.hlp "
@I [HLS-100] Command 'ap_source' returned 0; elapsed 7.6e-05Total elapsed time: 5.289 sec.
@I [HLS-100] Command 'ap_source' returned 0; elapsed 0.00027Total elapsed time: 5.289 sec.
@I [HLS-100] Command "source /opt/Xilinx/Vivado_HLS/2015.1/common/technology/xilinx/common/dsp48.hlp "
@I [HLS-100] Command 'ap_source' returned 0; elapsed 0.00064Total elapsed time: 5.290 sec.
@I [HLS-100] Command 'ap_source' returned 0; elapsed 0.001817Total elapsed time: 5.291 sec.
@I [HLS-100] Command "source /opt/Xilinx/Vivado_HLS/2015.1/common/technology/xilinx/kintex7/dsp48e1.hlp "
@I [HLS-100] Command 'ap_source' returned 0; elapsed 0.000143Total elapsed time: 5.291 sec.
@I [HLS-100] Command "get_default_platform "
@I [HLS-100] Command 'get_default_platform' returned 0; elapsed 9e-06Total elapsed time: 5.291 sec.
@I [HLS-100] Command "config_chip_info -quiet -resource  {SLICE 50950} {LUT 203800}    {FF 407600} {DSP48E 840}    {BRAM 890}  "
@I [HLS-100] Command 'config_chip_info' returned 0; elapsed 2.1e-05Total elapsed time: 5.291 sec.
@I [HLS-100] Command "config_chip_info -quiet -speed medium "
@I [HLS-100] Command 'config_chip_info' returned 0; elapsed 7e-06Total elapsed time: 5.291 sec.
@I [HLS-100] Command 'import_lib' returned 0; elapsed 0.010981Total elapsed time: 5.292 sec.
@I [HLS-100] Command "source /opt/Xilinx/Vivado_HLS/2015.1/common/technology/xilinx/kintex7/kintex7.gen "
@I [HLS-100] Command "source /opt/Xilinx/Vivado_HLS/2015.1/common/technology/xilinx/common/virtex.gen "
@I [HLS-100] Command "source /opt/Xilinx/Vivado_HLS/2015.1/common/technology/xilinx/common/xilinx.gen "
@I [HLS-100] Command "source /opt/Xilinx/Vivado_HLS/2015.1/common/technology/xilinx/interface/plb46.gen "
@I [HLS-100] Command 'ap_source' returned 0; elapsed 0.000761Total elapsed time: 5.294 sec.
@I [HLS-100] Command "source /opt/Xilinx/Vivado_HLS/2015.1/common/technology/xilinx/interface/fsl.gen "
@I [HLS-100] Command 'ap_source' returned 0; elapsed 0.000454Total elapsed time: 5.294 sec.
@I [HLS-100] Command "source /opt/Xilinx/Vivado_HLS/2015.1/common/technology/xilinx/interface/axi4.gen "
@I [HLS-100] Command 'ap_source' returned 0; elapsed 0.001339Total elapsed time: 5.296 sec.
@I [HLS-100] Command "source /opt/Xilinx/Vivado_HLS/2015.1/common/technology/xilinx/interface/nativeAXI4.gen "
@I [HLS-100] Command "source /opt/Xilinx/Vivado_HLS/2015.1/common/technology/xilinx/interface/saxilite.gen "
@I [HLS-100] Command 'ap_source' returned 0; elapsed 0.001941Total elapsed time: 5.299 sec.
@I [HLS-100] Command "source /opt/Xilinx/Vivado_HLS/2015.1/common/technology/xilinx/interface/maxi.gen "
@I [HLS-100] Command 'ap_source' returned 0; elapsed 0.004792Total elapsed time: 5.304 sec.
@I [HLS-100] Command 'ap_source' returned 0; elapsed 0.006942Total elapsed time: 5.304 sec.
@I [HLS-100] Command "source /opt/Xilinx/Vivado_HLS/2015.1/common/technology/xilinx/scripts/xilinxcoregen.gen "
@I [HLS-100] Command 'ap_source' returned 0; elapsed 0.006777Total elapsed time: 5.312 sec.
@I [HLS-100] Command "source /opt/Xilinx/Vivado_HLS/2015.1/common/technology/xilinx/interface/XilEDKCoreGen.gen "
@I [HLS-100] Command 'ap_source' returned 0; elapsed 0.003874Total elapsed time: 5.318 sec.
@I [HLS-100] Command "source /opt/Xilinx/Vivado_HLS/2015.1/common/technology/xilinx/ip/xfir.gen "
@I [HLS-100] Command 'ap_source' returned 0; elapsed 0.029588Total elapsed time: 5.352 sec.
@I [HLS-100] Command "source /opt/Xilinx/Vivado_HLS/2015.1/common/technology/xilinx/ip/xfft.gen "
@I [HLS-100] Command 'ap_source' returned 0; elapsed 0.072415Total elapsed time: 5.425 sec.
@I [HLS-100] Command "source /opt/Xilinx/Vivado_HLS/2015.1/common/technology/xilinx/ip/dds_compiler.gen "
@I [HLS-100] Command 'ap_source' returned 0; elapsed 0.004463Total elapsed time: 5.430 sec.
@I [HLS-100] Command "source /opt/Xilinx/Vivado_HLS/2015.1/common/technology/xilinx/ip/util.gen "
@I [HLS-100] Command 'ap_source' returned 0; elapsed 0.000299Total elapsed time: 5.431 sec.
@I [HLS-100] Command 'ap_source' returned 0; elapsed 0.127972Total elapsed time: 5.431 sec.
@I [HLS-100] Command "source /opt/Xilinx/Vivado_HLS/2015.1/common/technology/xilinx/common/dsp48.gen "
@I [HLS-100] Command 'ap_source' returned 0; elapsed 0.000167Total elapsed time: 5.432 sec.
@I [HLS-100] Command 'ap_source' returned 0; elapsed 0.12977Total elapsed time: 5.432 sec.
@I [HLS-100] Command 'ap_source' returned 0; elapsed 0.129908Total elapsed time: 5.433 sec.
@I [HLS-100] Command "get_default_platform "
@I [HLS-100] Command 'get_default_platform' returned 0; elapsed 0.000387Total elapsed time: 5.434 sec.
@I [HLS-100] Command "config_chip_info -quiet -resource  {SLICE 50950} {LUT 203800}    {FF 407600} {DSP48E 840}    {BRAM 890}  "
@I [HLS-100] Command 'config_chip_info' returned 0; elapsed 3.1e-05Total elapsed time: 5.434 sec.
@I [HLS-100] Command "config_chip_info -quiet -speed medium "
@I [HLS-100] Command 'config_chip_info' returned 0; elapsed 8.2e-05Total elapsed time: 5.435 sec.
@I [HLS-100] Command 'add_library' returned 0; elapsed 0.192396Total elapsed time: 5.436 sec.
@I [HLS-100] Command "add_library xilinx/kintex7/kintex7_fpv6 "
@I [HLS-100] Command "get_default_platform "
@I [HLS-100] Command 'get_default_platform' returned 0; elapsed 1.3e-05Total elapsed time: 5.437 sec.
@I [HLS-100] Command "license_exists VIVADO_HLS "
@I [HLS-100] Command 'license_exists' returned 1; elapsed 0.011448Total elapsed time: 5.790 sec.
@I [HLS-100] Command "license_exists ap_opencl "
@I [HLS-100] Command 'license_exists' returned 1; elapsed 0.014323Total elapsed time: 6.163 sec.
@I [HLS-100] Command "license_exists AUTOESL_NI "
@I [HLS-100] Command 'license_exists' returned 1; elapsed 0.018843Total elapsed time: 6.559 sec.
@I [HLS-100] Command "license_exists HLS "
@I [HLS-100] Command 'license_exists' returned 0; elapsed 1.5e-05Total elapsed time: 6.559 sec.
@I [HLS-100] Command "open_platform DefaultPlatform "
@I [HLS-100] Command 'open_platform' returned 0; elapsed 1.7e-05Total elapsed time: 6.559 sec.
@I [HLS-100] Command "import_lib /opt/Xilinx/Vivado_HLS/2015.1/common/technology/xilinx/kintex7/kintex7_fpv6 "
@I [HLS-100] Command "source /opt/Xilinx/Vivado_HLS/2015.1/common/technology/xilinx/common/xilinx_fpv7.lib "
@I [HLS-100] Command 'ap_source' returned 0; elapsed 0.00339Total elapsed time: 6.563 sec.
@I [HLS-100] Command "source /opt/Xilinx/Vivado_HLS/2015.1/common/technology/xilinx/common/xilinx_fpv.hlp "
@I [HLS-100] Command "source /opt/Xilinx/Vivado_HLS/2015.1/common/technology/xilinx/common/xilinx.hlp "
@I [HLS-100] Command "source /opt/Xilinx/Vivado_HLS/2015.1/common/technology/xilinx/common/target_info.tcl "
@I [HLS-100] Command 'ap_source' returned 0; elapsed 0.000154Total elapsed time: 6.568 sec.
@I [HLS-100] Command "source /opt/Xilinx/Vivado_HLS/2015.1/common/technology/xilinx/interface/xilinx_interface.hlp "
@I [HLS-100] Command "source /opt/Xilinx/Vivado_HLS/2015.1/common/technology/xilinx/interface/maxi.hlp "
@I [HLS-100] Command 'ap_source' returned 0; elapsed 8.9e-05Total elapsed time: 6.568 sec.
@I [HLS-100] Command "source /opt/Xilinx/Vivado_HLS/2015.1/common/technology/xilinx/interface/saxilite.hlp "
@I [HLS-100] Command 'ap_source' returned 0; elapsed 7.8e-05Total elapsed time: 6.568 sec.
@I [HLS-100] Command 'ap_source' returned 0; elapsed 0.000284Total elapsed time: 6.568 sec.
@I [HLS-100] Command "source /opt/Xilinx/Vivado_HLS/2015.1/common/technology/xilinx/common/dsp48.hlp "
@I [HLS-100] Command 'ap_source' returned 0; elapsed 0.000377Total elapsed time: 6.569 sec.
@I [HLS-100] Command 'ap_source' returned 0; elapsed 0.001619Total elapsed time: 6.569 sec.
@I [HLS-100] Command 'ap_source' returned 0; elapsed 0.002099Total elapsed time: 6.569 sec.
@I [HLS-100] Command 'import_lib' returned 0; elapsed 0.012438Total elapsed time: 6.574 sec.
@I [HLS-100] Command "source /opt/Xilinx/Vivado_HLS/2015.1/common/technology/xilinx/kintex7/kintex7_fpv6.gen "
@I [HLS-100] Command "source /opt/Xilinx/Vivado_HLS/2015.1/common/technology/xilinx/common/xilinx_fpv6.gen "
@I [HLS-100] Command 'ap_source' returned 0; elapsed 0.000816Total elapsed time: 6.576 sec.
@I [HLS-100] Command 'ap_source' returned 0; elapsed 0.001093Total elapsed time: 6.576 sec.
@I [HLS-100] Command 'add_library' returned 0; elapsed 0.062083Total elapsed time: 6.578 sec.
@I [HLS-100] Command 'set_part' returned 0; elapsed 0.256498Total elapsed time: 6.578 sec.
@I [HLS-100] Command "create_clock -period 4 -name default "
@I [HLS-100] Command 'create_clock' returned 0; elapsed 0.000857Total elapsed time: 6.579 sec.
@I [HLS-100] Command "source ./axi_interfaces_prj/solution1/directives.tcl "
@I [HLS-100] Command 'ap_source' returned 0; elapsed 0.000152Total elapsed time: 6.579 sec.
@I [HLS-100] Command "csynth_design "
@I [HLS-100] Command "elaborate -effort=medium -skip_syncheck=0 -lm=0 -skip_cdt=0 -skip_transform=0 -ng=0 -g=0 -opt_fp=0 "
@I [HLS-10] Analyzing design file 'axi_interfaces.cpp' ... 
@0 [HLS-0] Analyzing design file 'axi_interfaces.cpp' ... 
@I [HLS-0] Compiling one TU...
@I [HLS-0] 
Checking before pre-process: exec clang -fno-limit-debug-info -gcc-toolchain "/opt/Xilinx/Vivado_HLS/2015.1/lnx64/tools/gcc" -hls    -fno-math-errno -c -emit-llvm -O0  -mllvm -disable-llvm-optzns -fno-threadsafe-statics  -fno-use-cxa-atexit  -fno-threadsafe-statics -fno-use-cxa-atexit   -I "/opt/Xilinx/Vivado_HLS/2015.1/lnx64/tools/systemc/include" -I "/opt/Xilinx/Vivado_HLS/2015.1/include" -I "/opt/Xilinx/Vivado_HLS/2015.1/include/ap_sysc" -fexceptions -I "/opt/Xilinx/Vivado_HLS/2015.1/common/technology/autopilot" -include etc/autopilot_ssdm_op.h "axi_interfaces.cpp"  -o "/home/mhho/wrk/SparkAccel/hls/hls_linearRegression/axi_interfaces_prj/solution1/.autopilot/db/axi_interfaces.pp.00.o"

@I [HLS-100] Command "is_encrypted /home/mhho/wrk/SparkAccel/hls/hls_linearRegression/axi_interfaces_prj/solution1/.autopilot/db/axi_interfaces.pp.00.o "
@I [HLS-100] Command 'is_encrypted' returned 0; elapsed 0.000119Total elapsed time: 7.338 sec.
@I [HLS-0] Syntax Checker time: 0 seconds per iteration
@I [HLS-0] 
Source preprocessing: exec clang -fno-limit-debug-info -gcc-toolchain "/opt/Xilinx/Vivado_HLS/2015.1/lnx64/tools/gcc" -hls -fno-exceptions  -D__llvm__  -CC -E "axi_interfaces.cpp"     -fno-math-errno -c -emit-llvm -O0  -mllvm -disable-llvm-optzns -fno-threadsafe-statics  -fno-use-cxa-atexit  -fno-threadsafe-statics -fno-use-cxa-atexit -DAESL_SYN -D__SYNTHESIS__ -D__HLS_SYN__ -I "/opt/Xilinx/Vivado_HLS/2015.1/common/technology/autopilot" -I "/opt/Xilinx/Vivado_HLS/2015.1/common/technology/autopilot/ap_sysc" -include etc/autopilot_ssdm_op.h  -o "/home/mhho/wrk/SparkAccel/hls/hls_linearRegression/axi_interfaces_prj/solution1/.autopilot/db/axi_interfaces.pp.0.cpp"

@I [HLS-0] GCC PP time: 0 seconds per iteration
@I [HLS-100] Command "list_core -type functional_unit "
@I [HLS-100] Command 'list_core' returned 0; elapsed 0.000184Total elapsed time: 7.460 sec.
@I [HLS-0] Marker-Pragma convertor: /home/mhho/wrk/SparkAccel/hls/hls_linearRegression/axi_interfaces_prj/solution1/.autopilot/db/axi_interfaces.pp.0.cpp /home/mhho/wrk/SparkAccel/hls/hls_linearRegression/axi_interfaces_prj/solution1/.autopilot/db/axi_interfaces.pp.0.cpp.ap-line.cpp /home/mhho/wrk/SparkAccel/hls/hls_linearRegression/axi_interfaces_prj/solution1/.autopilot/db/axi_interfaces.pp.0.cpp.ap-line.cpp.CXX 1
@I [HLS-0] 
Source processor: exec /opt/Xilinx/Vivado_HLS/2015.1/tps/lnx64/jre/bin/java -Xmx512m -classpath   "/opt/Xilinx/Vivado_HLS/2015.1/lib/classes/autopilot.sourceprocessor.jar:/opt/Xilinx/Vivado_HLS/2015.1/lib/classes/org.eclipse.cdt.core_5.3.0.xilinx_patch.jar:/opt/Xilinx/Vivado_HLS/2015.1/lib/classes/org.eclipse.core.runtime_3.7.0.v20110110.jar:/opt/Xilinx/Vivado_HLS/2015.1/lib/classes/org.eclipse.equinox.common_3.6.0.v20110523.jar:/opt/Xilinx/Vivado_HLS/2015.1/lib/classes/com.ibm.icu_4.4.2.v20110208.jar:/opt/Xilinx/Vivado_HLS/2015.1/lib/classes/jargs.jar:/opt/Xilinx/Vivado_HLS/2015.1/lnx64/tools/eclipse/plugins/org.eclipse.emf.common_2.10.0.v20140514-1158.jar:/opt/Xilinx/Vivado_HLS/2015.1/lnx64/tools/eclipse/plugins/org.eclipse.emf.ecore_2.10.0.v20140514-1158.jar:/opt/Xilinx/Vivado_HLS/2015.1/lnx64/tools/eclipse/plugins/org.eclipse.emf.ecore.xmi_2.10.0.v20140514-1158.jar:/opt/Xilinx/Vivado_HLS/2015.1/lnx64/tools/eclipse/plugins/com.autoesl.autopilot.ui.directiveFileModel_1.0.0.jar:/opt/Xilinx/Vivado_HLS/2015.1/lnx64/tools/eclipse/plugins/com.autoesl.autopilot.ui.common_1.0.0.jar"  autopilot.sourceprocessor.CParser  "/home/mhho/wrk/SparkAccel/hls/hls_linearRegression/axi_interfaces_prj/solution1/.autopilot/db/axi_interfaces.pp.0.cpp.ap-line.cpp"  -m "axi_interfaces" -o "/home/mhho/wrk/SparkAccel/hls/hls_linearRegression/axi_interfaces_prj/solution1/.autopilot/db/axi_interfaces.pp.0.cpp.ap-cdt.cpp" --pp --directive /home/mhho/wrk/SparkAccel/hls/hls_linearRegression/axi_interfaces_prj/solution1/solution1.directive --source /home/mhho/wrk/SparkAccel/hls/hls_linearRegression/axi_interfaces.cpp --error /home/mhho/wrk/SparkAccel/hls/hls_linearRegression/axi_interfaces_prj/solution1/.autopilot/db --funcunit "AddSub AddSub_DSP AddSubnS DAddSub_fulldsp DAddSub_nodsp DDiv DExp_fulldsp DExp_meddsp DExp_nodsp DLog_fulldsp DLog_meddsp DLog_nodsp DMul_fulldsp DMul_maxdsp DMul_meddsp DMul_nodsp DRSqrt DRecip DSqrt DivnS FAddSub_fulldsp FAddSub_nodsp FDiv FExp_fulldsp FExp_meddsp FExp_nodsp FLog_fulldsp FLog_meddsp FLog_nodsp FMul_fulldsp FMul_maxdsp FMul_meddsp FMul_nodsp FRSqrt_fulldsp FRSqrt_nodsp FRecip_fulldsp FRecip_nodsp FSqrt Mul Mul2S Mul3S Mul4S Mul5S Mul6S MulnS MuxnS" --ve --vetcl /home/mhho/wrk/SparkAccel/hls/hls_linearRegression/axi_interfaces_prj/solution1/.autopilot/db --ca --es --gf --df --pd --p2d /home/mhho/wrk/SparkAccel/hls/hls_linearRegression/axi_interfaces_prj/solution1/.autopilot/db --sd --scff /home/mhho/wrk/SparkAccel/hls/hls_linearRegression/axi_interfaces_prj/solution1/.autopilot/db/.systemc_flag --ad

@I [HLS-0] Error:Syntax error in source:for (__decltype(__n + 0) __niter = __n;
Error:Missing ; in source:t
Error:Syntax error in source:)
 *__first = __value;
Error:Syntax error in source:for (__decltype(__n + 0) __niter = __n;
Error:Missing ; in source:t
Error:Syntax error in source:)
 *__first = __tmp;
@I [HLS-0] Marker-Pragma convertor: /home/mhho/wrk/SparkAccel/hls/hls_linearRegression/axi_interfaces_prj/solution1/.autopilot/db/axi_interfaces.pp.0.cpp.ap-cdt.cpp /home/mhho/wrk/SparkAccel/hls/hls_linearRegression/axi_interfaces_prj/solution1/.autopilot/db/axi_interfaces.pragma.0.cpp /home/mhho/wrk/SparkAccel/hls/hls_linearRegression/axi_interfaces_prj/solution1/.autopilot/db/axi_interfaces.pragma.0.cpp.ap-line.CXX 0
@I [HLS-100] Command "source /home/mhho/wrk/SparkAccel/hls/hls_linearRegression/axi_interfaces_prj/solution1/.autopilot/db/pragma.status.tcl "
@I [HLS-100] Command 'ap_source' returned 0; elapsed 0.000185Total elapsed time: 17.710 sec.
@I [HLS-0] CDT processor time: 10 seconds per iteration
@I [HLS-0] Pragma handling time: 0 seconds per iteration
@I [HLS-0] 
Source preprocessing: exec clang -fno-limit-debug-info -gcc-toolchain "/opt/Xilinx/Vivado_HLS/2015.1/lnx64/tools/gcc" -hls -fno-exceptions  -D__llvm__  -CC -E "/home/mhho/wrk/SparkAccel/hls/hls_linearRegression/axi_interfaces_prj/solution1/.autopilot/db/axi_interfaces.pragma.1.cpp"     -fno-math-errno -c -emit-llvm -O0  -mllvm -disable-llvm-optzns -fno-threadsafe-statics  -fno-use-cxa-atexit  -fno-threadsafe-statics -fno-use-cxa-atexit -DAESL_SYN -D__SYNTHESIS__ -D__HLS_SYN__ -I "/opt/Xilinx/Vivado_HLS/2015.1/common/technology/autopilot" -I "/opt/Xilinx/Vivado_HLS/2015.1/common/technology/autopilot/ap_sysc" -include etc/autopilot_ssdm_op.h  -o "/home/mhho/wrk/SparkAccel/hls/hls_linearRegression/axi_interfaces_prj/solution1/.autopilot/db/axi_interfaces.pragma.2.cpp"

@I [HLS-0] exec clang -fno-limit-debug-info -gcc-toolchain /opt/Xilinx/Vivado_HLS/2015.1/lnx64/tools/gcc -hls -hls-analyze-label -hls-analyze-pragma -fno-exceptions  -D__llvm__  -w  "/home/mhho/wrk/SparkAccel/hls/hls_linearRegression/axi_interfaces_prj/solution1/.autopilot/db/axi_interfaces.pragma.2.cpp"    -fno-math-errno -c -emit-llvm -O0  -mllvm -disable-llvm-optzns -fno-threadsafe-statics  -fno-use-cxa-atexit -DAESL_SYN -D__SYNTHESIS__ -D__HLS_SYN__ -I "/opt/Xilinx/Vivado_HLS/2015.1/common/technology/autopilot" -I "/opt/Xilinx/Vivado_HLS/2015.1/common/technology/autopilot/ap_sysc" -include etc/autopilot_ssdm_op.h -g -o "/home/mhho/wrk/SparkAccel/hls/hls_linearRegression/axi_interfaces_prj/solution1/.autopilot/db/axi_interfaces.g.bc"
@I [HLS-100] Command "source /home/mhho/wrk/SparkAccel/hls/hls_linearRegression/axi_interfaces_prj/solution1/.autopilot/db/ve_warning.tcl "
@I [HLS-100] Command 'ap_source' returned 0; elapsed 0.000118Total elapsed time: 19.16 sec.
@I [HLS-10] Validating synthesis directives ...
@0 [HLS-0] Validating synthesis directives ...
@I [HLS-100] Command "source /home/mhho/wrk/SparkAccel/hls/hls_linearRegression/axi_interfaces_prj/solution1/.autopilot/db/pragma.status.tcl "
@I [HLS-100] Command 'ap_source' returned 0; elapsed 5.5e-05Total elapsed time: 19.16 sec.
@I [HLS-0] Linking all ...
@I [HLS-0] exec llvm-ld  "/home/mhho/wrk/SparkAccel/hls/hls_linearRegression/axi_interfaces_prj/solution1/.autopilot/db/axi_interfaces.bc"  -disable-opt  -L/opt/Xilinx/Vivado_HLS/2015.1/lnx64/lib -lm_basic -o "/home/mhho/wrk/SparkAccel/hls/hls_linearRegression/axi_interfaces_prj/solution1/.autopilot/db/a.o.pre"
@I [HLS-0] Link time: 0 seconds per iteration
@I [HLS-0] Linking all ...
@I [HLS-0] exec llvm-ld  "/home/mhho/wrk/SparkAccel/hls/hls_linearRegression/axi_interfaces_prj/solution1/.autopilot/db/axi_interfaces.g.bc"  -disable-opt  -L/opt/Xilinx/Vivado_HLS/2015.1/lnx64/lib -lm_basic -o "/home/mhho/wrk/SparkAccel/hls/hls_linearRegression/axi_interfaces_prj/solution1/.autopilot/db/a.g.pre"
@I [HLS-0] Link time: 0 seconds per iteration
@I [HLS-100] Command "opt_and_import_c a -opt_level=2 -skip_syncheck=0 -ng=0 "
@I [HLS-100] Command "cleanup_all_models "
@I [HLS-100] Command 'cleanup_all_models' returned 0; elapsed 1.6e-05Total elapsed time: 19.267 sec.
@I [HLS-10] Starting code transformations ...
@0 [HLS-0] Starting code transformations ...
@I [HLS-0] std xform: transform -hls -share-std-xform -always-inline -promote-dbg-pointer  -interface-preproc  -scalarrepl -mem2reg -keep-read-access -instcombine -dce  -promote-dbg-pointer  -bitop-raise  -indvars -loop-simplify -xunroll  -constprop -instcombine -simplifycfg -indvars  -simplifycfg -dce -globaldce  -basicaa  -simplifycfg -mem2reg -globalopt  -global-constprop -deadargelim -instcombine -simplifycfg  -prune-eh -simplifycfg  -scalarrepl -instcombine -reassociate -licm  -simplifycfg -loop-simplify -indvars -instcombine  -simplifycfg -mem2reg -loop-simplify -indvars -instcombine  -gvn -gvn -instcombine -adce  -break-crit-edges  -simplifycfg -loop-delete  -global-array-opt -dce -dse -adce  -find-syn-modules -top axi_interfaces  -deadargelim  -mem2reg -instcombine -dce  -presyn-prepare -auto-rom-infer  -interface-preproc  -syn-check -check-rec-only  -find-region -simplifycfg -func-extr -function-inline  -globaldce -mem2reg -instcombine -dce   -gvn -globaldce -adce -adse  -constprop -instcombine -bit-constprop  -instcombine -dce -simplifycfg -bitop-raise  -simplifycfg -dce -loop-delete -reassociate  -globalopt -global-privatize -mem2reg -dce  -global-constprop -pointer-simplify -constprop -dce  -func-inst -deadargelim  -promote-dbg-pointer  -norm-name   /home/mhho/wrk/SparkAccel/hls/hls_linearRegression/axi_interfaces_prj/solution1/.autopilot/db/a.g.0.bc -o /home/mhho/wrk/SparkAccel/hls/hls_linearRegression/axi_interfaces_prj/solution1/.autopilot/db/a.g.1.bc -f  -phase std-opt
@I [HLS-0] Std xform time: 0 seconds per iteration
@I [HLS-100] Command "is_encrypted /home/mhho/wrk/SparkAccel/hls/hls_linearRegression/axi_interfaces_prj/solution1/.autopilot/db/a.g.1.bc "
@I [HLS-100] Command 'is_encrypted' returned 0; elapsed 0.000108Total elapsed time: 19.425 sec.
@I [HLS-10] Checking synthesizability ...
@0 [HLS-0] Checking synthesizability ...
@I [HLS-0] syn check 1/2: transform -hls -syn-check -check-rec-only -disaggr -scalarrepl -norm-name -dce  -mem2reg -instcombine -function-uniquify  -directive-preproc -function-uniquify -directive-preproc -mem2reg -dse -dce -auto-rom-infer -dce  -array-normalize -instcombine -dce  -array-seg-normalize -instcombine -dce  -array-flatten -instcombine -dce  -array-burst -dce  -deadargelim -promote-global-argument  -function-inline -globaldce -dce  -doublePtrSimplify -doublePtrElim -dce  -doublePtrSimplify -promote-dbg-pointer  -dce -scalarrepl -dse -adse -instcombine  -ptrLegalization  -simplifycfg -dce -instcombine  -pointer-simplify -ptrArgReplace -dce -instcombine   -disaggr -scalarrepl -norm-name -dce  -mem2reg -instcombine -ptrLegalization   -simplifycfg -deadargelim  -instcombine -dce -inst-simplify -function-uniquify  -directive-preproc -function-uniquify -directive-preproc -mem2reg -dse -dce  -globaldce    /home/mhho/wrk/SparkAccel/hls/hls_linearRegression/axi_interfaces_prj/solution1/.autopilot/db/a.g.1.bc -o /home/mhho/wrk/SparkAccel/hls/hls_linearRegression/axi_interfaces_prj/solution1/.autopilot/db/a.g.2.prechk.bc -f
@I [XFORM-602] Inlining function 'reverseBytes32' into 'axi_interfaces' (axi_interfaces.cpp:35) automatically.
@I [XFORM-602] Inlining function 'reverseBytes64' into 'axi_interfaces' (axi_interfaces.cpp:43) automatically.
@I [HLS-0] Syn check 1/2 time: 0 seconds per iteration
@I [HLS-0] syn check 2/2: transform -syn-check   /home/mhho/wrk/SparkAccel/hls/hls_linearRegression/axi_interfaces_prj/solution1/.autopilot/db/a.g.2.prechk.bc -o /home/mhho/wrk/SparkAccel/hls/hls_linearRegression/axi_interfaces_prj/solution1/.autopilot/db/a.g.2.bc -f  -phase syn-check
@I [HLS-0] Syn check 2/2 time: 0 seconds per iteration
@I [HLS-0] Compiler optimizing ...
@I [HLS-0] Share syncheck's 1.bc for syn flow: copy /home/mhho/wrk/SparkAccel/hls/hls_linearRegression/axi_interfaces_prj/solution1/.autopilot/db/a.g.1.bc to /home/mhho/wrk/SparkAccel/hls/hls_linearRegression/axi_interfaces_prj/solution1/.autopilot/db/a.o.1.bc
@I [HLS-0] presyn 1: transform -hls -tmp /home/mhho/wrk/SparkAccel/hls/hls_linearRegression/axi_interfaces_prj/solution1/.autopilot/db -type-info -function-uniquify  -directive-preproc -function-uniquify -directive-preproc -mem2reg -dse -dce  -disaggr -scalarrepl -norm-name -deadargelim  -mem2reg -instcombine -dce -auto-rom-infer -dce -function-uniquify  -directive-preproc -function-uniquify -directive-preproc -mem2reg -dse -dce  -func-buffer -dce -array-normalize  -func-legal -instcombine -gvn -constprop -dce   -ptrArgReplace -mem2reg -instcombine -dce  -array-seg-normalize -deadargelim  -instcombine -dce  -pointer-simplify -dce  -port-alignment -dce  -interface-preproc  -data-pack -instcombine -dce   -basicaa -aggr-aa -aggrmodref-aa -aggr-aa -gvn -gvn  -basicaa -aggr-aa -aggrmodref-aa -aggr-aa -dse -adse -adce  -loop-simplify -indvars -instcombine  -gvn -loop-simplify -mem2reg -dce -simplifycfg  -find-region -instcombine  -auto-loop-pipeline  -inst-simplify  -interface-preproc  -indvars -auto-loop-unroll -loop-simplify -loop-bound -xunroll  -constprop -instcombine -simplifycfg -indvars  -simplifycfg -dce -globaldce  -attach-range  -gvn -disable-agg-range -inst-simplify  -constprop -simplifycfg -dce  -pointer-simplify -dce  -globalopt -constprop -dce  -array-promote -constprop -instcombine -dce  -ptrArgReplace -mem2reg  -instcombine -simplifycfg -dce  -auto-par -instcombine -dce  -array-transform-check  -array-reshape -instcombine -simplifycfg -dce  -ptrArgReplace -deadargelim -mem2reg  -instcombine -simplifycfg -dce   -array-partition -instcombine -simplifycfg -dce  -ptrArgReplace -global-constprop -deadargelim -mem2reg  -func-legal -instcombine -dce -global-constprop -deadargelim -mem2reg  -instcombine -simplifycfg -dce   -globalopt -constprop -dce  -array-promote -constprop -instcombine -dce  -ptrArgReplace -mem2reg  -instcombine -simplifycfg -dce   -mem-intrinsic-preproc -dce  -global-privatize  -mem2reg -globaldce  -promote-global-argument  -ptrArgReplace -mem2reg -instcombine -dce  -globalopt -mergereturn -simplify-global-access -mem2reg -dce  -pointer-simplify -dce  -functionattrs  -basicaa -aggr-aa -aggrmodref-aa -aggr-aa -gvn -gvn  -basicaa -aggr-aa -aggrmodref-aa -aggr-aa -dse -adse -adce  -inst-simplify -dce -norm-name  -function-inline -globaldce  -func-inst -constprop -instcombine -simplifycfg -dce  -func-legal -dce   -directive-preproc -function-uniquify -directive-preproc -mem2reg -dse -dce  -loop-bound  -arraycheck -bitwidthmin -on-by-dataflow  -loop-delete -instcombine -simplifycfg -dce -loop-simplify -simplifycfg -loop-stream -instcombine -simplifycfg -dce -globaldce  -fs-prep-check-ap-stream -fs-prep-legalize-global -fs-prep-legalize-stream-variable  -function-stream -dce -globaldce  -array-streaming -instcombine -simplifycfg -dce    -group-axi-access    -simplifycfg -dce -loop-delete  -norm-name  /home/mhho/wrk/SparkAccel/hls/hls_linearRegression/axi_interfaces_prj/solution1/.autopilot/db/a.o.1.bc -o /home/mhho/wrk/SparkAccel/hls/hls_linearRegression/axi_interfaces_prj/solution1/.autopilot/db/a.o.1.tmp.bc -f
@I [XFORM-502] Unrolling all loops for pipelining in function 'axi_interfaces' (axi_interfaces.cpp:10).
@W [XFORM-505] Ignored pipeline directive for loop 'Elem_Mult_Loop' (axi_interfaces.cpp:55) because its parent loop or function is pipelined.
@W [XFORM-505] Ignored pipeline directive for loop 'Add_Loop32' (axi_interfaces.cpp:99) because its parent loop or function is pipelined.
@W [XFORM-505] Ignored pipeline directive for loop 'Add_Loop16' (axi_interfaces.cpp:110) because its parent loop or function is pipelined.
@W [XFORM-505] Ignored pipeline directive for loop 'Add_Loop8' (axi_interfaces.cpp:121) because its parent loop or function is pipelined.
@W [XFORM-505] Ignored pipeline directive for loop 'Add_Loop4' (axi_interfaces.cpp:132) because its parent loop or function is pipelined.
@W [XFORM-505] Ignored pipeline directive for loop 'Scalar_Product_Loop' (axi_interfaces.cpp:150) because its parent loop or function is pipelined.
@W [XFORM-503] Ignored partial unroll directive for loop 'Scalar_Product_Loop' (axi_interfaces.cpp:150) because its parent loop or function is pipelined.
@I [XFORM-501] Unrolling loop 'Elem_Mult_Loop' (axi_interfaces.cpp:55) in function 'axi_interfaces' completely.
@I [XFORM-501] Unrolling loop 'Add_Loop32' (axi_interfaces.cpp:99) in function 'axi_interfaces' completely.
@I [XFORM-501] Unrolling loop 'Add_Loop16' (axi_interfaces.cpp:110) in function 'axi_interfaces' completely.
@I [XFORM-501] Unrolling loop 'Add_Loop8' (axi_interfaces.cpp:121) in function 'axi_interfaces' completely.
@I [XFORM-501] Unrolling loop 'Add_Loop4' (axi_interfaces.cpp:132) in function 'axi_interfaces' completely.
@I [XFORM-501] Unrolling loop 'Scalar_Product_Loop' (axi_interfaces.cpp:150) in function 'axi_interfaces' completely.
@I [XFORM-101] Partitioning array 'doutc' (axi_interfaces.cpp:10) in dimension 1 with a cyclic factor 2.
@I [XFORM-101] Partitioning array 'dinb' (axi_interfaces.cpp:10) in dimension 1 with a cyclic factor 2.
@I [XFORM-101] Partitioning array 'dina' (axi_interfaces.cpp:10) in dimension 1 with a cyclic factor 2.
@I [XFORM-101] Partitioning array 'elem_mult' (axi_interfaces.cpp:19) in dimension 1 completely.
@I [XFORM-602] Inlining function 'reverseBytes32' into 'axi_interfaces' (axi_interfaces.cpp:47) automatically.
@I [HLS-0] Presyn 1 time: 12 seconds per iteration
@I [HLS-0] presyn 2: transform -hls -keep-callgraph -scalarrepl -mem2reg  -port-alignment -attach-range -dce  -pipe-mux-gen  -indvars -loop-bound  -inst-simplify -instcombine -dce  -merge-array-access -mem2reg -dce  -clean-region -mergereturn -if-conv  -instcombine -dce -constprop  -basicaa -aggr-aa -aggrmodref-aa -aggr-aa -gvn -gvn  -basicaa -aggr-aa -aggrmodref-aa -aggr-aa -dse -adse -adce  -scalarrepl -mem2reg  -global-constprop -deadargelim -deadargelim  -instcombine -dce -simplifycfg    -ptrArgReplace -mem2reg -function-inline  -globaldce -mem2reg -instcombine -dce -expr-balance  -instcombine -dce  -bitwidthmin  -directive-preproc  -inst-rectify -instcombine -dce  -functionattrs  -constprop -instcombine -bit-constprop  -simplify-global-access  -globalopt -globaldce  -inst-simplify -instcombine -elimdeaddata -dce  -loop-delete -simplifycfg   -norm-name /home/mhho/wrk/SparkAccel/hls/hls_linearRegression/axi_interfaces_prj/solution1/.autopilot/db/a.o.1.tmp.bc -o /home/mhho/wrk/SparkAccel/hls/hls_linearRegression/axi_interfaces_prj/solution1/.autopilot/db/a.o.2.bc -f  -phase presyn
@I [XFORM-401] Performing if-conversion on hyperblock from (axi_interfaces.cpp:101:2) to (axi_interfaces.cpp:153:2) in function 'axi_interfaces'... converting 121 basic blocks.
@I [XFORM-11] Balancing expressions in function 'reverseBytes64' (axi_interfaces.cpp:173)...6 expression(s) balanced.
@I [HLS-0] Presyn 2 time: 5 seconds per iteration
@I [HLS-100] Command "is_encrypted /home/mhho/wrk/SparkAccel/hls/hls_linearRegression/axi_interfaces_prj/solution1/.autopilot/db/a.o.2.bc "
@I [HLS-100] Command 'is_encrypted' returned 0; elapsed 0.000373Total elapsed time: 38.180 sec.
@I [HLS-0] build ssdm: transform -hls -function-uniquify -auto-function-inline -globaldce  -ptrArgReplace -mem2reg -instcombine -dce  -loop-simplify -indvars -licm -loop-dep  -loop-bound -licm -loop-simplify -flattenloopnest  -array-flatten -gvn -instcombine -dce  -array-map -dce -func-legal  -gvn -adce -instcombine -cfgopt -simplifycfg -loop-simplify   -array-burst -promote-global-argument -dce  -axi4-lower -array-seg-normalize  -basicaa -aggrmodref-aa -globalsmodref-aa -aggr-aa -gvn -gvn  -basicaa -aggrmodref-aa -globalsmodref-aa -aggr-aa -dse -adse -adce -licm  -inst-simplify -dce  -globaldce -array-streaming -instcombine  -dce   -deadargelim -doublePtrSimplify  -doublePtrElim -dce -doublePtrSimplify -promote-dbg-pointer  -dce -scalarrepl -mem2reg -disaggr -norm-name -mem2reg  -instcombine  -dse -adse -adce -ptrLegalization -dce -auto-rom-infer -array-flatten -dce -instcombine  -loop-rot -constprop -cfgopt -simplifycfg -loop-simplify -indvars -pointer-simplify -dce -loop-bound  -loop-simplify -loop-preproc  -constprop -global-constprop -gvn -mem2reg -instcombine -dce  -loop-merge -dce  -bitwidthmin  -scalar-propagation  -interface-preproc -interface-gen  -deadargelim -directive-preproc -inst-simplify -dce  -gvn -mem2reg -instcombine -dce -adse  -loop-bound  -instcombine -cfgopt -simplifycfg -loop-simplify  -clean-region -io-protocol  -find-region -mem2reg  -loop-simplify -phi-opt -bitop-raise  -inst-simplify -inst-rectify -instcombine -adce -deadargelim  -cfgopt -simplifycfg -strip-dead-prototypes  -interface-lower -bitop-lower -intrinsic-lower  -basicaa -aggrmodref-aa -globalsmodref-aa -aggr-aa  -inst-simplify -simplifycfg   -mergereturn -inst-simplify -inst-rectify  -dce -bitop-lower  -loop-rewind -pointer-simplify -dce -cfgopt  -norm-name -legalize -read-loop-dep -dce -bitwidth   -cdfg-build  /home/mhho/wrk/SparkAccel/hls/hls_linearRegression/axi_interfaces_prj/solution1/.autopilot/db/a.o.2.bc -o /home/mhho/wrk/SparkAccel/hls/hls_linearRegression/axi_interfaces_prj/solution1/.autopilot/db/a.o.3.bc -f  -phase build-ssdm
@I [HLS-0] Build ssdm time: 11 seconds per iteration
@I [HLS-100] Command "is_encrypted /home/mhho/wrk/SparkAccel/hls/hls_linearRegression/axi_interfaces_prj/solution1/.autopilot/db/a.o.3.bc "
@I [HLS-100] Command 'is_encrypted' returned 0; elapsed 0.00084Total elapsed time: 49.546 sec.
@I [HLS-0] Finish building internal data model.
@I [HLS-100] Command 'opt_and_import_c' returned 0; elapsed 29.7807Total elapsed time: 49.587 sec.
@I [HLS-111] Elapsed time: 32.1109 seconds; current memory usage: 112 MB.
@I [HLS-100] Command 'elaborate' returned 0; elapsed 31.1782Total elapsed time: 49.588 sec.
@I [HLS-100] Command "autosyn "
@I [HLS-10] Starting hardware synthesis ...
@0 [HLS-0] Starting hardware synthesis ...
@I [HLS-0] Synthesizing C/C++ design ...
@I [HLS-10] Synthesizing 'axi_interfaces' ...
@0 [HLS-0] Synthesizing 'axi_interfaces' ...
@I [HLS-100] Command "ap_set_top_model axi_interfaces "
@I [HLS-100] Command 'ap_set_top_model' returned 0; elapsed 0.000436Total elapsed time: 49.589 sec.
@I [HLS-100] Command "get_model_list axi_interfaces -filter all-wo-channel -topdown "
@I [HLS-100] Command 'get_model_list' returned 0; elapsed 0.000286Total elapsed time: 49.590 sec.
@I [HLS-100] Command "preproc_iomode -model axi_interfaces "
@I [HLS-100] Command 'preproc_iomode' returned 0; elapsed 0.000229Total elapsed time: 49.590 sec.
@I [HLS-100] Command "preproc_iomode -model axi_interfaces_reverseBytes64 "
@I [HLS-100] Command 'preproc_iomode' returned 0; elapsed 0.000737Total elapsed time: 49.591 sec.
@I [HLS-100] Command "get_model_list axi_interfaces -filter all-wo-channel "
@I [HLS-100] Command 'get_model_list' returned 0; elapsed 0.000476Total elapsed time: 49.592 sec.
@I [HLS-0] Model list for configure: axi_interfaces_reverseBytes64 axi_interfaces
@I [HLS-0] Configuring Module : axi_interfaces_reverseBytes64 ...
@I [HLS-100] Command "set_default_model axi_interfaces_reverseBytes64 "
@I [HLS-100] Command 'set_default_model' returned 0; elapsed 2.4e-05Total elapsed time: 49.592 sec.
@I [HLS-100] Command "apply_spec_resource_limit axi_interfaces_reverseBytes64 "
@I [HLS-100] Command 'apply_spec_resource_limit' returned 0; elapsed 1.5e-05Total elapsed time: 49.592 sec.
@I [HLS-0] Configuring Module : axi_interfaces ...
@I [HLS-100] Command "set_default_model axi_interfaces "
@I [HLS-100] Command 'set_default_model' returned 0; elapsed 0.000162Total elapsed time: 49.592 sec.
@I [HLS-100] Command "apply_spec_resource_limit axi_interfaces "
@I [HLS-100] Command 'apply_spec_resource_limit' returned 0; elapsed 0.00066Total elapsed time: 49.593 sec.
@I [HLS-0] Model list for preprocess: axi_interfaces_reverseBytes64 axi_interfaces
@I [HLS-0] Preprocessing Module: axi_interfaces_reverseBytes64 ...
@I [HLS-100] Command "set_default_model axi_interfaces_reverseBytes64 "
@I [HLS-100] Command 'set_default_model' returned 0; elapsed 2e-05Total elapsed time: 49.593 sec.
@I [HLS-100] Command "cdfg_preprocess -model axi_interfaces_reverseBytes64 "
@I [HLS-100] Command 'cdfg_preprocess' returned 0; elapsed 0.000127Total elapsed time: 49.593 sec.
@I [HLS-100] Command "rtl_gen_preprocess axi_interfaces_reverseBytes64 "
@I [HLS-100] Command 'rtl_gen_preprocess' returned 0; elapsed 0.000895Total elapsed time: 49.594 sec.
@I [HLS-0] Preprocessing Module: axi_interfaces ...
@I [HLS-100] Command "set_default_model axi_interfaces "
@I [HLS-100] Command 'set_default_model' returned 0; elapsed 0.00016Total elapsed time: 49.594 sec.
@I [HLS-100] Command "cdfg_preprocess -model axi_interfaces "
@I [HLS-100] Command 'cdfg_preprocess' returned 0; elapsed 5.11529Total elapsed time: 54.715 sec.
@I [HLS-100] Command "rtl_gen_preprocess axi_interfaces "
@I [HLS-100] Command 'rtl_gen_preprocess' returned 0; elapsed 0.001171Total elapsed time: 54.716 sec.
@I [HLS-0] Model list for synthesis: axi_interfaces_reverseBytes64 axi_interfaces
@I [HLS-10] ----------------------------------------------------------------
@0 [HLS-0] ----------------------------------------------------------------
@I [HLS-10] -- Scheduling module 'axi_interfaces_reverseBytes64' 
@0 [HLS-0] -- Scheduling module 'axi_interfaces_reverseBytes64' 
@I [HLS-10] ----------------------------------------------------------------
@0 [HLS-0] ----------------------------------------------------------------
@I [HLS-100] Command "set_default_model axi_interfaces_reverseBytes64 "
@I [HLS-100] Command 'set_default_model' returned 0; elapsed 2.2e-05Total elapsed time: 54.717 sec.
@I [HLS-100] Command "schedule -model axi_interfaces_reverseBytes64 "
@I [SCHED-11] Starting scheduling ...
@I [SCHED-61] Pipelining function 'axi_interfaces_reverseBytes64'.
@I [SCHED-61] Pipelining result: Target II: 1, Final II: 1, Depth: 1.
@I [SCHED-11] Finished scheduling.
@I [HLS-100] Command 'schedule' returned 0; elapsed 0.009314Total elapsed time: 54.727 sec.
@I [HLS-111] Elapsed time: 5.1334 seconds; current memory usage: 122 MB.
@I [HLS-100] Command "report -o /home/mhho/wrk/SparkAccel/hls/hls_linearRegression/axi_interfaces_prj/solution1/.autopilot/db/axi_interfaces_reverseBytes64.verbose.sched.rpt -verbose -f "
@I [HLS-100] Command 'report' returned 0; elapsed 0.010037Total elapsed time: 54.738 sec.
@I [HLS-100] Command "db_write -o /home/mhho/wrk/SparkAccel/hls/hls_linearRegression/axi_interfaces_prj/solution1/.autopilot/db/axi_interfaces_reverseBytes64.sched.adb -f "
@I [HLS-100] Command 'db_write' returned 0; elapsed 0.007095Total elapsed time: 54.746 sec.
@I [HLS-0] Finish scheduling axi_interfaces_reverseBytes64.
@I [HLS-10] ----------------------------------------------------------------
@0 [HLS-0] ----------------------------------------------------------------
@I [HLS-10] -- Exploring micro-architecture for module 'axi_interfaces_reverseBytes64' 
@0 [HLS-0] -- Exploring micro-architecture for module 'axi_interfaces_reverseBytes64' 
@I [HLS-10] ----------------------------------------------------------------
@0 [HLS-0] ----------------------------------------------------------------
@I [HLS-100] Command "set_default_model axi_interfaces_reverseBytes64 "
@I [HLS-100] Command 'set_default_model' returned 0; elapsed 9.9e-05Total elapsed time: 54.749 sec.
@I [HLS-100] Command "bind -model axi_interfaces_reverseBytes64 "
@I [BIND-110] clear=
@I [BIND-110] debug=
@I [BIND-110] drf=
@I [BIND-110] effort=
@I [BIND-110] fast_refine=
@I [BIND-110] fu_weight=[ 0.0 -- 1.0 ]
@I [BIND-110] global_opt=
@I [BIND-110] gsearch=
@I [BIND-110] help=
@I [BIND-110] help-hidden=
@I [BIND-110] min_mem_port=
@I [BIND-110] min_op=
@I [BIND-110] minreg=
@I [BIND-110] ml=
@I [BIND-110] model=axi_interfaces_reverseBytes64
@I [BIND-110] no_false_path=
@I [BIND-110] no_min_op=
@I [BIND-110] normalize=
@I [BIND-110] quiet=
@I [BIND-110] refine=
@I [BIND-110] reg_weight=[ 0.0 -- 1.0 ]
@I [BIND-110] search=
@I [BIND-110] tight_delay=
@I [BIND-110] verbose=
@I [BIND-110] wFF=
@I [BIND-110] wFU=
@I [BIND-110] wMUX=
@I [BIND-110] wNET=
@I [BIND-100] Starting micro-architecture generation ...
@I [BIND-101] Performing variable lifetime analysis.
@I [BIND-101] Exploring resource sharing.
@I [BIND-101] Binding ...
@I [BIND-100] Finished micro-architecture generation.
@I [HLS-100] Command 'bind' returned 0; elapsed 0.002532Total elapsed time: 54.753 sec.
@I [HLS-111] Elapsed time: 0.023782 seconds; current memory usage: 122 MB.
@I [HLS-100] Command "report -o /home/mhho/wrk/SparkAccel/hls/hls_linearRegression/axi_interfaces_prj/solution1/.autopilot/db/axi_interfaces_reverseBytes64.verbose.bind.rpt -verbose -f "
@I [HLS-100] Command 'report' returned 0; elapsed 0.009494Total elapsed time: 54.767 sec.
@I [HLS-100] Command "db_write -o /home/mhho/wrk/SparkAccel/hls/hls_linearRegression/axi_interfaces_prj/solution1/.autopilot/db/axi_interfaces_reverseBytes64.bind.adb -f "
@I [HLS-100] Command 'db_write' returned 0; elapsed 0.005037Total elapsed time: 54.772 sec.
@I [HLS-0] Finish binding axi_interfaces_reverseBytes64.
@I [HLS-10] ----------------------------------------------------------------
@0 [HLS-0] ----------------------------------------------------------------
@I [HLS-10] -- Scheduling module 'axi_interfaces' 
@0 [HLS-0] -- Scheduling module 'axi_interfaces' 
@I [HLS-10] ----------------------------------------------------------------
@0 [HLS-0] ----------------------------------------------------------------
@I [HLS-100] Command "set_default_model axi_interfaces "
@I [HLS-100] Command 'set_default_model' returned 0; elapsed 0.000152Total elapsed time: 54.774 sec.
@I [HLS-100] Command "schedule -model axi_interfaces "
@I [SCHED-11] Starting scheduling ...
@I [SCHED-61] Pipelining function 'axi_interfaces'.
@I [SCHED-61] Pipelining result: Target II: 128, Final II: 128, Depth: 238.
@I [SCHED-11] Finished scheduling.
@I [HLS-100] Command 'schedule' returned 0; elapsed 157.308Total elapsed time: 212.324 sec.
@I [HLS-111] Elapsed time: 157.331 seconds; current memory usage: 147 MB.
@I [HLS-100] Command "report -o /home/mhho/wrk/SparkAccel/hls/hls_linearRegression/axi_interfaces_prj/solution1/.autopilot/db/axi_interfaces.verbose.sched.rpt -verbose -f "
@I [HLS-100] Command 'report' returned 0; elapsed 1.53917Total elapsed time: 213.874 sec.
@I [HLS-100] Command "db_write -o /home/mhho/wrk/SparkAccel/hls/hls_linearRegression/axi_interfaces_prj/solution1/.autopilot/db/axi_interfaces.sched.adb -f "
@I [HLS-100] Command 'db_write' returned 0; elapsed 1.29925Total elapsed time: 215.176 sec.
@I [HLS-0] Finish scheduling axi_interfaces.
@I [HLS-10] ----------------------------------------------------------------
@0 [HLS-0] ----------------------------------------------------------------
@I [HLS-10] -- Exploring micro-architecture for module 'axi_interfaces' 
@0 [HLS-0] -- Exploring micro-architecture for module 'axi_interfaces' 
@I [HLS-10] ----------------------------------------------------------------
@0 [HLS-0] ----------------------------------------------------------------
@I [HLS-100] Command "set_default_model axi_interfaces "
@I [HLS-100] Command 'set_default_model' returned 0; elapsed 0.000322Total elapsed time: 215.177 sec.
@I [HLS-100] Command "bind -model axi_interfaces "
@I [BIND-110] clear=
@I [BIND-110] debug=
@I [BIND-110] drf=
@I [BIND-110] effort=
@I [BIND-110] fast_refine=
@I [BIND-110] fu_weight=[ 0.0 -- 1.0 ]
@I [BIND-110] global_opt=
@I [BIND-110] gsearch=
@I [BIND-110] help=
@I [BIND-110] help-hidden=
@I [BIND-110] min_mem_port=
@I [BIND-110] min_op=
@I [BIND-110] minreg=
@I [BIND-110] ml=
@I [BIND-110] model=axi_interfaces
@I [BIND-110] no_false_path=
@I [BIND-110] no_min_op=
@I [BIND-110] normalize=
@I [BIND-110] quiet=
@I [BIND-110] refine=
@I [BIND-110] reg_weight=[ 0.0 -- 1.0 ]
@I [BIND-110] search=
@I [BIND-110] tight_delay=
@I [BIND-110] verbose=
@I [BIND-110] wFF=
@I [BIND-110] wFU=
@I [BIND-110] wMUX=
@I [BIND-110] wNET=
@I [BIND-100] Starting micro-architecture generation ...
@I [BIND-101] Performing variable lifetime analysis.
@I [BIND-101] Exploring resource sharing.
@I [BIND-101] Binding ...
@I [BIND-100] After resource sharing, estimated clock period (4.42ns) exceeds the target (target clock period: 4ns, clock uncertainty: 0.5ns, effective delay budget: 3.5ns).
@I [BIND-100] The critical path consists of the following:
	'dmul' operation ('tmp_12_14', axi_interfaces.cpp:66) (4.42 ns)
@I [BIND-100] Finished micro-architecture generation.
@I [HLS-100] Command 'bind' returned 0; elapsed 2.10855Total elapsed time: 217.288 sec.
@I [HLS-111] Elapsed time: 4.95078 seconds; current memory usage: 164 MB.
@I [HLS-100] Command "report -o /home/mhho/wrk/SparkAccel/hls/hls_linearRegression/axi_interfaces_prj/solution1/.autopilot/db/axi_interfaces.verbose.bind.rpt -verbose -f "
@I [HLS-100] Command 'report' returned 0; elapsed 1.89506Total elapsed time: 219.186 sec.
@I [HLS-100] Command "db_write -o /home/mhho/wrk/SparkAccel/hls/hls_linearRegression/axi_interfaces_prj/solution1/.autopilot/db/axi_interfaces.bind.adb -f "
@I [HLS-100] Command 'db_write' returned 0; elapsed 1.34588Total elapsed time: 220.536 sec.
@I [HLS-0] Finish binding axi_interfaces.
@I [HLS-100] Command "get_model_list axi_interfaces -filter all-wo-channel "
@I [HLS-100] Command 'get_model_list' returned 0; elapsed 0.000468Total elapsed time: 220.536 sec.
@I [HLS-0] Preprocessing for RTLGen ...
@I [HLS-100] Command "rtl_gen_preprocess axi_interfaces_reverseBytes64 "
@I [HLS-100] Command 'rtl_gen_preprocess' returned 0; elapsed 0.001713Total elapsed time: 220.538 sec.
@I [HLS-100] Command "rtl_gen_preprocess axi_interfaces "
@I [HLS-100] Command 'rtl_gen_preprocess' returned 0; elapsed 0.001457Total elapsed time: 220.540 sec.
@I [HLS-0] Model list for RTL generation: axi_interfaces_reverseBytes64 axi_interfaces
@I [HLS-10] ----------------------------------------------------------------
@0 [HLS-0] ----------------------------------------------------------------
@I [HLS-10] -- Generating RTL for module 'axi_interfaces_reverseBytes64' 
@0 [HLS-0] -- Generating RTL for module 'axi_interfaces_reverseBytes64' 
@I [HLS-10] ----------------------------------------------------------------
@0 [HLS-0] ----------------------------------------------------------------
@I [HLS-100] Command "create_rtl_model axi_interfaces_reverseBytes64 -vendor xilinx -mg_file /home/mhho/wrk/SparkAccel/hls/hls_linearRegression/axi_interfaces_prj/solution1/.autopilot/db/axi_interfaces_reverseBytes64.compgen.tcl "
@I [RTGEN-100] Finished creating RTL model for 'axi_interfaces_reverseBytes64'.
@I [HLS-100] Command 'create_rtl_model' returned 0; elapsed 0.003415Total elapsed time: 220.544 sec.
@I [HLS-111] Elapsed time: 3.24951 seconds; current memory usage: 164 MB.
@I [HLS-100] Command "source /home/mhho/wrk/SparkAccel/hls/hls_linearRegression/axi_interfaces_prj/solution1/.autopilot/db/axi_interfaces.rtl_wrap.cfg.tcl "
@I [HLS-100] Command 'ap_source' returned 0; elapsed 0.000311Total elapsed time: 220.546 sec.
@I [HLS-100] Command "gen_rtl axi_interfaces_reverseBytes64 -style xilinx -tracefl mytrace -tracefmt vcd -traceopt all -f -lang sc -o /home/mhho/wrk/SparkAccel/hls/hls_linearRegression/axi_interfaces_prj/solution1/syn/systemc/axi_interfaces_reverseBytes64 -synmodules axi_interfaces_reverseBytes64 axi_interfaces "
@I [HLS-100] Command 'gen_rtl' returned 0; elapsed 0.000299Total elapsed time: 220.547 sec.
@I [HLS-100] Command "gen_rtl axi_interfaces_reverseBytes64 -style xilinx -f -lang vhdl -o /home/mhho/wrk/SparkAccel/hls/hls_linearRegression/axi_interfaces_prj/solution1/syn/vhdl/axi_interfaces_reverseBytes64 "
@I [HLS-100] Command 'gen_rtl' returned 0; elapsed 0.000208Total elapsed time: 220.547 sec.
@I [HLS-100] Command "gen_rtl axi_interfaces_reverseBytes64 -style xilinx -f -lang vlog -o /home/mhho/wrk/SparkAccel/hls/hls_linearRegression/axi_interfaces_prj/solution1/syn/verilog/axi_interfaces_reverseBytes64 "
@I [HLS-100] Command 'gen_rtl' returned 0; elapsed 0.000185Total elapsed time: 220.547 sec.
@I [HLS-100] Command "gen_tb_info axi_interfaces_reverseBytes64 -o /home/mhho/wrk/SparkAccel/hls/hls_linearRegression/axi_interfaces_prj/solution1/.autopilot/db/axi_interfaces_reverseBytes64 -p /home/mhho/wrk/SparkAccel/hls/hls_linearRegression/axi_interfaces_prj/solution1/.autopilot/db "
@I [HLS-100] Command 'gen_tb_info' returned 0; elapsed 0.000123Total elapsed time: 220.547 sec.
@I [HLS-100] Command "report -model axi_interfaces_reverseBytes64 -o /home/mhho/wrk/SparkAccel/hls/hls_linearRegression/axi_interfaces_prj/solution1/syn/report/axi_interfaces_reverseBytes64_csynth.rpt -f "
@I [HLS-100] Command 'report' returned 0; elapsed 0.000707Total elapsed time: 220.548 sec.
@I [HLS-100] Command "report -model axi_interfaces_reverseBytes64 -o /home/mhho/wrk/SparkAccel/hls/hls_linearRegression/axi_interfaces_prj/solution1/syn/report/axi_interfaces_reverseBytes64_csynth.xml -f -x "
@I [HLS-100] Command 'report' returned 0; elapsed 0.000296Total elapsed time: 220.548 sec.
@I [HLS-100] Command "report -model axi_interfaces_reverseBytes64 -o /home/mhho/wrk/SparkAccel/hls/hls_linearRegression/axi_interfaces_prj/solution1/.autopilot/db/axi_interfaces_reverseBytes64.verbose.rpt -verbose -f "
@I [HLS-100] Command 'report' returned 0; elapsed 0.005227Total elapsed time: 220.554 sec.
@I [HLS-100] Command "db_write -model axi_interfaces_reverseBytes64 -o /home/mhho/wrk/SparkAccel/hls/hls_linearRegression/axi_interfaces_prj/solution1/.autopilot/db/axi_interfaces_reverseBytes64.adb -f "
@I [HLS-100] Command 'db_write' returned 0; elapsed 0.005198Total elapsed time: 220.560 sec.
@I [HLS-10] ----------------------------------------------------------------
@0 [HLS-0] ----------------------------------------------------------------
@I [HLS-10] -- Generating RTL for module 'axi_interfaces' 
@0 [HLS-0] -- Generating RTL for module 'axi_interfaces' 
@I [HLS-10] ----------------------------------------------------------------
@0 [HLS-0] ----------------------------------------------------------------
@I [HLS-100] Command "create_rtl_model axi_interfaces -vendor xilinx -mg_file /home/mhho/wrk/SparkAccel/hls/hls_linearRegression/axi_interfaces_prj/solution1/.autopilot/db/axi_interfaces.compgen.tcl "
@I [RTGEN-500] Setting interface mode on port 'axi_interfaces/doutc_0' to 'ap_memory'.
@I [RTGEN-500] Setting interface mode on port 'axi_interfaces/doutc_1' to 'ap_memory'.
@I [RTGEN-500] Setting interface mode on port 'axi_interfaces/dina_0' to 'ap_memory'.
@I [RTGEN-500] Setting interface mode on port 'axi_interfaces/dina_1' to 'ap_memory'.
@I [RTGEN-500] Setting interface mode on port 'axi_interfaces/dinb_0' to 'ap_memory'.
@I [RTGEN-500] Setting interface mode on port 'axi_interfaces/dinb_1' to 'ap_memory'.
@I [RTGEN-500] Setting interface mode on function 'axi_interfaces' to 'ap_ctrl_hs'.
@I [RTGEN-100] Generating core module 'axi_interfaces_dadddsub_64ns_64ns_64_9_full_dsp': 1 instance(s).
@I [RTGEN-100] Generating core module 'axi_interfaces_dmul_64ns_64ns_64_10_max_dsp': 2 instance(s).
@I [RTGEN-100] Finished creating RTL model for 'axi_interfaces'.
@I [HLS-100] Command 'create_rtl_model' returned 0; elapsed 2.28159Total elapsed time: 222.851 sec.
@I [HLS-111] Elapsed time: 2.29897 seconds; current memory usage: 179 MB.
@I [HLS-100] Command "source /home/mhho/wrk/SparkAccel/hls/hls_linearRegression/axi_interfaces_prj/solution1/.autopilot/db/axi_interfaces.rtl_wrap.cfg.tcl "
@I [HLS-100] Command 'ap_source' returned 0; elapsed 0.000344Total elapsed time: 222.853 sec.
@I [HLS-100] Command "gen_rtl axi_interfaces -istop -style xilinx -tracefl mytrace -tracefmt vcd -traceopt all -f -lang sc -o /home/mhho/wrk/SparkAccel/hls/hls_linearRegression/axi_interfaces_prj/solution1/syn/systemc/axi_interfaces -synmodules axi_interfaces_reverseBytes64 axi_interfaces "
@I [HLS-100] Command 'gen_rtl' returned 0; elapsed 0.051834Total elapsed time: 222.907 sec.
@I [HLS-100] Command "gen_rtl axi_interfaces -istop -style xilinx -f -lang vhdl -o /home/mhho/wrk/SparkAccel/hls/hls_linearRegression/axi_interfaces_prj/solution1/syn/vhdl/axi_interfaces "
@I [HLS-100] Command 'gen_rtl' returned 0; elapsed 0.124746Total elapsed time: 223.32 sec.
@I [HLS-100] Command "gen_rtl axi_interfaces -istop -style xilinx -f -lang vlog -o /home/mhho/wrk/SparkAccel/hls/hls_linearRegression/axi_interfaces_prj/solution1/syn/verilog/axi_interfaces "
@I [HLS-100] Command 'gen_rtl' returned 0; elapsed 0.142538Total elapsed time: 223.175 sec.
@I [HLS-100] Command "export_constraint_db -o /home/mhho/wrk/SparkAccel/hls/hls_linearRegression/axi_interfaces_prj/solution1/.autopilot/db/axi_interfaces.constraint.tcl -f -tool general "
@I [HLS-100] Command 'export_constraint_db' returned 0; elapsed 0.000128Total elapsed time: 223.175 sec.
@I [HLS-100] Command "report -model axi_interfaces -o /home/mhho/wrk/SparkAccel/hls/hls_linearRegression/axi_interfaces_prj/solution1/.autopilot/db/axi_interfaces.design.xml -verbose -f -dv "
@I [HLS-100] Command 'report' returned 0; elapsed 0.171234Total elapsed time: 223.346 sec.
@I [HLS-100] Command "gen_tb_info axi_interfaces -o /home/mhho/wrk/SparkAccel/hls/hls_linearRegression/axi_interfaces_prj/solution1/.autopilot/db/axi_interfaces -p /home/mhho/wrk/SparkAccel/hls/hls_linearRegression/axi_interfaces_prj/solution1/.autopilot/db "
@I [HLS-100] Command 'gen_tb_info' returned 0; elapsed 0.000459Total elapsed time: 223.347 sec.
@I [HLS-100] Command "report -model axi_interfaces -o /home/mhho/wrk/SparkAccel/hls/hls_linearRegression/axi_interfaces_prj/solution1/syn/report/axi_interfaces_csynth.rpt -f "
@I [HLS-100] Command 'report' returned 0; elapsed 0.107158Total elapsed time: 223.457 sec.
@I [HLS-100] Command "report -model axi_interfaces -o /home/mhho/wrk/SparkAccel/hls/hls_linearRegression/axi_interfaces_prj/solution1/syn/report/axi_interfaces_csynth.xml -f -x "
@I [HLS-100] Command 'report' returned 0; elapsed 0.09126Total elapsed time: 223.549 sec.
@I [HLS-100] Command "report -model axi_interfaces -o /home/mhho/wrk/SparkAccel/hls/hls_linearRegression/axi_interfaces_prj/solution1/.autopilot/db/axi_interfaces.verbose.rpt -verbose -f "
@I [HLS-100] Command 'report' returned 0; elapsed 1.86124Total elapsed time: 225.413 sec.
@I [HLS-100] Command "db_write -model axi_interfaces -o /home/mhho/wrk/SparkAccel/hls/hls_linearRegression/axi_interfaces_prj/solution1/.autopilot/db/axi_interfaces.adb -f "
@I [HLS-100] Command 'db_write' returned 0; elapsed 1.44034Total elapsed time: 226.857 sec.
@I [HLS-100] Command "sc_get_clocks axi_interfaces "
@I [HLS-100] Command 'sc_get_clocks' returned 0; elapsed 0.001349Total elapsed time: 227.431 sec.
@I [HLS-100] Command "sc_get_portdomain axi_interfaces "
@I [HLS-100] Command 'sc_get_portdomain' returned 0; elapsed 1.6e-05Total elapsed time: 227.431 sec.
@I [HLS-0] Model list for RTL component generation: axi_interfaces_reverseBytes64 axi_interfaces
@I [HLS-0] Handling components in module [axi_interfaces_reverseBytes64] ... 
@I [HLS-100] Command "source /home/mhho/wrk/SparkAccel/hls/hls_linearRegression/axi_interfaces_prj/solution1/.autopilot/db/axi_interfaces_reverseBytes64.compgen.tcl "
@I [HLS-100] Command 'ap_source' returned 0; elapsed 0.000123Total elapsed time: 227.438 sec.
@I [HLS-0] Handling components in module [axi_interfaces] ... 
@I [HLS-100] Command "source /home/mhho/wrk/SparkAccel/hls/hls_linearRegression/axi_interfaces_prj/solution1/.autopilot/db/axi_interfaces.compgen.tcl "
@I [HLS-0] Found component axi_interfaces_dadddsub_64ns_64ns_64_9_full_dsp.
@I [HLS-0] Append model axi_interfaces_dadddsub_64ns_64ns_64_9_full_dsp
@I [HLS-0] Found component axi_interfaces_dmul_64ns_64ns_64_10_max_dsp.
@I [HLS-0] Append model axi_interfaces_dmul_64ns_64ns_64_10_max_dsp
@I [HLS-100] Command 'ap_source' returned 0; elapsed 0.000396Total elapsed time: 227.439 sec.
@I [HLS-0] Append model axi_interfaces_reverseBytes64
@I [HLS-0] Append model axi_interfaces
@I [HLS-0] Generating RTL model list ...
@I [HLS-0] All models in this session: axi_interfaces_dadddsub_64ns_64ns_64_9_full_dsp axi_interfaces_dmul_64ns_64ns_64_10_max_dsp axi_interfaces_reverseBytes64 axi_interfaces
@I [HLS-0] To file: write model axi_interfaces_dadddsub_64ns_64ns_64_9_full_dsp
@I [HLS-0] To file: write model axi_interfaces_dmul_64ns_64ns_64_10_max_dsp
@I [HLS-0] To file: write model axi_interfaces_reverseBytes64
@I [HLS-0] To file: write model axi_interfaces
@I [HLS-0] Finished generating RTL model list.


@I [HLS-0] RTL Generation done.
@I [HLS-0] CAS Generation done.
@I [HLS-0] CBC Generation done.
@I [HLS-100] Command "export_ssdm /home/mhho/wrk/SparkAccel/hls/hls_linearRegression/axi_interfaces_prj/solution1/.autopilot/db/a.export.ll "
@I [HLS-100] Command 'export_ssdm' returned 0; elapsed 0.003396Total elapsed time: 227.443 sec.
@I [HLS-100] Command "source /home/mhho/wrk/SparkAccel/hls/hls_linearRegression/axi_interfaces_prj/solution1/.autopilot/db/global.setting.tcl "
@I [HLS-100] Command 'ap_source' returned 0; elapsed 0.000202Total elapsed time: 227.445 sec.
@I [HLS-100] Command "source /opt/Xilinx/Vivado_HLS/2015.1/common/technology/generic/autopilot/common.gen "
@I [HLS-100] Command "source /opt/Xilinx/Vivado_HLS/2015.1/common/technology/generic/autopilot/APCoreGen.gen "
@I [HLS-100] Command 'ap_source' returned 0; elapsed 0.000395Total elapsed time: 227.446 sec.
@I [HLS-100] Command 'ap_source' returned 0; elapsed 0.00082Total elapsed time: 227.446 sec.
@I [HLS-100] Command "source /opt/Xilinx/Vivado_HLS/2015.1/common/technology/generic/autopilot/op.gen "
@I [HLS-100] Command 'ap_source' returned 0; elapsed 0.000201Total elapsed time: 227.446 sec.
@I [HLS-100] Command "source /opt/Xilinx/Vivado_HLS/2015.1/common/technology/generic/autopilot/op_simcore.gen "
@I [HLS-100] Command 'ap_source' returned 0; elapsed 0.000608Total elapsed time: 227.447 sec.
@I [HLS-100] Command "source /opt/Xilinx/Vivado_HLS/2015.1/common/technology/generic/autopilot/interface.gen "
@I [HLS-100] Command 'ap_source' returned 0; elapsed 7.8e-05Total elapsed time: 227.447 sec.
@I [HLS-100] Command "source /home/mhho/wrk/SparkAccel/hls/hls_linearRegression/axi_interfaces_prj/solution1/.autopilot/db/global.setting.tcl "
@I [HLS-100] Command 'ap_source' returned 0; elapsed 0.000124Total elapsed time: 227.448 sec.
@I [HLS-100] Command "source /opt/Xilinx/Vivado_HLS/2015.1/common/technology/xilinx/kintex7/kintex7.gen "
@I [HLS-100] Command "source /opt/Xilinx/Vivado_HLS/2015.1/common/technology/xilinx/common/virtex.gen "
@I [HLS-100] Command "source /opt/Xilinx/Vivado_HLS/2015.1/common/technology/xilinx/common/xilinx.gen "
@I [HLS-100] Command "source /opt/Xilinx/Vivado_HLS/2015.1/common/technology/xilinx/interface/plb46.gen "
@I [HLS-100] Command 'ap_source' returned 0; elapsed 0.000912Total elapsed time: 227.449 sec.
@I [HLS-100] Command "source /opt/Xilinx/Vivado_HLS/2015.1/common/technology/xilinx/interface/fsl.gen "
@I [HLS-100] Command 'ap_source' returned 0; elapsed 0.000445Total elapsed time: 227.449 sec.
@I [HLS-100] Command "source /opt/Xilinx/Vivado_HLS/2015.1/common/technology/xilinx/interface/axi4.gen "
@I [HLS-100] Command 'ap_source' returned 0; elapsed 0.001604Total elapsed time: 227.451 sec.
@I [HLS-100] Command "source /opt/Xilinx/Vivado_HLS/2015.1/common/technology/xilinx/interface/nativeAXI4.gen "
@I [HLS-100] Command "source /opt/Xilinx/Vivado_HLS/2015.1/common/technology/xilinx/interface/saxilite.gen "
@I [HLS-100] Command 'ap_source' returned 0; elapsed 0.002067Total elapsed time: 227.454 sec.
@I [HLS-100] Command "source /opt/Xilinx/Vivado_HLS/2015.1/common/technology/xilinx/interface/maxi.gen "
@I [HLS-100] Command 'ap_source' returned 0; elapsed 0.004465Total elapsed time: 227.458 sec.
@I [HLS-100] Command 'ap_source' returned 0; elapsed 0.006715Total elapsed time: 227.459 sec.
@I [HLS-100] Command "source /opt/Xilinx/Vivado_HLS/2015.1/common/technology/xilinx/scripts/xilinxcoregen.gen "
@I [HLS-100] Command 'ap_source' returned 0; elapsed 0.008927Total elapsed time: 227.468 sec.
@I [HLS-100] Command "source /opt/Xilinx/Vivado_HLS/2015.1/common/technology/xilinx/interface/XilEDKCoreGen.gen "
@I [HLS-100] Command 'ap_source' returned 0; elapsed 0.00633Total elapsed time: 227.475 sec.
@I [HLS-100] Command "source /opt/Xilinx/Vivado_HLS/2015.1/common/technology/xilinx/ip/xfir.gen "
@I [HLS-100] Command 'ap_source' returned 0; elapsed 0.02269Total elapsed time: 227.501 sec.
@I [HLS-100] Command "source /opt/Xilinx/Vivado_HLS/2015.1/common/technology/xilinx/ip/xfft.gen "
@I [HLS-100] Command 'ap_source' returned 0; elapsed 0.076037Total elapsed time: 227.578 sec.
@I [HLS-100] Command "source /opt/Xilinx/Vivado_HLS/2015.1/common/technology/xilinx/ip/dds_compiler.gen "
@I [HLS-100] Command 'ap_source' returned 0; elapsed 0.002506Total elapsed time: 227.581 sec.
@I [HLS-100] Command "source /opt/Xilinx/Vivado_HLS/2015.1/common/technology/xilinx/ip/util.gen "
@I [HLS-100] Command 'ap_source' returned 0; elapsed 0.000177Total elapsed time: 227.581 sec.
@I [HLS-100] Command 'ap_source' returned 0; elapsed 0.12738Total elapsed time: 227.581 sec.
@I [HLS-100] Command "source /opt/Xilinx/Vivado_HLS/2015.1/common/technology/xilinx/common/dsp48.gen "
@I [HLS-100] Command 'ap_source' returned 0; elapsed 0.000116Total elapsed time: 227.583 sec.
@I [HLS-100] Command 'ap_source' returned 0; elapsed 0.128978Total elapsed time: 227.583 sec.
@I [HLS-100] Command 'ap_source' returned 0; elapsed 0.12909Total elapsed time: 227.583 sec.
@I [HLS-100] Command "source /opt/Xilinx/Vivado_HLS/2015.1/common/technology/xilinx/kintex7/kintex7_fpv6.gen "
@I [HLS-100] Command "source /opt/Xilinx/Vivado_HLS/2015.1/common/technology/xilinx/common/xilinx_fpv6.gen "
@I [HLS-100] Command 'ap_source' returned 0; elapsed 0.001288Total elapsed time: 227.584 sec.
@I [HLS-100] Command 'ap_source' returned 0; elapsed 0.001414Total elapsed time: 227.584 sec.
@I [HLS-100] Command "source /home/mhho/wrk/SparkAccel/hls/hls_linearRegression/axi_interfaces_prj/solution1/.autopilot/db/global.setting.tcl "
@I [HLS-100] Command 'ap_source' returned 0; elapsed 0.000137Total elapsed time: 227.585 sec.
@I [HLS-100] Command "source /home/mhho/wrk/SparkAccel/hls/hls_linearRegression/axi_interfaces_prj/solution1/.autopilot/db/global.setting.tcl "
@I [HLS-100] Command 'ap_source' returned 0; elapsed 0.00012Total elapsed time: 227.585 sec.
@I [HLS-100] Command "source /home/mhho/wrk/SparkAccel/hls/hls_linearRegression/axi_interfaces_prj/solution1/.autopilot/db/global.setting.tcl "
@I [HLS-100] Command 'ap_source' returned 0; elapsed 0.000113Total elapsed time: 227.585 sec.
@I [HLS-100] Command "source /home/mhho/wrk/SparkAccel/hls/hls_linearRegression/axi_interfaces_prj/solution1/.autopilot/db/axi_interfaces_reverseBytes64.compgen.tcl "
@I [HLS-100] Command 'ap_source' returned 0; elapsed 7.8e-05Total elapsed time: 227.586 sec.
@I [HLS-100] Command "source /home/mhho/wrk/SparkAccel/hls/hls_linearRegression/axi_interfaces_prj/solution1/.autopilot/db/axi_interfaces.compgen.tcl "
@I [HLS-100] Command 'ap_source' returned 0; elapsed 0.023679Total elapsed time: 227.612 sec.
@I [HLS-10] Finished generating all RTL models.
@0 [HLS-0] Finished generating all RTL models.
@I [WSYSC-301] Generating RTL SystemC for 'axi_interfaces'.
@I [WVHDL-304] Generating RTL VHDL for 'axi_interfaces'.
@I [WVLOG-307] Generating RTL Verilog for 'axi_interfaces'.
@I [HLS-100] Command 'autosyn' returned 0; elapsed 177.728Total elapsed time: 227.616 sec.
@I [HLS-100] Command 'csynth_design' returned 0; elapsed 208.907Total elapsed time: 227.616 sec.
@I [HLS-100] Command 'ap_source' returned 0; elapsed 209.626Total elapsed time: 227.616 sec.
@I [HLS-100] Command "cleanup_all "
@I [HLS-100] Command 'cleanup_all' returned 0; elapsed 0.189969Total elapsed time: 227.809 sec.
