Running: C:\EDA\14.7\ISE_DS\ISE\bin\nt64\unwrapped\fuse.exe -intstyle pa -incremental -L work -L unisims_ver -L unimacro_ver -L xilinxcorelib_ver -L secureip -o top_testbench.exe --prj D:/minibench/scgra/cgra2x2_verify/cgra2x2_verify.sim/sim_1/behav/top_testbench.prj -top work.top_testbench -top work.glbl 
ISim P.20131013 (signature 0x7708f090)
Number of CPUs detected in this system: 4
Turning on mult-threading, number of parallel sub-compilation jobs: 8 
Determining compilation order of HDL files
Analyzing Verilog file "D:/minibench/scgra/cgra2x2_verify/cgra2x2_verify.srcs/sources_1/new/MulAdd.v" into library work
Analyzing Verilog file "d:/minibench/scgra/cgra2x2_verify/cgra2x2_verify.srcs/sources_1/ip/blk_mem_gen_v7_3_3/rom11.v" into library work
Analyzing Verilog file "d:/minibench/scgra/cgra2x2_verify/cgra2x2_verify.srcs/sources_1/ip/blk_mem_gen_v7_3_2/rom10.v" into library work
Analyzing Verilog file "d:/minibench/scgra/cgra2x2_verify/cgra2x2_verify.srcs/sources_1/ip/blk_mem_gen_v7_3_13/TrueDualPortBram256.v" into library work
Analyzing Verilog file "d:/minibench/scgra/cgra2x2_verify/cgra2x2_verify.srcs/sources_1/ip/blk_mem_gen_v7_3_1/rom01.v" into library work
Analyzing Verilog file "d:/minibench/scgra/cgra2x2_verify/cgra2x2_verify.srcs/sources_1/ip/blk_mem_gen_v7_3_0/rom00.v" into library work
Analyzing Verilog file "D:/minibench/scgra/cgra2x2_verify/cgra2x2_verify.srcs/sources_1/new/New_ALU.v" into library work
Analyzing Verilog file "D:/minibench/scgra/cgra2x2_verify/cgra2x2_verify.srcs/sources_1/new/Inst_Mem11.v" into library work
Analyzing Verilog file "D:/minibench/scgra/cgra2x2_verify/cgra2x2_verify.srcs/sources_1/new/Inst_Mem10.v" into library work
Analyzing Verilog file "D:/minibench/scgra/cgra2x2_verify/cgra2x2_verify.srcs/sources_1/new/Inst_Mem01.v" into library work
Analyzing Verilog file "D:/minibench/scgra/cgra2x2_verify/cgra2x2_verify.srcs/sources_1/new/inst_mem00.v" into library work
Analyzing Verilog file "D:/minibench/scgra/cgra2x2_verify/cgra2x2_verify.srcs/sources_1/new/data_mem.v" into library work
Analyzing Verilog file "D:/minibench/scgra/cgra2x2_verify/cgra2x2_verify.srcs/sources_1/new/ALU.v" into library work
Analyzing Verilog file "D:/minibench/scgra/cgra2x2_verify/cgra2x2_verify.srcs/sources_1/new/PE11.v" into library work
Analyzing Verilog file "D:/minibench/scgra/cgra2x2_verify/cgra2x2_verify.srcs/sources_1/new/PE10.v" into library work
Analyzing Verilog file "D:/minibench/scgra/cgra2x2_verify/cgra2x2_verify.srcs/sources_1/new/PE01.v" into library work
Analyzing Verilog file "D:/minibench/scgra/cgra2x2_verify/cgra2x2_verify.srcs/sources_1/new/PE00.v" into library work
Analyzing Verilog file "D:/minibench/scgra/cgra2x2_verify/cgra2x2_verify.srcs/sources_1/new/torus2x2.v" into library work
Analyzing Verilog file "D:/minibench/scgra/cgra2x2_verify/cgra2x2_verify.srcs/sources_1/new/BramIF.v" into library work
Analyzing Verilog file "D:/minibench/scgra/cgra2x2_verify/cgra2x2_verify.srcs/sources_1/new/cgra2x2.v" into library work
Analyzing Verilog file "d:/minibench/scgra/cgra2x2_verify/cgra2x2_verify.srcs/sources_1/ip/blk_mem_gen_v7_3_7/addr_buffer1.v" into library work
Analyzing Verilog file "d:/minibench/scgra/cgra2x2_verify/cgra2x2_verify.srcs/sources_1/ip/blk_mem_gen_v7_3_6/addr_buffer0.v" into library work
Analyzing Verilog file "d:/minibench/scgra/cgra2x2_verify/cgra2x2_verify.srcs/sources_1/ip/blk_mem_gen_v7_3_5/data_buffer1.v" into library work
Analyzing Verilog file "d:/minibench/scgra/cgra2x2_verify/cgra2x2_verify.srcs/sources_1/ip/blk_mem_gen_v7_3_4/data_buffer0.v" into library work
Analyzing Verilog file "D:/minibench/scgra/cgra2x2_verify/cgra2x2_verify.srcs/sim_1/new/acc_ctrl.v" into library work
Analyzing Verilog file "D:/minibench/scgra/cgra2x2_verify/cgra2x2_verify.srcs/sim_1/imports/src/top_testbench.v" into library work
Analyzing Verilog file "C:/EDA/14.7/ISE_DS/PlanAhead/data/verilog/src/glbl.v" into library work
Starting static elaboration
WARNING:HDLCompiler:1016 - "D:/minibench/scgra/cgra2x2_verify/cgra2x2_verify.srcs/sources_1/new/torus2x2.v" Line 128: Port PE_Debug is not connected to this instance
WARNING:HDLCompiler:189 - "D:/minibench/scgra/cgra2x2_verify/cgra2x2_verify.srcs/sim_1/imports/src/top_testbench.v" Line 153: Size mismatch in connection of port <wea>. Formal port size is 1-bit while actual signal size is 4-bit.
WARNING:HDLCompiler:189 - "D:/minibench/scgra/cgra2x2_verify/cgra2x2_verify.srcs/sim_1/imports/src/top_testbench.v" Line 154: Size mismatch in connection of port <addra>. Formal port size is 11-bit while actual signal size is 32-bit.
WARNING:HDLCompiler:189 - "D:/minibench/scgra/cgra2x2_verify/cgra2x2_verify.srcs/sim_1/imports/src/top_testbench.v" Line 162: Size mismatch in connection of port <wea>. Formal port size is 1-bit while actual signal size is 4-bit.
WARNING:HDLCompiler:189 - "D:/minibench/scgra/cgra2x2_verify/cgra2x2_verify.srcs/sim_1/imports/src/top_testbench.v" Line 163: Size mismatch in connection of port <addra>. Formal port size is 11-bit while actual signal size is 32-bit.
WARNING:HDLCompiler:189 - "D:/minibench/scgra/cgra2x2_verify/cgra2x2_verify.srcs/sim_1/imports/src/top_testbench.v" Line 171: Size mismatch in connection of port <wea>. Formal port size is 1-bit while actual signal size is 4-bit.
WARNING:HDLCompiler:189 - "D:/minibench/scgra/cgra2x2_verify/cgra2x2_verify.srcs/sim_1/imports/src/top_testbench.v" Line 172: Size mismatch in connection of port <addra>. Formal port size is 12-bit while actual signal size is 32-bit.
WARNING:HDLCompiler:189 - "D:/minibench/scgra/cgra2x2_verify/cgra2x2_verify.srcs/sim_1/imports/src/top_testbench.v" Line 180: Size mismatch in connection of port <wea>. Formal port size is 1-bit while actual signal size is 4-bit.
WARNING:HDLCompiler:189 - "D:/minibench/scgra/cgra2x2_verify/cgra2x2_verify.srcs/sim_1/imports/src/top_testbench.v" Line 181: Size mismatch in connection of port <addra>. Formal port size is 12-bit while actual signal size is 32-bit.
Completed static elaboration
Compiling module acc_ctrl
Compiling module ALU(DWIDTH=32)
Compiling module MulAdd
Compiling module New_ALU(DWIDTH=32)
Compiling module BLK_MEM_GEN_V7_3_output_stage(C_...
Compiling module BLK_MEM_GEN_V7_3_softecc_output_...
Compiling module BLK_MEM_GEN_V7_3_mem_module(C_CO...
Compiling module BLK_MEM_GEN_V7_3(C_FAMILY="virte...
Compiling module TrueDualPortBram256
Compiling module data_mem
Compiling module BLK_MEM_GEN_V7_3_output_stage(C_...
Compiling module BLK_MEM_GEN_V7_3_output_stage(C_...
Compiling module BLK_MEM_GEN_V7_3_softecc_output_...
Compiling module BLK_MEM_GEN_V7_3_mem_module(C_CO...
Compiling module BLK_MEM_GEN_V7_3(C_FAMILY="virte...
Compiling module rom00
Compiling module Inst_Mem00
Compiling module PE00
Compiling module BLK_MEM_GEN_V7_3_mem_module(C_CO...
Compiling module BLK_MEM_GEN_V7_3(C_FAMILY="virte...
Compiling module rom01
Compiling module Inst_Mem01
Compiling module PE01
Compiling module BLK_MEM_GEN_V7_3_mem_module(C_CO...
Compiling module BLK_MEM_GEN_V7_3(C_FAMILY="virte...
Compiling module rom10
Compiling module Inst_Mem10
Compiling module PE10
Compiling module BLK_MEM_GEN_V7_3_mem_module(C_CO...
Compiling module BLK_MEM_GEN_V7_3(C_FAMILY="virte...
Compiling module rom11
Compiling module Inst_Mem11
Compiling module PE11
Compiling module torus2x2(DWIDTH=32,SYS_DWIDTH=32...
Compiling module BramIF(SYS_DWIDTH=32,BYTE_LEN=4)
Compiling module cgra2x2
Compiling module BLK_MEM_GEN_V7_3_output_stage(C_...
Compiling module BLK_MEM_GEN_V7_3_output_stage(C_...
Compiling module BLK_MEM_GEN_V7_3_softecc_output_...
Compiling module BLK_MEM_GEN_V7_3_mem_module(C_CO...
Compiling module BLK_MEM_GEN_V7_3(C_FAMILY="virte...
Compiling module data_buffer0
Compiling module BLK_MEM_GEN_V7_3_mem_module(C_CO...
Compiling module BLK_MEM_GEN_V7_3(C_FAMILY="virte...
Compiling module data_buffer1
Compiling module BLK_MEM_GEN_V7_3_output_stage(C_...
Compiling module BLK_MEM_GEN_V7_3_output_stage(C_...
Compiling module BLK_MEM_GEN_V7_3_softecc_output_...
Compiling module BLK_MEM_GEN_V7_3_mem_module(C_CO...
Compiling module BLK_MEM_GEN_V7_3(C_FAMILY="virte...
Compiling module addr_buffer0
Compiling module BLK_MEM_GEN_V7_3_mem_module(C_CO...
Compiling module BLK_MEM_GEN_V7_3(C_FAMILY="virte...
Compiling module addr_buffer1
Compiling module top_testbench
Compiling module glbl
Time Resolution for simulation is 1ps.
Waiting for 37 sub-compilation(s) to finish...
Compiled 56 Verilog Units
Built simulation executable top_testbench.exe
Fuse Memory Usage: 38332 KB
Fuse CPU Usage: 1637 ms
