
*** Running xst
    with args -ifn "cgra2x2.xst" -ofn "cgra2x2.srp" -intstyle ise

Reading design: cgra2x2.prj

=========================================================================
*                          HDL Parsing                                  *
=========================================================================
Analyzing Verilog file "D:/minibench/scgra/cgra2x2_verify/cgra2x2_verify.srcs/sources_1/new/MulAdd.v" into library work
Parsing module <MulAdd>.
Analyzing Verilog file "d:/minibench/scgra/cgra2x2_verify/cgra2x2_verify.srcs/sources_1/ip/blk_mem_gen_v7_3_3/rom11.v" into library work
Parsing module <rom11>.
Analyzing Verilog file "d:/minibench/scgra/cgra2x2_verify/cgra2x2_verify.srcs/sources_1/ip/blk_mem_gen_v7_3_2/rom10.v" into library work
Parsing module <rom10>.
Analyzing Verilog file "d:/minibench/scgra/cgra2x2_verify/cgra2x2_verify.srcs/sources_1/ip/blk_mem_gen_v7_3_13/TrueDualPortBram256.v" into library work
Parsing module <TrueDualPortBram256>.
Analyzing Verilog file "d:/minibench/scgra/cgra2x2_verify/cgra2x2_verify.srcs/sources_1/ip/blk_mem_gen_v7_3_1/rom01.v" into library work
Parsing module <rom01>.
Analyzing Verilog file "d:/minibench/scgra/cgra2x2_verify/cgra2x2_verify.srcs/sources_1/ip/blk_mem_gen_v7_3_0/rom00.v" into library work
Parsing module <rom00>.
Analyzing Verilog file "D:/minibench/scgra/cgra2x2_verify/cgra2x2_verify.srcs/sources_1/new/New_ALU.v" into library work
Parsing module <New_ALU>.
Analyzing Verilog file "D:/minibench/scgra/cgra2x2_verify/cgra2x2_verify.srcs/sources_1/new/Inst_Mem11.v" into library work
Parsing module <Inst_Mem11>.
Analyzing Verilog file "D:/minibench/scgra/cgra2x2_verify/cgra2x2_verify.srcs/sources_1/new/Inst_Mem10.v" into library work
Parsing module <Inst_Mem10>.
Analyzing Verilog file "D:/minibench/scgra/cgra2x2_verify/cgra2x2_verify.srcs/sources_1/new/Inst_Mem01.v" into library work
Parsing module <Inst_Mem01>.
Analyzing Verilog file "D:/minibench/scgra/cgra2x2_verify/cgra2x2_verify.srcs/sources_1/new/inst_mem00.v" into library work
Parsing module <Inst_Mem00>.
Analyzing Verilog file "D:/minibench/scgra/cgra2x2_verify/cgra2x2_verify.srcs/sources_1/new/data_mem.v" into library work
Parsing module <data_mem>.
Analyzing Verilog file "D:/minibench/scgra/cgra2x2_verify/cgra2x2_verify.srcs/sources_1/new/ALU.v" into library work
Parsing module <ALU>.
Analyzing Verilog file "D:/minibench/scgra/cgra2x2_verify/cgra2x2_verify.srcs/sources_1/new/PE11.v" into library work
Parsing module <PE11>.
Analyzing Verilog file "D:/minibench/scgra/cgra2x2_verify/cgra2x2_verify.srcs/sources_1/new/PE10.v" into library work
Parsing module <PE10>.
Analyzing Verilog file "D:/minibench/scgra/cgra2x2_verify/cgra2x2_verify.srcs/sources_1/new/PE01.v" into library work
Parsing module <PE01>.
Analyzing Verilog file "D:/minibench/scgra/cgra2x2_verify/cgra2x2_verify.srcs/sources_1/new/PE00.v" into library work
Parsing module <PE00>.
Analyzing Verilog file "D:/minibench/scgra/cgra2x2_verify/cgra2x2_verify.srcs/sources_1/new/torus2x2.v" into library work
Parsing module <torus2x2>.
Analyzing Verilog file "D:/minibench/scgra/cgra2x2_verify/cgra2x2_verify.srcs/sources_1/new/BramIF.v" into library work
Parsing module <BramIF>.
Analyzing Verilog file "D:/minibench/scgra/cgra2x2_verify/cgra2x2_verify.srcs/sources_1/new/cgra2x2.v" into library work
Parsing module <cgra2x2>.

=========================================================================
*                            HDL Elaboration                            *
=========================================================================

Elaborating module <cgra2x2>.
WARNING:HDLCompiler:1016 - "D:/minibench/scgra/cgra2x2_verify/cgra2x2_verify.srcs/sources_1/new/torus2x2.v" Line 128: Port PE_Debug is not connected to this instance

Elaborating module <torus2x2(DWIDTH=32,SYS_DWIDTH=32)>.

Elaborating module <PE00>.

Elaborating module <ALU(DWIDTH=32)>.

Elaborating module <New_ALU(DWIDTH=32)>.

Elaborating module <MulAdd>.

Elaborating module <data_mem>.

Elaborating module <TrueDualPortBram256>.
WARNING:HDLCompiler:1499 - "d:/minibench/scgra/cgra2x2_verify/cgra2x2_verify.srcs/sources_1/ip/blk_mem_gen_v7_3_13/TrueDualPortBram256.v" Line 39: Empty module <TrueDualPortBram256> remains a black box.

Elaborating module <Inst_Mem00>.

Elaborating module <rom00>.
WARNING:HDLCompiler:1499 - "d:/minibench/scgra/cgra2x2_verify/cgra2x2_verify.srcs/sources_1/ip/blk_mem_gen_v7_3_0/rom00.v" Line 39: Empty module <rom00> remains a black box.

Elaborating module <PE01>.

Elaborating module <Inst_Mem01>.

Elaborating module <rom01>.
WARNING:HDLCompiler:1499 - "d:/minibench/scgra/cgra2x2_verify/cgra2x2_verify.srcs/sources_1/ip/blk_mem_gen_v7_3_1/rom01.v" Line 39: Empty module <rom01> remains a black box.

Elaborating module <PE10>.

Elaborating module <Inst_Mem10>.

Elaborating module <rom10>.
WARNING:HDLCompiler:1499 - "d:/minibench/scgra/cgra2x2_verify/cgra2x2_verify.srcs/sources_1/ip/blk_mem_gen_v7_3_2/rom10.v" Line 39: Empty module <rom10> remains a black box.

Elaborating module <PE11>.

Elaborating module <Inst_Mem11>.

Elaborating module <rom11>.
WARNING:HDLCompiler:1499 - "d:/minibench/scgra/cgra2x2_verify/cgra2x2_verify.srcs/sources_1/ip/blk_mem_gen_v7_3_3/rom11.v" Line 39: Empty module <rom11> remains a black box.

Elaborating module <BramIF(SYS_DWIDTH=32,BYTE_LEN=4)>.
WARNING:HDLCompiler:413 - "D:/minibench/scgra/cgra2x2_verify/cgra2x2_verify.srcs/sources_1/new/BramIF.v" Line 216: Result of 25-bit expression is truncated to fit in 24-bit target.

=========================================================================
*                           HDL Synthesis                               *
=========================================================================

Synthesizing Unit <cgra2x2>.
    Related source file is "D:/minibench/scgra/cgra2x2_verify/cgra2x2_verify.srcs/sources_1/new/cgra2x2.v".
        SYS_DWIDTH = 32
        BYTE_LEN = 4
        DWIDTH = 32
    Summary:
	no macro.
Unit <cgra2x2> synthesized.

Synthesizing Unit <torus2x2>.
    Related source file is "D:/minibench/scgra/cgra2x2_verify/cgra2x2_verify.srcs/sources_1/new/torus2x2.v".
        DWIDTH = 32
        SYS_DWIDTH = 32
INFO:Xst:3210 - "D:/minibench/scgra/cgra2x2_verify/cgra2x2_verify.srcs/sources_1/new/torus2x2.v" line 128: Output port <PE_Debug> of the instance <PE00> is unconnected or connected to loadless signal.
    Summary:
	no macro.
Unit <torus2x2> synthesized.

Synthesizing Unit <PE00>.
    Related source file is "D:/minibench/scgra/cgra2x2_verify/cgra2x2_verify.srcs/sources_1/new/PE00.v".
        DWIDTH = 32
        AWIDTH = 8
        INST_DWIDTH = 72
        INST_AWIDTH = 10
    Found 32-bit register for signal <PE_In1_Reg0>.
    Found 32-bit register for signal <PE_In2_Reg0>.
    Found 32-bit register for signal <PE_In3_Reg0>.
    Found 32-bit register for signal <Data_In_Reg>.
    Found 32-bit register for signal <Load_Data_Reg>.
    Found 32-bit register for signal <Data_In_Reg1>.
    Found 32-bit register for signal <Bypass_Data_Reg>.
    Found 32-bit register for signal <ALU_Out_Reg>.
    Found 32-bit register for signal <Data_Mem_Out0_Reg0>.
    Found 32-bit register for signal <Data_Mem_Out1_Reg0>.
    Found 32-bit register for signal <Data_Mem_Out2_Reg0>.
    Found 32-bit register for signal <Data_Mem_Out3_Reg0>.
    Found 32-bit register for signal <Data_Mem_Out4_Reg0>.
    Found 32-bit register for signal <Data_Mem_Out5_Reg0>.
    Found 32-bit register for signal <PE_Out0>.
    Found 32-bit register for signal <PE_Out1>.
    Found 32-bit register for signal <PE_Out2>.
    Found 32-bit register for signal <PE_Out3>.
    Found 32-bit register for signal <PE_Store>.
    Found 32-bit register for signal <PE_In0_Reg0>.
    Found 72-bit register for signal <Inst_Mem_Out_Reg0>.
    Found 69-bit register for signal <Inst_Mem_Out_Reg1<68:0>>.
    Found 32-bit 4-to-1 multiplexer for signal <Data_In_Wire> created at line 70.
    Found 32-bit 4-to-1 multiplexer for signal <Bypass_Data_Wire> created at line 76.
    Found 32-bit 4-to-1 multiplexer for signal <PE_Out0_Wire> created at line 121.
    Found 32-bit 4-to-1 multiplexer for signal <PE_Out1_Wire> created at line 122.
    Found 32-bit 4-to-1 multiplexer for signal <PE_Out2_Wire> created at line 123.
    Found 32-bit 4-to-1 multiplexer for signal <PE_Out3_Wire> created at line 124.
    Found 32-bit 4-to-1 multiplexer for signal <PE_Store_Wire> created at line 125.
    Found 32-bit comparator not equal for signal <n0022> created at line 249
    Summary:
	inferred 781 D-type flip-flop(s).
	inferred   1 Comparator(s).
	inferred   8 Multiplexer(s).
Unit <PE00> synthesized.

Synthesizing Unit <ALU>.
    Related source file is "D:/minibench/scgra/cgra2x2_verify/cgra2x2_verify.srcs/sources_1/new/ALU.v".
        DWIDTH = 32
    Found 32-bit register for signal <ALU_In1_Reg0>.
    Found 32-bit register for signal <ALU_In2_Reg0>.
    Found 32-bit register for signal <ALU_In2_Reg1>.
    Found 32-bit register for signal <MUL_Result>.
    Found 32-bit register for signal <RSF_Result>.
    Found 32-bit register for signal <LSF_Result>.
    Found 32-bit register for signal <Simple_op_Result>.
    Found 32-bit register for signal <Single_Cycle_Result>.
    Found 32-bit register for signal <ALU_Out>.
    Found 32-bit register for signal <ALU_In0_Reg0>.
    Found 4-bit register for signal <Opcode_Reg0>.
    Found 4-bit register for signal <ALU_Out_Sel_Reg>.
    Found 3-bit register for signal <Complex_op_Sel_Reg<2:0>>.
    Found 32-bit subtractor for signal <ALU_In0_Reg0[31]_ALU_In1_Reg0[31]_sub_39_OUT> created at line 197.
    Found 32-bit subtractor for signal <ALU_In0_Reg0[31]_unary_minus_49_OUT> created at line 234.
    Found 32-bit subtractor for signal <Complex_op_IM[31]_ALU_In2_Reg1[31]_sub_68_OUT> created at line 266.
    Found 32-bit adder for signal <ALU_In0_Reg0[31]_ALU_In1_Reg0[31]_add_37_OUT> created at line 195.
    Found 32-bit adder for signal <Complex_op_IM[31]_ALU_In2_Reg1[31]_add_66_OUT> created at line 264.
    Found 16x16-bit multiplier for signal <ALU_In0_Reg0[15]_ALU_In1_Reg0[15]_MuLt_17_OUT> created at line 135.
    Found 32-bit comparator greater for signal <ALU_In1_Reg0[31]_ALU_In0_Reg0[31]_LessThan_51_o> created at line 236
    Summary:
	inferred   1 Multiplier(s).
	inferred   5 Adder/Subtractor(s).
	inferred 331 D-type flip-flop(s).
	inferred   1 Comparator(s).
	inferred   5 Multiplexer(s).
Unit <ALU> synthesized.

Synthesizing Unit <New_ALU>.
    Related source file is "D:/minibench/scgra/cgra2x2_verify/cgra2x2_verify.srcs/sources_1/new/New_ALU.v".
        DWIDTH = 32
    Found 1-bit register for signal <ADDSUB_2st_Sel_Reg>.
    Found 1-bit register for signal <Is_LSFADD_Reg>.
    Found 1-bit register for signal <Is_ANDAND_Reg>.
    Found 1-bit register for signal <Is_MULADDSUB_Reg1>.
    Found 1-bit register for signal <Is_MULADDSUB_Reg2>.
    Found 32-bit register for signal <ALU_In1_Reg0>.
    Found 32-bit register for signal <ALU_In2_Reg0>.
    Found 32-bit register for signal <ALU_In2_Reg1>.
    Found 32-bit register for signal <ADDSUB_Result>.
    Found 32-bit register for signal <AND_Result>.
    Found 32-bit register for signal <ABS_Result>.
    Found 32-bit register for signal <GT_Result>.
    Found 32-bit register for signal <LET_Result>.
    Found 32-bit register for signal <PHI_Result>.
    Found 32-bit register for signal <RSF_Result>.
    Found 32-bit register for signal <LSF_Result>.
    Found 32-bit register for signal <Custom_Result>.
    Found 32-bit register for signal <ALU_In0_Reg0>.
    Found 4-bit register for signal <Opcode_Reg0>.
    Found 4-bit register for signal <Single_Cycle_OP_Sel_Reg>.
    Found 3-bit register for signal <Custom_Out_Sel_Reg>.
    Found 32-bit subtractor for signal <ALU_In0_Reg0[31]_ALU_In1_Reg0[31]_sub_23_OUT> created at line 165.
    Found 32-bit subtractor for signal <ALU_In0_Reg0[31]_unary_minus_26_OUT> created at line 167.
    Found 32-bit subtractor for signal <ADDSUB_2st_OP0[31]_ALU_In2_Reg1[31]_sub_69_OUT> created at line 233.
    Found 32-bit adder for signal <ALU_In0_Reg0[31]_ALU_In1_Reg0[31]_add_21_OUT> created at line 165.
    Found 32-bit adder for signal <ADDSUB_2st_OP0[31]_ALU_In2_Reg1[31]_add_67_OUT> created at line 233.
    Found 32-bit comparator greater for signal <ALU_In1_Reg0[31]_ALU_In0_Reg0[31]_LessThan_28_o> created at line 168
    Summary:
	inferred   3 Adder/Subtractor(s).
	inferred 432 D-type flip-flop(s).
	inferred   1 Comparator(s).
	inferred   5 Multiplexer(s).
Unit <New_ALU> synthesized.

Synthesizing Unit <MulAdd>.
    Related source file is "D:/minibench/scgra/cgra2x2_verify/cgra2x2_verify.srcs/sources_1/new/MulAdd.v".
        DWIDTH1 = 16
        DWIDTH2 = 16
        DWIDTH = 32
    Found 16-bit register for signal <b_reg0>.
    Found 32-bit register for signal <c_reg0>.
    Found 1-bit register for signal <subtract_reg>.
    Found 32-bit register for signal <c_reg1>.
    Found 32-bit register for signal <mul_result>.
    Found 32-bit register for signal <p>.
    Found 16-bit register for signal <a_reg0>.
    Found 32-bit subtractor for signal <mul_result[31]_c_reg1[31]_sub_26_OUT> created at line 135.
    Found 32-bit adder for signal <mul_result[31]_c_reg1[31]_add_26_OUT> created at line 135.
    Found 16x16-bit multiplier for signal <a_reg0[15]_b_reg0[15]_MuLt_20_OUT> created at line 126.
    Summary:
	inferred   1 Multiplier(s).
	inferred   1 Adder/Subtractor(s).
	inferred 161 D-type flip-flop(s).
Unit <MulAdd> synthesized.

Synthesizing Unit <data_mem>.
    Related source file is "D:/minibench/scgra/cgra2x2_verify/cgra2x2_verify.srcs/sources_1/new/data_mem.v".
        DWIDTH = 32
        AWIDTH = 8
    Summary:
	no macro.
Unit <data_mem> synthesized.

Synthesizing Unit <Inst_Mem00>.
    Related source file is "D:/minibench/scgra/cgra2x2_verify/cgra2x2_verify.srcs/sources_1/new/inst_mem00.v".
        INST_DWIDTH = 72
        INST_AWIDTH = 10
    Found 10-bit register for signal <Inst_Mem_Addr>.
    Found 10-bit adder for signal <Inst_Mem_Addr[9]_GND_12_o_add_1_OUT> created at line 44.
    Summary:
	inferred   1 Adder/Subtractor(s).
	inferred  10 D-type flip-flop(s).
	inferred   1 Multiplexer(s).
Unit <Inst_Mem00> synthesized.

Synthesizing Unit <PE01>.
    Related source file is "D:/minibench/scgra/cgra2x2_verify/cgra2x2_verify.srcs/sources_1/new/PE01.v".
        DWIDTH = 32
        AWIDTH = 8
        INST_DWIDTH = 72
        INST_AWIDTH = 10
    Found 32-bit register for signal <PE_In1_Reg0>.
    Found 32-bit register for signal <PE_In2_Reg0>.
    Found 32-bit register for signal <PE_In3_Reg0>.
    Found 32-bit register for signal <Data_In_Reg>.
    Found 32-bit register for signal <Load_Data_Reg>.
    Found 32-bit register for signal <Data_In_Reg1>.
    Found 32-bit register for signal <Bypass_Data_Reg>.
    Found 32-bit register for signal <ALU_Out_Reg>.
    Found 32-bit register for signal <Data_Mem_Out0_Reg0>.
    Found 32-bit register for signal <Data_Mem_Out1_Reg0>.
    Found 32-bit register for signal <Data_Mem_Out2_Reg0>.
    Found 32-bit register for signal <Data_Mem_Out3_Reg0>.
    Found 32-bit register for signal <Data_Mem_Out4_Reg0>.
    Found 32-bit register for signal <Data_Mem_Out5_Reg0>.
    Found 32-bit register for signal <PE_Out0>.
    Found 32-bit register for signal <PE_Out1>.
    Found 32-bit register for signal <PE_Out2>.
    Found 32-bit register for signal <PE_Out3>.
    Found 32-bit register for signal <PE_Store>.
    Found 32-bit register for signal <PE_In0_Reg0>.
    Found 72-bit register for signal <Inst_Mem_Out_Reg0>.
    Found 69-bit register for signal <Inst_Mem_Out_Reg1<68:0>>.
    Found 32-bit 4-to-1 multiplexer for signal <Data_In_Wire> created at line 68.
    Found 32-bit 4-to-1 multiplexer for signal <Bypass_Data_Wire> created at line 74.
    Found 32-bit 4-to-1 multiplexer for signal <PE_Out0_Wire> created at line 118.
    Found 32-bit 4-to-1 multiplexer for signal <PE_Out1_Wire> created at line 119.
    Found 32-bit 4-to-1 multiplexer for signal <PE_Out2_Wire> created at line 120.
    Found 32-bit 4-to-1 multiplexer for signal <PE_Out3_Wire> created at line 121.
    Found 32-bit 4-to-1 multiplexer for signal <PE_Store_Wire> created at line 122.
    Summary:
	inferred 781 D-type flip-flop(s).
	inferred   8 Multiplexer(s).
Unit <PE01> synthesized.

Synthesizing Unit <Inst_Mem01>.
    Related source file is "D:/minibench/scgra/cgra2x2_verify/cgra2x2_verify.srcs/sources_1/new/Inst_Mem01.v".
        INST_DWIDTH = 72
        INST_AWIDTH = 10
    Found 10-bit register for signal <Inst_Mem_Addr>.
    Found 10-bit adder for signal <Inst_Mem_Addr[9]_GND_15_o_add_1_OUT> created at line 44.
    Summary:
	inferred   1 Adder/Subtractor(s).
	inferred  10 D-type flip-flop(s).
	inferred   1 Multiplexer(s).
Unit <Inst_Mem01> synthesized.

Synthesizing Unit <PE10>.
    Related source file is "D:/minibench/scgra/cgra2x2_verify/cgra2x2_verify.srcs/sources_1/new/PE10.v".
        DWIDTH = 32
        AWIDTH = 8
        INST_DWIDTH = 72
        INST_AWIDTH = 10
    Found 32-bit register for signal <PE_In1_Reg0>.
    Found 32-bit register for signal <PE_In2_Reg0>.
    Found 32-bit register for signal <PE_In3_Reg0>.
    Found 32-bit register for signal <Data_In_Reg>.
    Found 32-bit register for signal <Bypass_Data_Reg>.
    Found 32-bit register for signal <ALU_Out_Reg>.
    Found 32-bit register for signal <Data_Mem_Out0_Reg0>.
    Found 32-bit register for signal <Data_Mem_Out1_Reg0>.
    Found 32-bit register for signal <Data_Mem_Out2_Reg0>.
    Found 32-bit register for signal <Data_Mem_Out3_Reg0>.
    Found 32-bit register for signal <Data_Mem_Out4_Reg0>.
    Found 32-bit register for signal <Data_Mem_Out5_Reg0>.
    Found 32-bit register for signal <PE_Out0>.
    Found 32-bit register for signal <PE_Out1>.
    Found 32-bit register for signal <PE_Out2>.
    Found 32-bit register for signal <PE_Out3>.
    Found 32-bit register for signal <PE_In0_Reg0>.
    Found 72-bit register for signal <Inst_Mem_Out_Reg0>.
    Found 66-bit register for signal <Inst_Mem_Out_Reg1>.
    Found 32-bit 4-to-1 multiplexer for signal <Data_In_Wire> created at line 64.
    Found 32-bit 4-to-1 multiplexer for signal <Bypass_Data_Wire> created at line 67.
    Found 32-bit 4-to-1 multiplexer for signal <PE_Out0_Wire> created at line 111.
    Found 32-bit 4-to-1 multiplexer for signal <PE_Out1_Wire> created at line 112.
    Found 32-bit 4-to-1 multiplexer for signal <PE_Out2_Wire> created at line 113.
    Found 32-bit 4-to-1 multiplexer for signal <PE_Out3_Wire> created at line 114.
    Summary:
	inferred 682 D-type flip-flop(s).
	inferred   6 Multiplexer(s).
Unit <PE10> synthesized.

Synthesizing Unit <Inst_Mem10>.
    Related source file is "D:/minibench/scgra/cgra2x2_verify/cgra2x2_verify.srcs/sources_1/new/Inst_Mem10.v".
        INST_DWIDTH = 72
        INST_AWIDTH = 10
    Found 10-bit register for signal <Inst_Mem_Addr>.
    Found 10-bit adder for signal <Inst_Mem_Addr[9]_GND_18_o_add_1_OUT> created at line 44.
    Summary:
	inferred   1 Adder/Subtractor(s).
	inferred  10 D-type flip-flop(s).
	inferred   1 Multiplexer(s).
Unit <Inst_Mem10> synthesized.

Synthesizing Unit <PE11>.
    Related source file is "D:/minibench/scgra/cgra2x2_verify/cgra2x2_verify.srcs/sources_1/new/PE11.v".
        DWIDTH = 32
        AWIDTH = 8
        INST_DWIDTH = 72
        INST_AWIDTH = 10
    Found 32-bit register for signal <PE_In1_Reg0>.
    Found 32-bit register for signal <PE_In2_Reg0>.
    Found 32-bit register for signal <PE_In3_Reg0>.
    Found 32-bit register for signal <Data_In_Reg>.
    Found 32-bit register for signal <Bypass_Data_Reg>.
    Found 32-bit register for signal <ALU_Out_Reg>.
    Found 32-bit register for signal <Data_Mem_Out0_Reg0>.
    Found 32-bit register for signal <Data_Mem_Out1_Reg0>.
    Found 32-bit register for signal <Data_Mem_Out2_Reg0>.
    Found 32-bit register for signal <Data_Mem_Out3_Reg0>.
    Found 32-bit register for signal <Data_Mem_Out4_Reg0>.
    Found 32-bit register for signal <Data_Mem_Out5_Reg0>.
    Found 32-bit register for signal <PE_Out0>.
    Found 32-bit register for signal <PE_Out1>.
    Found 32-bit register for signal <PE_Out2>.
    Found 32-bit register for signal <PE_Out3>.
    Found 32-bit register for signal <PE_In0_Reg0>.
    Found 72-bit register for signal <Inst_Mem_Out_Reg0>.
    Found 66-bit register for signal <Inst_Mem_Out_Reg1>.
    Found 32-bit 4-to-1 multiplexer for signal <Data_In_Wire> created at line 64.
    Found 32-bit 4-to-1 multiplexer for signal <Bypass_Data_Wire> created at line 67.
    Found 32-bit 4-to-1 multiplexer for signal <PE_Out0_Wire> created at line 111.
    Found 32-bit 4-to-1 multiplexer for signal <PE_Out1_Wire> created at line 112.
    Found 32-bit 4-to-1 multiplexer for signal <PE_Out2_Wire> created at line 113.
    Found 32-bit 4-to-1 multiplexer for signal <PE_Out3_Wire> created at line 114.
    Summary:
	inferred 682 D-type flip-flop(s).
	inferred   6 Multiplexer(s).
Unit <PE11> synthesized.

Synthesizing Unit <Inst_Mem11>.
    Related source file is "D:/minibench/scgra/cgra2x2_verify/cgra2x2_verify.srcs/sources_1/new/Inst_Mem11.v".
        INST_DWIDTH = 72
        INST_AWIDTH = 10
    Found 10-bit register for signal <Inst_Mem_Addr>.
    Found 10-bit adder for signal <Inst_Mem_Addr[9]_GND_21_o_add_1_OUT> created at line 44.
    Summary:
	inferred   1 Adder/Subtractor(s).
	inferred  10 D-type flip-flop(s).
	inferred   1 Multiplexer(s).
Unit <Inst_Mem11> synthesized.

Synthesizing Unit <BramIF>.
    Related source file is "D:/minibench/scgra/cgra2x2_verify/cgra2x2_verify.srcs/sources_1/new/BramIF.v".
        SYS_DWIDTH = 32
        BYTE_LEN = 4
        CTRL_WORDS_NUM = 1024
        DBUF_ADDR_WIDTH = 24
WARNING:Xst:647 - Input <Port3_Data_From_Bram<26:24>> is never used. This port will be preserved and left unconnected if it belongs to a top-level block or it belongs to a sub-block and the hierarchy of this sub-block is preserved.
    Found 1-bit register for signal <Computation_Start_Reg1>.
    Found 1-bit register for signal <Computation_Start_Reg2>.
    Found 1-bit register for signal <Computation_Start_Reg3>.
    Found 1-bit register for signal <Computation_Done_Reg1>.
    Found 1-bit register for signal <Computation_Done_Reg2>.
    Found 1-bit register for signal <Computation_Done_Reg3>.
    Found 1-bit register for signal <PE_Array_Busy>.
    Found 1-bit register for signal <Computation_Done_Reg0>.
    Found 1-bit register for signal <Computation_Start_Reg0>.
    Found 3-bit register for signal <PE_Array_Status>.
    Found 24-bit register for signal <CGRA_Cnt>.
    Found 24-bit register for signal <CGRA_Cnt_Reg0>.
    Found 24-bit register for signal <CGRA_Cnt_Reg1>.
    Found 24-bit register for signal <CGRA_Cnt_Reg2>.
    Found 24-bit register for signal <CGRA_Cnt_Reg3>.
    Found 24-bit adder for signal <CGRA_Cnt[23]_GND_23_o_add_13_OUT> created at line 216.
    Summary:
	inferred   1 Adder/Subtractor(s).
	inferred 132 D-type flip-flop(s).
	inferred   1 Multiplexer(s).
Unit <BramIF> synthesized.

=========================================================================
HDL Synthesis Report

Macro Statistics
# Multipliers                                          : 5
 16x16-bit multiplier                                  : 5
# Adders/Subtractors                                   : 26
 10-bit adder                                          : 4
 24-bit adder                                          : 1
 32-bit adder                                          : 2
 32-bit addsub                                         : 12
 32-bit subtractor                                     : 7
# Registers                                            : 226
 1-bit register                                        : 33
 10-bit register                                       : 4
 16-bit register                                       : 8
 24-bit register                                       : 5
 3-bit register                                        : 6
 32-bit register                                       : 152
 4-bit register                                        : 10
 66-bit register                                       : 2
 69-bit register                                       : 2
 72-bit register                                       : 4
# Comparators                                          : 6
 32-bit comparator greater                             : 5
 32-bit comparator not equal                           : 1
# Multiplexers                                         : 58
 10-bit 2-to-1 multiplexer                             : 4
 24-bit 2-to-1 multiplexer                             : 1
 32-bit 2-to-1 multiplexer                             : 27
 32-bit 4-to-1 multiplexer                             : 26

=========================================================================

=========================================================================
*                       Advanced HDL Synthesis                          *
=========================================================================

Reading core <d:/minibench/scgra/cgra2x2_verify/cgra2x2_verify.srcs/sources_1/ip/blk_mem_gen_v7_3_13/TrueDualPortBram256.ngc>.
Reading core <d:/minibench/scgra/cgra2x2_verify/cgra2x2_verify.srcs/sources_1/ip/blk_mem_gen_v7_3_0/rom00.ngc>.
Reading core <d:/minibench/scgra/cgra2x2_verify/cgra2x2_verify.srcs/sources_1/ip/blk_mem_gen_v7_3_1/rom01.ngc>.
Reading core <d:/minibench/scgra/cgra2x2_verify/cgra2x2_verify.srcs/sources_1/ip/blk_mem_gen_v7_3_2/rom10.ngc>.
Reading core <d:/minibench/scgra/cgra2x2_verify/cgra2x2_verify.srcs/sources_1/ip/blk_mem_gen_v7_3_3/rom11.ngc>.
Loading core <TrueDualPortBram256> for timing and area information for instance <mem0>.
Loading core <TrueDualPortBram256> for timing and area information for instance <mem1>.
Loading core <TrueDualPortBram256> for timing and area information for instance <mem2>.
Loading core <rom00> for timing and area information for instance <rom1024>.
Loading core <rom01> for timing and area information for instance <rom1024>.
Loading core <rom10> for timing and area information for instance <rom1024>.
Loading core <rom11> for timing and area information for instance <rom1024>.
WARNING:Xst:2404 -  FFs/Latches <GT_Result<31:1>> (without init value) have a constant value of 0 in block <New_ALU>.
WARNING:Xst:2404 -  FFs/Latches <LET_Result<31:1>> (without init value) have a constant value of 0 in block <New_ALU>.

Synthesizing (advanced) Unit <BramIF>.
The following registers are absorbed into counter <CGRA_Cnt>: 1 register on signal <CGRA_Cnt>.
Unit <BramIF> synthesized (advanced).

Synthesizing (advanced) Unit <Inst_Mem00>.
The following registers are absorbed into counter <Inst_Mem_Addr>: 1 register on signal <Inst_Mem_Addr>.
Unit <Inst_Mem00> synthesized (advanced).

Synthesizing (advanced) Unit <Inst_Mem01>.
The following registers are absorbed into counter <Inst_Mem_Addr>: 1 register on signal <Inst_Mem_Addr>.
Unit <Inst_Mem01> synthesized (advanced).

Synthesizing (advanced) Unit <Inst_Mem10>.
The following registers are absorbed into counter <Inst_Mem_Addr>: 1 register on signal <Inst_Mem_Addr>.
Unit <Inst_Mem10> synthesized (advanced).

Synthesizing (advanced) Unit <Inst_Mem11>.
The following registers are absorbed into counter <Inst_Mem_Addr>: 1 register on signal <Inst_Mem_Addr>.
Unit <Inst_Mem11> synthesized (advanced).

Synthesizing (advanced) Unit <MulAdd>.
	Found pipelined multiplier on signal <a_reg0[15]_b_reg0[15]_MuLt_20_OUT>:
		- 1 pipeline level(s) found in a register connected to the multiplier macro output.
		Pushing register(s) into the multiplier macro.
INFO:Xst:2385 - HDL ADVISOR - You can improve the performance of the multiplier Mmult_a_reg0[15]_b_reg0[15]_MuLt_20_OUT by adding 1 register level(s).
Unit <MulAdd> synthesized (advanced).
WARNING:Xst:2677 - Node <Inst_Mem_Out_Reg0_69> of sequential type is unconnected in block <PE00>.
WARNING:Xst:2677 - Node <Inst_Mem_Out_Reg0_70> of sequential type is unconnected in block <PE00>.
WARNING:Xst:2677 - Node <Inst_Mem_Out_Reg0_71> of sequential type is unconnected in block <PE00>.
WARNING:Xst:2677 - Node <Inst_Mem_Out_Reg0_69> of sequential type is unconnected in block <PE01>.
WARNING:Xst:2677 - Node <Inst_Mem_Out_Reg0_70> of sequential type is unconnected in block <PE01>.
WARNING:Xst:2677 - Node <Inst_Mem_Out_Reg0_71> of sequential type is unconnected in block <PE01>.
WARNING:Xst:2677 - Node <Inst_Mem_Out_Reg0_8> of sequential type is unconnected in block <PE10>.
WARNING:Xst:2677 - Node <Inst_Mem_Out_Reg0_9> of sequential type is unconnected in block <PE10>.
WARNING:Xst:2677 - Node <Inst_Mem_Out_Reg0_68> of sequential type is unconnected in block <PE10>.
WARNING:Xst:2677 - Node <Inst_Mem_Out_Reg0_69> of sequential type is unconnected in block <PE10>.
WARNING:Xst:2677 - Node <Inst_Mem_Out_Reg0_70> of sequential type is unconnected in block <PE10>.
WARNING:Xst:2677 - Node <Inst_Mem_Out_Reg0_71> of sequential type is unconnected in block <PE10>.
WARNING:Xst:2677 - Node <Inst_Mem_Out_Reg0_8> of sequential type is unconnected in block <PE11>.
WARNING:Xst:2677 - Node <Inst_Mem_Out_Reg0_9> of sequential type is unconnected in block <PE11>.
WARNING:Xst:2677 - Node <Inst_Mem_Out_Reg0_68> of sequential type is unconnected in block <PE11>.
WARNING:Xst:2677 - Node <Inst_Mem_Out_Reg0_69> of sequential type is unconnected in block <PE11>.
WARNING:Xst:2677 - Node <Inst_Mem_Out_Reg0_70> of sequential type is unconnected in block <PE11>.
WARNING:Xst:2677 - Node <Inst_Mem_Out_Reg0_71> of sequential type is unconnected in block <PE11>.

=========================================================================
Advanced HDL Synthesis Report

Macro Statistics
# Multipliers                                          : 5
 16x16-bit multiplier                                  : 1
 16x16-bit registered multiplier                       : 4
# Adders/Subtractors                                   : 21
 32-bit adder                                          : 2
 32-bit addsub                                         : 12
 32-bit subtractor                                     : 7
# Counters                                             : 5
 10-bit up counter                                     : 4
 24-bit up counter                                     : 1
# Registers                                            : 5343
 Flip-Flops                                            : 5343
# Comparators                                          : 6
 32-bit comparator greater                             : 5
 32-bit comparator not equal                           : 1
# Multiplexers                                         : 456
 1-bit 2-to-1 multiplexer                              : 160
 1-bit 4-to-1 multiplexer                              : 256
 32-bit 2-to-1 multiplexer                             : 22
 32-bit 4-to-1 multiplexer                             : 18

=========================================================================

=========================================================================
*                         Low Level Synthesis                           *
=========================================================================

Optimizing unit <cgra2x2> ...

Optimizing unit <BramIF> ...

Optimizing unit <PE00> ...

Optimizing unit <ALU> ...

Optimizing unit <MulAdd> ...

Optimizing unit <PE01> ...

Optimizing unit <PE10> ...

Optimizing unit <PE11> ...
WARNING:Xst:2677 - Node <torus2x2/PE00/ALU/Mmult_ALU_In0_Reg0[15]_ALU_In1_Reg0[15]_MuLt_17_OUT> of sequential type is unconnected in block <cgra2x2>.
WARNING:Xst:2677 - Node <torus2x2/PE00/ALU/MUL_Result_31> of sequential type is unconnected in block <cgra2x2>.
WARNING:Xst:2677 - Node <torus2x2/PE00/ALU/MUL_Result_30> of sequential type is unconnected in block <cgra2x2>.
WARNING:Xst:2677 - Node <torus2x2/PE00/ALU/MUL_Result_29> of sequential type is unconnected in block <cgra2x2>.
WARNING:Xst:2677 - Node <torus2x2/PE00/ALU/MUL_Result_28> of sequential type is unconnected in block <cgra2x2>.
WARNING:Xst:2677 - Node <torus2x2/PE00/ALU/MUL_Result_27> of sequential type is unconnected in block <cgra2x2>.
WARNING:Xst:2677 - Node <torus2x2/PE00/ALU/MUL_Result_26> of sequential type is unconnected in block <cgra2x2>.
WARNING:Xst:2677 - Node <torus2x2/PE00/ALU/MUL_Result_25> of sequential type is unconnected in block <cgra2x2>.
WARNING:Xst:2677 - Node <torus2x2/PE00/ALU/MUL_Result_24> of sequential type is unconnected in block <cgra2x2>.
WARNING:Xst:2677 - Node <torus2x2/PE00/ALU/MUL_Result_23> of sequential type is unconnected in block <cgra2x2>.
WARNING:Xst:2677 - Node <torus2x2/PE00/ALU/MUL_Result_22> of sequential type is unconnected in block <cgra2x2>.
WARNING:Xst:2677 - Node <torus2x2/PE00/ALU/MUL_Result_21> of sequential type is unconnected in block <cgra2x2>.
WARNING:Xst:2677 - Node <torus2x2/PE00/ALU/MUL_Result_20> of sequential type is unconnected in block <cgra2x2>.
WARNING:Xst:2677 - Node <torus2x2/PE00/ALU/MUL_Result_19> of sequential type is unconnected in block <cgra2x2>.
WARNING:Xst:2677 - Node <torus2x2/PE00/ALU/MUL_Result_18> of sequential type is unconnected in block <cgra2x2>.
WARNING:Xst:2677 - Node <torus2x2/PE00/ALU/MUL_Result_17> of sequential type is unconnected in block <cgra2x2>.
WARNING:Xst:2677 - Node <torus2x2/PE00/ALU/MUL_Result_16> of sequential type is unconnected in block <cgra2x2>.
WARNING:Xst:2677 - Node <torus2x2/PE00/ALU/MUL_Result_15> of sequential type is unconnected in block <cgra2x2>.
WARNING:Xst:2677 - Node <torus2x2/PE00/ALU/MUL_Result_14> of sequential type is unconnected in block <cgra2x2>.
WARNING:Xst:2677 - Node <torus2x2/PE00/ALU/MUL_Result_13> of sequential type is unconnected in block <cgra2x2>.
WARNING:Xst:2677 - Node <torus2x2/PE00/ALU/MUL_Result_12> of sequential type is unconnected in block <cgra2x2>.
WARNING:Xst:2677 - Node <torus2x2/PE00/ALU/MUL_Result_11> of sequential type is unconnected in block <cgra2x2>.
WARNING:Xst:2677 - Node <torus2x2/PE00/ALU/MUL_Result_10> of sequential type is unconnected in block <cgra2x2>.
WARNING:Xst:2677 - Node <torus2x2/PE00/ALU/MUL_Result_9> of sequential type is unconnected in block <cgra2x2>.
WARNING:Xst:2677 - Node <torus2x2/PE00/ALU/MUL_Result_8> of sequential type is unconnected in block <cgra2x2>.
WARNING:Xst:2677 - Node <torus2x2/PE00/ALU/MUL_Result_7> of sequential type is unconnected in block <cgra2x2>.
WARNING:Xst:2677 - Node <torus2x2/PE00/ALU/MUL_Result_6> of sequential type is unconnected in block <cgra2x2>.
WARNING:Xst:2677 - Node <torus2x2/PE00/ALU/MUL_Result_5> of sequential type is unconnected in block <cgra2x2>.
WARNING:Xst:2677 - Node <torus2x2/PE00/ALU/MUL_Result_4> of sequential type is unconnected in block <cgra2x2>.
WARNING:Xst:2677 - Node <torus2x2/PE00/ALU/MUL_Result_3> of sequential type is unconnected in block <cgra2x2>.
WARNING:Xst:2677 - Node <torus2x2/PE00/ALU/MUL_Result_2> of sequential type is unconnected in block <cgra2x2>.
WARNING:Xst:2677 - Node <torus2x2/PE00/ALU/MUL_Result_1> of sequential type is unconnected in block <cgra2x2>.
WARNING:Xst:2677 - Node <torus2x2/PE00/ALU/MUL_Result_0> of sequential type is unconnected in block <cgra2x2>.
WARNING:Xst:2677 - Node <torus2x2/PE00/ALU/ALU_In2_Reg1_31> of sequential type is unconnected in block <cgra2x2>.
WARNING:Xst:2677 - Node <torus2x2/PE00/ALU/ALU_In2_Reg1_30> of sequential type is unconnected in block <cgra2x2>.
WARNING:Xst:2677 - Node <torus2x2/PE00/ALU/ALU_In2_Reg1_29> of sequential type is unconnected in block <cgra2x2>.
WARNING:Xst:2677 - Node <torus2x2/PE00/ALU/ALU_In2_Reg1_28> of sequential type is unconnected in block <cgra2x2>.
WARNING:Xst:2677 - Node <torus2x2/PE00/ALU/ALU_In2_Reg1_27> of sequential type is unconnected in block <cgra2x2>.
WARNING:Xst:2677 - Node <torus2x2/PE00/ALU/ALU_In2_Reg1_26> of sequential type is unconnected in block <cgra2x2>.
WARNING:Xst:2677 - Node <torus2x2/PE00/ALU/ALU_In2_Reg1_25> of sequential type is unconnected in block <cgra2x2>.
WARNING:Xst:2677 - Node <torus2x2/PE00/ALU/ALU_In2_Reg1_24> of sequential type is unconnected in block <cgra2x2>.
WARNING:Xst:2677 - Node <torus2x2/PE00/ALU/ALU_In2_Reg1_23> of sequential type is unconnected in block <cgra2x2>.
WARNING:Xst:2677 - Node <torus2x2/PE00/ALU/ALU_In2_Reg1_22> of sequential type is unconnected in block <cgra2x2>.
WARNING:Xst:2677 - Node <torus2x2/PE00/ALU/ALU_In2_Reg1_21> of sequential type is unconnected in block <cgra2x2>.
WARNING:Xst:2677 - Node <torus2x2/PE00/ALU/ALU_In2_Reg1_20> of sequential type is unconnected in block <cgra2x2>.
WARNING:Xst:2677 - Node <torus2x2/PE00/ALU/ALU_In2_Reg1_19> of sequential type is unconnected in block <cgra2x2>.
WARNING:Xst:2677 - Node <torus2x2/PE00/ALU/ALU_In2_Reg1_18> of sequential type is unconnected in block <cgra2x2>.
WARNING:Xst:2677 - Node <torus2x2/PE00/ALU/ALU_In2_Reg1_17> of sequential type is unconnected in block <cgra2x2>.
WARNING:Xst:2677 - Node <torus2x2/PE00/ALU/ALU_In2_Reg1_16> of sequential type is unconnected in block <cgra2x2>.
WARNING:Xst:2677 - Node <torus2x2/PE00/ALU/ALU_In2_Reg1_15> of sequential type is unconnected in block <cgra2x2>.
WARNING:Xst:2677 - Node <torus2x2/PE00/ALU/ALU_In2_Reg1_14> of sequential type is unconnected in block <cgra2x2>.
WARNING:Xst:2677 - Node <torus2x2/PE00/ALU/ALU_In2_Reg1_13> of sequential type is unconnected in block <cgra2x2>.
WARNING:Xst:2677 - Node <torus2x2/PE00/ALU/ALU_In2_Reg1_12> of sequential type is unconnected in block <cgra2x2>.
WARNING:Xst:2677 - Node <torus2x2/PE00/ALU/ALU_In2_Reg1_11> of sequential type is unconnected in block <cgra2x2>.
WARNING:Xst:2677 - Node <torus2x2/PE00/ALU/ALU_In2_Reg1_10> of sequential type is unconnected in block <cgra2x2>.
WARNING:Xst:2677 - Node <torus2x2/PE00/ALU/ALU_In2_Reg1_9> of sequential type is unconnected in block <cgra2x2>.
WARNING:Xst:2677 - Node <torus2x2/PE00/ALU/ALU_In2_Reg1_8> of sequential type is unconnected in block <cgra2x2>.
WARNING:Xst:2677 - Node <torus2x2/PE00/ALU/ALU_In2_Reg1_7> of sequential type is unconnected in block <cgra2x2>.
WARNING:Xst:2677 - Node <torus2x2/PE00/ALU/ALU_In2_Reg1_6> of sequential type is unconnected in block <cgra2x2>.
WARNING:Xst:2677 - Node <torus2x2/PE00/ALU/ALU_In2_Reg1_5> of sequential type is unconnected in block <cgra2x2>.
WARNING:Xst:2677 - Node <torus2x2/PE00/ALU/ALU_In2_Reg1_4> of sequential type is unconnected in block <cgra2x2>.
WARNING:Xst:2677 - Node <torus2x2/PE00/ALU/ALU_In2_Reg1_3> of sequential type is unconnected in block <cgra2x2>.
WARNING:Xst:2677 - Node <torus2x2/PE00/ALU/ALU_In2_Reg1_2> of sequential type is unconnected in block <cgra2x2>.
WARNING:Xst:2677 - Node <torus2x2/PE00/ALU/ALU_In2_Reg1_1> of sequential type is unconnected in block <cgra2x2>.
WARNING:Xst:2677 - Node <torus2x2/PE00/ALU/ALU_In2_Reg1_0> of sequential type is unconnected in block <cgra2x2>.
WARNING:Xst:2677 - Node <torus2x2/PE00/ALU/ALU_Out_Sel_Reg_3> of sequential type is unconnected in block <cgra2x2>.
WARNING:Xst:2677 - Node <torus2x2/PE00/ALU/ALU_Out_Sel_Reg_2> of sequential type is unconnected in block <cgra2x2>.
WARNING:Xst:2677 - Node <torus2x2/PE00/ALU/ALU_Out_Sel_Reg_1> of sequential type is unconnected in block <cgra2x2>.
WARNING:Xst:2677 - Node <torus2x2/PE00/ALU/ALU_Out_Sel_Reg_0> of sequential type is unconnected in block <cgra2x2>.
WARNING:Xst:2677 - Node <torus2x2/PE00/ALU/ALU_Out_31> of sequential type is unconnected in block <cgra2x2>.
WARNING:Xst:2677 - Node <torus2x2/PE00/ALU/ALU_Out_30> of sequential type is unconnected in block <cgra2x2>.
WARNING:Xst:2677 - Node <torus2x2/PE00/ALU/ALU_Out_29> of sequential type is unconnected in block <cgra2x2>.
WARNING:Xst:2677 - Node <torus2x2/PE00/ALU/ALU_Out_28> of sequential type is unconnected in block <cgra2x2>.
WARNING:Xst:2677 - Node <torus2x2/PE00/ALU/ALU_Out_27> of sequential type is unconnected in block <cgra2x2>.
WARNING:Xst:2677 - Node <torus2x2/PE00/ALU/ALU_Out_26> of sequential type is unconnected in block <cgra2x2>.
WARNING:Xst:2677 - Node <torus2x2/PE00/ALU/ALU_Out_25> of sequential type is unconnected in block <cgra2x2>.
WARNING:Xst:2677 - Node <torus2x2/PE00/ALU/ALU_Out_24> of sequential type is unconnected in block <cgra2x2>.
WARNING:Xst:2677 - Node <torus2x2/PE00/ALU/ALU_Out_23> of sequential type is unconnected in block <cgra2x2>.
WARNING:Xst:2677 - Node <torus2x2/PE00/ALU/ALU_Out_22> of sequential type is unconnected in block <cgra2x2>.
WARNING:Xst:2677 - Node <torus2x2/PE00/ALU/ALU_Out_21> of sequential type is unconnected in block <cgra2x2>.
WARNING:Xst:2677 - Node <torus2x2/PE00/ALU/ALU_Out_20> of sequential type is unconnected in block <cgra2x2>.
WARNING:Xst:2677 - Node <torus2x2/PE00/ALU/ALU_Out_19> of sequential type is unconnected in block <cgra2x2>.
WARNING:Xst:2677 - Node <torus2x2/PE00/ALU/ALU_Out_18> of sequential type is unconnected in block <cgra2x2>.
WARNING:Xst:2677 - Node <torus2x2/PE00/ALU/ALU_Out_17> of sequential type is unconnected in block <cgra2x2>.
WARNING:Xst:2677 - Node <torus2x2/PE00/ALU/ALU_Out_16> of sequential type is unconnected in block <cgra2x2>.
WARNING:Xst:2677 - Node <torus2x2/PE00/ALU/ALU_Out_15> of sequential type is unconnected in block <cgra2x2>.
WARNING:Xst:2677 - Node <torus2x2/PE00/ALU/ALU_Out_14> of sequential type is unconnected in block <cgra2x2>.
WARNING:Xst:2677 - Node <torus2x2/PE00/ALU/ALU_Out_13> of sequential type is unconnected in block <cgra2x2>.
WARNING:Xst:2677 - Node <torus2x2/PE00/ALU/ALU_Out_12> of sequential type is unconnected in block <cgra2x2>.
WARNING:Xst:2677 - Node <torus2x2/PE00/ALU/ALU_Out_11> of sequential type is unconnected in block <cgra2x2>.
WARNING:Xst:2677 - Node <torus2x2/PE00/ALU/ALU_Out_10> of sequential type is unconnected in block <cgra2x2>.
WARNING:Xst:2677 - Node <torus2x2/PE00/ALU/ALU_Out_9> of sequential type is unconnected in block <cgra2x2>.
WARNING:Xst:2677 - Node <torus2x2/PE00/ALU/ALU_Out_8> of sequential type is unconnected in block <cgra2x2>.
WARNING:Xst:2677 - Node <torus2x2/PE00/ALU/ALU_Out_7> of sequential type is unconnected in block <cgra2x2>.
WARNING:Xst:2677 - Node <torus2x2/PE00/ALU/ALU_Out_6> of sequential type is unconnected in block <cgra2x2>.
WARNING:Xst:2677 - Node <torus2x2/PE00/ALU/ALU_Out_5> of sequential type is unconnected in block <cgra2x2>.
WARNING:Xst:2677 - Node <torus2x2/PE00/ALU/ALU_Out_4> of sequential type is unconnected in block <cgra2x2>.
WARNING:Xst:2677 - Node <torus2x2/PE00/ALU/ALU_Out_3> of sequential type is unconnected in block <cgra2x2>.
WARNING:Xst:2677 - Node <torus2x2/PE00/ALU/ALU_Out_2> of sequential type is unconnected in block <cgra2x2>.
WARNING:Xst:2677 - Node <torus2x2/PE00/ALU/ALU_Out_1> of sequential type is unconnected in block <cgra2x2>.
WARNING:Xst:2677 - Node <torus2x2/PE00/ALU/ALU_Out_0> of sequential type is unconnected in block <cgra2x2>.
WARNING:Xst:2677 - Node <torus2x2/PE00/ALU/Complex_op_Sel_Reg_2> of sequential type is unconnected in block <cgra2x2>.
WARNING:Xst:2677 - Node <torus2x2/PE00/ALU/Complex_op_Sel_Reg_1> of sequential type is unconnected in block <cgra2x2>.
WARNING:Xst:2677 - Node <torus2x2/PE00/ALU/Complex_op_Sel_Reg_0> of sequential type is unconnected in block <cgra2x2>.
WARNING:Xst:2677 - Node <torus2x2/PE00/ALU/Simple_op_Result_31> of sequential type is unconnected in block <cgra2x2>.
WARNING:Xst:2677 - Node <torus2x2/PE00/ALU/Simple_op_Result_30> of sequential type is unconnected in block <cgra2x2>.
WARNING:Xst:2677 - Node <torus2x2/PE00/ALU/Simple_op_Result_29> of sequential type is unconnected in block <cgra2x2>.
WARNING:Xst:2677 - Node <torus2x2/PE00/ALU/Simple_op_Result_28> of sequential type is unconnected in block <cgra2x2>.
WARNING:Xst:2677 - Node <torus2x2/PE00/ALU/Simple_op_Result_27> of sequential type is unconnected in block <cgra2x2>.
WARNING:Xst:2677 - Node <torus2x2/PE00/ALU/Simple_op_Result_26> of sequential type is unconnected in block <cgra2x2>.
WARNING:Xst:2677 - Node <torus2x2/PE00/ALU/Simple_op_Result_25> of sequential type is unconnected in block <cgra2x2>.
WARNING:Xst:2677 - Node <torus2x2/PE00/ALU/Simple_op_Result_24> of sequential type is unconnected in block <cgra2x2>.
WARNING:Xst:2677 - Node <torus2x2/PE00/ALU/Simple_op_Result_23> of sequential type is unconnected in block <cgra2x2>.
WARNING:Xst:2677 - Node <torus2x2/PE00/ALU/Simple_op_Result_22> of sequential type is unconnected in block <cgra2x2>.
WARNING:Xst:2677 - Node <torus2x2/PE00/ALU/Simple_op_Result_21> of sequential type is unconnected in block <cgra2x2>.
WARNING:Xst:2677 - Node <torus2x2/PE00/ALU/Simple_op_Result_20> of sequential type is unconnected in block <cgra2x2>.
WARNING:Xst:2677 - Node <torus2x2/PE00/ALU/Simple_op_Result_19> of sequential type is unconnected in block <cgra2x2>.
WARNING:Xst:2677 - Node <torus2x2/PE00/ALU/Simple_op_Result_18> of sequential type is unconnected in block <cgra2x2>.
WARNING:Xst:2677 - Node <torus2x2/PE00/ALU/Simple_op_Result_17> of sequential type is unconnected in block <cgra2x2>.
WARNING:Xst:2677 - Node <torus2x2/PE00/ALU/Simple_op_Result_16> of sequential type is unconnected in block <cgra2x2>.
WARNING:Xst:2677 - Node <torus2x2/PE00/ALU/Simple_op_Result_15> of sequential type is unconnected in block <cgra2x2>.
WARNING:Xst:2677 - Node <torus2x2/PE00/ALU/Simple_op_Result_14> of sequential type is unconnected in block <cgra2x2>.
WARNING:Xst:2677 - Node <torus2x2/PE00/ALU/Simple_op_Result_13> of sequential type is unconnected in block <cgra2x2>.
WARNING:Xst:2677 - Node <torus2x2/PE00/ALU/Simple_op_Result_12> of sequential type is unconnected in block <cgra2x2>.
WARNING:Xst:2677 - Node <torus2x2/PE00/ALU/Simple_op_Result_11> of sequential type is unconnected in block <cgra2x2>.
WARNING:Xst:2677 - Node <torus2x2/PE00/ALU/Simple_op_Result_10> of sequential type is unconnected in block <cgra2x2>.
WARNING:Xst:2677 - Node <torus2x2/PE00/ALU/Simple_op_Result_9> of sequential type is unconnected in block <cgra2x2>.
WARNING:Xst:2677 - Node <torus2x2/PE00/ALU/Simple_op_Result_8> of sequential type is unconnected in block <cgra2x2>.
WARNING:Xst:2677 - Node <torus2x2/PE00/ALU/Simple_op_Result_7> of sequential type is unconnected in block <cgra2x2>.
WARNING:Xst:2677 - Node <torus2x2/PE00/ALU/Simple_op_Result_6> of sequential type is unconnected in block <cgra2x2>.
WARNING:Xst:2677 - Node <torus2x2/PE00/ALU/Simple_op_Result_5> of sequential type is unconnected in block <cgra2x2>.
WARNING:Xst:2677 - Node <torus2x2/PE00/ALU/Simple_op_Result_4> of sequential type is unconnected in block <cgra2x2>.
WARNING:Xst:2677 - Node <torus2x2/PE00/ALU/Simple_op_Result_3> of sequential type is unconnected in block <cgra2x2>.
WARNING:Xst:2677 - Node <torus2x2/PE00/ALU/Simple_op_Result_2> of sequential type is unconnected in block <cgra2x2>.
WARNING:Xst:2677 - Node <torus2x2/PE00/ALU/Simple_op_Result_1> of sequential type is unconnected in block <cgra2x2>.
WARNING:Xst:2677 - Node <torus2x2/PE00/ALU/Simple_op_Result_0> of sequential type is unconnected in block <cgra2x2>.
WARNING:Xst:2677 - Node <torus2x2/PE00/ALU/LSF_Result_31> of sequential type is unconnected in block <cgra2x2>.
WARNING:Xst:2677 - Node <torus2x2/PE00/ALU/LSF_Result_30> of sequential type is unconnected in block <cgra2x2>.
WARNING:Xst:2677 - Node <torus2x2/PE00/ALU/LSF_Result_29> of sequential type is unconnected in block <cgra2x2>.
WARNING:Xst:2677 - Node <torus2x2/PE00/ALU/LSF_Result_28> of sequential type is unconnected in block <cgra2x2>.
WARNING:Xst:2677 - Node <torus2x2/PE00/ALU/LSF_Result_27> of sequential type is unconnected in block <cgra2x2>.
WARNING:Xst:2677 - Node <torus2x2/PE00/ALU/LSF_Result_26> of sequential type is unconnected in block <cgra2x2>.
WARNING:Xst:2677 - Node <torus2x2/PE00/ALU/LSF_Result_25> of sequential type is unconnected in block <cgra2x2>.
WARNING:Xst:2677 - Node <torus2x2/PE00/ALU/LSF_Result_24> of sequential type is unconnected in block <cgra2x2>.
WARNING:Xst:2677 - Node <torus2x2/PE00/ALU/LSF_Result_23> of sequential type is unconnected in block <cgra2x2>.
WARNING:Xst:2677 - Node <torus2x2/PE00/ALU/LSF_Result_22> of sequential type is unconnected in block <cgra2x2>.
WARNING:Xst:2677 - Node <torus2x2/PE00/ALU/LSF_Result_21> of sequential type is unconnected in block <cgra2x2>.
WARNING:Xst:2677 - Node <torus2x2/PE00/ALU/LSF_Result_20> of sequential type is unconnected in block <cgra2x2>.
WARNING:Xst:2677 - Node <torus2x2/PE00/ALU/LSF_Result_19> of sequential type is unconnected in block <cgra2x2>.
WARNING:Xst:2677 - Node <torus2x2/PE00/ALU/LSF_Result_18> of sequential type is unconnected in block <cgra2x2>.
WARNING:Xst:2677 - Node <torus2x2/PE00/ALU/LSF_Result_17> of sequential type is unconnected in block <cgra2x2>.
WARNING:Xst:2677 - Node <torus2x2/PE00/ALU/LSF_Result_16> of sequential type is unconnected in block <cgra2x2>.
WARNING:Xst:2677 - Node <torus2x2/PE00/ALU/LSF_Result_15> of sequential type is unconnected in block <cgra2x2>.
WARNING:Xst:2677 - Node <torus2x2/PE00/ALU/LSF_Result_14> of sequential type is unconnected in block <cgra2x2>.
WARNING:Xst:2677 - Node <torus2x2/PE00/ALU/LSF_Result_13> of sequential type is unconnected in block <cgra2x2>.
WARNING:Xst:2677 - Node <torus2x2/PE00/ALU/LSF_Result_12> of sequential type is unconnected in block <cgra2x2>.
WARNING:Xst:2677 - Node <torus2x2/PE00/ALU/LSF_Result_11> of sequential type is unconnected in block <cgra2x2>.
WARNING:Xst:2677 - Node <torus2x2/PE00/ALU/LSF_Result_10> of sequential type is unconnected in block <cgra2x2>.
WARNING:Xst:2677 - Node <torus2x2/PE00/ALU/LSF_Result_9> of sequential type is unconnected in block <cgra2x2>.
WARNING:Xst:2677 - Node <torus2x2/PE00/ALU/LSF_Result_8> of sequential type is unconnected in block <cgra2x2>.
WARNING:Xst:2677 - Node <torus2x2/PE00/ALU/LSF_Result_7> of sequential type is unconnected in block <cgra2x2>.
WARNING:Xst:2677 - Node <torus2x2/PE00/ALU/LSF_Result_6> of sequential type is unconnected in block <cgra2x2>.
WARNING:Xst:2677 - Node <torus2x2/PE00/ALU/LSF_Result_5> of sequential type is unconnected in block <cgra2x2>.
WARNING:Xst:2677 - Node <torus2x2/PE00/ALU/LSF_Result_4> of sequential type is unconnected in block <cgra2x2>.
WARNING:Xst:2677 - Node <torus2x2/PE00/ALU/LSF_Result_3> of sequential type is unconnected in block <cgra2x2>.
WARNING:Xst:2677 - Node <torus2x2/PE00/ALU/LSF_Result_2> of sequential type is unconnected in block <cgra2x2>.
WARNING:Xst:2677 - Node <torus2x2/PE00/ALU/LSF_Result_1> of sequential type is unconnected in block <cgra2x2>.
WARNING:Xst:2677 - Node <torus2x2/PE00/ALU/LSF_Result_0> of sequential type is unconnected in block <cgra2x2>.
WARNING:Xst:2677 - Node <torus2x2/PE00/ALU/Single_Cycle_Result_31> of sequential type is unconnected in block <cgra2x2>.
WARNING:Xst:2677 - Node <torus2x2/PE00/ALU/Single_Cycle_Result_30> of sequential type is unconnected in block <cgra2x2>.
WARNING:Xst:2677 - Node <torus2x2/PE00/ALU/Single_Cycle_Result_29> of sequential type is unconnected in block <cgra2x2>.
WARNING:Xst:2677 - Node <torus2x2/PE00/ALU/Single_Cycle_Result_28> of sequential type is unconnected in block <cgra2x2>.
WARNING:Xst:2677 - Node <torus2x2/PE00/ALU/Single_Cycle_Result_27> of sequential type is unconnected in block <cgra2x2>.
WARNING:Xst:2677 - Node <torus2x2/PE00/ALU/Single_Cycle_Result_26> of sequential type is unconnected in block <cgra2x2>.
WARNING:Xst:2677 - Node <torus2x2/PE00/ALU/Single_Cycle_Result_25> of sequential type is unconnected in block <cgra2x2>.
WARNING:Xst:2677 - Node <torus2x2/PE00/ALU/Single_Cycle_Result_24> of sequential type is unconnected in block <cgra2x2>.
WARNING:Xst:2677 - Node <torus2x2/PE00/ALU/Single_Cycle_Result_23> of sequential type is unconnected in block <cgra2x2>.
WARNING:Xst:2677 - Node <torus2x2/PE00/ALU/Single_Cycle_Result_22> of sequential type is unconnected in block <cgra2x2>.
WARNING:Xst:2677 - Node <torus2x2/PE00/ALU/Single_Cycle_Result_21> of sequential type is unconnected in block <cgra2x2>.
WARNING:Xst:2677 - Node <torus2x2/PE00/ALU/Single_Cycle_Result_20> of sequential type is unconnected in block <cgra2x2>.
WARNING:Xst:2677 - Node <torus2x2/PE00/ALU/Single_Cycle_Result_19> of sequential type is unconnected in block <cgra2x2>.
WARNING:Xst:2677 - Node <torus2x2/PE00/ALU/Single_Cycle_Result_18> of sequential type is unconnected in block <cgra2x2>.
WARNING:Xst:2677 - Node <torus2x2/PE00/ALU/Single_Cycle_Result_17> of sequential type is unconnected in block <cgra2x2>.
WARNING:Xst:2677 - Node <torus2x2/PE00/ALU/Single_Cycle_Result_16> of sequential type is unconnected in block <cgra2x2>.
WARNING:Xst:2677 - Node <torus2x2/PE00/ALU/Single_Cycle_Result_15> of sequential type is unconnected in block <cgra2x2>.
WARNING:Xst:2677 - Node <torus2x2/PE00/ALU/Single_Cycle_Result_14> of sequential type is unconnected in block <cgra2x2>.
WARNING:Xst:2677 - Node <torus2x2/PE00/ALU/Single_Cycle_Result_13> of sequential type is unconnected in block <cgra2x2>.
WARNING:Xst:2677 - Node <torus2x2/PE00/ALU/Single_Cycle_Result_12> of sequential type is unconnected in block <cgra2x2>.
WARNING:Xst:2677 - Node <torus2x2/PE00/ALU/Single_Cycle_Result_11> of sequential type is unconnected in block <cgra2x2>.
WARNING:Xst:2677 - Node <torus2x2/PE00/ALU/Single_Cycle_Result_10> of sequential type is unconnected in block <cgra2x2>.
WARNING:Xst:2677 - Node <torus2x2/PE00/ALU/Single_Cycle_Result_9> of sequential type is unconnected in block <cgra2x2>.
WARNING:Xst:2677 - Node <torus2x2/PE00/ALU/Single_Cycle_Result_8> of sequential type is unconnected in block <cgra2x2>.
WARNING:Xst:2677 - Node <torus2x2/PE00/ALU/Single_Cycle_Result_7> of sequential type is unconnected in block <cgra2x2>.
WARNING:Xst:2677 - Node <torus2x2/PE00/ALU/Single_Cycle_Result_6> of sequential type is unconnected in block <cgra2x2>.
WARNING:Xst:2677 - Node <torus2x2/PE00/ALU/Single_Cycle_Result_5> of sequential type is unconnected in block <cgra2x2>.
WARNING:Xst:2677 - Node <torus2x2/PE00/ALU/Single_Cycle_Result_4> of sequential type is unconnected in block <cgra2x2>.
WARNING:Xst:2677 - Node <torus2x2/PE00/ALU/Single_Cycle_Result_3> of sequential type is unconnected in block <cgra2x2>.
WARNING:Xst:2677 - Node <torus2x2/PE00/ALU/Single_Cycle_Result_2> of sequential type is unconnected in block <cgra2x2>.
WARNING:Xst:2677 - Node <torus2x2/PE00/ALU/Single_Cycle_Result_1> of sequential type is unconnected in block <cgra2x2>.
WARNING:Xst:2677 - Node <torus2x2/PE00/ALU/Single_Cycle_Result_0> of sequential type is unconnected in block <cgra2x2>.
WARNING:Xst:2677 - Node <torus2x2/PE00/ALU/RSF_Result_31> of sequential type is unconnected in block <cgra2x2>.
WARNING:Xst:2677 - Node <torus2x2/PE00/ALU/RSF_Result_30> of sequential type is unconnected in block <cgra2x2>.
WARNING:Xst:2677 - Node <torus2x2/PE00/ALU/RSF_Result_29> of sequential type is unconnected in block <cgra2x2>.
WARNING:Xst:2677 - Node <torus2x2/PE00/ALU/RSF_Result_28> of sequential type is unconnected in block <cgra2x2>.
WARNING:Xst:2677 - Node <torus2x2/PE00/ALU/RSF_Result_27> of sequential type is unconnected in block <cgra2x2>.
WARNING:Xst:2677 - Node <torus2x2/PE00/ALU/RSF_Result_26> of sequential type is unconnected in block <cgra2x2>.
WARNING:Xst:2677 - Node <torus2x2/PE00/ALU/RSF_Result_25> of sequential type is unconnected in block <cgra2x2>.
WARNING:Xst:2677 - Node <torus2x2/PE00/ALU/RSF_Result_24> of sequential type is unconnected in block <cgra2x2>.
WARNING:Xst:2677 - Node <torus2x2/PE00/ALU/RSF_Result_23> of sequential type is unconnected in block <cgra2x2>.
WARNING:Xst:2677 - Node <torus2x2/PE00/ALU/RSF_Result_22> of sequential type is unconnected in block <cgra2x2>.
WARNING:Xst:2677 - Node <torus2x2/PE00/ALU/RSF_Result_21> of sequential type is unconnected in block <cgra2x2>.
WARNING:Xst:2677 - Node <torus2x2/PE00/ALU/RSF_Result_20> of sequential type is unconnected in block <cgra2x2>.
WARNING:Xst:2677 - Node <torus2x2/PE00/ALU/RSF_Result_19> of sequential type is unconnected in block <cgra2x2>.
WARNING:Xst:2677 - Node <torus2x2/PE00/ALU/RSF_Result_18> of sequential type is unconnected in block <cgra2x2>.
WARNING:Xst:2677 - Node <torus2x2/PE00/ALU/RSF_Result_17> of sequential type is unconnected in block <cgra2x2>.
WARNING:Xst:2677 - Node <torus2x2/PE00/ALU/RSF_Result_16> of sequential type is unconnected in block <cgra2x2>.
WARNING:Xst:2677 - Node <torus2x2/PE00/ALU/RSF_Result_15> of sequential type is unconnected in block <cgra2x2>.
WARNING:Xst:2677 - Node <torus2x2/PE00/ALU/RSF_Result_14> of sequential type is unconnected in block <cgra2x2>.
WARNING:Xst:2677 - Node <torus2x2/PE00/ALU/RSF_Result_13> of sequential type is unconnected in block <cgra2x2>.
WARNING:Xst:2677 - Node <torus2x2/PE00/ALU/RSF_Result_12> of sequential type is unconnected in block <cgra2x2>.
WARNING:Xst:2677 - Node <torus2x2/PE00/ALU/RSF_Result_11> of sequential type is unconnected in block <cgra2x2>.
WARNING:Xst:2677 - Node <torus2x2/PE00/ALU/RSF_Result_10> of sequential type is unconnected in block <cgra2x2>.
WARNING:Xst:2677 - Node <torus2x2/PE00/ALU/RSF_Result_9> of sequential type is unconnected in block <cgra2x2>.
WARNING:Xst:2677 - Node <torus2x2/PE00/ALU/RSF_Result_8> of sequential type is unconnected in block <cgra2x2>.
WARNING:Xst:2677 - Node <torus2x2/PE00/ALU/RSF_Result_7> of sequential type is unconnected in block <cgra2x2>.
WARNING:Xst:2677 - Node <torus2x2/PE00/ALU/RSF_Result_6> of sequential type is unconnected in block <cgra2x2>.
WARNING:Xst:2677 - Node <torus2x2/PE00/ALU/RSF_Result_5> of sequential type is unconnected in block <cgra2x2>.
WARNING:Xst:2677 - Node <torus2x2/PE00/ALU/RSF_Result_4> of sequential type is unconnected in block <cgra2x2>.
WARNING:Xst:2677 - Node <torus2x2/PE00/ALU/RSF_Result_3> of sequential type is unconnected in block <cgra2x2>.
WARNING:Xst:2677 - Node <torus2x2/PE00/ALU/RSF_Result_2> of sequential type is unconnected in block <cgra2x2>.
WARNING:Xst:2677 - Node <torus2x2/PE00/ALU/RSF_Result_1> of sequential type is unconnected in block <cgra2x2>.
WARNING:Xst:2677 - Node <torus2x2/PE00/ALU/RSF_Result_0> of sequential type is unconnected in block <cgra2x2>.
WARNING:Xst:2677 - Node <torus2x2/PE00/ALU/Opcode_Reg0_3> of sequential type is unconnected in block <cgra2x2>.
WARNING:Xst:2677 - Node <torus2x2/PE00/ALU/Opcode_Reg0_2> of sequential type is unconnected in block <cgra2x2>.
WARNING:Xst:2677 - Node <torus2x2/PE00/ALU/Opcode_Reg0_1> of sequential type is unconnected in block <cgra2x2>.
WARNING:Xst:2677 - Node <torus2x2/PE00/ALU/Opcode_Reg0_0> of sequential type is unconnected in block <cgra2x2>.
WARNING:Xst:2677 - Node <torus2x2/PE00/ALU/ALU_In2_Reg0_31> of sequential type is unconnected in block <cgra2x2>.
WARNING:Xst:2677 - Node <torus2x2/PE00/ALU/ALU_In2_Reg0_30> of sequential type is unconnected in block <cgra2x2>.
WARNING:Xst:2677 - Node <torus2x2/PE00/ALU/ALU_In2_Reg0_29> of sequential type is unconnected in block <cgra2x2>.
WARNING:Xst:2677 - Node <torus2x2/PE00/ALU/ALU_In2_Reg0_28> of sequential type is unconnected in block <cgra2x2>.
WARNING:Xst:2677 - Node <torus2x2/PE00/ALU/ALU_In2_Reg0_27> of sequential type is unconnected in block <cgra2x2>.
WARNING:Xst:2677 - Node <torus2x2/PE00/ALU/ALU_In2_Reg0_26> of sequential type is unconnected in block <cgra2x2>.
WARNING:Xst:2677 - Node <torus2x2/PE00/ALU/ALU_In2_Reg0_25> of sequential type is unconnected in block <cgra2x2>.
WARNING:Xst:2677 - Node <torus2x2/PE00/ALU/ALU_In2_Reg0_24> of sequential type is unconnected in block <cgra2x2>.
WARNING:Xst:2677 - Node <torus2x2/PE00/ALU/ALU_In2_Reg0_23> of sequential type is unconnected in block <cgra2x2>.
WARNING:Xst:2677 - Node <torus2x2/PE00/ALU/ALU_In2_Reg0_22> of sequential type is unconnected in block <cgra2x2>.
WARNING:Xst:2677 - Node <torus2x2/PE00/ALU/ALU_In2_Reg0_21> of sequential type is unconnected in block <cgra2x2>.
WARNING:Xst:2677 - Node <torus2x2/PE00/ALU/ALU_In2_Reg0_20> of sequential type is unconnected in block <cgra2x2>.
WARNING:Xst:2677 - Node <torus2x2/PE00/ALU/ALU_In2_Reg0_19> of sequential type is unconnected in block <cgra2x2>.
WARNING:Xst:2677 - Node <torus2x2/PE00/ALU/ALU_In2_Reg0_18> of sequential type is unconnected in block <cgra2x2>.
WARNING:Xst:2677 - Node <torus2x2/PE00/ALU/ALU_In2_Reg0_17> of sequential type is unconnected in block <cgra2x2>.
WARNING:Xst:2677 - Node <torus2x2/PE00/ALU/ALU_In2_Reg0_16> of sequential type is unconnected in block <cgra2x2>.
WARNING:Xst:2677 - Node <torus2x2/PE00/ALU/ALU_In2_Reg0_15> of sequential type is unconnected in block <cgra2x2>.
WARNING:Xst:2677 - Node <torus2x2/PE00/ALU/ALU_In2_Reg0_14> of sequential type is unconnected in block <cgra2x2>.
WARNING:Xst:2677 - Node <torus2x2/PE00/ALU/ALU_In2_Reg0_13> of sequential type is unconnected in block <cgra2x2>.
WARNING:Xst:2677 - Node <torus2x2/PE00/ALU/ALU_In2_Reg0_12> of sequential type is unconnected in block <cgra2x2>.
WARNING:Xst:2677 - Node <torus2x2/PE00/ALU/ALU_In2_Reg0_11> of sequential type is unconnected in block <cgra2x2>.
WARNING:Xst:2677 - Node <torus2x2/PE00/ALU/ALU_In2_Reg0_10> of sequential type is unconnected in block <cgra2x2>.
WARNING:Xst:2677 - Node <torus2x2/PE00/ALU/ALU_In2_Reg0_9> of sequential type is unconnected in block <cgra2x2>.
WARNING:Xst:2677 - Node <torus2x2/PE00/ALU/ALU_In2_Reg0_8> of sequential type is unconnected in block <cgra2x2>.
WARNING:Xst:2677 - Node <torus2x2/PE00/ALU/ALU_In2_Reg0_7> of sequential type is unconnected in block <cgra2x2>.
WARNING:Xst:2677 - Node <torus2x2/PE00/ALU/ALU_In2_Reg0_6> of sequential type is unconnected in block <cgra2x2>.
WARNING:Xst:2677 - Node <torus2x2/PE00/ALU/ALU_In2_Reg0_5> of sequential type is unconnected in block <cgra2x2>.
WARNING:Xst:2677 - Node <torus2x2/PE00/ALU/ALU_In2_Reg0_4> of sequential type is unconnected in block <cgra2x2>.
WARNING:Xst:2677 - Node <torus2x2/PE00/ALU/ALU_In2_Reg0_3> of sequential type is unconnected in block <cgra2x2>.
WARNING:Xst:2677 - Node <torus2x2/PE00/ALU/ALU_In2_Reg0_2> of sequential type is unconnected in block <cgra2x2>.
WARNING:Xst:2677 - Node <torus2x2/PE00/ALU/ALU_In2_Reg0_1> of sequential type is unconnected in block <cgra2x2>.
WARNING:Xst:2677 - Node <torus2x2/PE00/ALU/ALU_In2_Reg0_0> of sequential type is unconnected in block <cgra2x2>.
WARNING:Xst:2677 - Node <torus2x2/PE00/ALU/ALU_In1_Reg0_31> of sequential type is unconnected in block <cgra2x2>.
WARNING:Xst:2677 - Node <torus2x2/PE00/ALU/ALU_In1_Reg0_30> of sequential type is unconnected in block <cgra2x2>.
WARNING:Xst:2677 - Node <torus2x2/PE00/ALU/ALU_In1_Reg0_29> of sequential type is unconnected in block <cgra2x2>.
WARNING:Xst:2677 - Node <torus2x2/PE00/ALU/ALU_In1_Reg0_28> of sequential type is unconnected in block <cgra2x2>.
WARNING:Xst:2677 - Node <torus2x2/PE00/ALU/ALU_In1_Reg0_27> of sequential type is unconnected in block <cgra2x2>.
WARNING:Xst:2677 - Node <torus2x2/PE00/ALU/ALU_In1_Reg0_26> of sequential type is unconnected in block <cgra2x2>.
WARNING:Xst:2677 - Node <torus2x2/PE00/ALU/ALU_In1_Reg0_25> of sequential type is unconnected in block <cgra2x2>.
WARNING:Xst:2677 - Node <torus2x2/PE00/ALU/ALU_In1_Reg0_24> of sequential type is unconnected in block <cgra2x2>.
WARNING:Xst:2677 - Node <torus2x2/PE00/ALU/ALU_In1_Reg0_23> of sequential type is unconnected in block <cgra2x2>.
WARNING:Xst:2677 - Node <torus2x2/PE00/ALU/ALU_In1_Reg0_22> of sequential type is unconnected in block <cgra2x2>.
WARNING:Xst:2677 - Node <torus2x2/PE00/ALU/ALU_In1_Reg0_21> of sequential type is unconnected in block <cgra2x2>.
WARNING:Xst:2677 - Node <torus2x2/PE00/ALU/ALU_In1_Reg0_20> of sequential type is unconnected in block <cgra2x2>.
WARNING:Xst:2677 - Node <torus2x2/PE00/ALU/ALU_In1_Reg0_19> of sequential type is unconnected in block <cgra2x2>.
WARNING:Xst:2677 - Node <torus2x2/PE00/ALU/ALU_In1_Reg0_18> of sequential type is unconnected in block <cgra2x2>.
WARNING:Xst:2677 - Node <torus2x2/PE00/ALU/ALU_In1_Reg0_17> of sequential type is unconnected in block <cgra2x2>.
WARNING:Xst:2677 - Node <torus2x2/PE00/ALU/ALU_In1_Reg0_16> of sequential type is unconnected in block <cgra2x2>.
WARNING:Xst:2677 - Node <torus2x2/PE00/ALU/ALU_In1_Reg0_15> of sequential type is unconnected in block <cgra2x2>.
WARNING:Xst:2677 - Node <torus2x2/PE00/ALU/ALU_In1_Reg0_14> of sequential type is unconnected in block <cgra2x2>.
WARNING:Xst:2677 - Node <torus2x2/PE00/ALU/ALU_In1_Reg0_13> of sequential type is unconnected in block <cgra2x2>.
WARNING:Xst:2677 - Node <torus2x2/PE00/ALU/ALU_In1_Reg0_12> of sequential type is unconnected in block <cgra2x2>.
WARNING:Xst:2677 - Node <torus2x2/PE00/ALU/ALU_In1_Reg0_11> of sequential type is unconnected in block <cgra2x2>.
WARNING:Xst:2677 - Node <torus2x2/PE00/ALU/ALU_In1_Reg0_10> of sequential type is unconnected in block <cgra2x2>.
WARNING:Xst:2677 - Node <torus2x2/PE00/ALU/ALU_In1_Reg0_9> of sequential type is unconnected in block <cgra2x2>.
WARNING:Xst:2677 - Node <torus2x2/PE00/ALU/ALU_In1_Reg0_8> of sequential type is unconnected in block <cgra2x2>.
WARNING:Xst:2677 - Node <torus2x2/PE00/ALU/ALU_In1_Reg0_7> of sequential type is unconnected in block <cgra2x2>.
WARNING:Xst:2677 - Node <torus2x2/PE00/ALU/ALU_In1_Reg0_6> of sequential type is unconnected in block <cgra2x2>.
WARNING:Xst:2677 - Node <torus2x2/PE00/ALU/ALU_In1_Reg0_5> of sequential type is unconnected in block <cgra2x2>.
WARNING:Xst:2677 - Node <torus2x2/PE00/ALU/ALU_In1_Reg0_4> of sequential type is unconnected in block <cgra2x2>.
WARNING:Xst:2677 - Node <torus2x2/PE00/ALU/ALU_In1_Reg0_3> of sequential type is unconnected in block <cgra2x2>.
WARNING:Xst:2677 - Node <torus2x2/PE00/ALU/ALU_In1_Reg0_2> of sequential type is unconnected in block <cgra2x2>.
WARNING:Xst:2677 - Node <torus2x2/PE00/ALU/ALU_In1_Reg0_1> of sequential type is unconnected in block <cgra2x2>.
WARNING:Xst:2677 - Node <torus2x2/PE00/ALU/ALU_In1_Reg0_0> of sequential type is unconnected in block <cgra2x2>.
WARNING:Xst:2677 - Node <torus2x2/PE00/ALU/ALU_In0_Reg0_31> of sequential type is unconnected in block <cgra2x2>.
WARNING:Xst:2677 - Node <torus2x2/PE00/ALU/ALU_In0_Reg0_30> of sequential type is unconnected in block <cgra2x2>.
WARNING:Xst:2677 - Node <torus2x2/PE00/ALU/ALU_In0_Reg0_29> of sequential type is unconnected in block <cgra2x2>.
WARNING:Xst:2677 - Node <torus2x2/PE00/ALU/ALU_In0_Reg0_28> of sequential type is unconnected in block <cgra2x2>.
WARNING:Xst:2677 - Node <torus2x2/PE00/ALU/ALU_In0_Reg0_27> of sequential type is unconnected in block <cgra2x2>.
WARNING:Xst:2677 - Node <torus2x2/PE00/ALU/ALU_In0_Reg0_26> of sequential type is unconnected in block <cgra2x2>.
WARNING:Xst:2677 - Node <torus2x2/PE00/ALU/ALU_In0_Reg0_25> of sequential type is unconnected in block <cgra2x2>.
WARNING:Xst:2677 - Node <torus2x2/PE00/ALU/ALU_In0_Reg0_24> of sequential type is unconnected in block <cgra2x2>.
WARNING:Xst:2677 - Node <torus2x2/PE00/ALU/ALU_In0_Reg0_23> of sequential type is unconnected in block <cgra2x2>.
WARNING:Xst:2677 - Node <torus2x2/PE00/ALU/ALU_In0_Reg0_22> of sequential type is unconnected in block <cgra2x2>.
WARNING:Xst:2677 - Node <torus2x2/PE00/ALU/ALU_In0_Reg0_21> of sequential type is unconnected in block <cgra2x2>.
WARNING:Xst:2677 - Node <torus2x2/PE00/ALU/ALU_In0_Reg0_20> of sequential type is unconnected in block <cgra2x2>.
WARNING:Xst:2677 - Node <torus2x2/PE00/ALU/ALU_In0_Reg0_19> of sequential type is unconnected in block <cgra2x2>.
WARNING:Xst:2677 - Node <torus2x2/PE00/ALU/ALU_In0_Reg0_18> of sequential type is unconnected in block <cgra2x2>.
WARNING:Xst:2677 - Node <torus2x2/PE00/ALU/ALU_In0_Reg0_17> of sequential type is unconnected in block <cgra2x2>.
WARNING:Xst:2677 - Node <torus2x2/PE00/ALU/ALU_In0_Reg0_16> of sequential type is unconnected in block <cgra2x2>.
WARNING:Xst:2677 - Node <torus2x2/PE00/ALU/ALU_In0_Reg0_15> of sequential type is unconnected in block <cgra2x2>.
WARNING:Xst:2677 - Node <torus2x2/PE00/ALU/ALU_In0_Reg0_14> of sequential type is unconnected in block <cgra2x2>.
WARNING:Xst:2677 - Node <torus2x2/PE00/ALU/ALU_In0_Reg0_13> of sequential type is unconnected in block <cgra2x2>.
WARNING:Xst:2677 - Node <torus2x2/PE00/ALU/ALU_In0_Reg0_12> of sequential type is unconnected in block <cgra2x2>.
WARNING:Xst:2677 - Node <torus2x2/PE00/ALU/ALU_In0_Reg0_11> of sequential type is unconnected in block <cgra2x2>.
WARNING:Xst:2677 - Node <torus2x2/PE00/ALU/ALU_In0_Reg0_10> of sequential type is unconnected in block <cgra2x2>.
WARNING:Xst:2677 - Node <torus2x2/PE00/ALU/ALU_In0_Reg0_9> of sequential type is unconnected in block <cgra2x2>.
WARNING:Xst:2677 - Node <torus2x2/PE00/ALU/ALU_In0_Reg0_8> of sequential type is unconnected in block <cgra2x2>.
WARNING:Xst:2677 - Node <torus2x2/PE00/ALU/ALU_In0_Reg0_7> of sequential type is unconnected in block <cgra2x2>.
WARNING:Xst:2677 - Node <torus2x2/PE00/ALU/ALU_In0_Reg0_6> of sequential type is unconnected in block <cgra2x2>.
WARNING:Xst:2677 - Node <torus2x2/PE00/ALU/ALU_In0_Reg0_5> of sequential type is unconnected in block <cgra2x2>.
WARNING:Xst:2677 - Node <torus2x2/PE00/ALU/ALU_In0_Reg0_4> of sequential type is unconnected in block <cgra2x2>.
WARNING:Xst:2677 - Node <torus2x2/PE00/ALU/ALU_In0_Reg0_3> of sequential type is unconnected in block <cgra2x2>.
WARNING:Xst:2677 - Node <torus2x2/PE00/ALU/ALU_In0_Reg0_2> of sequential type is unconnected in block <cgra2x2>.
WARNING:Xst:2677 - Node <torus2x2/PE00/ALU/ALU_In0_Reg0_1> of sequential type is unconnected in block <cgra2x2>.
WARNING:Xst:2677 - Node <torus2x2/PE00/ALU/ALU_In0_Reg0_0> of sequential type is unconnected in block <cgra2x2>.

Mapping all equations...
Building and optimizing final netlist ...
Found area constraint ratio of 100 (+ 0) on block cgra2x2, actual ratio is 2.
FlipFlop torus2x2/PE00/New_ALU/ADDSUB_2st_Sel_Reg has been replicated 1 time(s)
FlipFlop torus2x2/PE01/New_ALU/ADDSUB_2st_Sel_Reg has been replicated 1 time(s)
FlipFlop torus2x2/PE10/New_ALU/ADDSUB_2st_Sel_Reg has been replicated 1 time(s)
FlipFlop torus2x2/PE11/New_ALU/ADDSUB_2st_Sel_Reg has been replicated 1 time(s)

Final Macro Processing ...

Processing Unit <cgra2x2> :
	Found 4-bit shift register for signal <BramIF/CGRA_Cnt_Reg3_23>.
	Found 4-bit shift register for signal <BramIF/CGRA_Cnt_Reg3_22>.
	Found 4-bit shift register for signal <BramIF/CGRA_Cnt_Reg3_21>.
	Found 4-bit shift register for signal <BramIF/CGRA_Cnt_Reg3_20>.
	Found 4-bit shift register for signal <BramIF/CGRA_Cnt_Reg3_19>.
	Found 4-bit shift register for signal <BramIF/CGRA_Cnt_Reg3_18>.
	Found 4-bit shift register for signal <BramIF/CGRA_Cnt_Reg3_17>.
	Found 4-bit shift register for signal <BramIF/CGRA_Cnt_Reg3_16>.
	Found 4-bit shift register for signal <BramIF/CGRA_Cnt_Reg3_15>.
	Found 4-bit shift register for signal <BramIF/CGRA_Cnt_Reg3_14>.
	Found 4-bit shift register for signal <BramIF/CGRA_Cnt_Reg3_13>.
	Found 4-bit shift register for signal <BramIF/CGRA_Cnt_Reg3_12>.
	Found 4-bit shift register for signal <BramIF/CGRA_Cnt_Reg3_11>.
	Found 4-bit shift register for signal <BramIF/CGRA_Cnt_Reg3_10>.
	Found 4-bit shift register for signal <BramIF/CGRA_Cnt_Reg3_9>.
	Found 4-bit shift register for signal <BramIF/CGRA_Cnt_Reg3_8>.
	Found 4-bit shift register for signal <BramIF/CGRA_Cnt_Reg3_7>.
	Found 4-bit shift register for signal <BramIF/CGRA_Cnt_Reg3_6>.
	Found 4-bit shift register for signal <BramIF/CGRA_Cnt_Reg3_5>.
	Found 4-bit shift register for signal <BramIF/CGRA_Cnt_Reg3_4>.
	Found 4-bit shift register for signal <BramIF/CGRA_Cnt_Reg3_3>.
	Found 4-bit shift register for signal <BramIF/CGRA_Cnt_Reg3_2>.
	Found 4-bit shift register for signal <BramIF/CGRA_Cnt_Reg3_1>.
	Found 4-bit shift register for signal <BramIF/CGRA_Cnt_Reg3_0>.
Unit <cgra2x2> processed.

=========================================================================
Final Register Report

Macro Statistics
# Registers                                            : 4856
 Flip-Flops                                            : 4856
# Shift Registers                                      : 24
 4-bit shift register                                  : 24

=========================================================================

=========================================================================
*                           Partition Report                            *
=========================================================================

Partition Implementation Status
-------------------------------

  No Partitions were found in this design.

-------------------------------

=========================================================================
*                            Design Summary                             *
=========================================================================

Clock Information:
------------------
-----------------------------------+------------------------+-------+
Clock Signal                       | Clock buffer(FF name)  | Load  |
-----------------------------------+------------------------+-------+
Clk                                | IBUF+BUFG              | 5240  |
LowClk                             | BUFGP                  | 3     |
-----------------------------------+------------------------+-------+

Asynchronous Control Signals Information:
----------------------------------------
---------------------------------------------------------------------------+-------------------------------------------------------------------------------------------------------------------------------------------------------------------------+-------+
Control Signal                                                             | Buffer(FF name)                                                                                                                                                         | Load  |
---------------------------------------------------------------------------+-------------------------------------------------------------------------------------------------------------------------------------------------------------------------+-------+
torus2x2/PE00/Inst_Mem/rom1024/N1(torus2x2/PE00/Inst_Mem/rom1024/XST_GND:G)| NONE(torus2x2/PE00/Inst_Mem/rom1024/U0/xst_blk_mem_generator/gnativebmg.native_blk_mem_gen/valid.cstr/ramloop[0].ram.r/v6_init.ram/NO_BMM_INFO.SP.SIMPLE_PRIM36.ram)    | 4     |
torus2x2/PE01/Inst_Mem/rom1024/N1(torus2x2/PE01/Inst_Mem/rom1024/XST_GND:G)| NONE(torus2x2/PE01/Inst_Mem/rom1024/U0/xst_blk_mem_generator/gnativebmg.native_blk_mem_gen/valid.cstr/ramloop[1].ram.r/v6_init.ram/NO_BMM_INFO.SP.SIMPLE_PRIM36.ram)    | 4     |
torus2x2/PE10/Inst_Mem/rom1024/N1(torus2x2/PE10/Inst_Mem/rom1024/XST_GND:G)| NONE(torus2x2/PE10/Inst_Mem/rom1024/U0/xst_blk_mem_generator/gnativebmg.native_blk_mem_gen/valid.cstr/ramloop[0].ram.r/v6_init.ram/NO_BMM_INFO.SP.SIMPLE_PRIM36.ram)    | 4     |
torus2x2/PE11/Inst_Mem/rom1024/N1(torus2x2/PE11/Inst_Mem/rom1024/XST_GND:G)| NONE(torus2x2/PE11/Inst_Mem/rom1024/U0/xst_blk_mem_generator/gnativebmg.native_blk_mem_gen/valid.cstr/ramloop[0].ram.r/v6_init.ram/NO_BMM_INFO.SP.SIMPLE_PRIM36.ram)    | 4     |
torus2x2/PE00/data_mem/mem0/N1(torus2x2/PE00/data_mem/mem0/XST_GND:G)      | NONE(torus2x2/PE00/data_mem/mem0/U0/xst_blk_mem_generator/gnativebmg.native_blk_mem_gen/valid.cstr/ramloop[0].ram.r/v6_noinit.ram/NO_BMM_INFO.TRUE_DP.SIMPLE_PRIM36.ram)| 2     |
torus2x2/PE00/data_mem/mem1/N1(torus2x2/PE00/data_mem/mem1/XST_GND:G)      | NONE(torus2x2/PE00/data_mem/mem1/U0/xst_blk_mem_generator/gnativebmg.native_blk_mem_gen/valid.cstr/ramloop[0].ram.r/v6_noinit.ram/NO_BMM_INFO.TRUE_DP.SIMPLE_PRIM36.ram)| 2     |
torus2x2/PE00/data_mem/mem2/N1(torus2x2/PE00/data_mem/mem2/XST_GND:G)      | NONE(torus2x2/PE00/data_mem/mem2/U0/xst_blk_mem_generator/gnativebmg.native_blk_mem_gen/valid.cstr/ramloop[0].ram.r/v6_noinit.ram/NO_BMM_INFO.TRUE_DP.SIMPLE_PRIM36.ram)| 2     |
torus2x2/PE01/data_mem/mem0/N1(torus2x2/PE01/data_mem/mem0/XST_GND:G)      | NONE(torus2x2/PE01/data_mem/mem0/U0/xst_blk_mem_generator/gnativebmg.native_blk_mem_gen/valid.cstr/ramloop[0].ram.r/v6_noinit.ram/NO_BMM_INFO.TRUE_DP.SIMPLE_PRIM36.ram)| 2     |
torus2x2/PE01/data_mem/mem1/N1(torus2x2/PE01/data_mem/mem1/XST_GND:G)      | NONE(torus2x2/PE01/data_mem/mem1/U0/xst_blk_mem_generator/gnativebmg.native_blk_mem_gen/valid.cstr/ramloop[0].ram.r/v6_noinit.ram/NO_BMM_INFO.TRUE_DP.SIMPLE_PRIM36.ram)| 2     |
torus2x2/PE01/data_mem/mem2/N1(torus2x2/PE01/data_mem/mem2/XST_GND:G)      | NONE(torus2x2/PE01/data_mem/mem2/U0/xst_blk_mem_generator/gnativebmg.native_blk_mem_gen/valid.cstr/ramloop[0].ram.r/v6_noinit.ram/NO_BMM_INFO.TRUE_DP.SIMPLE_PRIM36.ram)| 2     |
torus2x2/PE10/data_mem/mem0/N1(torus2x2/PE10/data_mem/mem0/XST_GND:G)      | NONE(torus2x2/PE10/data_mem/mem0/U0/xst_blk_mem_generator/gnativebmg.native_blk_mem_gen/valid.cstr/ramloop[0].ram.r/v6_noinit.ram/NO_BMM_INFO.TRUE_DP.SIMPLE_PRIM36.ram)| 2     |
torus2x2/PE10/data_mem/mem1/N1(torus2x2/PE10/data_mem/mem1/XST_GND:G)      | NONE(torus2x2/PE10/data_mem/mem1/U0/xst_blk_mem_generator/gnativebmg.native_blk_mem_gen/valid.cstr/ramloop[0].ram.r/v6_noinit.ram/NO_BMM_INFO.TRUE_DP.SIMPLE_PRIM36.ram)| 2     |
torus2x2/PE10/data_mem/mem2/N1(torus2x2/PE10/data_mem/mem2/XST_GND:G)      | NONE(torus2x2/PE10/data_mem/mem2/U0/xst_blk_mem_generator/gnativebmg.native_blk_mem_gen/valid.cstr/ramloop[0].ram.r/v6_noinit.ram/NO_BMM_INFO.TRUE_DP.SIMPLE_PRIM36.ram)| 2     |
torus2x2/PE11/data_mem/mem0/N1(torus2x2/PE11/data_mem/mem0/XST_GND:G)      | NONE(torus2x2/PE11/data_mem/mem0/U0/xst_blk_mem_generator/gnativebmg.native_blk_mem_gen/valid.cstr/ramloop[0].ram.r/v6_noinit.ram/NO_BMM_INFO.TRUE_DP.SIMPLE_PRIM36.ram)| 2     |
torus2x2/PE11/data_mem/mem1/N1(torus2x2/PE11/data_mem/mem1/XST_GND:G)      | NONE(torus2x2/PE11/data_mem/mem1/U0/xst_blk_mem_generator/gnativebmg.native_blk_mem_gen/valid.cstr/ramloop[0].ram.r/v6_noinit.ram/NO_BMM_INFO.TRUE_DP.SIMPLE_PRIM36.ram)| 2     |
torus2x2/PE11/data_mem/mem2/N1(torus2x2/PE11/data_mem/mem2/XST_GND:G)      | NONE(torus2x2/PE11/data_mem/mem2/U0/xst_blk_mem_generator/gnativebmg.native_blk_mem_gen/valid.cstr/ramloop[0].ram.r/v6_noinit.ram/NO_BMM_INFO.TRUE_DP.SIMPLE_PRIM36.ram)| 2     |
---------------------------------------------------------------------------+-------------------------------------------------------------------------------------------------------------------------------------------------------------------------+-------+

Timing Summary:
---------------
Speed Grade: -1

   Minimum period: 2.604ns (Maximum Frequency: 384.025MHz)
   Minimum input arrival time before clock: 1.424ns
   Maximum output required time after clock: 0.687ns
   Maximum combinational path delay: 0.963ns

=========================================================================
