INFO:sim:172 - Generating IP...
Applying current project options...
Finished applying current project options.
Resolving generics for 'rom11'...
WARNING:sim - A core named 'rom11' already exists in the project. Output
   products for this core may be overwritten.
Applying external generics to 'rom11'...
Delivering associated files for 'rom11'...
Delivering EJava files for 'rom11'...
Generating implementation netlist for 'rom11'...
INFO:sim - Pre-processing HDL files for 'rom11'...
Running synthesis for 'rom11'
Running ngcbuild...
Writing VEO instantiation template for 'rom11'...
Writing Verilog behavioral simulation model for 'rom11'...
WARNING:sim - Overwriting existing file
   D:/minibench/scgra-v1/cgra2x2-verify/cgra2x2-verify.srcs/sources_1/ip/blk_mem
   _gen_v7_3_3/tmp/_cg/rom11/doc/blk_mem_gen_v7_3_vinfo.html with file from view
   xilinx_documentation
Delivered 1 file into directory
D:/minibench/scgra-v1/cgra2x2-verify/cgra2x2-verify.srcs/sources_1/ip/blk_mem_ge
n_v7_3_3/tmp/_cg/rom11
Generating ASY schematic symbol...
INFO:sim:949 - Finished generation of ASY schematic symbol.
Generating metadata file...
Generating ISE project file for 'rom11'...
Generating ISE project...
XCO file found: rom11.xco
XMDF file found: rom11_xmdf.tcl
Adding
D:/minibench/scgra-v1/cgra2x2-verify/cgra2x2-verify.srcs/sources_1/ip/blk_mem_ge
n_v7_3_3/tmp/_cg/rom11.asy -view all -origin_type imported
Adding
D:/minibench/scgra-v1/cgra2x2-verify/cgra2x2-verify.srcs/sources_1/ip/blk_mem_ge
n_v7_3_3/tmp/_cg/rom11.ngc -view all -origin_type created
Checking file
"D:/minibench/scgra-v1/cgra2x2-verify/cgra2x2-verify.srcs/sources_1/ip/blk_mem_g
en_v7_3_3/tmp/_cg/rom11.ngc" for project device match ...
File
"D:/minibench/scgra-v1/cgra2x2-verify/cgra2x2-verify.srcs/sources_1/ip/blk_mem_g
en_v7_3_3/tmp/_cg/rom11.ngc" device information matches project device.
Adding
D:/minibench/scgra-v1/cgra2x2-verify/cgra2x2-verify.srcs/sources_1/ip/blk_mem_ge
n_v7_3_3/tmp/_cg/rom11.v -view all -origin_type created
INFO:HDLCompiler:1845 - Analyzing Verilog file
   "D:/minibench/scgra-v1/cgra2x2-verify/cgra2x2-verify.srcs/sources_1/ip/blk_me
   m_gen_v7_3_3/tmp/_cg/rom11.v" into library work
INFO:ProjectMgmt - Parsing design hierarchy completed successfully.
Adding
D:/minibench/scgra-v1/cgra2x2-verify/cgra2x2-verify.srcs/sources_1/ip/blk_mem_ge
n_v7_3_3/tmp/_cg/rom11.veo -view all -origin_type imported
INFO:TclTasksC:2116 - The automatic calculation of top has been turned-off.
   Please set the new top explicitly by running the "project set top" command.
   To re-calculate the new top automatically, set the "Auto Implementation Top"
   property to true.
Top level has been set to "/rom11"
Generating README file...
Generating FLIST file...
INFO:sim:948 - Finished FLIST file generation.
Moving files to output directory...
Finished moving files to output directory
Wrote CGP file for project 'coregen'.
