INFO:sim:172 - Generating IP...
Applying current project options...
Finished applying current project options.
WARNING:sim - A core named 'Addr_Buffer1' already exists in the project. Output
   products for this core may be overwritten.
Resolving generics for 'Addr_Buffer1'...
WARNING:sim - A core named 'Addr_Buffer1' already exists in the project. Output
   products for this core may be overwritten.
Applying external generics to 'Addr_Buffer1'...
Delivering associated files for 'Addr_Buffer1'...
Delivering EJava files for 'Addr_Buffer1'...
Generating implementation netlist for 'Addr_Buffer1'...
INFO:sim - Pre-processing HDL files for 'Addr_Buffer1'...
Running synthesis for 'Addr_Buffer1'
Running ngcbuild...
Writing VEO instantiation template for 'Addr_Buffer1'...
Writing Verilog behavioral simulation model for 'Addr_Buffer1'...
WARNING:sim - Overwriting existing file
   D:/minibench/scgra-v1/cgra2x2-1k/ipcore_dir/tmp/_cg/Addr_Buffer1/doc/blk_mem_
   gen_v7_3_vinfo.html with file from view xilinx_documentation
Delivered 1 file into directory
D:/minibench/scgra-v1/cgra2x2-1k/ipcore_dir/tmp/_cg/Addr_Buffer1
Generating ASY schematic symbol...
INFO:sim:949 - Finished generation of ASY schematic symbol.
Generating SYM schematic symbol for 'Addr_Buffer1'...
Generating metadata file...
Regenerating ISE project file for 'Addr_Buffer1'...
Generating ISE project...
XCO file found: Addr_Buffer1.xco
XMDF file found: Addr_Buffer1_xmdf.tcl
Adding D:/minibench/scgra-v1/cgra2x2-1k/ipcore_dir/tmp/_cg/Addr_Buffer1.asy
-view all -origin_type imported
Adding D:/minibench/scgra-v1/cgra2x2-1k/ipcore_dir/tmp/_cg/Addr_Buffer1.ngc
-view all -origin_type created
Checking file
"D:/minibench/scgra-v1/cgra2x2-1k/ipcore_dir/tmp/_cg/Addr_Buffer1.ngc" for
project device match ...
File "D:/minibench/scgra-v1/cgra2x2-1k/ipcore_dir/tmp/_cg/Addr_Buffer1.ngc"
device information matches project device.
Adding D:/minibench/scgra-v1/cgra2x2-1k/ipcore_dir/tmp/_cg/Addr_Buffer1.sym
-view all -origin_type imported
Adding D:/minibench/scgra-v1/cgra2x2-1k/ipcore_dir/tmp/_cg/Addr_Buffer1.v -view
all -origin_type created
INFO:HDLCompiler:1845 - Analyzing Verilog file
   "D:/minibench/scgra-v1/cgra2x2-1k/ipcore_dir/tmp/_cg/Addr_Buffer1.v" into
   library work
INFO:ProjectMgmt - Parsing design hierarchy completed successfully.
Adding D:/minibench/scgra-v1/cgra2x2-1k/ipcore_dir/tmp/_cg/Addr_Buffer1.veo
-view all -origin_type imported
INFO:TclTasksC:2116 - The automatic calculation of top has been turned-off.
   Please set the new top explicitly by running the "project set top" command.
   To re-calculate the new top automatically, set the "Auto Implementation Top"
   property to true.
Top level has been set to "/Addr_Buffer1"
Generating README file...
Generating FLIST file...
INFO:sim:948 - Finished FLIST file generation.
Launching README viewer...
Moving files to output directory...
Finished moving files to output directory
Wrote CGP file for project 'Addr_Buffer1'.
