@I [HLS-0] Workspace D:/minibench/customization/kmean-small/unroll-20 opened at Tue Mar 24 16:00:52 +0800 2015
@I [HLS-100] Command "config_clock -quiet -name default -period 10 -default=false "
@I [SYN-201] Setting up clock 'default' with a period of 10ns.
@I [HLS-100] Command 'config_clock' returned 0; elapsed 0Total elapsed time: 5.319 sec.
@I [HLS-100] Command "open_platform DefaultPlatform "
@I [HLS-100] Command 'open_platform' returned 0; elapsed 0Total elapsed time: 5.319 sec.
@I [HLS-100] Command "import_lib C:/EDA/Xilinx/Vivado_HLS/2013.3/common/technology/xilinx/zynq/zynq "
@I [HLS-100] Command "source C:/EDA/Xilinx/Vivado_HLS/2013.3/common/technology/xilinx/common/xilinx.lib "
@I [HLS-100] Command "source C:/EDA/Xilinx/Vivado_HLS/2013.3/common/technology/xilinx/interface/xilinx_interface.lib "
@I [HLS-100] Command "source C:/EDA/Xilinx/Vivado_HLS/2013.3/common/technology/xilinx/interface/plb46.lib "
@I [HLS-100] Command 'ap_source' returned 0; elapsed 0Total elapsed time: 5.320 sec.
@I [HLS-100] Command "source C:/EDA/Xilinx/Vivado_HLS/2013.3/common/technology/xilinx/interface/fsl.lib "
@I [HLS-100] Command 'ap_source' returned 0; elapsed 0Total elapsed time: 5.321 sec.
@I [HLS-100] Command "source C:/EDA/Xilinx/Vivado_HLS/2013.3/common/technology/xilinx/interface/axi4.lib "
@I [HLS-100] Command 'ap_source' returned 0; elapsed 0Total elapsed time: 5.321 sec.
@I [HLS-100] Command 'ap_source' returned 0; elapsed 0.001Total elapsed time: 5.321 sec.
@I [HLS-100] Command "source C:/EDA/Xilinx/Vivado_HLS/2013.3/common/technology/xilinx/common/dsp48.lib "
@I [HLS-100] Command 'ap_source' returned 0; elapsed 0.001Total elapsed time: 5.321 sec.
@I [HLS-100] Command "source C:/EDA/Xilinx/Vivado_HLS/2013.3/common/technology/xilinx/ip/xfft.lib "
@I [HLS-100] Command 'ap_source' returned 0; elapsed 0Total elapsed time: 5.321 sec.
@I [HLS-100] Command "source C:/EDA/Xilinx/Vivado_HLS/2013.3/common/technology/xilinx/ip/xfir.lib "
@I [HLS-100] Command 'ap_source' returned 0; elapsed 0Total elapsed time: 5.322 sec.
@I [HLS-100] Command 'ap_source' returned 0; elapsed 0.004Total elapsed time: 5.323 sec.
@I [HLS-100] Command "source C:/EDA/Xilinx/Vivado_HLS/2013.3/common/technology/xilinx/common/xilinx_old.lib "
@I [HLS-100] Command 'ap_source' returned 0; elapsed 0Total elapsed time: 5.325 sec.
@I [HLS-100] Command "source C:/EDA/Xilinx/Vivado_HLS/2013.3/common/technology/xilinx/common/xilinx_vivado.lib "
@I [HLS-100] Command 'ap_source' returned 0; elapsed 0Total elapsed time: 5.325 sec.
@I [HLS-100] Command "source C:/EDA/Xilinx/Vivado_HLS/2013.3/common/technology/xilinx/common/xilinx.hlp "
@I [HLS-100] Command "source C:/EDA/Xilinx/Vivado_HLS/2013.3/common/technology/xilinx/common/target_info.tcl "
@I [HLS-100] Command 'ap_source' returned 0; elapsed 0.001Total elapsed time: 5.329 sec.
@I [HLS-100] Command "source C:/EDA/Xilinx/Vivado_HLS/2013.3/common/technology/xilinx/common/dsp48.hlp "
@I [HLS-100] Command 'ap_source' returned 0; elapsed 0.001Total elapsed time: 5.330 sec.
@I [HLS-100] Command 'ap_source' returned 0; elapsed 0.003Total elapsed time: 5.330 sec.
@I [HLS-100] Command "source C:/EDA/Xilinx/Vivado_HLS/2013.3/common/technology/xilinx/zynq/dsp48e1.hlp "
@I [HLS-100] Command 'ap_source' returned 0; elapsed 0Total elapsed time: 5.331 sec.
@I [HLS-100] Command "get_default_platform "
@I [HLS-100] Command 'get_default_platform' returned 0; elapsed 0Total elapsed time: 5.331 sec.
@I [HLS-100] Command "config_chip_info -quiet -resource  {SLICE 13300}  {LUT 53200}     {FF 106400} {DSP48E 220}   {BRAM 280}  "
@I [HLS-100] Command 'config_chip_info' returned 0; elapsed 0Total elapsed time: 5.331 sec.
@I [HLS-100] Command "config_chip_info -quiet -speed medium "
@I [HLS-100] Command 'config_chip_info' returned 0; elapsed 0Total elapsed time: 5.331 sec.
@I [HLS-100] Command 'import_lib' returned 0; elapsed 0.013Total elapsed time: 5.332 sec.
@I [HLS-100] Command "source C:/EDA/Xilinx/Vivado_HLS/2013.3/common/technology/xilinx/zynq/zynq.gen "
@I [HLS-100] Command "source C:/EDA/Xilinx/Vivado_HLS/2013.3/common/technology/xilinx/common/virtex.gen "
@I [HLS-100] Command "source C:/EDA/Xilinx/Vivado_HLS/2013.3/common/technology/xilinx/common/xilinx.gen "
@I [HLS-100] Command "source C:/EDA/Xilinx/Vivado_HLS/2013.3/common/technology/xilinx/interface/plb46.gen "
@I [HLS-100] Command 'ap_source' returned 0; elapsed 0.001Total elapsed time: 5.335 sec.
@I [HLS-100] Command "source C:/EDA/Xilinx/Vivado_HLS/2013.3/common/technology/xilinx/interface/fsl.gen "
@I [HLS-100] Command 'ap_source' returned 0; elapsed 0.001Total elapsed time: 5.335 sec.
@I [HLS-100] Command "source C:/EDA/Xilinx/Vivado_HLS/2013.3/common/technology/xilinx/interface/axi4.gen "
@I [HLS-100] Command 'ap_source' returned 0; elapsed 0.003Total elapsed time: 5.339 sec.
@I [HLS-100] Command "source C:/EDA/Xilinx/Vivado_HLS/2013.3/common/technology/xilinx/scripts/xilinxcoregen.gen "
@I [HLS-100] Command 'ap_source' returned 0; elapsed 0.01Total elapsed time: 5.349 sec.
@I [HLS-100] Command "source C:/EDA/Xilinx/Vivado_HLS/2013.3/common/technology/xilinx/interface/XilEDKCoreGen.gen "
@I [HLS-100] Command 'ap_source' returned 0; elapsed 0.014Total elapsed time: 5.362 sec.
@I [HLS-100] Command "source C:/EDA/Xilinx/Vivado_HLS/2013.3/common/technology/xilinx/ip/util.gen "
@I [HLS-100] Command 'ap_source' returned 0; elapsed 0.001Total elapsed time: 5.363 sec.
@I [HLS-100] Command "source C:/EDA/Xilinx/Vivado_HLS/2013.3/common/technology/xilinx/ip/xfft.gen "
@I [HLS-100] Command 'ap_source' returned 0; elapsed 0.14Total elapsed time: 5.504 sec.
@I [HLS-100] Command "source C:/EDA/Xilinx/Vivado_HLS/2013.3/common/technology/xilinx/ip/xfir.gen "
@I [HLS-100] Command "source C:/EDA/Xilinx/Vivado_HLS/2013.3/tps/tcl/tcllib1.11.1/struct/list.tcl "
@I [HLS-100] Command "source C:/EDA/Xilinx/Vivado_HLS/2013.3/tps/tcl/tcllib1.11.1/cmdline/cmdline.tcl "
@I [HLS-100] Command 'ap_source' returned 0; elapsed 0.001Total elapsed time: 5.528 sec.
@I [HLS-100] Command 'ap_source' returned 0; elapsed 0.003Total elapsed time: 5.528 sec.
@I [HLS-100] Command "source C:/EDA/Xilinx/Vivado_HLS/2013.3/tps/tcl/tcllib1.11.1/math/bignum.tcl "
@I [HLS-100] Command 'ap_source' returned 0; elapsed 0.001Total elapsed time: 5.533 sec.
@I [HLS-100] Command 'ap_source' returned 0; elapsed 0.036Total elapsed time: 5.540 sec.
@I [HLS-100] Command 'ap_source' returned 0; elapsed 0.206Total elapsed time: 5.540 sec.
@I [HLS-100] Command "source C:/EDA/Xilinx/Vivado_HLS/2013.3/common/technology/xilinx/common/dsp48.gen "
@I [HLS-100] Command 'ap_source' returned 0; elapsed 0.001Total elapsed time: 5.541 sec.
@I [HLS-100] Command 'ap_source' returned 0; elapsed 0.209Total elapsed time: 5.541 sec.
@I [HLS-100] Command 'ap_source' returned 0; elapsed 0.209Total elapsed time: 5.541 sec.
@I [HLS-100] Command "open_platform DefaultPlatform "
@I [HLS-100] Command 'open_platform' returned 0; elapsed 0Total elapsed time: 5.541 sec.
@I [HLS-100] Command "import_lib C:/EDA/Xilinx/Vivado_HLS/2013.3/common/technology/xilinx/zynq/zynq_fpv6 "
@I [HLS-100] Command "source C:/EDA/Xilinx/Vivado_HLS/2013.3/common/technology/xilinx/common/xilinx_fpv7.lib "
@I [HLS-100] Command "source C:/EDA/Xilinx/Vivado_HLS/2013.3/common/technology/xilinx/common/xilinx_fpv6.lib "
@I [HLS-100] Command 'ap_source' returned 0; elapsed 0.001Total elapsed time: 5.543 sec.
@I [HLS-100] Command 'ap_source' returned 0; elapsed 0.003Total elapsed time: 5.544 sec.
@I [HLS-100] Command 'import_lib' returned 0; elapsed 0.017Total elapsed time: 5.558 sec.
@I [HLS-100] Command "source C:/EDA/Xilinx/Vivado_HLS/2013.3/common/technology/xilinx/zynq/zynq_fpv6.gen "
@I [HLS-100] Command "source C:/EDA/Xilinx/Vivado_HLS/2013.3/common/technology/xilinx/common/xilinx_fpv6.gen "
@I [HLS-100] Command 'ap_source' returned 0; elapsed 0.002Total elapsed time: 5.561 sec.
@I [HLS-100] Command 'ap_source' returned 0; elapsed 0.002Total elapsed time: 5.561 sec.
@I [HLS-100] Command "set_part xc7z020clg484-1 "
@I [HLS-100] Command "add_library xilinx/zynq/zynq:xc7z020:clg484:-1 "
@I [HLS-100] Command "get_default_platform "
@I [HLS-100] Command 'get_default_platform' returned 0; elapsed 0Total elapsed time: 5.564 sec.
@I [HLS-100] Command "license_exists VIVADO_HLS "
@I [HLS-100] Command 'license_exists' returned 0; elapsed 0Total elapsed time: 5.564 sec.
@I [HLS-100] Command "get_default_platform "
@I [HLS-100] Command 'get_default_platform' returned 0; elapsed 0Total elapsed time: 5.565 sec.
@I [HLS-100] Command "config_chip_info -quiet -resource  {SLICE 13300}  {LUT 53200}     {FF 106400} {DSP48E 220}   {BRAM 280}  "
@I [HLS-100] Command 'config_chip_info' returned 0; elapsed 0Total elapsed time: 5.565 sec.
@I [HLS-100] Command "config_chip_info -quiet -speed slow "
@I [HLS-100] Command 'config_chip_info' returned 0; elapsed 0Total elapsed time: 5.565 sec.
@I [HLS-100] Command 'add_library' returned 0; elapsed 0.002Total elapsed time: 5.566 sec.
@I [HLS-100] Command "add_library xilinx/zynq/zynq_fpv6 "
@I [HLS-100] Command "get_default_platform "
@I [HLS-100] Command 'get_default_platform' returned 0; elapsed 0Total elapsed time: 5.567 sec.
@I [HLS-100] Command "license_exists VIVADO_HLS "
@I [HLS-100] Command 'license_exists' returned 0; elapsed 0Total elapsed time: 5.567 sec.
@I [HLS-100] Command 'add_library' returned 0; elapsed 0.002Total elapsed time: 5.567 sec.
@I [HLS-10] Setting target device to 'xc7z020clg484-1'
@I [HLS-100] Command 'set_part' returned 0; elapsed 0.006Total elapsed time: 5.567 sec.
@I [HLS-100] Command "get_default_platform "
@I [HLS-100] Command 'get_default_platform' returned 0; elapsed 0Total elapsed time: 5.567 sec.
@I [HLS-100] Command "config_chip_info -quiet -resource  {SLICE 13300}  {LUT 53200}     {FF 106400} {DSP48E 220}   {BRAM 280}  "
@I [HLS-100] Command 'config_chip_info' returned 0; elapsed 0Total elapsed time: 5.567 sec.
@I [HLS-100] Command "config_chip_info -quiet -speed slow "
@I [HLS-100] Command 'config_chip_info' returned 0; elapsed 0Total elapsed time: 5.567 sec.
@I [HLS-100] Command 'open_solution' returned 0; elapsed 0.257Total elapsed time: 5.568 sec.
@I [HLS-100] Command "set_part xc7z020clg484-1 "
@I [HLS-100] Command "add_library xilinx/zynq/zynq:xc7z020:clg484:-1 "
@I [HLS-100] Command "get_default_platform "
@I [HLS-100] Command 'get_default_platform' returned 0; elapsed 0Total elapsed time: 5.570 sec.
@I [HLS-100] Command "license_exists VIVADO_HLS "
@I [HLS-100] Command 'license_exists' returned 0; elapsed 0Total elapsed time: 5.570 sec.
@I [HLS-100] Command "get_default_platform "
@I [HLS-100] Command 'get_default_platform' returned 0; elapsed 0Total elapsed time: 5.571 sec.
@I [HLS-100] Command "config_chip_info -quiet -resource  {SLICE 13300}  {LUT 53200}     {FF 106400} {DSP48E 220}   {BRAM 280}  "
@I [HLS-100] Command 'config_chip_info' returned 0; elapsed 0Total elapsed time: 5.571 sec.
@I [HLS-100] Command "config_chip_info -quiet -speed slow "
@I [HLS-100] Command 'config_chip_info' returned 0; elapsed 0Total elapsed time: 5.571 sec.
@I [HLS-100] Command 'add_library' returned 0; elapsed 0.003Total elapsed time: 5.572 sec.
@I [HLS-100] Command "add_library xilinx/zynq/zynq_fpv6 "
@I [HLS-100] Command "get_default_platform "
@I [HLS-100] Command 'get_default_platform' returned 0; elapsed 0Total elapsed time: 5.573 sec.
@I [HLS-100] Command "license_exists VIVADO_HLS "
@I [HLS-100] Command 'license_exists' returned 0; elapsed 0Total elapsed time: 5.574 sec.
@I [HLS-100] Command 'add_library' returned 0; elapsed 0.002Total elapsed time: 5.574 sec.
@I [HLS-100] Command 'set_part' returned 0; elapsed 0.006Total elapsed time: 5.574 sec.
@I [HLS-100] Command "create_clock -period 10 -name default "
@I [HLS-100] Command 'create_clock' returned 0; elapsed 0.002Total elapsed time: 5.577 sec.
@I [HLS-100] Command "source ./kmean-small/unroll-20/directives.tcl "
@I [HLS-100] Command "set_directive_resource -core AXI4LiteS -metadata -bus_bundle slv0 kmean_ip return "
@I [HLS-100] Command 'set_directive_resource' returned 0; elapsed 0.001Total elapsed time: 5.579 sec.
@I [HLS-100] Command "set_directive_resource -core RAM_1P_BRAM kmean_ip sub_in "
@I [HLS-100] Command 'set_directive_resource' returned 0; elapsed 0Total elapsed time: 5.579 sec.
@I [HLS-100] Command "set_directive_resource -core RAM_1P_BRAM kmean_ip sub_out "
@I [HLS-100] Command 'set_directive_resource' returned 0; elapsed 0Total elapsed time: 5.580 sec.
@I [HLS-100] Command "set_directive_unroll -skip_exit_check -factor 4 kmean_ip/kmean_ip_label0 "
@I [HLS-100] Command 'set_directive_unroll' returned 0; elapsed 0Total elapsed time: 5.580 sec.
@I [HLS-100] Command "set_directive_pipeline kmean_ip/kmean_ip_label0 "
@I [HLS-100] Command 'set_directive_pipeline' returned 0; elapsed 0Total elapsed time: 5.580 sec.
@I [HLS-100] Command 'ap_source' returned 0; elapsed 0.003Total elapsed time: 5.580 sec.
@I [HLS-100] Command "csynth_design "
@I [HLS-100] Command "elaborate -effort=medium -skip_syncheck=0 -lm=0 -skip_transform=0 -ng=0 -g=0 -opt_fp=0 "
@I [HLS-10] Importing test bench file 'kmean-small/src/main.c' ... 
@0 [HLS-0] Importing test bench file 'kmean-small/src/main.c' ... 
@I [HLS-10] Importing test bench file 'kmean-small/src/kmean.h' ... 
@0 [HLS-0] Importing test bench file 'kmean-small/src/kmean.h' ... 
@I [HLS-10] Analyzing design file 'kmean-small/src/kmean_ip.c' ... 
@0 [HLS-0] Analyzing design file 'kmean-small/src/kmean_ip.c' ... 
@I [HLS-0] Compiling one TU...
@I [HLS-0] 
Checking before pre-process: exec clang -gcc-toolchain "C:/EDA/Xilinx/Vivado_HLS/2013.3/msys" -hls    -D "__asm__(...)=" -fno-math-errno -c -emit-llvm -O0  -mllvm -disable-llvm-optzns -std=gnu89   -DAESL_SYN -D__SYNTHESIS__ -D__HLS_SYN__ -I "C:/EDA/Xilinx/Vivado_HLS/2013.3/common/technology/autopilot" -I "C:/EDA/Xilinx/Vivado_HLS/2013.3/common/technology/autopilot/ap_sysc" -include etc/autopilot_ssdm_op.h -D__cdecl=  "kmean-small/src/kmean_ip.c"  -o "D:/minibench/customization/kmean-small/unroll-20/.autopilot/db/kmean_ip.pp.00.o"

@I [HLS-0] Syntax Checker time: 0 seconds per iteration
@I [HLS-0] 
Source preprocessing: exec clang -gcc-toolchain "C:/EDA/Xilinx/Vivado_HLS/2013.3/msys" -hls -fno-exceptions  -D__llvm__  -CC -E "kmean-small/src/kmean_ip.c"     -D "__asm__(...)=" -fno-math-errno -c -emit-llvm -O0  -mllvm -disable-llvm-optzns -std=gnu89   -DAESL_SYN -D__SYNTHESIS__ -D__HLS_SYN__ -I "C:/EDA/Xilinx/Vivado_HLS/2013.3/common/technology/autopilot" -I "C:/EDA/Xilinx/Vivado_HLS/2013.3/common/technology/autopilot/ap_sysc" -include etc/autopilot_ssdm_op.h -D__cdecl= -D "__asm__(...)="  -o "D:/minibench/customization/kmean-small/unroll-20/.autopilot/db/kmean_ip.pp.0.c"

@I [HLS-0] GCC PP time: 0 seconds per iteration
@I [HLS-0] Setting directive 'RESOURCE' variable=positionBooleanTextRequiredreturn core=AXI4LiteS metadata=-bus_bundle slv0 
@I [HLS-0] Setting directive 'RESOURCE' variable=positionBooleanTextRequiredsub_in core=RAM_1P_BRAM 
@I [HLS-0] Setting directive 'RESOURCE' variable=positionBooleanTextRequiredsub_out core=RAM_1P_BRAM 
@I [HLS-0] Setting directive 'UNROLL' skip_exit_check=positionBoolean1 factor=4 
@I [HLS-0] Setting directive 'PIPELINE' 
@I [HLS-100] Command "list_core -type functional_unit "
@I [HLS-100] Command 'list_core' returned 0; elapsed 0.001Total elapsed time: 5.656 sec.
@I [HLS-0] Marker-Pragma convertor: D:/minibench/customization/kmean-small/unroll-20/.autopilot/db/kmean_ip.pp.0.c D:/minibench/customization/kmean-small/unroll-20/.autopilot/db/kmean_ip.pp.0.c.ap-line.c D:/minibench/customization/kmean-small/unroll-20/.autopilot/db/kmean_ip.pp.0.c.ap-line.c.CXX 1
@I [HLS-0] 
Source processor: exec C:/EDA/Xilinx/Vivado_HLS/2013.3/tps/win64/jre/bin/java -Xmx512m -classpath   "C:/EDA/Xilinx/Vivado_HLS/2013.3/lib/classes/autopilot.sourceprocessor.jar;C:/EDA/Xilinx/Vivado_HLS/2013.3/lib/classes/org.eclipse.cdt.core_5.3.0.xilinx_patch.jar;C:/EDA/Xilinx/Vivado_HLS/2013.3/lib/classes/org.eclipse.core.runtime_3.7.0.v20110110.jar;C:/EDA/Xilinx/Vivado_HLS/2013.3/lib/classes/org.eclipse.equinox.common_3.6.0.v20110523.jar;C:/EDA/Xilinx/Vivado_HLS/2013.3/lib/classes/com.ibm.icu_4.4.2.v20110208.jar;C:/EDA/Xilinx/Vivado_HLS/2013.3/lib/classes/jargs.jar;C:/EDA/Xilinx/Vivado_HLS/2013.3/win64/tools/eclipse/plugins/org.eclipse.emf.common_2.7.0.v20120127-1122.jar;C:/EDA/Xilinx/Vivado_HLS/2013.3/win64/tools/eclipse/plugins/org.eclipse.emf.ecore_2.7.0.v20120127-1122.jar;C:/EDA/Xilinx/Vivado_HLS/2013.3/win64/tools/eclipse/plugins/org.eclipse.emf.ecore.xmi_2.7.0.v20120127-1122.jar;C:/EDA/Xilinx/Vivado_HLS/2013.3/win64/tools/eclipse/plugins/com.autoesl.autopilot.ui.directiveFileModel_1.0.0.jar;C:/EDA/Xilinx/Vivado_HLS/2013.3/win64/tools/eclipse/plugins/com.autoesl.autopilot.ui.common_1.0.0.jar"  autopilot.sourceprocessor.CParser  "D:/minibench/customization/kmean-small/unroll-20/.autopilot/db/kmean_ip.pp.0.c.ap-line.c"  -m "kmean_ip" -o "D:/minibench/customization/kmean-small/unroll-20/.autopilot/db/kmean_ip.pp.0.c.ap-cdt.c" -c --ad --pc --pp --directive D:/minibench/customization/kmean-small/unroll-20/unroll-20.directive --source D:/minibench/customization/kmean-small/src/kmean_ip.c --error D:/minibench/customization/kmean-small/unroll-20/.autopilot/db --funcunit "AddSub AddSubnS Mul MulnS Mul2S Mul3S Mul4S Mul5S Mul6S DivnS AddSub_DSP FDiv FSqrt DDiv DSqrt DRecip DRSqrt FAddSub_nodsp FAddSub_fulldsp FMul_nodsp FMul_meddsp FMul_fulldsp FMul_maxdsp FRSqrt_nodsp FRSqrt_fulldsp FRecip_nodsp FRecip_fulldsp FLog_nodsp FLog_meddsp FLog_fulldsp FExp_nodsp FExp_meddsp FExp_fulldsp DAddSub_nodsp DAddSub_fulldsp DMul_nodsp DMul_meddsp DMul_fulldsp DMul_maxdsp DLog_nodsp DLog_meddsp DLog_fulldsp DExp_nodsp DExp_meddsp DExp_fulldsp" --ce --tcl D:/minibench/customization/kmean-small/unroll-20/.autopilot/db --lp --ca --gf --nk --df --pd --p2d D:/minibench/customization/kmean-small/unroll-20/.autopilot/db --sd --scff D:/minibench/customization/kmean-small/unroll-20/.autopilot/db/.systemc_flag

@I [HLS-0] Marker-Pragma convertor: D:/minibench/customization/kmean-small/unroll-20/.autopilot/db/kmean_ip.pp.0.c.ap-cdt.c D:/minibench/customization/kmean-small/unroll-20/.autopilot/db/kmean_ip.pragma.0.c D:/minibench/customization/kmean-small/unroll-20/.autopilot/db/kmean_ip.pragma.0.c.ap-line.CXX 0
@I [HLS-100] Command "source D:/minibench/customization/kmean-small/unroll-20/.autopilot/db/pragma.status.tcl "
@I [HLS-100] Command 'ap_source' returned 0; elapsed 0.001Total elapsed time: 6.777 sec.
@I [HLS-0] CDT processor time: 1 seconds per iteration
@I [HLS-0] Pragma handling time: 0 seconds per iteration
@I [HLS-0] 
Source preprocessing: exec clang -gcc-toolchain "C:/EDA/Xilinx/Vivado_HLS/2013.3/msys" -hls -fno-exceptions  -D__llvm__  -CC -E "D:/minibench/customization/kmean-small/unroll-20/.autopilot/db/kmean_ip.pragma.1.c"     -D "__asm__(...)=" -fno-math-errno -c -emit-llvm -O0  -mllvm -disable-llvm-optzns -std=gnu89   -DAESL_SYN -D__SYNTHESIS__ -D__HLS_SYN__ -I "C:/EDA/Xilinx/Vivado_HLS/2013.3/common/technology/autopilot" -I "C:/EDA/Xilinx/Vivado_HLS/2013.3/common/technology/autopilot/ap_sysc" -include etc/autopilot_ssdm_op.h -D__cdecl= -D "__asm__(...)="  -o "D:/minibench/customization/kmean-small/unroll-20/.autopilot/db/kmean_ip.pragma.2.c"

@I [HLS-0] exec clang -gcc-toolchain C:/EDA/Xilinx/Vivado_HLS/2013.3/msys -hls -fno-exceptions  -D__llvm__  -w  "D:/minibench/customization/kmean-small/unroll-20/.autopilot/db/kmean_ip.pragma.2.c"    -D "__asm__(...)=" -fno-math-errno -c -emit-llvm -O0  -mllvm -disable-llvm-optzns -std=gnu89  -DAESL_SYN -D__SYNTHESIS__ -D__HLS_SYN__ -I "C:/EDA/Xilinx/Vivado_HLS/2013.3/common/technology/autopilot" -I "C:/EDA/Xilinx/Vivado_HLS/2013.3/common/technology/autopilot/ap_sysc" -include etc/autopilot_ssdm_op.h -g -o "D:/minibench/customization/kmean-small/unroll-20/.autopilot/db/kmean_ip.g.bc"
@I [HLS-10] Validating synthesis directives ...
@0 [HLS-0] Validating synthesis directives ...
@I [HLS-100] Command "source D:/minibench/customization/kmean-small/unroll-20/.autopilot/db/pragma.status.tcl "
@I [HLS-100] Command 'ap_source' returned 0; elapsed 0.001Total elapsed time: 6.857 sec.
@I [HLS-0] Linking all ...
@I [HLS-0] exec llvm-ld  "D:/minibench/customization/kmean-small/unroll-20/.autopilot/db/kmean_ip.bc"  -disable-opt  -LC:/EDA/Xilinx/Vivado_HLS/2013.3/win64/lib -lm_basic -o "D:/minibench/customization/kmean-small/unroll-20/.autopilot/db/a.o.pre"
@I [HLS-0] Link time: 0 seconds per iteration
@I [HLS-0] Linking all ...
@I [HLS-0] exec llvm-ld  "D:/minibench/customization/kmean-small/unroll-20/.autopilot/db/kmean_ip.g.bc"  -disable-opt  -LC:/EDA/Xilinx/Vivado_HLS/2013.3/win64/lib -lm_basic -o "D:/minibench/customization/kmean-small/unroll-20/.autopilot/db/a.g.pre"
@I [HLS-0] Link time: 0 seconds per iteration
@I [HLS-100] Command "opt_and_import_c a -opt_level=2 -skip_syncheck=0 -ng=0 "
@I [HLS-100] Command "cleanup_all_models "
@I [HLS-100] Command 'cleanup_all_models' returned 0; elapsed 0Total elapsed time: 6.931 sec.
@I [HLS-10] Checking synthesizability ...
@0 [HLS-0] Checking synthesizability ...
@I [HLS-0] std xform: transform -hls -share-std-xform -always-inline -promote-dbg-pointer  -interface-preproc  -scalarrepl -mem2reg -keep-read-access -instcombine -dce  -promote-dbg-pointer  -bitop-raise  -basicaa  -simplifycfg -mem2reg -globalopt  -global-constprop -deadargelim -instcombine -simplifycfg  -prune-eh -simplifycfg  -scalarrepl -instcombine -reassociate -licm  -simplifycfg -loop-simplify -indvars -instcombine  -simplifycfg -mem2reg -loop-simplify -indvars -instcombine  -gvn -gvn -instcombine -dse -adce  -break-crit-edges  -simplifycfg -loop-delete  -global-array-opt  -find-syn-modules -top kmean_ip  -deadargelim  -mem2reg -instcombine -dce  -presyn-prepare -auto-rom-infer  -syn-check -check-rec-only  -find-region -simplifycfg -func-extr -function-inline  -mem2reg -instcombine -dce   -gvn -adce -adse  -constprop -instcombine -bit-constprop  -instcombine -dce -simplifycfg -bitop-raise  -simplifycfg -dce -loop-delete  -globalopt -global-privatize -mem2reg -dce  -global-constprop -pointer-simplify -constprop -dce  -promote-dbg-pointer  -norm-name   D:/minibench/customization/kmean-small/unroll-20/.autopilot/db/a.g.bc -o D:/minibench/customization/kmean-small/unroll-20/.autopilot/db/a.g.1.bc -f  -phase std-opt
@I [HLS-0] Std xform time: 0 seconds per iteration
@I [HLS-0] syn check 1/2: transform -hls -syn-check -check-rec-only -disaggr -scalarrepl -norm-name -dce  -mem2reg -instcombine  -directive-preproc -mem2reg -dse -dce -auto-rom-infer -dce  -array-normalize -instcombine -dce  -array-seg-normalize -instcombine -dce  -array-flatten -instcombine -dce  -array-burst -dce  -deadargelim -promote-global-argument  -doublePtrSimplify -doublePtrElim -dce  -doublePtrSimplify -promote-dbg-pointer  -dce -scalarrepl -dse -adse -instcombine  -ptrLegalization  -simplifycfg -dce -instcombine  -pointer-simplify -ptrArgReplace -dce -instcombine   -disaggr -scalarrepl -norm-name -dce  -mem2reg -instcombine -ptrLegalization   -simplifycfg  -instcombine -dce -inst-simplify  -directive-preproc -mem2reg -dse -dce  -globaldce    D:/minibench/customization/kmean-small/unroll-20/.autopilot/db/a.g.1.bc -o D:/minibench/customization/kmean-small/unroll-20/.autopilot/db/a.g.2.prechk.bc -f
@I [HLS-0] Syn check 1/2 time: 0 seconds per iteration
@I [HLS-0] syn check 2/2: transform -syn-check   -interface-gen -constprop -dse -dce  D:/minibench/customization/kmean-small/unroll-20/.autopilot/db/a.g.2.prechk.bc -o D:/minibench/customization/kmean-small/unroll-20/.autopilot/db/a.g.2.bc -f  -phase syn-check
@I [HLS-0] Syn check 2/2 time: 0 seconds per iteration
@I [HLS-10] Starting code transformations ...
@0 [HLS-0] Starting code transformations ...
@I [HLS-0] Compiler optimizing ...
@I [HLS-0] Share syncheck's 1.bc for syn flow: copy D:/minibench/customization/kmean-small/unroll-20/.autopilot/db/a.g.1.bc to D:/minibench/customization/kmean-small/unroll-20/.autopilot/db/a.o.1.bc
@I [HLS-0] presyn 1: transform -hls  -directive-preproc -mem2reg -dse -dce  -disaggr -scalarrepl -norm-name -deadargelim  -mem2reg -instcombine -dce -auto-rom-infer -dce  -directive-preproc -mem2reg -dse -dce  -func-buffer -dce -array-normalize  -func-legal -instcombine -gvn -constprop -dce   -ptrArgReplace -mem2reg -instcombine -dce  -array-seg-normalize -global-constprop -deadargelim  -instcombine -dce  -pointer-simplify -dce  -data-pack -instcombine -dce   -loop-simplify -indvars -instcombine  -gvn -loop-simplify -mem2reg -dce -simplifycfg  -find-region -instcombine  -array-burst -dce  -inst-simplify  -interface-preproc  -indvars -auto-loop-unroll -loop-simplify -xunroll  -constprop -instcombine -simplifycfg -indvars  -simplifycfg -dce -globaldce  -gvn -disable-agg-range -inst-simplify  -constprop -simplifycfg -dce  -pointer-simplify -dce  -array-transform-check  -globalopt -constprop -dce  -array-promote -constprop -instcombine -dce -auto-par -array-partition -instcombine -dce  -global-constprop -deadargelim -ptrArgReplace -mem2reg  -func-legal -instcombine -dce  -array-reshape -instcombine -simplifycfg -dce   -mem-intrinsic-preproc -dce  -global-privatize  -mem2reg -globaldce  -promote-global-argument  -ptrArgReplace -mem2reg -instcombine -dce  -globalopt -mergereturn -simplify-global-access -mem2reg -dce  -pointer-simplify -dce  -functionattrs  -basicaa -aggr-aa -aggrmodref-aa -aggr-aa -gvn -gvn  -basicaa -aggr-aa -aggrmodref-aa -aggr-aa -dse -adse -adce  -inst-simplify -dce -norm-name  -function-inline  -func-inst -constprop -instcombine -simplifycfg -dce  -func-legal -dce   -directive-preproc -mem2reg -dse -dce  -loop-bound  -arraycheck -bitwidthmin -on-by-dataflow  -instcombine -simplifycfg -dce -loop-simplify -simplifycfg -loop-stream -instcombine -simplifycfg -dce -globaldce  -funstream-prep -function-stream -dce -globaldce  -array-streaming -instcombine -simplifycfg -dce      -group-axi-access  -simplifycfg -dce -loop-delete  -norm-name  D:/minibench/customization/kmean-small/unroll-20/.autopilot/db/a.o.1.bc -o D:/minibench/customization/kmean-small/unroll-20/.autopilot/db/a.o.1.tmp.bc -f
@I [XFORM-501] Unrolling loop 'kmean_ip_label0' (kmean-small/src/kmean_ip.c:20) in function 'kmean_ip' partially with a factor of 4.
@I [HLS-0] Presyn 1 time: 0 seconds per iteration
@I [HLS-0] presyn 2: transform -hls -keep-callgraph -scalarrepl -mem2reg  -indvars -loop-bound  -instcombine -dce  -merge-array-access -mem2reg -dce  -clean-region -mergereturn -if-conv  -instcombine -dce -constprop  -basicaa -aggr-aa -aggrmodref-aa -aggr-aa -gvn -gvn  -basicaa -aggr-aa -aggrmodref-aa -aggr-aa -dse -adse -adce  -scalarrepl -mem2reg  -global-constprop -deadargelim -deadargelim  -instcombine -dce -simplifycfg    -ptrArgReplace -mem2reg -function-inline  -mem2reg -instcombine -dce -expr-balance  -instcombine -dce  -bitwidthmin  -directive-preproc  -inst-rectify -instcombine -dce  -functionattrs  -constprop -instcombine -bit-constprop  -globalopt -globaldce  -inst-simplify -instcombine -elimdeaddata -dce  -loop-delete -simplifycfg   -norm-name D:/minibench/customization/kmean-small/unroll-20/.autopilot/db/a.o.1.tmp.bc -o D:/minibench/customization/kmean-small/unroll-20/.autopilot/db/a.o.2.bc -f  -phase presyn
@I [HLS-0] Presyn 2 time: 0 seconds per iteration
@I [HLS-0] build ssdm: transform -hls -function-uniquify -auto-function-inline  -loop-simplify -indvars -licm -loop-dep  -loop-bound -licm -loop-simplify -flattenloopnest  -array-flatten -gvn -instcombine -dce  -promote-global-argument  -array-map -dce -func-legal  -gvn -adce -instcombine -cfgopt -simplifycfg -loop-simplify   -basicaa -aggrmodref-aa -globalsmodref-aa -aggr-aa -gvn -gvn  -basicaa -aggrmodref-aa -globalsmodref-aa -aggr-aa -dse -adse -adce  -inst-simplify -dce  -array-streaming -instcombine  -dce   -deadargelim -doublePtrSimplify -doublePtrElim  -dce -doublePtrSimplify -promote-dbg-pointer -dce  -scalarrepl -mem2reg -disaggr -norm-name -mem2reg  -instcombine  -dse -adse -adce -ptrLegalization -dce -instcombine  -loop-rot -constprop -cfgopt -simplifycfg -indvars -pointer-simplify -dce -loop-bound  -loop-simplify -loop-preproc  -constprop -gvn -mem2reg -instcombine -dce  -loop-merge -dce  -bitwidthmin  -directive-preproc -inst-simplify -dce  -interface-gen -gvn -mem2reg -instcombine -dce -adse  -loop-bound  -instcombine -cfgopt -simplifycfg -loop-simplify  -clean-region -io-protocol  -find-region -mem2reg  -loop-simplify -phi-opt -bitop-raise  -inst-simplify -inst-rectify -instcombine -adce  -cfgopt -simplifycfg -strip-dead-prototypes  -interface-lower -bitop-lower -intrinsic-lower  -basicaa -aggrmodref-aa -globalsmodref-aa -aggr-aa  -inst-simplify -simplifycfg   -mergereturn -inst-simplify -inst-rectify -dce -bitop-lower  -loop-rewind -cfgopt  -norm-name -legalize -read-loop-dep -dce -bitwidth   -cdfg-build  D:/minibench/customization/kmean-small/unroll-20/.autopilot/db/a.o.2.bc -o D:/minibench/customization/kmean-small/unroll-20/.autopilot/db/a.o.3.bc -f  -phase build-ssdm
@I [HLS-0] Build ssdm time: 0 seconds per iteration
@I [HLS-0] Finish building internal data model.
@I [HLS-100] Command 'opt_and_import_c' returned 0; elapsed 0.655Total elapsed time: 7.585 sec.
@I [HLS-111] Elapsed time: 7.613 seconds; current memory usage: 41.2 MB.
@I [HLS-100] Command 'elaborate' returned 0; elapsed 2.03Total elapsed time: 7.609 sec.
@I [HLS-100] Command "autosyn "
@I [HLS-10] Starting hardware synthesis ...
@0 [HLS-0] Starting hardware synthesis ...
@I [HLS-0] Synthesizing C/C++ design ...
@I [HLS-10] Synthesizing 'kmean_ip' ...
@0 [HLS-0] Synthesizing 'kmean_ip' ...
@I [HLS-100] Command "ap_set_top_model kmean_ip "
@I [HLS-100] Command 'ap_set_top_model' returned 0; elapsed 0Total elapsed time: 7.611 sec.
@I [HLS-100] Command "get_model_list kmean_ip -filter all-wo-channel -topdown "
@I [HLS-100] Command 'get_model_list' returned 0; elapsed 0Total elapsed time: 7.611 sec.
@I [HLS-100] Command "preproc_iomode -model kmean_ip "
@I [HLS-100] Command 'preproc_iomode' returned 0; elapsed 0Total elapsed time: 7.611 sec.
@I [HLS-100] Command "get_model_list kmean_ip -filter all-wo-channel "
@I [HLS-100] Command 'get_model_list' returned 0; elapsed 0Total elapsed time: 7.612 sec.
@I [HLS-0] Model list for configure: kmean_ip
@I [HLS-0] Configuring Module : kmean_ip ...
@I [HLS-100] Command "set_default_model kmean_ip "
@I [HLS-100] Command 'set_default_model' returned 0; elapsed 0Total elapsed time: 7.612 sec.
@I [HLS-100] Command "apply_spec_resource_limit kmean_ip "
@I [HLS-100] Command 'apply_spec_resource_limit' returned 0; elapsed 0.001Total elapsed time: 7.612 sec.
@I [HLS-0] Model list for preprocess: kmean_ip
@I [HLS-0] Preprocessing Module: kmean_ip ...
@I [HLS-100] Command "set_default_model kmean_ip "
@I [HLS-100] Command 'set_default_model' returned 0; elapsed 0Total elapsed time: 7.612 sec.
@I [HLS-100] Command "cdfg_preprocess -model kmean_ip "
@I [HLS-100] Command 'cdfg_preprocess' returned 0; elapsed 0.022Total elapsed time: 7.635 sec.
@I [HLS-100] Command "rtl_gen_preprocess kmean_ip "
@I [HLS-100] Command 'rtl_gen_preprocess' returned 0; elapsed 0.001Total elapsed time: 7.635 sec.
@I [HLS-0] Model list for synthesis: kmean_ip
@I [HLS-10] ----------------------------------------------------------------
@0 [HLS-0] ----------------------------------------------------------------
@I [HLS-10] -- Scheduling module 'kmean_ip' 
@0 [HLS-0] -- Scheduling module 'kmean_ip' 
@I [HLS-10] ----------------------------------------------------------------
@0 [HLS-0] ----------------------------------------------------------------
@I [HLS-100] Command "set_default_model kmean_ip "
@I [HLS-100] Command 'set_default_model' returned 0; elapsed 0Total elapsed time: 7.636 sec.
@I [HLS-100] Command "schedule -model kmean_ip "
@I [SCHED-11] Starting scheduling ...
@I [SCHED-61] Pipelining loop 'kmean_ip_label0'.
@W [SCHED-68] Unable to enforce a carried dependency constraint (II = 1, distance = 1)
   between 'store' operation (kmean-small/src/kmean_ip.c:34) of variable 'tmp_23' on array 'sub_out' and 'load' operation ('sub_out_load', kmean-small/src/kmean_ip.c:34) on array 'sub_out'.
@W [SCHED-68] Unable to enforce a carried dependency constraint (II = 2, distance = 1)
   between 'store' operation (kmean-small/src/kmean_ip.c:34) of variable 'tmp_23_1' on array 'sub_out' and 'load' operation ('sub_out_load', kmean-small/src/kmean_ip.c:34) on array 'sub_out'.
@W [SCHED-68] Unable to enforce a carried dependency constraint (II = 3, distance = 1)
   between 'store' operation (kmean-small/src/kmean_ip.c:34) of variable 'tmp_23_1' on array 'sub_out' and 'load' operation ('sub_out_load', kmean-small/src/kmean_ip.c:34) on array 'sub_out'.
@W [SCHED-68] Unable to enforce a carried dependency constraint (II = 4, distance = 1)
   between 'store' operation (kmean-small/src/kmean_ip.c:34) of variable 'tmp_23_2' on array 'sub_out' and 'load' operation ('sub_out_load', kmean-small/src/kmean_ip.c:34) on array 'sub_out'.
@W [SCHED-69] Unable to schedule 'load' operation ('sub_in_load_10', kmean-small/src/kmean_ip.c:21) on array 'sub_in' due to limited memory ports.
@I [SCHED-61] Pipelining result: Target II: 1, Final II: 96, Depth: 113.
@I [SCHED-11] Finished scheduling.
@I [HLS-100] Command 'schedule' returned 0; elapsed 3.544Total elapsed time: 11.180 sec.
@I [HLS-111] Elapsed time: 3.599 seconds; current memory usage: 45.8 MB.
@I [HLS-100] Command "report -o D:/minibench/customization/kmean-small/unroll-20/.autopilot/db/kmean_ip.verbose.sched.rpt -verbose -f "
@I [HLS-100] Command 'report' returned 0; elapsed 0.021Total elapsed time: 11.231 sec.
@I [HLS-100] Command "db_write -o D:/minibench/customization/kmean-small/unroll-20/.autopilot/db/kmean_ip.sched.adb -f "
@I [HLS-100] Command 'db_write' returned 0; elapsed 0.096Total elapsed time: 11.327 sec.
@I [HLS-0] Finish scheduling kmean_ip.
@I [HLS-10] ----------------------------------------------------------------
@0 [HLS-0] ----------------------------------------------------------------
@I [HLS-10] -- Exploring micro-architecture for module 'kmean_ip' 
@0 [HLS-0] -- Exploring micro-architecture for module 'kmean_ip' 
@I [HLS-10] ----------------------------------------------------------------
@0 [HLS-0] ----------------------------------------------------------------
@I [HLS-100] Command "set_default_model kmean_ip "
@I [HLS-100] Command 'set_default_model' returned 0; elapsed 0Total elapsed time: 11.329 sec.
@I [HLS-100] Command "bind -model kmean_ip "
@I [BIND-110] clear=
@I [BIND-110] debug=
@I [BIND-110] drf=
@I [BIND-110] effort=
@I [BIND-110] fast_refine=
@I [BIND-110] fu_weight=[ 0.0 -- 1.0 ]
@I [BIND-110] global_opt=
@I [BIND-110] gsearch=
@I [BIND-110] help=
@I [BIND-110] help-hidden=
@I [BIND-110] min_mem_port=
@I [BIND-110] min_op=
@I [BIND-110] minreg=
@I [BIND-110] ml=
@I [BIND-110] model=kmean_ip
@I [BIND-110] no_false_path=
@I [BIND-110] no_min_op=
@I [BIND-110] normalize=
@I [BIND-110] quiet=
@I [BIND-110] refine=
@I [BIND-110] reg_weight=[ 0.0 -- 1.0 ]
@I [BIND-110] search=
@I [BIND-110] tight_delay=
@I [BIND-110] verbose=
@I [BIND-110] wFF=
@I [BIND-110] wFU=
@I [BIND-110] wMUX=
@I [BIND-110] wNET=
@I [BIND-100] Starting micro-architecture generation ...
@I [BIND-101] Performing variable lifetime analysis.
@I [BIND-101] Exploring resource sharing.
@I [BIND-101] Binding ...
@I [BIND-100] Finished micro-architecture generation.
@I [HLS-100] Command 'bind' returned 0; elapsed 0.15Total elapsed time: 11.479 sec.
@I [HLS-111] Elapsed time: 0.302 seconds; current memory usage: 47.1 MB.
@I [HLS-100] Command "report -o D:/minibench/customization/kmean-small/unroll-20/.autopilot/db/kmean_ip.verbose.bind.rpt -verbose -f "
@I [HLS-100] Command 'report' returned 0; elapsed 0.251Total elapsed time: 11.762 sec.
@I [HLS-100] Command "db_write -o D:/minibench/customization/kmean-small/unroll-20/.autopilot/db/kmean_ip.bind.adb -f "
@I [HLS-100] Command 'db_write' returned 0; elapsed 0.109Total elapsed time: 11.870 sec.
@I [HLS-0] Finish binding kmean_ip.
@I [HLS-100] Command "get_model_list kmean_ip -filter all-wo-channel "
@I [HLS-100] Command 'get_model_list' returned 0; elapsed 0Total elapsed time: 11.870 sec.
@I [HLS-0] Preprocessing for RTLGen ...
@I [HLS-100] Command "rtl_gen_preprocess kmean_ip "
@I [HLS-100] Command 'rtl_gen_preprocess' returned 0; elapsed 0Total elapsed time: 11.871 sec.
@I [HLS-0] Model list for RTL generation: kmean_ip
@I [HLS-10] ----------------------------------------------------------------
@0 [HLS-0] ----------------------------------------------------------------
@I [HLS-10] -- Generating RTL for module 'kmean_ip' 
@0 [HLS-0] -- Generating RTL for module 'kmean_ip' 
@I [HLS-10] ----------------------------------------------------------------
@0 [HLS-0] ----------------------------------------------------------------
@I [HLS-100] Command "create_rtl_model kmean_ip -vendor xilinx -mg_file D:/minibench/customization/kmean-small/unroll-20/.autopilot/db/kmean_ip.compgen.tcl "
@I [RTGEN-500] Setting interface mode on port 'kmean_ip/sub_in' to 'ap_memory'.
@I [RTGEN-500] Setting interface mode on port 'kmean_ip/sub_out' to 'ap_memory'.
@I [RTGEN-500] Setting interface mode on function 'kmean_ip' to 'ap_ctrl_hs'.
@I [RTGEN-100] Generating core module 'kmean_ip_mul_32s_32s_32_6': 32 instance(s).
@I [RTGEN-100] Finished creating RTL model for 'kmean_ip'.
@I [HLS-100] Command 'create_rtl_model' returned 0; elapsed 0.201Total elapsed time: 12.74 sec.
@I [HLS-111] Elapsed time: 0.6 seconds; current memory usage: 51.1 MB.
@I [HLS-100] Command "source D:/minibench/customization/kmean-small/unroll-20/.autopilot/db/kmean_ip.rtl_wrap.cfg.tcl "
@I [HLS-100] Command 'ap_source' returned 0; elapsed 0Total elapsed time: 12.111 sec.
@I [HLS-100] Command "gen_rtl kmean_ip -istop -style xilinx -tracefl mytrace -tracefmt vcd -traceopt all -f -lang sc -o D:/minibench/customization/kmean-small/unroll-20/syn/systemc/kmean_ip -synmodules kmean_ip "
@I [HLS-100] Command 'gen_rtl' returned 0; elapsed 0.014Total elapsed time: 12.126 sec.
@I [HLS-100] Command "gen_rtl kmean_ip -istop -style xilinx -f -lang vhdl -o D:/minibench/customization/kmean-small/unroll-20/syn/vhdl/kmean_ip "
@I [HLS-100] Command 'gen_rtl' returned 0; elapsed 0.085Total elapsed time: 12.210 sec.
@I [HLS-100] Command "gen_rtl kmean_ip -istop -style xilinx -f -lang vlog -o D:/minibench/customization/kmean-small/unroll-20/syn/verilog/kmean_ip "
@I [HLS-100] Command 'gen_rtl' returned 0; elapsed 0.088Total elapsed time: 12.299 sec.
@I [HLS-100] Command "export_constraint_db -o D:/minibench/customization/kmean-small/unroll-20/.autopilot/db/kmean_ip.constraint.tcl -f -tool general "
@I [HLS-100] Command 'export_constraint_db' returned 0; elapsed 0Total elapsed time: 12.299 sec.
@I [HLS-100] Command "report -model kmean_ip -o D:/minibench/customization/kmean-small/unroll-20/.autopilot/db/kmean_ip.design.xml -verbose -f -dv "
@I [HLS-100] Command 'report' returned 0; elapsed 0.153Total elapsed time: 12.452 sec.
@I [HLS-100] Command "gen_tb_info kmean_ip -o D:/minibench/customization/kmean-small/unroll-20/.autopilot/db/kmean_ip -p D:/minibench/customization/kmean-small/unroll-20/.autopilot/db "
@I [HLS-100] Command 'gen_tb_info' returned 0; elapsed 0.001Total elapsed time: 12.454 sec.
@I [HLS-100] Command "report -model kmean_ip -o D:/minibench/customization/kmean-small/unroll-20/syn/report/kmean_ip_csynth.rpt -f "
@I [HLS-100] Command 'report' returned 0; elapsed 0.088Total elapsed time: 12.543 sec.
@I [HLS-100] Command "report -model kmean_ip -o D:/minibench/customization/kmean-small/unroll-20/syn/report/kmean_ip_csynth.xml -f -x "
@I [HLS-100] Command 'report' returned 0; elapsed 0.076Total elapsed time: 12.619 sec.
@I [HLS-100] Command "report -model kmean_ip -o D:/minibench/customization/kmean-small/unroll-20/.autopilot/db/kmean_ip.verbose.rpt -verbose -f "
@I [HLS-100] Command 'report' returned 0; elapsed 0.38Total elapsed time: 13.0 sec.
@I [HLS-100] Command "db_write -model kmean_ip -o D:/minibench/customization/kmean-small/unroll-20/.autopilot/db/kmean_ip.adb -f "
@I [HLS-100] Command 'db_write' returned 0; elapsed 0.253Total elapsed time: 13.253 sec.
@I [HLS-100] Command "sc_get_clocks kmean_ip "
@I [HLS-100] Command 'sc_get_clocks' returned 0; elapsed 0Total elapsed time: 13.457 sec.
@I [HLS-100] Command "sc_get_portdomain kmean_ip "
@I [HLS-100] Command 'sc_get_portdomain' returned 0; elapsed 0Total elapsed time: 13.457 sec.
@I [HLS-0] Model list for RTL component generation: kmean_ip
@I [HLS-0] Handling components in module [kmean_ip] ... 
@I [HLS-100] Command "source D:/minibench/customization/kmean-small/unroll-20/.autopilot/db/kmean_ip.compgen.tcl "
@I [HLS-0] Found component kmean_ip_mul_32s_32s_32_6.
@I [HLS-0] Append model kmean_ip_mul_32s_32s_32_6
@I [HLS-100] Command 'ap_source' returned 0; elapsed 0.001Total elapsed time: 13.461 sec.
@I [HLS-0] Append model kmean_ip
@I [HLS-0] Generating RTL model list ...
@I [HLS-0] All models in this session: kmean_ip_mul_32s_32s_32_6 kmean_ip
@I [HLS-0] To file: write model kmean_ip_mul_32s_32s_32_6
@I [HLS-0] To file: write model kmean_ip
@I [HLS-0] Finished generating RTL model list.


@I [HLS-0] RTL Generation done.
@I [HLS-0] CAS Generation done.
@I [HLS-0] CBC Generation done.
@I [HLS-100] Command "export_ssdm D:/minibench/customization/kmean-small/unroll-20/.autopilot/db/a.export.ll "
@I [HLS-100] Command 'export_ssdm' returned 0; elapsed 0.001Total elapsed time: 13.464 sec.
@I [HLS-100] Command "source D:/minibench/customization/kmean-small/unroll-20/.autopilot/db/global.setting.tcl "
@I [HLS-100] Command 'ap_source' returned 0; elapsed 0Total elapsed time: 13.468 sec.
@I [HLS-100] Command "source C:/EDA/Xilinx/Vivado_HLS/2013.3/common/technology/generic/autopilot/common.gen "
@I [HLS-100] Command "source C:/EDA/Xilinx/Vivado_HLS/2013.3/common/technology/generic/autopilot/APCoreGen.gen "
@I [HLS-100] Command 'ap_source' returned 0; elapsed 0.001Total elapsed time: 13.470 sec.
@I [HLS-100] Command 'ap_source' returned 0; elapsed 0.001Total elapsed time: 13.470 sec.
@I [HLS-100] Command "source C:/EDA/Xilinx/Vivado_HLS/2013.3/common/technology/generic/autopilot/op.gen "
@I [HLS-100] Command 'ap_source' returned 0; elapsed 0Total elapsed time: 13.471 sec.
@I [HLS-100] Command "source C:/EDA/Xilinx/Vivado_HLS/2013.3/common/technology/generic/autopilot/op_simcore.gen "
@I [HLS-100] Command 'ap_source' returned 0; elapsed 0.001Total elapsed time: 13.472 sec.
@I [HLS-100] Command "source C:/EDA/Xilinx/Vivado_HLS/2013.3/common/technology/generic/autopilot/interface.gen "
@I [HLS-100] Command 'ap_source' returned 0; elapsed 0.001Total elapsed time: 13.472 sec.
@I [HLS-100] Command "source D:/minibench/customization/kmean-small/unroll-20/.autopilot/db/global.setting.tcl "
@I [HLS-100] Command 'ap_source' returned 0; elapsed 0Total elapsed time: 13.473 sec.
@I [HLS-100] Command "source C:/EDA/Xilinx/Vivado_HLS/2013.3/common/technology/xilinx/zynq/zynq.gen "
@I [HLS-100] Command "source C:/EDA/Xilinx/Vivado_HLS/2013.3/common/technology/xilinx/common/virtex.gen "
@I [HLS-100] Command "source C:/EDA/Xilinx/Vivado_HLS/2013.3/common/technology/xilinx/common/xilinx.gen "
@I [HLS-100] Command "source C:/EDA/Xilinx/Vivado_HLS/2013.3/common/technology/xilinx/interface/plb46.gen "
@I [HLS-100] Command 'ap_source' returned 0; elapsed 0.001Total elapsed time: 13.476 sec.
@I [HLS-100] Command "source C:/EDA/Xilinx/Vivado_HLS/2013.3/common/technology/xilinx/interface/fsl.gen "
@I [HLS-100] Command 'ap_source' returned 0; elapsed 0.001Total elapsed time: 13.476 sec.
@I [HLS-100] Command "source C:/EDA/Xilinx/Vivado_HLS/2013.3/common/technology/xilinx/interface/axi4.gen "
@I [HLS-100] Command 'ap_source' returned 0; elapsed 0.003Total elapsed time: 13.479 sec.
@I [HLS-100] Command "source C:/EDA/Xilinx/Vivado_HLS/2013.3/common/technology/xilinx/scripts/xilinxcoregen.gen "
@I [HLS-100] Command 'ap_source' returned 0; elapsed 0.009Total elapsed time: 13.489 sec.
@I [HLS-100] Command "source C:/EDA/Xilinx/Vivado_HLS/2013.3/common/technology/xilinx/interface/XilEDKCoreGen.gen "
@I [HLS-100] Command 'ap_source' returned 0; elapsed 0.013Total elapsed time: 13.501 sec.
@I [HLS-100] Command "source C:/EDA/Xilinx/Vivado_HLS/2013.3/common/technology/xilinx/ip/util.gen "
@I [HLS-100] Command 'ap_source' returned 0; elapsed 0.001Total elapsed time: 13.502 sec.
@I [HLS-100] Command "source C:/EDA/Xilinx/Vivado_HLS/2013.3/common/technology/xilinx/ip/xfft.gen "
@I [HLS-100] Command 'ap_source' returned 0; elapsed 0.134Total elapsed time: 13.637 sec.
@I [HLS-100] Command "source C:/EDA/Xilinx/Vivado_HLS/2013.3/common/technology/xilinx/ip/xfir.gen "
@I [HLS-100] Command 'ap_source' returned 0; elapsed 0.031Total elapsed time: 13.668 sec.
@I [HLS-100] Command 'ap_source' returned 0; elapsed 0.194Total elapsed time: 13.668 sec.
@I [HLS-100] Command "source C:/EDA/Xilinx/Vivado_HLS/2013.3/common/technology/xilinx/common/dsp48.gen "
@I [HLS-100] Command 'ap_source' returned 0; elapsed 0Total elapsed time: 13.669 sec.
@I [HLS-100] Command 'ap_source' returned 0; elapsed 0.197Total elapsed time: 13.669 sec.
@I [HLS-100] Command 'ap_source' returned 0; elapsed 0.197Total elapsed time: 13.669 sec.
@I [HLS-100] Command "source C:/EDA/Xilinx/Vivado_HLS/2013.3/common/technology/xilinx/zynq/zynq_fpv6.gen "
@I [HLS-100] Command "source C:/EDA/Xilinx/Vivado_HLS/2013.3/common/technology/xilinx/common/xilinx_fpv6.gen "
@I [HLS-100] Command 'ap_source' returned 0; elapsed 0.002Total elapsed time: 13.671 sec.
@I [HLS-100] Command 'ap_source' returned 0; elapsed 0.002Total elapsed time: 13.671 sec.
@I [HLS-100] Command "source D:/minibench/customization/kmean-small/unroll-20/.autopilot/db/global.setting.tcl "
@I [HLS-100] Command 'ap_source' returned 0; elapsed 0Total elapsed time: 13.673 sec.
@I [HLS-100] Command "source D:/minibench/customization/kmean-small/unroll-20/.autopilot/db/global.setting.tcl "
@I [HLS-100] Command 'ap_source' returned 0; elapsed 0Total elapsed time: 13.674 sec.
@I [HLS-100] Command "source D:/minibench/customization/kmean-small/unroll-20/.autopilot/db/kmean_ip.compgen.tcl "
@I [RTMG-282] Generating pipelined core: 'kmean_ip_mul_32s_32s_32_6_MulnS_0'
@I [HLS-100] Command 'ap_source' returned 0; elapsed 0.019Total elapsed time: 13.694 sec.
@I [HLS-10] Finished generating all RTL models.
@0 [HLS-0] Finished generating all RTL models.
@I [WSYSC-301] Generating RTL SystemC for 'kmean_ip'.
@I [WVHDL-304] Generating RTL VHDL for 'kmean_ip'.
@I [WVLOG-307] Generating RTL Verilog for 'kmean_ip'.
@I [HLS-100] Command 'autosyn' returned 0; elapsed 6.095Total elapsed time: 13.704 sec.
@I [HLS-100] Command 'csynth_design' returned 0; elapsed 8.125Total elapsed time: 13.704 sec.
@I [HLS-100] Command "cleanup_all "
@I [HLS-100] Command 'cleanup_all' returned 0; elapsed 0.007Total elapsed time: 13.712 sec.
