INFO:sim:172 - Generating IP...
Applying current project options...
Finished applying current project options.
Resolving generics for 'IO_Buffer'...
WARNING:sim - A core named 'IO_Buffer' already exists in the project. Output
   products for this core may be overwritten.
Applying external generics to 'IO_Buffer'...
Delivering associated files for 'IO_Buffer'...
Delivering EJava files for 'IO_Buffer'...
Generating implementation netlist for 'IO_Buffer'...
INFO:sim - Pre-processing HDL files for 'IO_Buffer'...
Running synthesis for 'IO_Buffer'
Running ngcbuild...
Writing VEO instantiation template for 'IO_Buffer'...
Writing Verilog behavioral simulation model for 'IO_Buffer'...
WARNING:sim - Overwriting existing file
   D:/minibench/scgra/zc706/cgra2x2-tuning/cgra2x2-tuning.srcs/sources_1/ip/blk_
   mem_gen_v7_3_0/tmp/_cg/IO_Buffer/doc/blk_mem_gen_v7_3_vinfo.html with file
   from view xilinx_documentation
Delivered 1 file into directory
D:/minibench/scgra/zc706/cgra2x2-tuning/cgra2x2-tuning.srcs/sources_1/ip/blk_mem
_gen_v7_3_0/tmp/_cg/IO_Buffer
Generating ASY schematic symbol...
INFO:sim:949 - Finished generation of ASY schematic symbol.
Generating metadata file...
Generating ISE project file for 'IO_Buffer'...
Generating ISE project...
XCO file found: IO_Buffer.xco
XMDF file found: IO_Buffer_xmdf.tcl
Adding
D:/minibench/scgra/zc706/cgra2x2-tuning/cgra2x2-tuning.srcs/sources_1/ip/blk_mem
_gen_v7_3_0/tmp/_cg/IO_Buffer.asy -view all -origin_type imported
Adding
D:/minibench/scgra/zc706/cgra2x2-tuning/cgra2x2-tuning.srcs/sources_1/ip/blk_mem
_gen_v7_3_0/tmp/_cg/IO_Buffer.ngc -view all -origin_type created
Checking file
"D:/minibench/scgra/zc706/cgra2x2-tuning/cgra2x2-tuning.srcs/sources_1/ip/blk_me
m_gen_v7_3_0/tmp/_cg/IO_Buffer.ngc" for project device match ...
File
"D:/minibench/scgra/zc706/cgra2x2-tuning/cgra2x2-tuning.srcs/sources_1/ip/blk_me
m_gen_v7_3_0/tmp/_cg/IO_Buffer.ngc" device information matches project device.
Adding
D:/minibench/scgra/zc706/cgra2x2-tuning/cgra2x2-tuning.srcs/sources_1/ip/blk_mem
_gen_v7_3_0/tmp/_cg/IO_Buffer.v -view all -origin_type created
INFO:HDLCompiler:1845 - Analyzing Verilog file
   "D:/minibench/scgra/zc706/cgra2x2-tuning/cgra2x2-tuning.srcs/sources_1/ip/blk
   _mem_gen_v7_3_0/tmp/_cg/IO_Buffer.v" into library work
INFO:ProjectMgmt - Parsing design hierarchy completed successfully.
Adding
D:/minibench/scgra/zc706/cgra2x2-tuning/cgra2x2-tuning.srcs/sources_1/ip/blk_mem
_gen_v7_3_0/tmp/_cg/IO_Buffer.veo -view all -origin_type imported
INFO:TclTasksC:2116 - The automatic calculation of top has been turned-off.
   Please set the new top explicitly by running the "project set top" command.
   To re-calculate the new top automatically, set the "Auto Implementation Top"
   property to true.
Top level has been set to "/IO_Buffer"
Generating README file...
Generating FLIST file...
INFO:sim:948 - Finished FLIST file generation.
Moving files to output directory...
Finished moving files to output directory
Wrote CGP file for project 'coregen'.
