#-----------------------------------------------------------
# PlanAhead v14.7 (64-bit)
# Build 321239 by xbuild on Fri Sep 27 19:29:51 MDT 2013
# Start of session at: Mon Oct 06 09:17:30 2014
# Process ID: 50852
# Log file: D:/minibench/scgra-v1/cgra2x2-verify/planAhead.log
# Journal file: D:/minibench/scgra-v1/cgra2x2-verify\planAhead.jou
#-----------------------------------------------------------
INFO: [Common 17-78] Attempting to get a license: PlanAhead
INFO: [Common 17-290] Got license for PlanAhead
INFO: [Device 21-36] Loading parts and site information from C:/EDA/14.7/ISE_DS/PlanAhead/data/parts/arch.xml
Parsing RTL primitives file [C:/EDA/14.7/ISE_DS/PlanAhead/data/parts/xilinx/rtl/prims/rtl_prims.xml]
Finished parsing RTL primitives file [C:/EDA/14.7/ISE_DS/PlanAhead/data/parts/xilinx/rtl/prims/rtl_prims.xml]
start_gui
INFO: [Common 17-81] Feature available: PartialReconfiguration
open_project {D:\minibench\scgra-v1\cgra2x2-verify\cgra2x2-verify.ppr}
Scanning sources...
Finished scanning sources
INFO: [IP_Flow 19-234] Refreshing IP repositories
INFO: [IP_Flow 19-1704] No user repositories specified
INFO: [IP_Flow 19-816] Loaded Xilinx IP repository 'C:/EDA/14.7/ISE_DS/ISE/'
open_project: Time (s): elapsed = 00:00:16 . Memory (MB): peak = 487.988 ; gain = 117.695
update_compile_order -fileset sources_1
remove_files D:/minibench/scgra-v1/cgra2x2-verify/cgra2x2-verify.srcs/sources_1/new/ALU.v
exit
INFO: [Common 17-206] Exiting PlanAhead at Tue Oct 07 18:16:29 2014...
INFO: [Common 17-83] Releasing license: PlanAhead
