
		Fully Pipelined Soft-CGRA Scheduling
	(C) E.E.E Department, The University of Hong Kong

DFG Parameters 
OP_Num: 1201
Input_OP_Num: 201
Output_OP_Num: 100
Average_Input_Degree: 3
Average_Output_Degree: 2.7248
Average OP priority: 5.67111
Priority level of the DFG: 10
OP priority distribution of the DFG: 100 120 120 120 120 120 120 120 120 120 
Operation scheduling starts!
301 
310 
319 
328 
337 
346 
355 
364 
373 
382 
391 
409 
391 
400 
418 
391 
400 
427 
445 
427 
436 
454 
427 
436 
463 
472 
481 
490 
481 
526 
481 
499 
508 
481 
499 
517 
562 
517 
535 
544 
517 
535 
553 
571 
580 
598 
571 
580 
589 
607 
616 
607 
643 
607 
625 
607 
634 
607 
652 
661 
679 
661 
670 
688 
661 
670 
697 
715 
697 
706 
724 
697 
706 
733 
742 
751 
760 
751 
796 
751 
769 
778 
751 
769 
787 
823 
787 
805 
814 
787 
805 
832 
841 
850 
868 
841 
850 
859 
850 
877 
886 
904 
877 
886 
895 
913 
922 
931 
940 
931 
949 
958 
931 
949 
967 
976 
967 
985 
994 
967 
985 
1003 
1012 
1021 
1030 
1039 
1048 
1066 
1048 
1075 
1048 
1093 
1048 
1057 
1084 
1102 
1084 
1111 
1120 
1138 
1111 
1120 
1129 
1120 
1147 
1156 
1174 
1147 
1156 
1165 
1183 
1192 
302 
311 
302 
320 
329 
302 
320 
338 
347 
338 
356 
365 
338 
356 
374 
383 
374 
410 
419 
374 
410 
392 
401 
392 
446 
455 
392 
446 
428 
446 
437 
464 
437 
473 
491 
473 
509 
473 
527 
482 
473 
527 
500 
545 
500 
563 
518 
500 
563 
536 
554 
572 
554 
581 
554 
599 
617 
599 
590 
599 
626 
599 
644 
608 
644 
635 
680 
635 
653 
662 
653 
689 
716 
689 
671 
698 
671 
707 
671 
725 
761 
725 
734 
725 
743 
725 
797 
752 
797 
779 
770 
797 
779 
824 
788 
824 
815 
806 
815 
833 
842 
833 
869 
860 
869 
851 
878 
851 
887 
851 
905 
923 
905 
896 
905 
914 
905 
941 
932 
941 
959 
950 
959 
977 
968 
977 
995 
986 
995 
1004 
1022 
1004 
1031 
1004 
1013 
1040 
1067 
1076 
1067 
1094 
1049 
1067 
1094 
1058 
1067 
1094 
1103 
1094 
1085 
1094 
1112 
1094 
1139 
1130 
1139 
1121 
1148 
1121 
1157 
1121 
1175 
1193 
1175 
1166 
1175 
1184 
1175 
312 
303 
312 
330 
321 
330 
348 
339 
348 
366 
357 
366 
384 
375 
384 
420 
411 
384 
420 
402 
393 
402 
429 
402 
456 
447 
402 
456 
465 
402 
456 
438 
456 
492 
483 
492 
510 
474 
492 
510 
528 
519 
528 
546 
501 
528 
546 
564 
573 
564 
582 
564 
537 
564 
591 
564 
555 
618 
627 
600 
618 
627 
609 
618 
627 
618 
645 
636 
645 
663 
645 
681 
645 
654 
690 
654 
699 
654 
708 
654 
717 
654 
735 
654 
672 
762 
744 
726 
762 
744 
753 
762 
744 
762 
771 
798 
780 
771 
798 
789 
771 
798 
825 
816 
825 
843 
825 
807 
825 
834 
861 
879 
861 
888 
861 
870 
897 
870 
852 
870 
924 
870 
915 
933 
915 
906 
942 
906 
951 
969 
951 
960 
978 
960 
987 
1023 
987 
1032 
987 
996 
1041 
996 
1005 
996 
1014 
996 
1077 
1059 
1077 
1050 
1068 
1050 
1104 
1113 
1104 
1086 
1095 
1086 
1131 
1149 
1131 
1158 
1131 
1140 
1167 
1140 
1122 
1140 
1194 
1140 
1185 
304 
1185 
1176 
313 
331 
313 
340 
313 
322 
313 
349 
367 
349 
376 
349 
358 
349 
412 
385 
421 
412 
394 
412 
430 
412 
385 
448 
385 
466 
403 
457 
466 
439 
484 
466 
403 
439 
520 
439 
475 
439 
493 
529 
574 
493 
529 
583 
493 
511 
502 
493 
511 
547 
538 
493 
511 
529 
610 
529 
547 
592 
529 
547 
565 
547 
556 
547 
601 
628 
664 
601 
628 
601 
619 
646 
700 
619 
646 
709 
619 
637 
682 
619 
637 
718 
619 
637 
619 
646 
754 
619 
646 
691 
736 
619 
646 
790 
646 
691 
727 
745 
646 
691 
646 
844 
646 
727 
772 
646 
655 
673 
727 
655 
880 
655 
889 
655 
781 
817 
808 
655 
781 
817 
835 
655 
673 
655 
934 
655 
781 
817 
862 
655 
781 
655 
970 
655 
817 
898 
655 
763 
799 
817 
799 
1024 
799 
1033 
799 
826 
871 
916 
799 
826 
871 
907 
952 
799 
826 
1060 
826 
871 
826 
1114 
826 
907 
988 
826 
907 
1042 
826 
853 
925 
907 
925 
1150 
925 
1159 
925 
961 
925 
305 
925 
997 
1078 
925 
997 
1105 
925 
997 
1132 
925 
943 
979 
997 
979 
341 
979 
1006 
1051 
1006 
377 
1006 
1087 
1168 
1006 
1087 
1186 
1006 
1087 
1006 
1015 
1069 
1096 
395 
1096 
1141 
1096 
431 
1096 
332 
323 
1096 
485 
1096 
1123 
1195 
1177 
1195 
332 
314 
449 
521 
314 
368 
359 
449 
575 
368 
359 
449 
584 
368 
359 
368 
350 
449 
611 
368 
350 
368 
422 
413 
449 
665 
422 
413 
422 
449 
422 
458 
467 
422 
458 
476 
422 
386 
422 
503 
422 
404 
494 
422 
404 
530 
422 
404 
566 
422 
404 
557 
422 
404 
647 
422 
404 
620 
656 
422 
404 
620 
422 
404 
764 
422 
458 
539 
701 
458 
539 
710 
458 
539 
458 
593 
458 
404 
548 
629 
755 
404 
629 
404 
440 
548 
683 
719 
791 
440 
548 
683 
440 
512 
548 
719 
845 
512 
548 
719 
512 
548 
800 
827 
512 
548 
800 
512 
548 
854 
512 
548 
737 
881 
548 
737 
890 
548 
737 
548 
746 
548 
602 
638 
773 
809 
935 
602 
638 
773 
602 
638 
809 
971 
638 
809 
638 
692 
728 
836 
1025 
692 
728 
836 
692 
728 
863 
692 
728 
899 
1034 
728 
674 
926 
728 
674 
944 
728 
899 
1061 
728 
674 
899 
1115 
674 
782 
899 
1151 
899 
818 
917 
818 
953 
818 
872 
989 
1160 
989 
908 
980 
1007 
989 
908 
980 
1016 
989 
908 
980 
989 
908 
1070 
989 
306 
989 
908 
989 
962 
989 
1043 
1079 
342 
1079 
1106 
998 
1097 
1079 
1106 
998 
1124 
1079 
378 
1079 
1106 
1133 
998 
1052 
1169 
1187 
396 
1142 
1178 
1196 
1169 
1187 
396 
1142 
1178 
1169 
1187 
396 
1142 
1169 
1187 
396 
315 
1169 
396 
1169 
1187 
1088 
432 
324 
333 
432 
324 
486 
324 
522 
576 
585 
351 
585 
360 
612 
360 
369 
360 
666 
360 
414 
387 
414 
423 
414 
702 
414 
711 
414 
459 
414 
756 
414 
405 
414 
792 
414 
441 
414 
846 
414 
450 
468 
477 
504 
495 
513 
504 
882 
504 
891 
504 
495 
549 
504 
495 
504 
531 
504 
567 
936 
567 
558 
648 
657 
621 
765 
540 
603 
540 
972 
540 
594 
630 
639 
630 
783 
630 
1026 
630 
828 
630 
801 
630 
855 
630 
1035 
630 
1062 
630 
684 
720 
1116 
720 
738 
837 
693 
927 
720 
738 
837 
693 
945 
720 
1152 
720 
738 
747 
774 
810 
693 
819 
810 
693 
810 
1161 
810 
837 
729 
675 
1008 
810 
837 
729 
675 
1017 
810 
837 
729 
675 
981 
810 
837 
729 
675 
1071 
810 
307 
810 
837 
864 
729 
900 
343 
729 
675 
1098 
729 
675 
1125 
729 
675 
900 
954 
873 
900 
909 
900 
963 
900 
379 
900 
918 
954 
990 
1107 
999 
1197 
990 
1107 
999 
1179 
990 
1107 
999 
990 
1107 
1053 
1143 
990 
1107 
1053 
990 
1107 
316 
990 
1044 
1080 
1044 
1107 
397 
1044 
1107 
1089 
1107 
1134 
1170 
1134 
1188 
433 
1134 
1188 
487 
1134 
1188 
334 
325 
523 
334 
325 
334 
577 
334 
352 
586 
352 
613 
370 
667 
370 
361 
703 
370 
361 
712 
370 
361 
370 
388 
757 
370 
388 
793 
370 
388 
370 
424 
460 
847 
370 
424 
460 
415 
883 
424 
460 
415 
892 
424 
415 
424 
451 
424 
469 
424 
478 
424 
460 
937 
424 
460 
568 
973 
424 
460 
568 
1027 
424 
541 
424 
505 
424 
595 
424 
631 
424 
685 
424 
721 
424 
739 
424 
748 
424 
775 
424 
406 
568 
424 
406 
496 
424 
406 
532 
424 
406 
559 
424 
406 
649 
424 
406 
658 
424 
406 
622 
424 
406 
766 
424 
406 
829 
424 
406 
802 
424 
406 
856 
424 
460 
1036 
424 
406 
928 
424 
406 
946 
424 
811 
424 
838 
424 
865 
424 
901 
424 
919 
424 
460 
1063 
460 
955 
460 
406 
550 
1117 
406 
442 
550 
1153 
442 
550 
1162 
442 
514 
550 
604 
640 
784 
820 
1009 
308 
820 
1009 
820 
1018 
820 
982 
820 
1072 
820 
991 
820 
1045 
820 
344 
820 
1099 
820 
1126 
820 
694 
730 
676 
874 
910 
380 
910 
1081 
1108 
910 
1081 
910 
964 
1198 
964 
1180 
964 
1000 
398 
1000 
1144 
1090 
1144 
434 
1144 
1054 
1171 
1144 
488 
1144 
1054 
317 
1189 
317 
1135 
524 
326 
578 
335 
578 
587 
353 
614 
353 
668 
353 
704 
713 
362 
713 
758 
794 
389 
371 
389 
848 
389 
884 
389 
893 
389 
416 
389 
452 
389 
470 
389 
479 
389 
938 
389 
974 
1028 
542 
1037 
542 
425 
542 
461 
542 
407 
542 
497 
443 
542 
1064 
542 
1118 
542 
506 
596 
632 
686 
722 
740 
749 
776 
569 
659 
812 
569 
659 
839 
569 
659 
866 
569 
497 
515 
569 
497 
551 
569 
497 
569 
533 
569 
605 
569 
623 
641 
569 
623 
569 
785 
569 
560 
650 
659 
767 
830 
803 
857 
929 
947 
902 
1154 
902 
1163 
902 
309 
902 
983 
821 
902 
983 
695 
902 
983 
731 
902 
983 
677 
902 
983 
875 
902 
920 
956 
1010 
1019 
983 
1073 
992 
345 
992 
381 
992 
1046 
1100 
1127 
1109 
399 
1109 
911 
1109 
1181 
965 
1109 
435 
1109 
1082 
1199 
1001 
1172 
1199 
489 
1199 
1181 
1190 
1181 
1001 
1091 
1145 
1055 
318 
1136 
525 
327 
336 
579 
336 
588 
615 
669 
354 
705 
363 
714 
759 
795 
372 
849 
885 
894 
390 
885 
894 
417 
894 
453 
894 
471 
894 
480 
894 
939 
975 
1029 
1038 
426 
462 
408 
444 
1065 
543 
516 
1065 
543 
552 
1065 
543 
498 
1065 
543 
534 
1065 
543 
1065 
1119 
507 
1119 
597 
606 
570 
1119 
597 
633 
687 
723 
741 
750 
777 
813 
840 
867 
606 
903 
606 
921 
606 
957 
606 
624 
660 
606 
624 
606 
651 
606 
561 
606 
768 
606 
831 
606 
804 
606 
858 
606 
930 
606 
948 
606 
642 
1155 
606 
642 
1164 
606 
993 
606 
1047 
606 
642 
201 
606 
1011 
606 
1020 
606 
984 
606 
1074 
606 
1110 
606 
1083 
606 
1173 
606 
642 
205 
606 
1101 
606 
1128 
606 
642 
786 
822 
696 
732 
678 
876 
209 
912 
209 
966 
209 
211 
1137 
211 
203 
211 
1200 
211 
1191 
211 
1182 
211 
1002 
211 
1092 
211 
1146 
211 
1056 
211 
202 
211 
204 
211 
215 
221 
225 
231 
207 
231 
232 
235 
206 
208 
235 
241 
206 
241 
213 
241 
217 
241 
219 
241 
220 
241 
245 
246 
251 
255 
210 
214 
255 
210 
218 
255 
210 
212 
255 
261 
216 
233 
261 
216 
237 
261 
216 
243 
261 
210 
216 
261 
228 
227 
247 
261 
228 
227 
249 
261 
228 
227 
250 
261 
228 
227 
253 
261 
210 
265 
228 
227 
257 
210 
265 
228 
227 
260 
210 
265 
228 
227 
263 
210 
265 
210 
266 
210 
271 
224 
227 
223 
267 
210 
271 
224 
227 
223 
269 
210 
271 
224 
227 
223 
273 
210 
271 
210 
275 
210 
281 
282 
224 
227 
223 
277 
282 
224 
227 
223 
283 
282 
224 
227 
223 
290 
224 
227 
223 
287 
224 
227 
223 
297 
224 
228 
285 
224 
227 
293 
224 
227 
224 
228 
291 
228 
223 
228 
240 
295 
228 
230 
228 
240 
296 
228 
222 
240 
222 
236 
222 
238 
222 
239 
222 
258 
222 
229 
222 
252 
222 
248 
222 
259 
222 
268 
222 
256 
222 
226 
242 
226 
262 
234 
262 
270 
272 
279 
254 
279 
280 
244 
280 
276 
289 
264 
276 
286 
289 
292 
274 
289 
292 
300 
298 
278 
300 
299 
298 
288 
294 
284 
Operation scheduling is completed!
Kernel execution time: 535 cycles
Start to dump the scheduling result for hardware implementation!
PE    output port    Data Mem Read  Data Mem Write  ALU               
0     0.1607         2.196          0.9215          0.5178            
1     0.0472         1.662          0.8897          0.4336            
2     0.06075        1.764          0.8355          0.5178            
3     0.04439        1.364          0.7888          0.4               
op=1
executed at PE 0
current PE is 0
execution time=2
current time=1
port number=3
Bram addr=0
