
			 CGRA Scheduling
	(C) E.E.E Department, The University of Hong Kong

Load ./config/MM.s
Load ./config/MM.txt
DFG Parameters
vertex_num: 176
input_vertex_num: 51
output_vertex_num: 25
edge_num: 350
Operation scheduling starts!
scheduling_index=0
PE[0]->PE_output_mux[1]3
PE[0]->PE_output_mux[1]3
PE[0]->PE_output_mux[1]3
PE[0]->PE_output_mux[1]3
PE[0]->PE_output_mux[1]3
PE[0]->PE_output_mux[1]3
PE[0]->PE_output_mux[1]3
PE[0]->PE_output_mux[1]3
PE[0]->PE_output_mux[1]3
PE[0]->PE_output_mux[1]3

scheduling_index=1
PE[0]->PE_output_mux[1]3
PE[0]->PE_output_mux[1]3
PE[0]->PE_output_mux[1]3
PE[0]->PE_output_mux[1]3
PE[0]->PE_output_mux[1]3
PE[0]->PE_output_mux[1]3
PE[0]->PE_output_mux[1]3
PE[0]->PE_output_mux[1]3
PE[0]->PE_output_mux[1]3
PE[0]->PE_output_mux[1]3

scheduling_index=2
PE[0]->PE_output_mux[1]3
PE[0]->PE_output_mux[1]3
PE[0]->PE_output_mux[1]3
PE[0]->PE_output_mux[1]3
PE[0]->PE_output_mux[1]3
PE[0]->PE_output_mux[1]3
PE[0]->PE_output_mux[1]3
PE[0]->PE_output_mux[1]3
PE[0]->PE_output_mux[1]3
PE[0]->PE_output_mux[1]3

scheduling_index=3
PE[0]->PE_output_mux[1]3
PE[0]->PE_output_mux[1]3
PE[0]->PE_output_mux[1]3
PE[0]->PE_output_mux[1]3
PE[0]->PE_output_mux[1]3
PE[0]->PE_output_mux[1]1
PE[0]->PE_output_mux[1]3
PE[0]->PE_output_mux[1]3
PE[0]->PE_output_mux[1]3
PE[0]->PE_output_mux[1]3

scheduling_index=4
PE[0]->PE_output_mux[1]3
PE[0]->PE_output_mux[1]3
PE[0]->PE_output_mux[1]3
PE[0]->PE_output_mux[1]3
PE[0]->PE_output_mux[1]3
PE[0]->PE_output_mux[1]1
PE[0]->PE_output_mux[1]3
PE[0]->PE_output_mux[1]3
PE[0]->PE_output_mux[1]3
PE[0]->PE_output_mux[1]3

scheduling_index=5
PE[0]->PE_output_mux[1]3
PE[0]->PE_output_mux[1]3
PE[0]->PE_output_mux[1]3
PE[0]->PE_output_mux[1]3
PE[0]->PE_output_mux[1]3
PE[0]->PE_output_mux[1]1
PE[0]->PE_output_mux[1]3
PE[0]->PE_output_mux[1]3
PE[0]->PE_output_mux[1]3
PE[0]->PE_output_mux[1]3

scheduling_index=6
PE[0]->PE_output_mux[1]3
PE[0]->PE_output_mux[1]3
PE[0]->PE_output_mux[1]3
PE[0]->PE_output_mux[1]3
PE[0]->PE_output_mux[1]3
PE[0]->PE_output_mux[1]1
PE[0]->PE_output_mux[1]3
PE[0]->PE_output_mux[1]3
PE[0]->PE_output_mux[1]3
PE[0]->PE_output_mux[1]3

scheduling_index=7
PE[0]->PE_output_mux[1]3
PE[0]->PE_output_mux[1]3
PE[0]->PE_output_mux[1]3
PE[0]->PE_output_mux[1]3
PE[0]->PE_output_mux[1]3
PE[0]->PE_output_mux[1]1
PE[0]->PE_output_mux[1]3
PE[0]->PE_output_mux[1]3
PE[0]->PE_output_mux[1]3
PE[0]->PE_output_mux[1]3

scheduling_index=8
PE[0]->PE_output_mux[1]3
PE[0]->PE_output_mux[1]3
PE[0]->PE_output_mux[1]3
PE[0]->PE_output_mux[1]3
PE[0]->PE_output_mux[1]3
PE[0]->PE_output_mux[1]1
PE[0]->PE_output_mux[1]3
PE[0]->PE_output_mux[1]3
PE[0]->PE_output_mux[1]3
PE[0]->PE_output_mux[1]3

scheduling_index=9
PE[0]->PE_output_mux[1]3
PE[0]->PE_output_mux[1]3
PE[0]->PE_output_mux[1]3
PE[0]->PE_output_mux[1]3
PE[0]->PE_output_mux[1]3
PE[0]->PE_output_mux[1]1
PE[0]->PE_output_mux[1]3
PE[0]->PE_output_mux[1]3
PE[0]->PE_output_mux[1]3
PE[0]->PE_output_mux[1]3

scheduling_index=10
PE[0]->PE_output_mux[1]3
PE[0]->PE_output_mux[1]3
PE[0]->PE_output_mux[1]3
PE[0]->PE_output_mux[1]3
PE[0]->PE_output_mux[1]3
PE[0]->PE_output_mux[1]1
PE[0]->PE_output_mux[1]3
PE[0]->PE_output_mux[1]3
PE[0]->PE_output_mux[1]3
PE[0]->PE_output_mux[1]3

scheduling_index=11
PE[0]->PE_output_mux[1]3
PE[0]->PE_output_mux[1]3
PE[0]->PE_output_mux[1]3
PE[0]->PE_output_mux[1]3
PE[0]->PE_output_mux[1]3
PE[0]->PE_output_mux[1]1
PE[0]->PE_output_mux[1]3
PE[0]->PE_output_mux[1]3
PE[0]->PE_output_mux[1]3
PE[0]->PE_output_mux[1]3

scheduling_index=12
PE[0]->PE_output_mux[1]3
PE[0]->PE_output_mux[1]3
PE[0]->PE_output_mux[1]3
PE[0]->PE_output_mux[1]3
PE[0]->PE_output_mux[1]3
PE[0]->PE_output_mux[1]1
PE[0]->PE_output_mux[1]3
PE[0]->PE_output_mux[1]3
PE[0]->PE_output_mux[1]3
PE[0]->PE_output_mux[1]3

scheduling_index=13
PE[0]->PE_output_mux[1]3
PE[0]->PE_output_mux[1]3
PE[0]->PE_output_mux[1]3
PE[0]->PE_output_mux[1]3
PE[0]->PE_output_mux[1]3
PE[0]->PE_output_mux[1]1
PE[0]->PE_output_mux[1]3
PE[0]->PE_output_mux[1]3
PE[0]->PE_output_mux[1]3
PE[0]->PE_output_mux[1]3

scheduling_index=14
PE[0]->PE_output_mux[1]3
PE[0]->PE_output_mux[1]3
PE[0]->PE_output_mux[1]3
PE[0]->PE_output_mux[1]3
PE[0]->PE_output_mux[1]3
PE[0]->PE_output_mux[1]1
PE[0]->PE_output_mux[1]3
PE[0]->PE_output_mux[1]3
PE[0]->PE_output_mux[1]3
PE[0]->PE_output_mux[1]3

scheduling_index=15
PE[0]->PE_output_mux[1]3
PE[0]->PE_output_mux[1]3
PE[0]->PE_output_mux[1]3
PE[0]->PE_output_mux[1]3
PE[0]->PE_output_mux[1]3
PE[0]->PE_output_mux[1]1
PE[0]->PE_output_mux[1]3
PE[0]->PE_output_mux[1]3
PE[0]->PE_output_mux[1]3
PE[0]->PE_output_mux[1]3

scheduling_index=16
PE[0]->PE_output_mux[1]3
PE[0]->PE_output_mux[1]3
PE[0]->PE_output_mux[1]3
PE[0]->PE_output_mux[1]3
PE[0]->PE_output_mux[1]3
PE[0]->PE_output_mux[1]1
PE[0]->PE_output_mux[1]3
PE[0]->PE_output_mux[1]3
PE[0]->PE_output_mux[1]3
PE[0]->PE_output_mux[1]3

scheduling_index=17
PE[0]->PE_output_mux[1]3
PE[0]->PE_output_mux[1]3
PE[0]->PE_output_mux[1]3
PE[0]->PE_output_mux[1]3
PE[0]->PE_output_mux[1]3
PE[0]->PE_output_mux[1]1
PE[0]->PE_output_mux[1]3
PE[0]->PE_output_mux[1]3
PE[0]->PE_output_mux[1]3
PE[0]->PE_output_mux[1]3

scheduling_index=18
PE[0]->PE_output_mux[1]3
PE[0]->PE_output_mux[1]3
PE[0]->PE_output_mux[1]3
PE[0]->PE_output_mux[1]3
PE[0]->PE_output_mux[1]3
PE[0]->PE_output_mux[1]1
PE[0]->PE_output_mux[1]3
PE[0]->PE_output_mux[1]3
PE[0]->PE_output_mux[1]3
PE[0]->PE_output_mux[1]3

scheduling_index=19
PE[0]->PE_output_mux[1]3
PE[0]->PE_output_mux[1]3
PE[0]->PE_output_mux[1]3
PE[0]->PE_output_mux[1]3
PE[0]->PE_output_mux[1]3
PE[0]->PE_output_mux[1]1
PE[0]->PE_output_mux[1]3
PE[0]->PE_output_mux[1]3
PE[0]->PE_output_mux[1]3
PE[0]->PE_output_mux[1]3

scheduling_index=20
PE[0]->PE_output_mux[1]3
PE[0]->PE_output_mux[1]3
PE[0]->PE_output_mux[1]3
PE[0]->PE_output_mux[1]3
PE[0]->PE_output_mux[1]3
PE[0]->PE_output_mux[1]1
PE[0]->PE_output_mux[1]3
PE[0]->PE_output_mux[1]3
PE[0]->PE_output_mux[1]3
PE[0]->PE_output_mux[1]3

scheduling_index=21
PE[0]->PE_output_mux[1]3
PE[0]->PE_output_mux[1]3
PE[0]->PE_output_mux[1]3
PE[0]->PE_output_mux[1]3
PE[0]->PE_output_mux[1]3
PE[0]->PE_output_mux[1]1
PE[0]->PE_output_mux[1]3
PE[0]->PE_output_mux[1]3
PE[0]->PE_output_mux[1]3
PE[0]->PE_output_mux[1]3

scheduling_index=22
PE[0]->PE_output_mux[1]3
PE[0]->PE_output_mux[1]3
PE[0]->PE_output_mux[1]3
PE[0]->PE_output_mux[1]3
PE[0]->PE_output_mux[1]3
PE[0]->PE_output_mux[1]1
PE[0]->PE_output_mux[1]3
PE[0]->PE_output_mux[1]3
PE[0]->PE_output_mux[1]3
PE[0]->PE_output_mux[1]3

scheduling_index=23
PE[0]->PE_output_mux[1]3
PE[0]->PE_output_mux[1]3
PE[0]->PE_output_mux[1]3
PE[0]->PE_output_mux[1]3
PE[0]->PE_output_mux[1]3
PE[0]->PE_output_mux[1]1
PE[0]->PE_output_mux[1]3
PE[0]->PE_output_mux[1]3
PE[0]->PE_output_mux[1]3
PE[0]->PE_output_mux[1]3

scheduling_index=24
PE[0]->PE_output_mux[1]3
PE[0]->PE_output_mux[1]3
PE[0]->PE_output_mux[1]3
PE[0]->PE_output_mux[1]3
PE[0]->PE_output_mux[1]3
PE[0]->PE_output_mux[1]1
PE[0]->PE_output_mux[1]3
PE[0]->PE_output_mux[1]3
PE[0]->PE_output_mux[1]3
PE[0]->PE_output_mux[1]3

scheduling_index=25
PE[0]->PE_output_mux[1]3
PE[0]->PE_output_mux[1]3
PE[0]->PE_output_mux[1]3
PE[0]->PE_output_mux[1]3
PE[0]->PE_output_mux[1]3
PE[0]->PE_output_mux[1]1
PE[0]->PE_output_mux[1]3
PE[0]->PE_output_mux[1]3
PE[0]->PE_output_mux[1]3
PE[0]->PE_output_mux[1]3

scheduling_index=26
PE[0]->PE_output_mux[1]3
PE[0]->PE_output_mux[1]3
PE[0]->PE_output_mux[1]3
PE[0]->PE_output_mux[1]3
PE[0]->PE_output_mux[1]3
PE[0]->PE_output_mux[1]1
PE[0]->PE_output_mux[1]3
PE[0]->PE_output_mux[1]3
PE[0]->PE_output_mux[1]3
PE[0]->PE_output_mux[1]3

scheduling_index=27
PE[0]->PE_output_mux[1]3
PE[0]->PE_output_mux[1]3
PE[0]->PE_output_mux[1]3
PE[0]->PE_output_mux[1]3
PE[0]->PE_output_mux[1]3
PE[0]->PE_output_mux[1]1
PE[0]->PE_output_mux[1]3
PE[0]->PE_output_mux[1]3
PE[0]->PE_output_mux[1]3
PE[0]->PE_output_mux[1]3

scheduling_index=28
PE[0]->PE_output_mux[1]3
PE[0]->PE_output_mux[1]3
PE[0]->PE_output_mux[1]3
PE[0]->PE_output_mux[1]3
PE[0]->PE_output_mux[1]3
PE[0]->PE_output_mux[1]1
PE[0]->PE_output_mux[1]3
PE[0]->PE_output_mux[1]3
PE[0]->PE_output_mux[1]3
PE[0]->PE_output_mux[1]3

scheduling_index=29
PE[0]->PE_output_mux[1]3
PE[0]->PE_output_mux[1]3
PE[0]->PE_output_mux[1]3
PE[0]->PE_output_mux[1]3
PE[0]->PE_output_mux[1]3
PE[0]->PE_output_mux[1]1
PE[0]->PE_output_mux[1]3
PE[0]->PE_output_mux[1]3
PE[0]->PE_output_mux[1]3
PE[0]->PE_output_mux[1]3

scheduling_index=30
PE[0]->PE_output_mux[1]3
PE[0]->PE_output_mux[1]3
PE[0]->PE_output_mux[1]3
PE[0]->PE_output_mux[1]3
PE[0]->PE_output_mux[1]3
PE[0]->PE_output_mux[1]1
PE[0]->PE_output_mux[1]3
PE[0]->PE_output_mux[1]3
PE[0]->PE_output_mux[1]3
PE[0]->PE_output_mux[1]3

scheduling_index=31
PE[0]->PE_output_mux[1]3
PE[0]->PE_output_mux[1]3
PE[0]->PE_output_mux[1]3
PE[0]->PE_output_mux[1]3
PE[0]->PE_output_mux[1]3
PE[0]->PE_output_mux[1]1
PE[0]->PE_output_mux[1]3
PE[0]->PE_output_mux[1]3
PE[0]->PE_output_mux[1]3
PE[0]->PE_output_mux[1]3

scheduling_index=32
PE[0]->PE_output_mux[1]3
PE[0]->PE_output_mux[1]3
PE[0]->PE_output_mux[1]3
PE[0]->PE_output_mux[1]3
PE[0]->PE_output_mux[1]3
PE[0]->PE_output_mux[1]1
PE[0]->PE_output_mux[1]3
PE[0]->PE_output_mux[1]3
PE[0]->PE_output_mux[1]3
PE[0]->PE_output_mux[1]3

scheduling_index=33
PE[0]->PE_output_mux[1]3
PE[0]->PE_output_mux[1]3
PE[0]->PE_output_mux[1]3
PE[0]->PE_output_mux[1]3
PE[0]->PE_output_mux[1]3
PE[0]->PE_output_mux[1]1
PE[0]->PE_output_mux[1]3
PE[0]->PE_output_mux[1]3
PE[0]->PE_output_mux[1]3
PE[0]->PE_output_mux[1]3

scheduling_index=34
PE[0]->PE_output_mux[1]3
PE[0]->PE_output_mux[1]3
PE[0]->PE_output_mux[1]3
PE[0]->PE_output_mux[1]3
PE[0]->PE_output_mux[1]3
PE[0]->PE_output_mux[1]1
PE[0]->PE_output_mux[1]3
PE[0]->PE_output_mux[1]3
PE[0]->PE_output_mux[1]3
PE[0]->PE_output_mux[1]3

scheduling_index=35
PE[0]->PE_output_mux[1]3
PE[0]->PE_output_mux[1]3
PE[0]->PE_output_mux[1]3
PE[0]->PE_output_mux[1]3
PE[0]->PE_output_mux[1]3
PE[0]->PE_output_mux[1]1
PE[0]->PE_output_mux[1]3
PE[0]->PE_output_mux[1]3
PE[0]->PE_output_mux[1]3
PE[0]->PE_output_mux[1]3

scheduling_index=36
PE[0]->PE_output_mux[1]3
PE[0]->PE_output_mux[1]3
PE[0]->PE_output_mux[1]3
PE[0]->PE_output_mux[1]3
PE[0]->PE_output_mux[1]3
PE[0]->PE_output_mux[1]1
PE[0]->PE_output_mux[1]3
PE[0]->PE_output_mux[1]3
PE[0]->PE_output_mux[1]3
PE[0]->PE_output_mux[1]3

scheduling_index=37
PE[0]->PE_output_mux[1]3
PE[0]->PE_output_mux[1]3
PE[0]->PE_output_mux[1]3
PE[0]->PE_output_mux[1]3
PE[0]->PE_output_mux[1]3
PE[0]->PE_output_mux[1]1
PE[0]->PE_output_mux[1]3
PE[0]->PE_output_mux[1]3
PE[0]->PE_output_mux[1]3
PE[0]->PE_output_mux[1]3

scheduling_index=38
PE[0]->PE_output_mux[1]3
PE[0]->PE_output_mux[1]3
PE[0]->PE_output_mux[1]3
PE[0]->PE_output_mux[1]3
PE[0]->PE_output_mux[1]3
PE[0]->PE_output_mux[1]1
PE[0]->PE_output_mux[1]3
PE[0]->PE_output_mux[1]3
PE[0]->PE_output_mux[1]3
PE[0]->PE_output_mux[1]3

scheduling_index=39
PE[0]->PE_output_mux[1]3
PE[0]->PE_output_mux[1]3
PE[0]->PE_output_mux[1]3
PE[0]->PE_output_mux[1]3
PE[0]->PE_output_mux[1]3
PE[0]->PE_output_mux[1]1
PE[0]->PE_output_mux[1]3
PE[0]->PE_output_mux[1]3
PE[0]->PE_output_mux[1]3
PE[0]->PE_output_mux[1]3

scheduling_index=40
PE[0]->PE_output_mux[1]3
PE[0]->PE_output_mux[1]3
PE[0]->PE_output_mux[1]3
PE[0]->PE_output_mux[1]3
PE[0]->PE_output_mux[1]3
PE[0]->PE_output_mux[1]1
PE[0]->PE_output_mux[1]3
PE[0]->PE_output_mux[1]3
PE[0]->PE_output_mux[1]3
PE[0]->PE_output_mux[1]3

scheduling_index=41
PE[0]->PE_output_mux[1]3
PE[0]->PE_output_mux[1]3
PE[0]->PE_output_mux[1]3
PE[0]->PE_output_mux[1]3
PE[0]->PE_output_mux[1]3
PE[0]->PE_output_mux[1]1
PE[0]->PE_output_mux[1]3
PE[0]->PE_output_mux[1]3
PE[0]->PE_output_mux[1]3
PE[0]->PE_output_mux[1]3

scheduling_index=42
PE[0]->PE_output_mux[1]3
PE[0]->PE_output_mux[1]3
PE[0]->PE_output_mux[1]3
PE[0]->PE_output_mux[1]3
PE[0]->PE_output_mux[1]3
PE[0]->PE_output_mux[1]1
PE[0]->PE_output_mux[1]3
PE[0]->PE_output_mux[1]3
PE[0]->PE_output_mux[1]3
PE[0]->PE_output_mux[1]3

scheduling_index=43
PE[0]->PE_output_mux[1]3
PE[0]->PE_output_mux[1]3
PE[0]->PE_output_mux[1]3
PE[0]->PE_output_mux[1]3
PE[0]->PE_output_mux[1]3
PE[0]->PE_output_mux[1]1
PE[0]->PE_output_mux[1]3
PE[0]->PE_output_mux[1]3
PE[0]->PE_output_mux[1]3
PE[0]->PE_output_mux[1]3

scheduling_index=44
PE[0]->PE_output_mux[1]3
PE[0]->PE_output_mux[1]3
PE[0]->PE_output_mux[1]3
PE[0]->PE_output_mux[1]3
PE[0]->PE_output_mux[1]3
PE[0]->PE_output_mux[1]1
PE[0]->PE_output_mux[1]3
PE[0]->PE_output_mux[1]3
PE[0]->PE_output_mux[1]3
PE[0]->PE_output_mux[1]3

scheduling_index=45
PE[0]->PE_output_mux[1]3
PE[0]->PE_output_mux[1]3
PE[0]->PE_output_mux[1]3
PE[0]->PE_output_mux[1]3
PE[0]->PE_output_mux[1]3
PE[0]->PE_output_mux[1]1
PE[0]->PE_output_mux[1]3
PE[0]->PE_output_mux[1]3
PE[0]->PE_output_mux[1]3
PE[0]->PE_output_mux[1]3

scheduling_index=46
PE[0]->PE_output_mux[1]3
PE[0]->PE_output_mux[1]3
PE[0]->PE_output_mux[1]3
PE[0]->PE_output_mux[1]3
PE[0]->PE_output_mux[1]3
PE[0]->PE_output_mux[1]1
PE[0]->PE_output_mux[1]3
PE[0]->PE_output_mux[1]3
PE[0]->PE_output_mux[1]3
PE[0]->PE_output_mux[1]3

scheduling_index=47
PE[0]->PE_output_mux[1]3
PE[0]->PE_output_mux[1]3
PE[0]->PE_output_mux[1]3
PE[0]->PE_output_mux[1]3
PE[0]->PE_output_mux[1]3
PE[0]->PE_output_mux[1]1
PE[0]->PE_output_mux[1]3
PE[0]->PE_output_mux[1]3
PE[0]->PE_output_mux[1]3
PE[0]->PE_output_mux[1]3

scheduling_index=48
PE[0]->PE_output_mux[1]3
PE[0]->PE_output_mux[1]3
PE[0]->PE_output_mux[1]3
PE[0]->PE_output_mux[1]3
PE[0]->PE_output_mux[1]3
PE[0]->PE_output_mux[1]1
PE[0]->PE_output_mux[1]3
PE[0]->PE_output_mux[1]3
PE[0]->PE_output_mux[1]3
PE[0]->PE_output_mux[1]3

scheduling_index=49
PE[0]->PE_output_mux[1]3
PE[0]->PE_output_mux[1]3
PE[0]->PE_output_mux[1]3
PE[0]->PE_output_mux[1]3
PE[0]->PE_output_mux[1]3
PE[0]->PE_output_mux[1]1
PE[0]->PE_output_mux[1]3
PE[0]->PE_output_mux[1]3
PE[0]->PE_output_mux[1]3
PE[0]->PE_output_mux[1]3

scheduling_index=50
PE[0]->PE_output_mux[1]3
PE[0]->PE_output_mux[1]3
PE[0]->PE_output_mux[1]3
PE[0]->PE_output_mux[1]3
PE[0]->PE_output_mux[1]3
PE[0]->PE_output_mux[1]1
PE[0]->PE_output_mux[1]3
PE[0]->PE_output_mux[1]3
PE[0]->PE_output_mux[1]3
PE[0]->PE_output_mux[1]3

scheduling_index=51
PE[0]->PE_output_mux[1]3
PE[0]->PE_output_mux[1]3
PE[0]->PE_output_mux[1]3
PE[0]->PE_output_mux[1]3
PE[0]->PE_output_mux[1]3
PE[0]->PE_output_mux[1]1
PE[0]->PE_output_mux[1]3
PE[0]->PE_output_mux[1]3
PE[0]->PE_output_mux[1]3
PE[0]->PE_output_mux[1]3

scheduling_index=52
PE[0]->PE_output_mux[1]3
PE[0]->PE_output_mux[1]3
PE[0]->PE_output_mux[1]3
PE[0]->PE_output_mux[1]3
PE[0]->PE_output_mux[1]3
PE[0]->PE_output_mux[1]1
PE[0]->PE_output_mux[1]3
PE[0]->PE_output_mux[1]3
PE[0]->PE_output_mux[1]3
PE[0]->PE_output_mux[1]3

scheduling_index=53
PE[0]->PE_output_mux[1]3
PE[0]->PE_output_mux[1]3
PE[0]->PE_output_mux[1]3
PE[0]->PE_output_mux[1]3
PE[0]->PE_output_mux[1]3
PE[0]->PE_output_mux[1]1
PE[0]->PE_output_mux[1]3
PE[0]->PE_output_mux[1]3
PE[0]->PE_output_mux[1]3
PE[0]->PE_output_mux[1]3

scheduling_index=54
PE[0]->PE_output_mux[1]3
PE[0]->PE_output_mux[1]3
PE[0]->PE_output_mux[1]3
PE[0]->PE_output_mux[1]3
PE[0]->PE_output_mux[1]3
PE[0]->PE_output_mux[1]1
PE[0]->PE_output_mux[1]3
PE[0]->PE_output_mux[1]3
PE[0]->PE_output_mux[1]3
PE[0]->PE_output_mux[1]3

scheduling_index=55
PE[0]->PE_output_mux[1]3
PE[0]->PE_output_mux[1]3
PE[0]->PE_output_mux[1]3
PE[0]->PE_output_mux[1]3
PE[0]->PE_output_mux[1]3
PE[0]->PE_output_mux[1]1
PE[0]->PE_output_mux[1]3
PE[0]->PE_output_mux[1]3
PE[0]->PE_output_mux[1]3
PE[0]->PE_output_mux[1]3

scheduling_index=56
PE[0]->PE_output_mux[1]3
PE[0]->PE_output_mux[1]3
PE[0]->PE_output_mux[1]3
PE[0]->PE_output_mux[1]3
PE[0]->PE_output_mux[1]3
PE[0]->PE_output_mux[1]1
PE[0]->PE_output_mux[1]3
PE[0]->PE_output_mux[1]3
PE[0]->PE_output_mux[1]3
PE[0]->PE_output_mux[1]3

scheduling_index=57
PE[0]->PE_output_mux[1]3
PE[0]->PE_output_mux[1]3
PE[0]->PE_output_mux[1]3
PE[0]->PE_output_mux[1]3
PE[0]->PE_output_mux[1]3
PE[0]->PE_output_mux[1]1
PE[0]->PE_output_mux[1]3
PE[0]->PE_output_mux[1]3
PE[0]->PE_output_mux[1]3
PE[0]->PE_output_mux[1]3

scheduling_index=58
PE[0]->PE_output_mux[1]3
PE[0]->PE_output_mux[1]3
PE[0]->PE_output_mux[1]3
PE[0]->PE_output_mux[1]3
PE[0]->PE_output_mux[1]3
PE[0]->PE_output_mux[1]1
PE[0]->PE_output_mux[1]3
PE[0]->PE_output_mux[1]3
PE[0]->PE_output_mux[1]3
PE[0]->PE_output_mux[1]3

scheduling_index=59
PE[0]->PE_output_mux[1]3
PE[0]->PE_output_mux[1]3
PE[0]->PE_output_mux[1]3
PE[0]->PE_output_mux[1]3
PE[0]->PE_output_mux[1]3
PE[0]->PE_output_mux[1]1
PE[0]->PE_output_mux[1]3
PE[0]->PE_output_mux[1]3
PE[0]->PE_output_mux[1]3
PE[0]->PE_output_mux[1]3

scheduling_index=60
PE[0]->PE_output_mux[1]3
PE[0]->PE_output_mux[1]3
PE[0]->PE_output_mux[1]3
PE[0]->PE_output_mux[1]3
PE[0]->PE_output_mux[1]3
PE[0]->PE_output_mux[1]1
PE[0]->PE_output_mux[1]3
PE[0]->PE_output_mux[1]3
PE[0]->PE_output_mux[1]3
PE[0]->PE_output_mux[1]3

scheduling_index=61
PE[0]->PE_output_mux[1]3
PE[0]->PE_output_mux[1]3
PE[0]->PE_output_mux[1]3
PE[0]->PE_output_mux[1]3
PE[0]->PE_output_mux[1]3
PE[0]->PE_output_mux[1]1
PE[0]->PE_output_mux[1]3
PE[0]->PE_output_mux[1]3
PE[0]->PE_output_mux[1]3
PE[0]->PE_output_mux[1]3

scheduling_index=62
PE[0]->PE_output_mux[1]3
PE[0]->PE_output_mux[1]3
PE[0]->PE_output_mux[1]3
PE[0]->PE_output_mux[1]3
PE[0]->PE_output_mux[1]3
PE[0]->PE_output_mux[1]1
PE[0]->PE_output_mux[1]3
PE[0]->PE_output_mux[1]3
PE[0]->PE_output_mux[1]3
PE[0]->PE_output_mux[1]3

scheduling_index=63
PE[0]->PE_output_mux[1]3
PE[0]->PE_output_mux[1]3
PE[0]->PE_output_mux[1]3
PE[0]->PE_output_mux[1]3
PE[0]->PE_output_mux[1]3
PE[0]->PE_output_mux[1]1
PE[0]->PE_output_mux[1]3
PE[0]->PE_output_mux[1]3
PE[0]->PE_output_mux[1]3
PE[0]->PE_output_mux[1]3

scheduling_index=64
PE[0]->PE_output_mux[1]3
PE[0]->PE_output_mux[1]3
PE[0]->PE_output_mux[1]3
PE[0]->PE_output_mux[1]3
PE[0]->PE_output_mux[1]3
PE[0]->PE_output_mux[1]1
PE[0]->PE_output_mux[1]3
PE[0]->PE_output_mux[1]3
PE[0]->PE_output_mux[1]3
PE[0]->PE_output_mux[1]3

scheduling_index=65
PE[0]->PE_output_mux[1]3
PE[0]->PE_output_mux[1]3
PE[0]->PE_output_mux[1]3
PE[0]->PE_output_mux[1]3
PE[0]->PE_output_mux[1]3
PE[0]->PE_output_mux[1]1
PE[0]->PE_output_mux[1]3
PE[0]->PE_output_mux[1]3
PE[0]->PE_output_mux[1]3
PE[0]->PE_output_mux[1]3

scheduling_index=66
PE[0]->PE_output_mux[1]3
PE[0]->PE_output_mux[1]3
PE[0]->PE_output_mux[1]3
PE[0]->PE_output_mux[1]3
PE[0]->PE_output_mux[1]3
PE[0]->PE_output_mux[1]1
PE[0]->PE_output_mux[1]3
PE[0]->PE_output_mux[1]3
PE[0]->PE_output_mux[1]3
PE[0]->PE_output_mux[1]3

scheduling_index=67
PE[0]->PE_output_mux[1]3
PE[0]->PE_output_mux[1]3
PE[0]->PE_output_mux[1]3
PE[0]->PE_output_mux[1]3
PE[0]->PE_output_mux[1]3
PE[0]->PE_output_mux[1]1
PE[0]->PE_output_mux[1]3
PE[0]->PE_output_mux[1]3
PE[0]->PE_output_mux[1]3
PE[0]->PE_output_mux[1]3

scheduling_index=68
PE[0]->PE_output_mux[1]3
PE[0]->PE_output_mux[1]3
PE[0]->PE_output_mux[1]3
PE[0]->PE_output_mux[1]3
PE[0]->PE_output_mux[1]3
PE[0]->PE_output_mux[1]1
PE[0]->PE_output_mux[1]3
PE[0]->PE_output_mux[1]3
PE[0]->PE_output_mux[1]3
PE[0]->PE_output_mux[1]3

scheduling_index=69
PE[0]->PE_output_mux[1]3
PE[0]->PE_output_mux[1]3
PE[0]->PE_output_mux[1]3
PE[0]->PE_output_mux[1]3
PE[0]->PE_output_mux[1]3
PE[0]->PE_output_mux[1]1
PE[0]->PE_output_mux[1]3
PE[0]->PE_output_mux[1]3
PE[0]->PE_output_mux[1]3
PE[0]->PE_output_mux[1]3

scheduling_index=70
PE[0]->PE_output_mux[1]3
PE[0]->PE_output_mux[1]3
PE[0]->PE_output_mux[1]3
PE[0]->PE_output_mux[1]3
PE[0]->PE_output_mux[1]3
PE[0]->PE_output_mux[1]1
PE[0]->PE_output_mux[1]3
PE[0]->PE_output_mux[1]3
PE[0]->PE_output_mux[1]3
PE[0]->PE_output_mux[1]3

scheduling_index=71
PE[0]->PE_output_mux[1]3
PE[0]->PE_output_mux[1]3
PE[0]->PE_output_mux[1]3
PE[0]->PE_output_mux[1]3
PE[0]->PE_output_mux[1]3
PE[0]->PE_output_mux[1]1
PE[0]->PE_output_mux[1]3
PE[0]->PE_output_mux[1]3
PE[0]->PE_output_mux[1]3
PE[0]->PE_output_mux[1]3

scheduling_index=72
PE[0]->PE_output_mux[1]3
PE[0]->PE_output_mux[1]3
PE[0]->PE_output_mux[1]3
PE[0]->PE_output_mux[1]3
PE[0]->PE_output_mux[1]3
PE[0]->PE_output_mux[1]1
PE[0]->PE_output_mux[1]3
PE[0]->PE_output_mux[1]3
PE[0]->PE_output_mux[1]3
PE[0]->PE_output_mux[1]3

scheduling_index=73
PE[0]->PE_output_mux[1]3
PE[0]->PE_output_mux[1]3
PE[0]->PE_output_mux[1]3
PE[0]->PE_output_mux[1]3
PE[0]->PE_output_mux[1]3
PE[0]->PE_output_mux[1]1
PE[0]->PE_output_mux[1]3
PE[0]->PE_output_mux[1]3
PE[0]->PE_output_mux[1]3
PE[0]->PE_output_mux[1]3

scheduling_index=74
PE[0]->PE_output_mux[1]3
PE[0]->PE_output_mux[1]3
PE[0]->PE_output_mux[1]3
PE[0]->PE_output_mux[1]3
PE[0]->PE_output_mux[1]3
PE[0]->PE_output_mux[1]1
PE[0]->PE_output_mux[1]3
PE[0]->PE_output_mux[1]3
PE[0]->PE_output_mux[1]3
PE[0]->PE_output_mux[1]3

scheduling_index=75
PE[0]->PE_output_mux[1]3
PE[0]->PE_output_mux[1]3
PE[0]->PE_output_mux[1]3
PE[0]->PE_output_mux[1]3
PE[0]->PE_output_mux[1]3
PE[0]->PE_output_mux[1]1
PE[0]->PE_output_mux[1]3
PE[0]->PE_output_mux[1]3
PE[0]->PE_output_mux[1]3
PE[0]->PE_output_mux[1]3

scheduling_index=76
PE[0]->PE_output_mux[1]3
PE[0]->PE_output_mux[1]3
PE[0]->PE_output_mux[1]3
PE[0]->PE_output_mux[1]3
PE[0]->PE_output_mux[1]3
PE[0]->PE_output_mux[1]1
PE[0]->PE_output_mux[1]3
PE[0]->PE_output_mux[1]3
PE[0]->PE_output_mux[1]3
PE[0]->PE_output_mux[1]3

scheduling_index=77
PE[0]->PE_output_mux[1]3
PE[0]->PE_output_mux[1]3
PE[0]->PE_output_mux[1]3
PE[0]->PE_output_mux[1]3
PE[0]->PE_output_mux[1]3
PE[0]->PE_output_mux[1]1
PE[0]->PE_output_mux[1]3
PE[0]->PE_output_mux[1]3
PE[0]->PE_output_mux[1]3
PE[0]->PE_output_mux[1]3

scheduling_index=78
PE[0]->PE_output_mux[1]3
PE[0]->PE_output_mux[1]3
PE[0]->PE_output_mux[1]3
PE[0]->PE_output_mux[1]3
PE[0]->PE_output_mux[1]3
PE[0]->PE_output_mux[1]1
PE[0]->PE_output_mux[1]3
PE[0]->PE_output_mux[1]3
PE[0]->PE_output_mux[1]3
PE[0]->PE_output_mux[1]3

scheduling_index=79
PE[0]->PE_output_mux[1]3
PE[0]->PE_output_mux[1]3
PE[0]->PE_output_mux[1]3
PE[0]->PE_output_mux[1]3
PE[0]->PE_output_mux[1]3
PE[0]->PE_output_mux[1]1
PE[0]->PE_output_mux[1]3
PE[0]->PE_output_mux[1]3
PE[0]->PE_output_mux[1]3
PE[0]->PE_output_mux[1]3

scheduling_index=80
PE[0]->PE_output_mux[1]3
PE[0]->PE_output_mux[1]3
PE[0]->PE_output_mux[1]3
PE[0]->PE_output_mux[1]3
PE[0]->PE_output_mux[1]3
PE[0]->PE_output_mux[1]1
PE[0]->PE_output_mux[1]3
PE[0]->PE_output_mux[1]3
PE[0]->PE_output_mux[1]3
PE[0]->PE_output_mux[1]3

scheduling_index=81
PE[0]->PE_output_mux[1]3
PE[0]->PE_output_mux[1]3
PE[0]->PE_output_mux[1]3
PE[0]->PE_output_mux[1]3
PE[0]->PE_output_mux[1]3
PE[0]->PE_output_mux[1]1
PE[0]->PE_output_mux[1]3
PE[0]->PE_output_mux[1]3
PE[0]->PE_output_mux[1]3
PE[0]->PE_output_mux[1]3

scheduling_index=82
PE[0]->PE_output_mux[1]3
PE[0]->PE_output_mux[1]3
PE[0]->PE_output_mux[1]3
PE[0]->PE_output_mux[1]3
PE[0]->PE_output_mux[1]3
PE[0]->PE_output_mux[1]1
PE[0]->PE_output_mux[1]3
PE[0]->PE_output_mux[1]3
PE[0]->PE_output_mux[1]3
PE[0]->PE_output_mux[1]3

scheduling_index=83
PE[0]->PE_output_mux[1]3
PE[0]->PE_output_mux[1]3
PE[0]->PE_output_mux[1]3
PE[0]->PE_output_mux[1]3
PE[0]->PE_output_mux[1]3
PE[0]->PE_output_mux[1]1
PE[0]->PE_output_mux[1]3
PE[0]->PE_output_mux[1]3
PE[0]->PE_output_mux[1]3
PE[0]->PE_output_mux[1]3

scheduling_index=84
PE[0]->PE_output_mux[1]3
PE[0]->PE_output_mux[1]3
PE[0]->PE_output_mux[1]3
PE[0]->PE_output_mux[1]3
PE[0]->PE_output_mux[1]3
PE[0]->PE_output_mux[1]1
PE[0]->PE_output_mux[1]3
PE[0]->PE_output_mux[1]3
PE[0]->PE_output_mux[1]3
PE[0]->PE_output_mux[1]3

scheduling_index=85
PE[0]->PE_output_mux[1]3
PE[0]->PE_output_mux[1]3
PE[0]->PE_output_mux[1]3
PE[0]->PE_output_mux[1]3
PE[0]->PE_output_mux[1]3
PE[0]->PE_output_mux[1]1
PE[0]->PE_output_mux[1]3
PE[0]->PE_output_mux[1]3
PE[0]->PE_output_mux[1]3
PE[0]->PE_output_mux[1]3

scheduling_index=86
PE[0]->PE_output_mux[1]3
PE[0]->PE_output_mux[1]3
PE[0]->PE_output_mux[1]3
PE[0]->PE_output_mux[1]3
PE[0]->PE_output_mux[1]3
PE[0]->PE_output_mux[1]1
PE[0]->PE_output_mux[1]3
PE[0]->PE_output_mux[1]3
PE[0]->PE_output_mux[1]3
PE[0]->PE_output_mux[1]3

scheduling_index=87
PE[0]->PE_output_mux[1]3
PE[0]->PE_output_mux[1]3
PE[0]->PE_output_mux[1]3
PE[0]->PE_output_mux[1]3
PE[0]->PE_output_mux[1]3
PE[0]->PE_output_mux[1]1
PE[0]->PE_output_mux[1]3
PE[0]->PE_output_mux[1]3
PE[0]->PE_output_mux[1]3
PE[0]->PE_output_mux[1]3

scheduling_index=88
PE[0]->PE_output_mux[1]3
PE[0]->PE_output_mux[1]3
PE[0]->PE_output_mux[1]3
PE[0]->PE_output_mux[1]3
PE[0]->PE_output_mux[1]3
PE[0]->PE_output_mux[1]1
PE[0]->PE_output_mux[1]3
PE[0]->PE_output_mux[1]3
PE[0]->PE_output_mux[1]3
PE[0]->PE_output_mux[1]3

scheduling_index=89
PE[0]->PE_output_mux[1]3
PE[0]->PE_output_mux[1]3
PE[0]->PE_output_mux[1]3
PE[0]->PE_output_mux[1]3
PE[0]->PE_output_mux[1]3
PE[0]->PE_output_mux[1]1
PE[0]->PE_output_mux[1]3
PE[0]->PE_output_mux[1]3
PE[0]->PE_output_mux[1]3
PE[0]->PE_output_mux[1]3

scheduling_index=90
PE[0]->PE_output_mux[1]3
PE[0]->PE_output_mux[1]3
PE[0]->PE_output_mux[1]3
PE[0]->PE_output_mux[1]3
PE[0]->PE_output_mux[1]3
PE[0]->PE_output_mux[1]1
PE[0]->PE_output_mux[1]3
PE[0]->PE_output_mux[1]3
PE[0]->PE_output_mux[1]3
PE[0]->PE_output_mux[1]3

scheduling_index=91
PE[0]->PE_output_mux[1]3
PE[0]->PE_output_mux[1]3
PE[0]->PE_output_mux[1]3
PE[0]->PE_output_mux[1]3
PE[0]->PE_output_mux[1]3
PE[0]->PE_output_mux[1]1
PE[0]->PE_output_mux[1]3
PE[0]->PE_output_mux[1]3
PE[0]->PE_output_mux[1]3
PE[0]->PE_output_mux[1]3

scheduling_index=92
PE[0]->PE_output_mux[1]3
PE[0]->PE_output_mux[1]3
PE[0]->PE_output_mux[1]3
PE[0]->PE_output_mux[1]3
PE[0]->PE_output_mux[1]3
PE[0]->PE_output_mux[1]1
PE[0]->PE_output_mux[1]3
PE[0]->PE_output_mux[1]3
PE[0]->PE_output_mux[1]3
PE[0]->PE_output_mux[1]3

scheduling_index=93
PE[0]->PE_output_mux[1]3
PE[0]->PE_output_mux[1]3
PE[0]->PE_output_mux[1]3
PE[0]->PE_output_mux[1]3
PE[0]->PE_output_mux[1]3
PE[0]->PE_output_mux[1]1
PE[0]->PE_output_mux[1]3
PE[0]->PE_output_mux[1]3
PE[0]->PE_output_mux[1]3
PE[0]->PE_output_mux[1]3

scheduling_index=94
PE[0]->PE_output_mux[1]3
PE[0]->PE_output_mux[1]3
PE[0]->PE_output_mux[1]3
PE[0]->PE_output_mux[1]3
PE[0]->PE_output_mux[1]3
PE[0]->PE_output_mux[1]1
PE[0]->PE_output_mux[1]3
PE[0]->PE_output_mux[1]3
PE[0]->PE_output_mux[1]3
PE[0]->PE_output_mux[1]3

scheduling_index=95
PE[0]->PE_output_mux[1]3
PE[0]->PE_output_mux[1]3
PE[0]->PE_output_mux[1]3
PE[0]->PE_output_mux[1]3
PE[0]->PE_output_mux[1]3
PE[0]->PE_output_mux[1]1
PE[0]->PE_output_mux[1]3
PE[0]->PE_output_mux[1]3
PE[0]->PE_output_mux[1]3
PE[0]->PE_output_mux[1]3

scheduling_index=96
PE[0]->PE_output_mux[1]3
PE[0]->PE_output_mux[1]3
PE[0]->PE_output_mux[1]3
PE[0]->PE_output_mux[1]3
PE[0]->PE_output_mux[1]3
PE[0]->PE_output_mux[1]1
PE[0]->PE_output_mux[1]3
PE[0]->PE_output_mux[1]3
PE[0]->PE_output_mux[1]3
PE[0]->PE_output_mux[1]3

scheduling_index=97
PE[0]->PE_output_mux[1]3
PE[0]->PE_output_mux[1]3
PE[0]->PE_output_mux[1]3
PE[0]->PE_output_mux[1]3
PE[0]->PE_output_mux[1]3
PE[0]->PE_output_mux[1]1
PE[0]->PE_output_mux[1]3
PE[0]->PE_output_mux[1]3
PE[0]->PE_output_mux[1]3
PE[0]->PE_output_mux[1]3

scheduling_index=98
PE[0]->PE_output_mux[1]3
PE[0]->PE_output_mux[1]3
PE[0]->PE_output_mux[1]3
PE[0]->PE_output_mux[1]3
PE[0]->PE_output_mux[1]3
PE[0]->PE_output_mux[1]1
PE[0]->PE_output_mux[1]3
PE[0]->PE_output_mux[1]3
PE[0]->PE_output_mux[1]3
PE[0]->PE_output_mux[1]3

scheduling_index=99
PE[0]->PE_output_mux[1]3
PE[0]->PE_output_mux[1]3
PE[0]->PE_output_mux[1]3
PE[0]->PE_output_mux[1]3
PE[0]->PE_output_mux[1]3
PE[0]->PE_output_mux[1]1
PE[0]->PE_output_mux[1]3
PE[0]->PE_output_mux[1]3
PE[0]->PE_output_mux[1]3
PE[0]->PE_output_mux[1]3

scheduling_index=100
PE[0]->PE_output_mux[1]3
PE[0]->PE_output_mux[1]3
PE[0]->PE_output_mux[1]3
PE[0]->PE_output_mux[1]3
PE[0]->PE_output_mux[1]3
PE[0]->PE_output_mux[1]1
PE[0]->PE_output_mux[1]3
PE[0]->PE_output_mux[1]3
PE[0]->PE_output_mux[1]3
PE[0]->PE_output_mux[1]3

scheduling_index=101
PE[0]->PE_output_mux[1]3
PE[0]->PE_output_mux[1]3
PE[0]->PE_output_mux[1]3
PE[0]->PE_output_mux[1]3
PE[0]->PE_output_mux[1]3
PE[0]->PE_output_mux[1]1
PE[0]->PE_output_mux[1]3
PE[0]->PE_output_mux[1]3
PE[0]->PE_output_mux[1]3
PE[0]->PE_output_mux[1]3

scheduling_index=102
PE[0]->PE_output_mux[1]3
PE[0]->PE_output_mux[1]3
PE[0]->PE_output_mux[1]3
PE[0]->PE_output_mux[1]3
PE[0]->PE_output_mux[1]3
PE[0]->PE_output_mux[1]1
PE[0]->PE_output_mux[1]3
PE[0]->PE_output_mux[1]3
PE[0]->PE_output_mux[1]3
PE[0]->PE_output_mux[1]3

scheduling_index=103
PE[0]->PE_output_mux[1]3
PE[0]->PE_output_mux[1]3
PE[0]->PE_output_mux[1]3
PE[0]->PE_output_mux[1]3
PE[0]->PE_output_mux[1]3
PE[0]->PE_output_mux[1]1
PE[0]->PE_output_mux[1]3
PE[0]->PE_output_mux[1]3
PE[0]->PE_output_mux[1]3
PE[0]->PE_output_mux[1]3

scheduling_index=104
PE[0]->PE_output_mux[1]3
PE[0]->PE_output_mux[1]3
PE[0]->PE_output_mux[1]3
PE[0]->PE_output_mux[1]3
PE[0]->PE_output_mux[1]3
PE[0]->PE_output_mux[1]1
PE[0]->PE_output_mux[1]3
PE[0]->PE_output_mux[1]3
PE[0]->PE_output_mux[1]3
PE[0]->PE_output_mux[1]3

scheduling_index=105
PE[0]->PE_output_mux[1]3
PE[0]->PE_output_mux[1]3
PE[0]->PE_output_mux[1]3
PE[0]->PE_output_mux[1]3
PE[0]->PE_output_mux[1]3
PE[0]->PE_output_mux[1]1
PE[0]->PE_output_mux[1]3
PE[0]->PE_output_mux[1]3
PE[0]->PE_output_mux[1]3
PE[0]->PE_output_mux[1]3

scheduling_index=106
PE[0]->PE_output_mux[1]3
PE[0]->PE_output_mux[1]3
PE[0]->PE_output_mux[1]3
PE[0]->PE_output_mux[1]3
PE[0]->PE_output_mux[1]3
PE[0]->PE_output_mux[1]1
PE[0]->PE_output_mux[1]3
PE[0]->PE_output_mux[1]3
PE[0]->PE_output_mux[1]3
PE[0]->PE_output_mux[1]3

scheduling_index=107
PE[0]->PE_output_mux[1]3
PE[0]->PE_output_mux[1]3
PE[0]->PE_output_mux[1]3
PE[0]->PE_output_mux[1]3
PE[0]->PE_output_mux[1]3
PE[0]->PE_output_mux[1]1
PE[0]->PE_output_mux[1]3
PE[0]->PE_output_mux[1]3
PE[0]->PE_output_mux[1]3
PE[0]->PE_output_mux[1]3

scheduling_index=108
PE[0]->PE_output_mux[1]3
PE[0]->PE_output_mux[1]3
PE[0]->PE_output_mux[1]3
PE[0]->PE_output_mux[1]3
PE[0]->PE_output_mux[1]3
PE[0]->PE_output_mux[1]1
PE[0]->PE_output_mux[1]3
PE[0]->PE_output_mux[1]3
PE[0]->PE_output_mux[1]3
PE[0]->PE_output_mux[1]3

scheduling_index=109
PE[0]->PE_output_mux[1]3
PE[0]->PE_output_mux[1]3
PE[0]->PE_output_mux[1]3
PE[0]->PE_output_mux[1]3
PE[0]->PE_output_mux[1]3
PE[0]->PE_output_mux[1]1
PE[0]->PE_output_mux[1]3
PE[0]->PE_output_mux[1]3
PE[0]->PE_output_mux[1]3
PE[0]->PE_output_mux[1]3

scheduling_index=110
PE[0]->PE_output_mux[1]3
PE[0]->PE_output_mux[1]3
PE[0]->PE_output_mux[1]3
PE[0]->PE_output_mux[1]3
PE[0]->PE_output_mux[1]3
PE[0]->PE_output_mux[1]1
PE[0]->PE_output_mux[1]3
PE[0]->PE_output_mux[1]3
PE[0]->PE_output_mux[1]3
PE[0]->PE_output_mux[1]3

scheduling_index=111
PE[0]->PE_output_mux[1]3
PE[0]->PE_output_mux[1]3
PE[0]->PE_output_mux[1]3
PE[0]->PE_output_mux[1]3
PE[0]->PE_output_mux[1]3
PE[0]->PE_output_mux[1]1
PE[0]->PE_output_mux[1]3
PE[0]->PE_output_mux[1]3
PE[0]->PE_output_mux[1]3
PE[0]->PE_output_mux[1]3

scheduling_index=112
PE[0]->PE_output_mux[1]3
PE[0]->PE_output_mux[1]3
PE[0]->PE_output_mux[1]3
PE[0]->PE_output_mux[1]3
PE[0]->PE_output_mux[1]3
PE[0]->PE_output_mux[1]1
PE[0]->PE_output_mux[1]3
PE[0]->PE_output_mux[1]3
PE[0]->PE_output_mux[1]3
PE[0]->PE_output_mux[1]3

scheduling_index=113
PE[0]->PE_output_mux[1]3
PE[0]->PE_output_mux[1]3
PE[0]->PE_output_mux[1]3
PE[0]->PE_output_mux[1]3
PE[0]->PE_output_mux[1]3
PE[0]->PE_output_mux[1]1
PE[0]->PE_output_mux[1]3
PE[0]->PE_output_mux[1]3
PE[0]->PE_output_mux[1]3
PE[0]->PE_output_mux[1]3

scheduling_index=114
PE[0]->PE_output_mux[1]3
PE[0]->PE_output_mux[1]3
PE[0]->PE_output_mux[1]3
PE[0]->PE_output_mux[1]3
PE[0]->PE_output_mux[1]3
PE[0]->PE_output_mux[1]1
PE[0]->PE_output_mux[1]3
PE[0]->PE_output_mux[1]3
PE[0]->PE_output_mux[1]3
PE[0]->PE_output_mux[1]3

scheduling_index=115
PE[0]->PE_output_mux[1]3
PE[0]->PE_output_mux[1]3
PE[0]->PE_output_mux[1]3
PE[0]->PE_output_mux[1]3
PE[0]->PE_output_mux[1]3
PE[0]->PE_output_mux[1]1
PE[0]->PE_output_mux[1]3
PE[0]->PE_output_mux[1]3
PE[0]->PE_output_mux[1]3
PE[0]->PE_output_mux[1]3

scheduling_index=116
PE[0]->PE_output_mux[1]3
PE[0]->PE_output_mux[1]3
PE[0]->PE_output_mux[1]3
PE[0]->PE_output_mux[1]3
PE[0]->PE_output_mux[1]3
PE[0]->PE_output_mux[1]1
PE[0]->PE_output_mux[1]3
PE[0]->PE_output_mux[1]3
PE[0]->PE_output_mux[1]3
PE[0]->PE_output_mux[1]3

scheduling_index=117
PE[0]->PE_output_mux[1]3
PE[0]->PE_output_mux[1]3
PE[0]->PE_output_mux[1]3
PE[0]->PE_output_mux[1]3
PE[0]->PE_output_mux[1]3
PE[0]->PE_output_mux[1]1
PE[0]->PE_output_mux[1]3
PE[0]->PE_output_mux[1]3
PE[0]->PE_output_mux[1]3
PE[0]->PE_output_mux[1]3

scheduling_index=118
PE[0]->PE_output_mux[1]3
PE[0]->PE_output_mux[1]3
PE[0]->PE_output_mux[1]3
PE[0]->PE_output_mux[1]3
PE[0]->PE_output_mux[1]3
PE[0]->PE_output_mux[1]1
PE[0]->PE_output_mux[1]3
PE[0]->PE_output_mux[1]3
PE[0]->PE_output_mux[1]3
PE[0]->PE_output_mux[1]3

scheduling_index=119
PE[0]->PE_output_mux[1]3
PE[0]->PE_output_mux[1]3
PE[0]->PE_output_mux[1]3
PE[0]->PE_output_mux[1]3
PE[0]->PE_output_mux[1]3
PE[0]->PE_output_mux[1]1
PE[0]->PE_output_mux[1]3
PE[0]->PE_output_mux[1]3
PE[0]->PE_output_mux[1]3
PE[0]->PE_output_mux[1]3

scheduling_index=120
PE[0]->PE_output_mux[1]3
PE[0]->PE_output_mux[1]3
PE[0]->PE_output_mux[1]3
PE[0]->PE_output_mux[1]3
PE[0]->PE_output_mux[1]3
PE[0]->PE_output_mux[1]1
PE[0]->PE_output_mux[1]3
PE[0]->PE_output_mux[1]3
PE[0]->PE_output_mux[1]3
PE[0]->PE_output_mux[1]3

scheduling_index=121
PE[0]->PE_output_mux[1]3
PE[0]->PE_output_mux[1]3
PE[0]->PE_output_mux[1]3
PE[0]->PE_output_mux[1]3
PE[0]->PE_output_mux[1]3
PE[0]->PE_output_mux[1]1
PE[0]->PE_output_mux[1]3
PE[0]->PE_output_mux[1]3
PE[0]->PE_output_mux[1]3
PE[0]->PE_output_mux[1]3

scheduling_index=122
PE[0]->PE_output_mux[1]3
PE[0]->PE_output_mux[1]3
PE[0]->PE_output_mux[1]3
PE[0]->PE_output_mux[1]3
PE[0]->PE_output_mux[1]3
PE[0]->PE_output_mux[1]1
PE[0]->PE_output_mux[1]3
PE[0]->PE_output_mux[1]3
PE[0]->PE_output_mux[1]3
PE[0]->PE_output_mux[1]3

scheduling_index=123
PE[0]->PE_output_mux[1]3
PE[0]->PE_output_mux[1]3
PE[0]->PE_output_mux[1]3
PE[0]->PE_output_mux[1]3
PE[0]->PE_output_mux[1]3
PE[0]->PE_output_mux[1]1
PE[0]->PE_output_mux[1]3
PE[0]->PE_output_mux[1]3
PE[0]->PE_output_mux[1]3
PE[0]->PE_output_mux[1]3

scheduling_index=124
PE[0]->PE_output_mux[1]3
PE[0]->PE_output_mux[1]3
PE[0]->PE_output_mux[1]3
PE[0]->PE_output_mux[1]3
PE[0]->PE_output_mux[1]3
PE[0]->PE_output_mux[1]1
PE[0]->PE_output_mux[1]3
PE[0]->PE_output_mux[1]3
PE[0]->PE_output_mux[1]3
PE[0]->PE_output_mux[1]3

Scheduling kernel is completed!
Scheduling performance= 2000
Minimum instruction memory requirements= 100
Real minimum instruction memory requirements= 112
Minimum instruction memory requirements at break points= 112
PE    output port    memory read    memory write    dsp pipeline      
0     0.2525         1.5            0.67            0.14              
1     0.07           0.78           0.55            0.14              
2     0.08           0.69           0.43            0.15              
3     0.025          0.55           0.37            0.15              
4     0.035          0.48           0.36            0.12              
5     0.0275         0.48           0.38            0.12              
6     0.035          0.59           0.38            0.15              
7     0.04           0.57           0.4             0.14              
8     0.0225         0.51           0.42            0.14              
9 5 7 7 6 5 8 6 6 
Total compiling time= 0.15
Scheduling kernel finishes!
