
*** Running xst
    with args -ifn "base_sys_stub.xst" -ofn "base_sys_stub.srp" -intstyle ise

Reading design: base_sys_stub.prj

=========================================================================
*                          HDL Parsing                                  *
=========================================================================
Analyzing Verilog file "D:/minibench/scgra-mm-fir/scgra2x2-1k/scgra2x2-1k.srcs/sources_1/edk/base_sys/hdl/base_sys.v" into library work
Parsing module <base_sys>.
Parsing module <base_sys_processing_system7_0_wrapper>.
Parsing module <base_sys_axi_bram_ctrl_0_wrapper>.
Parsing module <base_sys_axi_interconnect_1_wrapper>.
Parsing module <base_sys_axi_bram_ctrl_0_bram_block_1_wrapper>.
Parsing module <base_sys_axi_bram_ctrl_1_wrapper>.
Parsing module <base_sys_axi_bram_ctrl_1_bram_block_1_wrapper>.
Parsing module <base_sys_axi_bram_ctrl_2_wrapper>.
Parsing module <base_sys_axi_bram_ctrl_2_bram_block_1_wrapper>.
Parsing module <base_sys_axi_bram_ctrl_3_wrapper>.
Parsing module <base_sys_axi_bram_ctrl_3_bram_block_1_wrapper>.
Parsing module <base_sys_acc_ctrl_0_wrapper>.
Parsing module <base_sys_axi_interconnect_2_wrapper>.
Parsing module <base_sys_cgra2x2_0_wrapper>.
Analyzing Verilog file "D:/minibench/scgra-mm-fir/scgra2x2-1k/scgra2x2-1k.srcs/sources_1/edk/base_sys/base_sys_stub.v" into library work
Parsing module <base_sys_stub>.

=========================================================================
*                            HDL Elaboration                            *
=========================================================================

Elaborating module <base_sys_stub>.

Elaborating module <base_sys>.
WARNING:HDLCompiler:1499 - "D:/minibench/scgra-mm-fir/scgra2x2-1k/scgra2x2-1k.srcs/sources_1/edk/base_sys/hdl/base_sys.v" Line 5: Empty module <base_sys> remains a black box.

=========================================================================
*                           HDL Synthesis                               *
=========================================================================

Synthesizing Unit <base_sys_stub>.
    Related source file is "D:/minibench/scgra-mm-fir/scgra2x2-1k/scgra2x2-1k.srcs/sources_1/edk/base_sys/base_sys_stub.v".
    Set property "BOX_TYPE = user_black_box" for instance <base_sys_i>.
    Summary:
	no macro.
Unit <base_sys_stub> synthesized.

=========================================================================
HDL Synthesis Report

Found no macro
=========================================================================

=========================================================================
*                       Advanced HDL Synthesis                          *
=========================================================================

Reading core <..\..\scgra2x2-1k.srcs\sources_1\edk\base_sys\implementation/base_sys.ngc>.
Reading core <..\..\scgra2x2-1k.srcs\sources_1\edk\base_sys\implementation/base_sys_processing_system7_0_wrapper.ngc>.
Reading core <..\..\scgra2x2-1k.srcs\sources_1\edk\base_sys\implementation/base_sys_axi_interconnect_1_wrapper.ngc>.
Reading core <..\..\scgra2x2-1k.srcs\sources_1\edk\base_sys\implementation/base_sys_axi_interconnect_2_wrapper.ngc>.
Reading core <..\..\scgra2x2-1k.srcs\sources_1\edk\base_sys\implementation/base_sys_cgra2x2_0_wrapper.ngc>.
Reading Secure Unit <blk00000001>.
Reading core <..\..\scgra2x2-1k.srcs\sources_1\edk\base_sys\implementation/base_sys_axi_bram_ctrl_0_wrapper.ngc>.
Reading core <..\..\scgra2x2-1k.srcs\sources_1\edk\base_sys\implementation/base_sys_axi_bram_ctrl_1_wrapper.ngc>.
Reading core <..\..\scgra2x2-1k.srcs\sources_1\edk\base_sys\implementation/base_sys_axi_bram_ctrl_2_wrapper.ngc>.
Reading core <..\..\scgra2x2-1k.srcs\sources_1\edk\base_sys\implementation/base_sys_axi_bram_ctrl_3_wrapper.ngc>.
Reading core <..\..\scgra2x2-1k.srcs\sources_1\edk\base_sys\implementation/base_sys_acc_ctrl_0_wrapper.ngc>.
Reading core <..\..\scgra2x2-1k.srcs\sources_1\edk\base_sys\implementation/base_sys_axi_bram_ctrl_0_bram_block_1_wrapper.ngc>.
Reading core <..\..\scgra2x2-1k.srcs\sources_1\edk\base_sys\implementation/base_sys_axi_bram_ctrl_1_bram_block_1_wrapper.ngc>.
Reading core <..\..\scgra2x2-1k.srcs\sources_1\edk\base_sys\implementation/base_sys_axi_bram_ctrl_2_bram_block_1_wrapper.ngc>.
Reading core <..\..\scgra2x2-1k.srcs\sources_1\edk\base_sys\implementation/base_sys_axi_bram_ctrl_3_bram_block_1_wrapper.ngc>.
Loading core <base_sys_processing_system7_0_wrapper> for timing and area information for instance <processing_system7_0>.
Loading core <base_sys_axi_interconnect_1_wrapper> for timing and area information for instance <axi_interconnect_1>.
Loading core <base_sys_axi_interconnect_2_wrapper> for timing and area information for instance <axi_interconnect_2>.
Loading core <base_sys_cgra2x2_0_wrapper> for timing and area information for instance <cgra2x2_0>.
Loading core <base_sys_axi_bram_ctrl_0_wrapper> for timing and area information for instance <axi_bram_ctrl_0>.
Loading core <base_sys_axi_bram_ctrl_1_wrapper> for timing and area information for instance <axi_bram_ctrl_1>.
Loading core <base_sys_axi_bram_ctrl_2_wrapper> for timing and area information for instance <axi_bram_ctrl_2>.
Loading core <base_sys_axi_bram_ctrl_3_wrapper> for timing and area information for instance <axi_bram_ctrl_3>.
Loading core <base_sys_acc_ctrl_0_wrapper> for timing and area information for instance <acc_ctrl_0>.
Loading core <base_sys_axi_bram_ctrl_0_bram_block_1_wrapper> for timing and area information for instance <axi_bram_ctrl_0_bram_block_1>.
Loading core <base_sys_axi_bram_ctrl_1_bram_block_1_wrapper> for timing and area information for instance <axi_bram_ctrl_1_bram_block_1>.
Loading core <base_sys_axi_bram_ctrl_2_bram_block_1_wrapper> for timing and area information for instance <axi_bram_ctrl_2_bram_block_1>.
Loading core <base_sys_axi_bram_ctrl_3_bram_block_1_wrapper> for timing and area information for instance <axi_bram_ctrl_3_bram_block_1>.
Loading core <base_sys> for timing and area information for instance <base_sys_i>.

=========================================================================
Advanced HDL Synthesis Report

Found no macro
=========================================================================

=========================================================================
*                         Low Level Synthesis                           *
=========================================================================

WARNING:Xst:528 - Multi-source in Unit <processing_system7_0> on signal <PS_SRSTB>; this signal is connected to multiple drivers.
Drivers are: 
   Primary input port <processing_system7_0_PS_SRSTB>
   Output port PS7:PSSRSTB of instance <base_sys_i/processing_system7_0/processing_system7_0/PS7_i>

WARNING:Xst:528 - Multi-source in Unit <processing_system7_0> on signal <PS_CLK>; this signal is connected to multiple drivers.
Drivers are: 
   Primary input port <processing_system7_0_PS_CLK>
   Output port PS7:PSCLK of instance <base_sys_i/processing_system7_0/processing_system7_0/PS7_i>

WARNING:Xst:528 - Multi-source in Unit <processing_system7_0> on signal <PS_PORB>; this signal is connected to multiple drivers.
Drivers are: 
   Primary input port <processing_system7_0_PS_PORB>
   Output port PS7:PSPORB of instance <base_sys_i/processing_system7_0/processing_system7_0/PS7_i>

Optimizing unit <base_sys_stub> ...

Mapping all equations...
Building and optimizing final netlist ...
Found area constraint ratio of 100 (+ 0) on block base_sys_stub, actual ratio is 5.
INFO:Xst:2260 - The FF/Latch <U0/xst_fifo_generator/gaxi_full_lite.gread_ch.grdch2.axi_rdch/grf.rf/gntv_or_sync_fifo.gl0.rd/gr1.rfwft/empty_fwft_i> in Unit <axi_interconnect_1/mi_data_fifo_bank/gen_fifo_slot[0].data_fifo_inst/gen_fifo.fifo_gen_inst> is equivalent to the following FF/Latch : <U0/xst_fifo_generator/gaxi_full_lite.gread_ch.grdch2.axi_rdch/grf.rf/gntv_or_sync_fifo.gl0.rd/gr1.rfwft/empty_fwft_fb> 
INFO:Xst:2260 - The FF/Latch <U0/xst_fifo_generator/gaxi_full_lite.gwrite_ch.gwdch2.axi_wdch/grf.rf/gntv_or_sync_fifo.gl0.wr/gwss.wsts/ram_full_fb_i> in Unit <axi_interconnect_1/mi_data_fifo_bank/gen_fifo_slot[0].data_fifo_inst/gen_fifo.fifo_gen_inst> is equivalent to the following FF/Latch : <U0/xst_fifo_generator/gaxi_full_lite.gwrite_ch.gwdch2.axi_wdch/grf.rf/gntv_or_sync_fifo.gl0.wr/gwss.wsts/ram_full_i> 
INFO:Xst:2260 - The FF/Latch <U0/xst_fifo_generator/gaxi_full_lite.gread_ch.grdch2.axi_rdch/grf.rf/rstblk/ngwrdrst.grst.rd_rst_reg_2> in Unit <axi_interconnect_1/mi_data_fifo_bank/gen_fifo_slot[0].data_fifo_inst/gen_fifo.fifo_gen_inst> is equivalent to the following FF/Latch : <U0/xst_fifo_generator/gaxi_full_lite.gread_ch.grdch2.axi_rdch/grf.rf/rstblk/ngwrdrst.grst.rd_rst_reg_0> 
INFO:Xst:2260 - The FF/Latch <U0/xst_fifo_generator/gaxi_full_lite.gread_ch.grdch2.axi_rdch/grf.rf/gntv_or_sync_fifo.gl0.wr/gwss.wsts/ram_full_fb_i> in Unit <axi_interconnect_1/mi_data_fifo_bank/gen_fifo_slot[0].data_fifo_inst/gen_fifo.fifo_gen_inst> is equivalent to the following FF/Latch : <U0/xst_fifo_generator/gaxi_full_lite.gread_ch.grdch2.axi_rdch/grf.rf/gntv_or_sync_fifo.gl0.wr/gwss.wsts/ram_full_i> 
INFO:Xst:2260 - The FF/Latch <U0/xst_fifo_generator/gaxi_full_lite.gwrite_ch.gwdch2.axi_wdch/grf.rf/gntv_or_sync_fifo.gl0.rd/rpntr/gc0.count_d1_1> in Unit <axi_interconnect_1/mi_data_fifo_bank/gen_fifo_slot[0].data_fifo_inst/gen_fifo.fifo_gen_inst> is equivalent to the following FF/Latch : <U0/xst_fifo_generator/gaxi_full_lite.gwrite_ch.gwdch2.axi_wdch/grf.rf/gntv_or_sync_fifo.gl0.rd/rpntr/gc0.count_d1_1_1> 
INFO:Xst:2260 - The FF/Latch <U0/xst_fifo_generator/gaxi_full_lite.gwrite_ch.gwdch2.axi_wdch/grf.rf/gntv_or_sync_fifo.gl0.rd/rpntr/gc0.count_d1_2> in Unit <axi_interconnect_1/mi_data_fifo_bank/gen_fifo_slot[0].data_fifo_inst/gen_fifo.fifo_gen_inst> is equivalent to the following FF/Latch : <U0/xst_fifo_generator/gaxi_full_lite.gwrite_ch.gwdch2.axi_wdch/grf.rf/gntv_or_sync_fifo.gl0.rd/rpntr/gc0.count_d1_2_1> 
INFO:Xst:2260 - The FF/Latch <U0/xst_fifo_generator/gaxi_full_lite.gread_ch.grdch2.axi_rdch/grf.rf/gntv_or_sync_fifo.gl0.rd/rpntr/gc0.count_d1_1> in Unit <axi_interconnect_1/mi_data_fifo_bank/gen_fifo_slot[0].data_fifo_inst/gen_fifo.fifo_gen_inst> is equivalent to the following FF/Latch : <U0/xst_fifo_generator/gaxi_full_lite.gread_ch.grdch2.axi_rdch/grf.rf/gntv_or_sync_fifo.gl0.rd/rpntr/gc0.count_d1_1_1> 
INFO:Xst:2260 - The FF/Latch <U0/xst_fifo_generator/gaxi_full_lite.gread_ch.grdch2.axi_rdch/grf.rf/gntv_or_sync_fifo.gl0.rd/rpntr/gc0.count_d1_2> in Unit <axi_interconnect_1/mi_data_fifo_bank/gen_fifo_slot[0].data_fifo_inst/gen_fifo.fifo_gen_inst> is equivalent to the following FF/Latch : <U0/xst_fifo_generator/gaxi_full_lite.gread_ch.grdch2.axi_rdch/grf.rf/gntv_or_sync_fifo.gl0.rd/rpntr/gc0.count_d1_2_1> 
INFO:Xst:2260 - The FF/Latch <U0/xst_fifo_generator/gaxi_full_lite.gwrite_ch.gwdch2.axi_wdch/grf.rf/gntv_or_sync_fifo.gl0.rd/gr1.rfwft/empty_fwft_i> in Unit <axi_interconnect_1/mi_data_fifo_bank/gen_fifo_slot[0].data_fifo_inst/gen_fifo.fifo_gen_inst> is equivalent to the following FF/Latch : <U0/xst_fifo_generator/gaxi_full_lite.gwrite_ch.gwdch2.axi_wdch/grf.rf/gntv_or_sync_fifo.gl0.rd/gr1.rfwft/empty_fwft_fb> 
INFO:Xst:2260 - The FF/Latch <U0/xst_fifo_generator/gaxi_full_lite.gread_ch.grdch2.axi_rdch/grf.rf/rstblk/grstd1.grst_full.rst_d1> in Unit <axi_interconnect_1/mi_data_fifo_bank/gen_fifo_slot[0].data_fifo_inst/gen_fifo.fifo_gen_inst> is equivalent to the following FF/Latch : <U0/xst_fifo_generator/gaxi_full_lite.gwrite_ch.gwdch2.axi_wdch/grf.rf/rstblk/grstd1.grst_full.rst_d1> 
INFO:Xst:2260 - The FF/Latch <U0/xst_fifo_generator/gaxi_full_lite.gwrite_ch.gwdch2.axi_wdch/grf.rf/rstblk/ngwrdrst.grst.rd_rst_reg_0> in Unit <axi_interconnect_1/mi_data_fifo_bank/gen_fifo_slot[0].data_fifo_inst/gen_fifo.fifo_gen_inst> is equivalent to the following FF/Latch : <U0/xst_fifo_generator/gaxi_full_lite.gwrite_ch.gwdch2.axi_wdch/grf.rf/rstblk/ngwrdrst.grst.rd_rst_reg_2> 
INFO:Xst:2260 - The FF/Latch <U0/xst_fifo_generator/gaxi_full_lite.gread_ch.grdch2.axi_rdch/grf.rf/gntv_or_sync_fifo.gl0.rd/gr1.rfwft/empty_fwft_i> in Unit <axi_interconnect_1/mi_data_fifo_bank/gen_fifo_slot[1].data_fifo_inst/gen_fifo.fifo_gen_inst> is equivalent to the following FF/Latch : <U0/xst_fifo_generator/gaxi_full_lite.gread_ch.grdch2.axi_rdch/grf.rf/gntv_or_sync_fifo.gl0.rd/gr1.rfwft/empty_fwft_fb> 
INFO:Xst:2260 - The FF/Latch <U0/xst_fifo_generator/gaxi_full_lite.gwrite_ch.gwdch2.axi_wdch/grf.rf/gntv_or_sync_fifo.gl0.wr/gwss.wsts/ram_full_fb_i> in Unit <axi_interconnect_1/mi_data_fifo_bank/gen_fifo_slot[1].data_fifo_inst/gen_fifo.fifo_gen_inst> is equivalent to the following FF/Latch : <U0/xst_fifo_generator/gaxi_full_lite.gwrite_ch.gwdch2.axi_wdch/grf.rf/gntv_or_sync_fifo.gl0.wr/gwss.wsts/ram_full_i> 
INFO:Xst:2260 - The FF/Latch <U0/xst_fifo_generator/gaxi_full_lite.gread_ch.grdch2.axi_rdch/grf.rf/rstblk/ngwrdrst.grst.rd_rst_reg_2> in Unit <axi_interconnect_1/mi_data_fifo_bank/gen_fifo_slot[1].data_fifo_inst/gen_fifo.fifo_gen_inst> is equivalent to the following FF/Latch : <U0/xst_fifo_generator/gaxi_full_lite.gread_ch.grdch2.axi_rdch/grf.rf/rstblk/ngwrdrst.grst.rd_rst_reg_0> 
INFO:Xst:2260 - The FF/Latch <U0/xst_fifo_generator/gaxi_full_lite.gread_ch.grdch2.axi_rdch/grf.rf/gntv_or_sync_fifo.gl0.wr/gwss.wsts/ram_full_fb_i> in Unit <axi_interconnect_1/mi_data_fifo_bank/gen_fifo_slot[1].data_fifo_inst/gen_fifo.fifo_gen_inst> is equivalent to the following FF/Latch : <U0/xst_fifo_generator/gaxi_full_lite.gread_ch.grdch2.axi_rdch/grf.rf/gntv_or_sync_fifo.gl0.wr/gwss.wsts/ram_full_i> 
INFO:Xst:2260 - The FF/Latch <U0/xst_fifo_generator/gaxi_full_lite.gwrite_ch.gwdch2.axi_wdch/grf.rf/gntv_or_sync_fifo.gl0.rd/rpntr/gc0.count_d1_1> in Unit <axi_interconnect_1/mi_data_fifo_bank/gen_fifo_slot[1].data_fifo_inst/gen_fifo.fifo_gen_inst> is equivalent to the following FF/Latch : <U0/xst_fifo_generator/gaxi_full_lite.gwrite_ch.gwdch2.axi_wdch/grf.rf/gntv_or_sync_fifo.gl0.rd/rpntr/gc0.count_d1_1_1> 
INFO:Xst:2260 - The FF/Latch <U0/xst_fifo_generator/gaxi_full_lite.gwrite_ch.gwdch2.axi_wdch/grf.rf/gntv_or_sync_fifo.gl0.rd/rpntr/gc0.count_d1_2> in Unit <axi_interconnect_1/mi_data_fifo_bank/gen_fifo_slot[1].data_fifo_inst/gen_fifo.fifo_gen_inst> is equivalent to the following FF/Latch : <U0/xst_fifo_generator/gaxi_full_lite.gwrite_ch.gwdch2.axi_wdch/grf.rf/gntv_or_sync_fifo.gl0.rd/rpntr/gc0.count_d1_2_1> 
INFO:Xst:2260 - The FF/Latch <U0/xst_fifo_generator/gaxi_full_lite.gread_ch.grdch2.axi_rdch/grf.rf/gntv_or_sync_fifo.gl0.rd/rpntr/gc0.count_d1_1> in Unit <axi_interconnect_1/mi_data_fifo_bank/gen_fifo_slot[1].data_fifo_inst/gen_fifo.fifo_gen_inst> is equivalent to the following FF/Latch : <U0/xst_fifo_generator/gaxi_full_lite.gread_ch.grdch2.axi_rdch/grf.rf/gntv_or_sync_fifo.gl0.rd/rpntr/gc0.count_d1_1_1> 
INFO:Xst:2260 - The FF/Latch <U0/xst_fifo_generator/gaxi_full_lite.gread_ch.grdch2.axi_rdch/grf.rf/gntv_or_sync_fifo.gl0.rd/rpntr/gc0.count_d1_2> in Unit <axi_interconnect_1/mi_data_fifo_bank/gen_fifo_slot[1].data_fifo_inst/gen_fifo.fifo_gen_inst> is equivalent to the following FF/Latch : <U0/xst_fifo_generator/gaxi_full_lite.gread_ch.grdch2.axi_rdch/grf.rf/gntv_or_sync_fifo.gl0.rd/rpntr/gc0.count_d1_2_1> 
INFO:Xst:2260 - The FF/Latch <U0/xst_fifo_generator/gaxi_full_lite.gwrite_ch.gwdch2.axi_wdch/grf.rf/gntv_or_sync_fifo.gl0.rd/gr1.rfwft/empty_fwft_i> in Unit <axi_interconnect_1/mi_data_fifo_bank/gen_fifo_slot[1].data_fifo_inst/gen_fifo.fifo_gen_inst> is equivalent to the following FF/Latch : <U0/xst_fifo_generator/gaxi_full_lite.gwrite_ch.gwdch2.axi_wdch/grf.rf/gntv_or_sync_fifo.gl0.rd/gr1.rfwft/empty_fwft_fb> 
INFO:Xst:2260 - The FF/Latch <U0/xst_fifo_generator/gaxi_full_lite.gread_ch.grdch2.axi_rdch/grf.rf/rstblk/grstd1.grst_full.rst_d1> in Unit <axi_interconnect_1/mi_data_fifo_bank/gen_fifo_slot[1].data_fifo_inst/gen_fifo.fifo_gen_inst> is equivalent to the following FF/Latch : <U0/xst_fifo_generator/gaxi_full_lite.gwrite_ch.gwdch2.axi_wdch/grf.rf/rstblk/grstd1.grst_full.rst_d1> 
INFO:Xst:2260 - The FF/Latch <U0/xst_fifo_generator/gaxi_full_lite.gwrite_ch.gwdch2.axi_wdch/grf.rf/rstblk/ngwrdrst.grst.rd_rst_reg_0> in Unit <axi_interconnect_1/mi_data_fifo_bank/gen_fifo_slot[1].data_fifo_inst/gen_fifo.fifo_gen_inst> is equivalent to the following FF/Latch : <U0/xst_fifo_generator/gaxi_full_lite.gwrite_ch.gwdch2.axi_wdch/grf.rf/rstblk/ngwrdrst.grst.rd_rst_reg_2> 
INFO:Xst:2260 - The FF/Latch <U0/xst_fifo_generator/gaxi_full_lite.gread_ch.grdch2.axi_rdch/grf.rf/gntv_or_sync_fifo.gl0.rd/gr1.rfwft/empty_fwft_i> in Unit <axi_interconnect_1/mi_data_fifo_bank/gen_fifo_slot[2].data_fifo_inst/gen_fifo.fifo_gen_inst> is equivalent to the following FF/Latch : <U0/xst_fifo_generator/gaxi_full_lite.gread_ch.grdch2.axi_rdch/grf.rf/gntv_or_sync_fifo.gl0.rd/gr1.rfwft/empty_fwft_fb> 
INFO:Xst:2260 - The FF/Latch <U0/xst_fifo_generator/gaxi_full_lite.gwrite_ch.gwdch2.axi_wdch/grf.rf/gntv_or_sync_fifo.gl0.wr/gwss.wsts/ram_full_fb_i> in Unit <axi_interconnect_1/mi_data_fifo_bank/gen_fifo_slot[2].data_fifo_inst/gen_fifo.fifo_gen_inst> is equivalent to the following FF/Latch : <U0/xst_fifo_generator/gaxi_full_lite.gwrite_ch.gwdch2.axi_wdch/grf.rf/gntv_or_sync_fifo.gl0.wr/gwss.wsts/ram_full_i> 
INFO:Xst:2260 - The FF/Latch <U0/xst_fifo_generator/gaxi_full_lite.gread_ch.grdch2.axi_rdch/grf.rf/rstblk/ngwrdrst.grst.rd_rst_reg_2> in Unit <axi_interconnect_1/mi_data_fifo_bank/gen_fifo_slot[2].data_fifo_inst/gen_fifo.fifo_gen_inst> is equivalent to the following FF/Latch : <U0/xst_fifo_generator/gaxi_full_lite.gread_ch.grdch2.axi_rdch/grf.rf/rstblk/ngwrdrst.grst.rd_rst_reg_0> 
INFO:Xst:2260 - The FF/Latch <U0/xst_fifo_generator/gaxi_full_lite.gread_ch.grdch2.axi_rdch/grf.rf/gntv_or_sync_fifo.gl0.wr/gwss.wsts/ram_full_fb_i> in Unit <axi_interconnect_1/mi_data_fifo_bank/gen_fifo_slot[2].data_fifo_inst/gen_fifo.fifo_gen_inst> is equivalent to the following FF/Latch : <U0/xst_fifo_generator/gaxi_full_lite.gread_ch.grdch2.axi_rdch/grf.rf/gntv_or_sync_fifo.gl0.wr/gwss.wsts/ram_full_i> 
INFO:Xst:2260 - The FF/Latch <U0/xst_fifo_generator/gaxi_full_lite.gwrite_ch.gwdch2.axi_wdch/grf.rf/gntv_or_sync_fifo.gl0.rd/rpntr/gc0.count_d1_1> in Unit <axi_interconnect_1/mi_data_fifo_bank/gen_fifo_slot[2].data_fifo_inst/gen_fifo.fifo_gen_inst> is equivalent to the following FF/Latch : <U0/xst_fifo_generator/gaxi_full_lite.gwrite_ch.gwdch2.axi_wdch/grf.rf/gntv_or_sync_fifo.gl0.rd/rpntr/gc0.count_d1_1_1> 
INFO:Xst:2260 - The FF/Latch <U0/xst_fifo_generator/gaxi_full_lite.gwrite_ch.gwdch2.axi_wdch/grf.rf/gntv_or_sync_fifo.gl0.rd/rpntr/gc0.count_d1_2> in Unit <axi_interconnect_1/mi_data_fifo_bank/gen_fifo_slot[2].data_fifo_inst/gen_fifo.fifo_gen_inst> is equivalent to the following FF/Latch : <U0/xst_fifo_generator/gaxi_full_lite.gwrite_ch.gwdch2.axi_wdch/grf.rf/gntv_or_sync_fifo.gl0.rd/rpntr/gc0.count_d1_2_1> 
INFO:Xst:2260 - The FF/Latch <U0/xst_fifo_generator/gaxi_full_lite.gread_ch.grdch2.axi_rdch/grf.rf/gntv_or_sync_fifo.gl0.rd/rpntr/gc0.count_d1_1> in Unit <axi_interconnect_1/mi_data_fifo_bank/gen_fifo_slot[2].data_fifo_inst/gen_fifo.fifo_gen_inst> is equivalent to the following FF/Latch : <U0/xst_fifo_generator/gaxi_full_lite.gread_ch.grdch2.axi_rdch/grf.rf/gntv_or_sync_fifo.gl0.rd/rpntr/gc0.count_d1_1_1> 
INFO:Xst:2260 - The FF/Latch <U0/xst_fifo_generator/gaxi_full_lite.gread_ch.grdch2.axi_rdch/grf.rf/gntv_or_sync_fifo.gl0.rd/rpntr/gc0.count_d1_2> in Unit <axi_interconnect_1/mi_data_fifo_bank/gen_fifo_slot[2].data_fifo_inst/gen_fifo.fifo_gen_inst> is equivalent to the following FF/Latch : <U0/xst_fifo_generator/gaxi_full_lite.gread_ch.grdch2.axi_rdch/grf.rf/gntv_or_sync_fifo.gl0.rd/rpntr/gc0.count_d1_2_1> 
INFO:Xst:2260 - The FF/Latch <U0/xst_fifo_generator/gaxi_full_lite.gwrite_ch.gwdch2.axi_wdch/grf.rf/gntv_or_sync_fifo.gl0.rd/gr1.rfwft/empty_fwft_i> in Unit <axi_interconnect_1/mi_data_fifo_bank/gen_fifo_slot[2].data_fifo_inst/gen_fifo.fifo_gen_inst> is equivalent to the following FF/Latch : <U0/xst_fifo_generator/gaxi_full_lite.gwrite_ch.gwdch2.axi_wdch/grf.rf/gntv_or_sync_fifo.gl0.rd/gr1.rfwft/empty_fwft_fb> 
INFO:Xst:2260 - The FF/Latch <U0/xst_fifo_generator/gaxi_full_lite.gread_ch.grdch2.axi_rdch/grf.rf/rstblk/grstd1.grst_full.rst_d1> in Unit <axi_interconnect_1/mi_data_fifo_bank/gen_fifo_slot[2].data_fifo_inst/gen_fifo.fifo_gen_inst> is equivalent to the following FF/Latch : <U0/xst_fifo_generator/gaxi_full_lite.gwrite_ch.gwdch2.axi_wdch/grf.rf/rstblk/grstd1.grst_full.rst_d1> 
INFO:Xst:2260 - The FF/Latch <U0/xst_fifo_generator/gaxi_full_lite.gwrite_ch.gwdch2.axi_wdch/grf.rf/rstblk/ngwrdrst.grst.rd_rst_reg_0> in Unit <axi_interconnect_1/mi_data_fifo_bank/gen_fifo_slot[2].data_fifo_inst/gen_fifo.fifo_gen_inst> is equivalent to the following FF/Latch : <U0/xst_fifo_generator/gaxi_full_lite.gwrite_ch.gwdch2.axi_wdch/grf.rf/rstblk/ngwrdrst.grst.rd_rst_reg_2> 
INFO:Xst:2260 - The FF/Latch <U0/xst_fifo_generator/gaxi_full_lite.gread_ch.grdch2.axi_rdch/grf.rf/gntv_or_sync_fifo.gl0.rd/gr1.rfwft/empty_fwft_i> in Unit <axi_interconnect_1/mi_data_fifo_bank/gen_fifo_slot[3].data_fifo_inst/gen_fifo.fifo_gen_inst> is equivalent to the following FF/Latch : <U0/xst_fifo_generator/gaxi_full_lite.gread_ch.grdch2.axi_rdch/grf.rf/gntv_or_sync_fifo.gl0.rd/gr1.rfwft/empty_fwft_fb> 
INFO:Xst:2260 - The FF/Latch <U0/xst_fifo_generator/gaxi_full_lite.gwrite_ch.gwdch2.axi_wdch/grf.rf/gntv_or_sync_fifo.gl0.wr/gwss.wsts/ram_full_fb_i> in Unit <axi_interconnect_1/mi_data_fifo_bank/gen_fifo_slot[3].data_fifo_inst/gen_fifo.fifo_gen_inst> is equivalent to the following FF/Latch : <U0/xst_fifo_generator/gaxi_full_lite.gwrite_ch.gwdch2.axi_wdch/grf.rf/gntv_or_sync_fifo.gl0.wr/gwss.wsts/ram_full_i> 
INFO:Xst:2260 - The FF/Latch <U0/xst_fifo_generator/gaxi_full_lite.gread_ch.grdch2.axi_rdch/grf.rf/rstblk/ngwrdrst.grst.rd_rst_reg_2> in Unit <axi_interconnect_1/mi_data_fifo_bank/gen_fifo_slot[3].data_fifo_inst/gen_fifo.fifo_gen_inst> is equivalent to the following FF/Latch : <U0/xst_fifo_generator/gaxi_full_lite.gread_ch.grdch2.axi_rdch/grf.rf/rstblk/ngwrdrst.grst.rd_rst_reg_0> 
INFO:Xst:2260 - The FF/Latch <U0/xst_fifo_generator/gaxi_full_lite.gread_ch.grdch2.axi_rdch/grf.rf/gntv_or_sync_fifo.gl0.wr/gwss.wsts/ram_full_fb_i> in Unit <axi_interconnect_1/mi_data_fifo_bank/gen_fifo_slot[3].data_fifo_inst/gen_fifo.fifo_gen_inst> is equivalent to the following FF/Latch : <U0/xst_fifo_generator/gaxi_full_lite.gread_ch.grdch2.axi_rdch/grf.rf/gntv_or_sync_fifo.gl0.wr/gwss.wsts/ram_full_i> 
INFO:Xst:2260 - The FF/Latch <U0/xst_fifo_generator/gaxi_full_lite.gwrite_ch.gwdch2.axi_wdch/grf.rf/gntv_or_sync_fifo.gl0.rd/rpntr/gc0.count_d1_1> in Unit <axi_interconnect_1/mi_data_fifo_bank/gen_fifo_slot[3].data_fifo_inst/gen_fifo.fifo_gen_inst> is equivalent to the following FF/Latch : <U0/xst_fifo_generator/gaxi_full_lite.gwrite_ch.gwdch2.axi_wdch/grf.rf/gntv_or_sync_fifo.gl0.rd/rpntr/gc0.count_d1_1_1> 
INFO:Xst:2260 - The FF/Latch <U0/xst_fifo_generator/gaxi_full_lite.gwrite_ch.gwdch2.axi_wdch/grf.rf/gntv_or_sync_fifo.gl0.rd/rpntr/gc0.count_d1_2> in Unit <axi_interconnect_1/mi_data_fifo_bank/gen_fifo_slot[3].data_fifo_inst/gen_fifo.fifo_gen_inst> is equivalent to the following FF/Latch : <U0/xst_fifo_generator/gaxi_full_lite.gwrite_ch.gwdch2.axi_wdch/grf.rf/gntv_or_sync_fifo.gl0.rd/rpntr/gc0.count_d1_2_1> 
INFO:Xst:2260 - The FF/Latch <U0/xst_fifo_generator/gaxi_full_lite.gread_ch.grdch2.axi_rdch/grf.rf/gntv_or_sync_fifo.gl0.rd/rpntr/gc0.count_d1_1> in Unit <axi_interconnect_1/mi_data_fifo_bank/gen_fifo_slot[3].data_fifo_inst/gen_fifo.fifo_gen_inst> is equivalent to the following FF/Latch : <U0/xst_fifo_generator/gaxi_full_lite.gread_ch.grdch2.axi_rdch/grf.rf/gntv_or_sync_fifo.gl0.rd/rpntr/gc0.count_d1_1_1> 
INFO:Xst:2260 - The FF/Latch <U0/xst_fifo_generator/gaxi_full_lite.gread_ch.grdch2.axi_rdch/grf.rf/gntv_or_sync_fifo.gl0.rd/rpntr/gc0.count_d1_2> in Unit <axi_interconnect_1/mi_data_fifo_bank/gen_fifo_slot[3].data_fifo_inst/gen_fifo.fifo_gen_inst> is equivalent to the following FF/Latch : <U0/xst_fifo_generator/gaxi_full_lite.gread_ch.grdch2.axi_rdch/grf.rf/gntv_or_sync_fifo.gl0.rd/rpntr/gc0.count_d1_2_1> 
INFO:Xst:2260 - The FF/Latch <U0/xst_fifo_generator/gaxi_full_lite.gwrite_ch.gwdch2.axi_wdch/grf.rf/gntv_or_sync_fifo.gl0.rd/gr1.rfwft/empty_fwft_i> in Unit <axi_interconnect_1/mi_data_fifo_bank/gen_fifo_slot[3].data_fifo_inst/gen_fifo.fifo_gen_inst> is equivalent to the following FF/Latch : <U0/xst_fifo_generator/gaxi_full_lite.gwrite_ch.gwdch2.axi_wdch/grf.rf/gntv_or_sync_fifo.gl0.rd/gr1.rfwft/empty_fwft_fb> 
INFO:Xst:2260 - The FF/Latch <U0/xst_fifo_generator/gaxi_full_lite.gread_ch.grdch2.axi_rdch/grf.rf/rstblk/grstd1.grst_full.rst_d1> in Unit <axi_interconnect_1/mi_data_fifo_bank/gen_fifo_slot[3].data_fifo_inst/gen_fifo.fifo_gen_inst> is equivalent to the following FF/Latch : <U0/xst_fifo_generator/gaxi_full_lite.gwrite_ch.gwdch2.axi_wdch/grf.rf/rstblk/grstd1.grst_full.rst_d1> 
INFO:Xst:2260 - The FF/Latch <U0/xst_fifo_generator/gaxi_full_lite.gwrite_ch.gwdch2.axi_wdch/grf.rf/rstblk/ngwrdrst.grst.rd_rst_reg_0> in Unit <axi_interconnect_1/mi_data_fifo_bank/gen_fifo_slot[3].data_fifo_inst/gen_fifo.fifo_gen_inst> is equivalent to the following FF/Latch : <U0/xst_fifo_generator/gaxi_full_lite.gwrite_ch.gwdch2.axi_wdch/grf.rf/rstblk/ngwrdrst.grst.rd_rst_reg_2> 
INFO:Xst:2260 - The FF/Latch <axi_interconnect_2/crossbar_samd/gen_sasd.crossbar_sasd_0/m_atarget_enc_0> in Unit <axi_interconnect_2> is equivalent to the following FF/Latch : <axi_interconnect_2/crossbar_samd/gen_sasd.crossbar_sasd_0/m_atarget_enc_0_1> 
INFO:Xst:2260 - The FF/Latch <axi_interconnect_2/crossbar_samd/gen_sasd.crossbar_sasd_0/gen_crossbar.addr_arbiter_inst/grant_rnw> in Unit <axi_interconnect_2> is equivalent to the following FF/Latch : <axi_interconnect_2/crossbar_samd/gen_sasd.crossbar_sasd_0/gen_crossbar.addr_arbiter_inst/grant_rnw_1> 
INFO:Xst:2260 - The FF/Latch <axi_bram_ctrl_0/GEN_AXI4.I_FULL_AXI/GEN_ARB.I_SNG_PORT/aw_active> in Unit <axi_bram_ctrl_0> is equivalent to the following FF/Latch : <axi_bram_ctrl_0/GEN_AXI4.I_FULL_AXI/GEN_ARB.I_SNG_PORT/aw_active_1> 
INFO:Xst:2260 - The FF/Latch <axi_bram_ctrl_0/GEN_AXI4.I_FULL_AXI/I_RD_CHNL/rd_data_sm_cs_FSM_FFd3> in Unit <axi_bram_ctrl_0> is equivalent to the following FF/Latch : <axi_bram_ctrl_0/GEN_AXI4.I_FULL_AXI/I_RD_CHNL/rd_data_sm_cs_FSM_FFd3_1> 
INFO:Xst:2260 - The FF/Latch <axi_bram_ctrl_1/GEN_AXI4.I_FULL_AXI/I_RD_CHNL/rd_data_sm_cs_FSM_FFd3> in Unit <axi_bram_ctrl_1> is equivalent to the following FF/Latch : <axi_bram_ctrl_1/GEN_AXI4.I_FULL_AXI/I_RD_CHNL/rd_data_sm_cs_FSM_FFd3_1> 
INFO:Xst:2260 - The FF/Latch <axi_bram_ctrl_1/GEN_AXI4.I_FULL_AXI/GEN_ARB.I_SNG_PORT/aw_active> in Unit <axi_bram_ctrl_1> is equivalent to the following FF/Latch : <axi_bram_ctrl_1/GEN_AXI4.I_FULL_AXI/GEN_ARB.I_SNG_PORT/aw_active_1> 
INFO:Xst:2260 - The FF/Latch <axi_bram_ctrl_2/GEN_AXI4.I_FULL_AXI/GEN_ARB.I_SNG_PORT/aw_active> in Unit <axi_bram_ctrl_2> is equivalent to the following FF/Latch : <axi_bram_ctrl_2/GEN_AXI4.I_FULL_AXI/GEN_ARB.I_SNG_PORT/aw_active_1> 
INFO:Xst:2260 - The FF/Latch <axi_bram_ctrl_2/GEN_AXI4.I_FULL_AXI/I_RD_CHNL/rd_data_sm_cs_FSM_FFd3> in Unit <axi_bram_ctrl_2> is equivalent to the following FF/Latch : <axi_bram_ctrl_2/GEN_AXI4.I_FULL_AXI/I_RD_CHNL/rd_data_sm_cs_FSM_FFd3_1> 
INFO:Xst:2260 - The FF/Latch <axi_bram_ctrl_3/GEN_AXI4.I_FULL_AXI/I_RD_CHNL/rd_data_sm_cs_FSM_FFd3> in Unit <axi_bram_ctrl_3> is equivalent to the following FF/Latch : <axi_bram_ctrl_3/GEN_AXI4.I_FULL_AXI/I_RD_CHNL/rd_data_sm_cs_FSM_FFd3_1> 
INFO:Xst:2260 - The FF/Latch <axi_bram_ctrl_3/GEN_AXI4.I_FULL_AXI/GEN_ARB.I_SNG_PORT/aw_active> in Unit <axi_bram_ctrl_3> is equivalent to the following FF/Latch : <axi_bram_ctrl_3/GEN_AXI4.I_FULL_AXI/GEN_ARB.I_SNG_PORT/aw_active_1> 
INFO:Xst:2260 - The FF/Latch <acc_ctrl_0/AXI_LITE_IPIF_I/I_SLAVE_ATTACHMENT/I_DECODER/Bus_RNW_reg> in Unit <acc_ctrl_0> is equivalent to the following FF/Latch : <acc_ctrl_0/AXI_LITE_IPIF_I/I_SLAVE_ATTACHMENT/I_DECODER/Bus_RNW_reg_1> 
INFO:Xst:2260 - The FF/Latch <acc_ctrl_0/AXI_LITE_IPIF_I/I_SLAVE_ATTACHMENT/I_DECODER/ce_out_i_1> in Unit <acc_ctrl_0> is equivalent to the following FF/Latch : <acc_ctrl_0/AXI_LITE_IPIF_I/I_SLAVE_ATTACHMENT/I_DECODER/ce_out_i_1_1> 
INFO:Xst:2260 - The FF/Latch <acc_ctrl_0/AXI_LITE_IPIF_I/I_SLAVE_ATTACHMENT/I_DECODER/ce_out_i_0> in Unit <acc_ctrl_0> is equivalent to the following 2 FFs/Latches : <acc_ctrl_0/AXI_LITE_IPIF_I/I_SLAVE_ATTACHMENT/I_DECODER/ce_out_i_0_1> <acc_ctrl_0/AXI_LITE_IPIF_I/I_SLAVE_ATTACHMENT/I_DECODER/ce_out_i_0_2> 
INFO:Xst:2260 - The FF/Latch <U0/xst_fifo_generator/gaxi_full_lite.gread_ch.grdch2.axi_rdch/grf.rf/gntv_or_sync_fifo.gl0.rd/gr1.rfwft/empty_fwft_i> in Unit <axi_interconnect_1/mi_data_fifo_bank/gen_fifo_slot[0].data_fifo_inst/gen_fifo.fifo_gen_inst> is equivalent to the following FF/Latch : <U0/xst_fifo_generator/gaxi_full_lite.gread_ch.grdch2.axi_rdch/grf.rf/gntv_or_sync_fifo.gl0.rd/gr1.rfwft/empty_fwft_fb> 
INFO:Xst:2260 - The FF/Latch <U0/xst_fifo_generator/gaxi_full_lite.gwrite_ch.gwdch2.axi_wdch/grf.rf/gntv_or_sync_fifo.gl0.wr/gwss.wsts/ram_full_fb_i> in Unit <axi_interconnect_1/mi_data_fifo_bank/gen_fifo_slot[0].data_fifo_inst/gen_fifo.fifo_gen_inst> is equivalent to the following FF/Latch : <U0/xst_fifo_generator/gaxi_full_lite.gwrite_ch.gwdch2.axi_wdch/grf.rf/gntv_or_sync_fifo.gl0.wr/gwss.wsts/ram_full_i> 
INFO:Xst:2260 - The FF/Latch <U0/xst_fifo_generator/gaxi_full_lite.gread_ch.grdch2.axi_rdch/grf.rf/rstblk/ngwrdrst.grst.rd_rst_reg_2> in Unit <axi_interconnect_1/mi_data_fifo_bank/gen_fifo_slot[0].data_fifo_inst/gen_fifo.fifo_gen_inst> is equivalent to the following FF/Latch : <U0/xst_fifo_generator/gaxi_full_lite.gread_ch.grdch2.axi_rdch/grf.rf/rstblk/ngwrdrst.grst.rd_rst_reg_0> 
INFO:Xst:2260 - The FF/Latch <U0/xst_fifo_generator/gaxi_full_lite.gread_ch.grdch2.axi_rdch/grf.rf/gntv_or_sync_fifo.gl0.wr/gwss.wsts/ram_full_fb_i> in Unit <axi_interconnect_1/mi_data_fifo_bank/gen_fifo_slot[0].data_fifo_inst/gen_fifo.fifo_gen_inst> is equivalent to the following FF/Latch : <U0/xst_fifo_generator/gaxi_full_lite.gread_ch.grdch2.axi_rdch/grf.rf/gntv_or_sync_fifo.gl0.wr/gwss.wsts/ram_full_i> 
INFO:Xst:2260 - The FF/Latch <U0/xst_fifo_generator/gaxi_full_lite.gwrite_ch.gwdch2.axi_wdch/grf.rf/gntv_or_sync_fifo.gl0.rd/rpntr/gc0.count_d1_1> in Unit <axi_interconnect_1/mi_data_fifo_bank/gen_fifo_slot[0].data_fifo_inst/gen_fifo.fifo_gen_inst> is equivalent to the following FF/Latch : <U0/xst_fifo_generator/gaxi_full_lite.gwrite_ch.gwdch2.axi_wdch/grf.rf/gntv_or_sync_fifo.gl0.rd/rpntr/gc0.count_d1_1_1> 
INFO:Xst:2260 - The FF/Latch <U0/xst_fifo_generator/gaxi_full_lite.gwrite_ch.gwdch2.axi_wdch/grf.rf/gntv_or_sync_fifo.gl0.rd/rpntr/gc0.count_d1_2> in Unit <axi_interconnect_1/mi_data_fifo_bank/gen_fifo_slot[0].data_fifo_inst/gen_fifo.fifo_gen_inst> is equivalent to the following FF/Latch : <U0/xst_fifo_generator/gaxi_full_lite.gwrite_ch.gwdch2.axi_wdch/grf.rf/gntv_or_sync_fifo.gl0.rd/rpntr/gc0.count_d1_2_1> 
INFO:Xst:2260 - The FF/Latch <U0/xst_fifo_generator/gaxi_full_lite.gread_ch.grdch2.axi_rdch/grf.rf/gntv_or_sync_fifo.gl0.rd/rpntr/gc0.count_d1_1> in Unit <axi_interconnect_1/mi_data_fifo_bank/gen_fifo_slot[0].data_fifo_inst/gen_fifo.fifo_gen_inst> is equivalent to the following FF/Latch : <U0/xst_fifo_generator/gaxi_full_lite.gread_ch.grdch2.axi_rdch/grf.rf/gntv_or_sync_fifo.gl0.rd/rpntr/gc0.count_d1_1_1> 
INFO:Xst:2260 - The FF/Latch <U0/xst_fifo_generator/gaxi_full_lite.gread_ch.grdch2.axi_rdch/grf.rf/gntv_or_sync_fifo.gl0.rd/rpntr/gc0.count_d1_2> in Unit <axi_interconnect_1/mi_data_fifo_bank/gen_fifo_slot[0].data_fifo_inst/gen_fifo.fifo_gen_inst> is equivalent to the following FF/Latch : <U0/xst_fifo_generator/gaxi_full_lite.gread_ch.grdch2.axi_rdch/grf.rf/gntv_or_sync_fifo.gl0.rd/rpntr/gc0.count_d1_2_1> 
INFO:Xst:2260 - The FF/Latch <U0/xst_fifo_generator/gaxi_full_lite.gwrite_ch.gwdch2.axi_wdch/grf.rf/gntv_or_sync_fifo.gl0.rd/gr1.rfwft/empty_fwft_i> in Unit <axi_interconnect_1/mi_data_fifo_bank/gen_fifo_slot[0].data_fifo_inst/gen_fifo.fifo_gen_inst> is equivalent to the following FF/Latch : <U0/xst_fifo_generator/gaxi_full_lite.gwrite_ch.gwdch2.axi_wdch/grf.rf/gntv_or_sync_fifo.gl0.rd/gr1.rfwft/empty_fwft_fb> 
INFO:Xst:2260 - The FF/Latch <U0/xst_fifo_generator/gaxi_full_lite.gread_ch.grdch2.axi_rdch/grf.rf/rstblk/grstd1.grst_full.rst_d1> in Unit <axi_interconnect_1/mi_data_fifo_bank/gen_fifo_slot[0].data_fifo_inst/gen_fifo.fifo_gen_inst> is equivalent to the following FF/Latch : <U0/xst_fifo_generator/gaxi_full_lite.gwrite_ch.gwdch2.axi_wdch/grf.rf/rstblk/grstd1.grst_full.rst_d1> 
INFO:Xst:2260 - The FF/Latch <U0/xst_fifo_generator/gaxi_full_lite.gwrite_ch.gwdch2.axi_wdch/grf.rf/rstblk/ngwrdrst.grst.rd_rst_reg_0> in Unit <axi_interconnect_1/mi_data_fifo_bank/gen_fifo_slot[0].data_fifo_inst/gen_fifo.fifo_gen_inst> is equivalent to the following FF/Latch : <U0/xst_fifo_generator/gaxi_full_lite.gwrite_ch.gwdch2.axi_wdch/grf.rf/rstblk/ngwrdrst.grst.rd_rst_reg_2> 
INFO:Xst:2260 - The FF/Latch <U0/xst_fifo_generator/gaxi_full_lite.gread_ch.grdch2.axi_rdch/grf.rf/gntv_or_sync_fifo.gl0.rd/gr1.rfwft/empty_fwft_i> in Unit <axi_interconnect_1/mi_data_fifo_bank/gen_fifo_slot[1].data_fifo_inst/gen_fifo.fifo_gen_inst> is equivalent to the following FF/Latch : <U0/xst_fifo_generator/gaxi_full_lite.gread_ch.grdch2.axi_rdch/grf.rf/gntv_or_sync_fifo.gl0.rd/gr1.rfwft/empty_fwft_fb> 
INFO:Xst:2260 - The FF/Latch <U0/xst_fifo_generator/gaxi_full_lite.gwrite_ch.gwdch2.axi_wdch/grf.rf/gntv_or_sync_fifo.gl0.wr/gwss.wsts/ram_full_fb_i> in Unit <axi_interconnect_1/mi_data_fifo_bank/gen_fifo_slot[1].data_fifo_inst/gen_fifo.fifo_gen_inst> is equivalent to the following FF/Latch : <U0/xst_fifo_generator/gaxi_full_lite.gwrite_ch.gwdch2.axi_wdch/grf.rf/gntv_or_sync_fifo.gl0.wr/gwss.wsts/ram_full_i> 
INFO:Xst:2260 - The FF/Latch <U0/xst_fifo_generator/gaxi_full_lite.gread_ch.grdch2.axi_rdch/grf.rf/rstblk/ngwrdrst.grst.rd_rst_reg_2> in Unit <axi_interconnect_1/mi_data_fifo_bank/gen_fifo_slot[1].data_fifo_inst/gen_fifo.fifo_gen_inst> is equivalent to the following FF/Latch : <U0/xst_fifo_generator/gaxi_full_lite.gread_ch.grdch2.axi_rdch/grf.rf/rstblk/ngwrdrst.grst.rd_rst_reg_0> 
INFO:Xst:2260 - The FF/Latch <U0/xst_fifo_generator/gaxi_full_lite.gread_ch.grdch2.axi_rdch/grf.rf/gntv_or_sync_fifo.gl0.wr/gwss.wsts/ram_full_fb_i> in Unit <axi_interconnect_1/mi_data_fifo_bank/gen_fifo_slot[1].data_fifo_inst/gen_fifo.fifo_gen_inst> is equivalent to the following FF/Latch : <U0/xst_fifo_generator/gaxi_full_lite.gread_ch.grdch2.axi_rdch/grf.rf/gntv_or_sync_fifo.gl0.wr/gwss.wsts/ram_full_i> 
INFO:Xst:2260 - The FF/Latch <U0/xst_fifo_generator/gaxi_full_lite.gwrite_ch.gwdch2.axi_wdch/grf.rf/gntv_or_sync_fifo.gl0.rd/rpntr/gc0.count_d1_1> in Unit <axi_interconnect_1/mi_data_fifo_bank/gen_fifo_slot[1].data_fifo_inst/gen_fifo.fifo_gen_inst> is equivalent to the following FF/Latch : <U0/xst_fifo_generator/gaxi_full_lite.gwrite_ch.gwdch2.axi_wdch/grf.rf/gntv_or_sync_fifo.gl0.rd/rpntr/gc0.count_d1_1_1> 
INFO:Xst:2260 - The FF/Latch <U0/xst_fifo_generator/gaxi_full_lite.gwrite_ch.gwdch2.axi_wdch/grf.rf/gntv_or_sync_fifo.gl0.rd/rpntr/gc0.count_d1_2> in Unit <axi_interconnect_1/mi_data_fifo_bank/gen_fifo_slot[1].data_fifo_inst/gen_fifo.fifo_gen_inst> is equivalent to the following FF/Latch : <U0/xst_fifo_generator/gaxi_full_lite.gwrite_ch.gwdch2.axi_wdch/grf.rf/gntv_or_sync_fifo.gl0.rd/rpntr/gc0.count_d1_2_1> 
INFO:Xst:2260 - The FF/Latch <U0/xst_fifo_generator/gaxi_full_lite.gread_ch.grdch2.axi_rdch/grf.rf/gntv_or_sync_fifo.gl0.rd/rpntr/gc0.count_d1_1> in Unit <axi_interconnect_1/mi_data_fifo_bank/gen_fifo_slot[1].data_fifo_inst/gen_fifo.fifo_gen_inst> is equivalent to the following FF/Latch : <U0/xst_fifo_generator/gaxi_full_lite.gread_ch.grdch2.axi_rdch/grf.rf/gntv_or_sync_fifo.gl0.rd/rpntr/gc0.count_d1_1_1> 
INFO:Xst:2260 - The FF/Latch <U0/xst_fifo_generator/gaxi_full_lite.gread_ch.grdch2.axi_rdch/grf.rf/gntv_or_sync_fifo.gl0.rd/rpntr/gc0.count_d1_2> in Unit <axi_interconnect_1/mi_data_fifo_bank/gen_fifo_slot[1].data_fifo_inst/gen_fifo.fifo_gen_inst> is equivalent to the following FF/Latch : <U0/xst_fifo_generator/gaxi_full_lite.gread_ch.grdch2.axi_rdch/grf.rf/gntv_or_sync_fifo.gl0.rd/rpntr/gc0.count_d1_2_1> 
INFO:Xst:2260 - The FF/Latch <U0/xst_fifo_generator/gaxi_full_lite.gwrite_ch.gwdch2.axi_wdch/grf.rf/gntv_or_sync_fifo.gl0.rd/gr1.rfwft/empty_fwft_i> in Unit <axi_interconnect_1/mi_data_fifo_bank/gen_fifo_slot[1].data_fifo_inst/gen_fifo.fifo_gen_inst> is equivalent to the following FF/Latch : <U0/xst_fifo_generator/gaxi_full_lite.gwrite_ch.gwdch2.axi_wdch/grf.rf/gntv_or_sync_fifo.gl0.rd/gr1.rfwft/empty_fwft_fb> 
INFO:Xst:2260 - The FF/Latch <U0/xst_fifo_generator/gaxi_full_lite.gread_ch.grdch2.axi_rdch/grf.rf/rstblk/grstd1.grst_full.rst_d1> in Unit <axi_interconnect_1/mi_data_fifo_bank/gen_fifo_slot[1].data_fifo_inst/gen_fifo.fifo_gen_inst> is equivalent to the following FF/Latch : <U0/xst_fifo_generator/gaxi_full_lite.gwrite_ch.gwdch2.axi_wdch/grf.rf/rstblk/grstd1.grst_full.rst_d1> 
INFO:Xst:2260 - The FF/Latch <U0/xst_fifo_generator/gaxi_full_lite.gwrite_ch.gwdch2.axi_wdch/grf.rf/rstblk/ngwrdrst.grst.rd_rst_reg_0> in Unit <axi_interconnect_1/mi_data_fifo_bank/gen_fifo_slot[1].data_fifo_inst/gen_fifo.fifo_gen_inst> is equivalent to the following FF/Latch : <U0/xst_fifo_generator/gaxi_full_lite.gwrite_ch.gwdch2.axi_wdch/grf.rf/rstblk/ngwrdrst.grst.rd_rst_reg_2> 
INFO:Xst:2260 - The FF/Latch <U0/xst_fifo_generator/gaxi_full_lite.gread_ch.grdch2.axi_rdch/grf.rf/gntv_or_sync_fifo.gl0.rd/gr1.rfwft/empty_fwft_i> in Unit <axi_interconnect_1/mi_data_fifo_bank/gen_fifo_slot[2].data_fifo_inst/gen_fifo.fifo_gen_inst> is equivalent to the following FF/Latch : <U0/xst_fifo_generator/gaxi_full_lite.gread_ch.grdch2.axi_rdch/grf.rf/gntv_or_sync_fifo.gl0.rd/gr1.rfwft/empty_fwft_fb> 
INFO:Xst:2260 - The FF/Latch <U0/xst_fifo_generator/gaxi_full_lite.gwrite_ch.gwdch2.axi_wdch/grf.rf/gntv_or_sync_fifo.gl0.wr/gwss.wsts/ram_full_fb_i> in Unit <axi_interconnect_1/mi_data_fifo_bank/gen_fifo_slot[2].data_fifo_inst/gen_fifo.fifo_gen_inst> is equivalent to the following FF/Latch : <U0/xst_fifo_generator/gaxi_full_lite.gwrite_ch.gwdch2.axi_wdch/grf.rf/gntv_or_sync_fifo.gl0.wr/gwss.wsts/ram_full_i> 
INFO:Xst:2260 - The FF/Latch <U0/xst_fifo_generator/gaxi_full_lite.gread_ch.grdch2.axi_rdch/grf.rf/rstblk/ngwrdrst.grst.rd_rst_reg_2> in Unit <axi_interconnect_1/mi_data_fifo_bank/gen_fifo_slot[2].data_fifo_inst/gen_fifo.fifo_gen_inst> is equivalent to the following FF/Latch : <U0/xst_fifo_generator/gaxi_full_lite.gread_ch.grdch2.axi_rdch/grf.rf/rstblk/ngwrdrst.grst.rd_rst_reg_0> 
INFO:Xst:2260 - The FF/Latch <U0/xst_fifo_generator/gaxi_full_lite.gread_ch.grdch2.axi_rdch/grf.rf/gntv_or_sync_fifo.gl0.wr/gwss.wsts/ram_full_fb_i> in Unit <axi_interconnect_1/mi_data_fifo_bank/gen_fifo_slot[2].data_fifo_inst/gen_fifo.fifo_gen_inst> is equivalent to the following FF/Latch : <U0/xst_fifo_generator/gaxi_full_lite.gread_ch.grdch2.axi_rdch/grf.rf/gntv_or_sync_fifo.gl0.wr/gwss.wsts/ram_full_i> 
INFO:Xst:2260 - The FF/Latch <U0/xst_fifo_generator/gaxi_full_lite.gwrite_ch.gwdch2.axi_wdch/grf.rf/gntv_or_sync_fifo.gl0.rd/rpntr/gc0.count_d1_1> in Unit <axi_interconnect_1/mi_data_fifo_bank/gen_fifo_slot[2].data_fifo_inst/gen_fifo.fifo_gen_inst> is equivalent to the following FF/Latch : <U0/xst_fifo_generator/gaxi_full_lite.gwrite_ch.gwdch2.axi_wdch/grf.rf/gntv_or_sync_fifo.gl0.rd/rpntr/gc0.count_d1_1_1> 
INFO:Xst:2260 - The FF/Latch <U0/xst_fifo_generator/gaxi_full_lite.gwrite_ch.gwdch2.axi_wdch/grf.rf/gntv_or_sync_fifo.gl0.rd/rpntr/gc0.count_d1_2> in Unit <axi_interconnect_1/mi_data_fifo_bank/gen_fifo_slot[2].data_fifo_inst/gen_fifo.fifo_gen_inst> is equivalent to the following FF/Latch : <U0/xst_fifo_generator/gaxi_full_lite.gwrite_ch.gwdch2.axi_wdch/grf.rf/gntv_or_sync_fifo.gl0.rd/rpntr/gc0.count_d1_2_1> 
INFO:Xst:2260 - The FF/Latch <U0/xst_fifo_generator/gaxi_full_lite.gread_ch.grdch2.axi_rdch/grf.rf/gntv_or_sync_fifo.gl0.rd/rpntr/gc0.count_d1_1> in Unit <axi_interconnect_1/mi_data_fifo_bank/gen_fifo_slot[2].data_fifo_inst/gen_fifo.fifo_gen_inst> is equivalent to the following FF/Latch : <U0/xst_fifo_generator/gaxi_full_lite.gread_ch.grdch2.axi_rdch/grf.rf/gntv_or_sync_fifo.gl0.rd/rpntr/gc0.count_d1_1_1> 
INFO:Xst:2260 - The FF/Latch <U0/xst_fifo_generator/gaxi_full_lite.gread_ch.grdch2.axi_rdch/grf.rf/gntv_or_sync_fifo.gl0.rd/rpntr/gc0.count_d1_2> in Unit <axi_interconnect_1/mi_data_fifo_bank/gen_fifo_slot[2].data_fifo_inst/gen_fifo.fifo_gen_inst> is equivalent to the following FF/Latch : <U0/xst_fifo_generator/gaxi_full_lite.gread_ch.grdch2.axi_rdch/grf.rf/gntv_or_sync_fifo.gl0.rd/rpntr/gc0.count_d1_2_1> 
INFO:Xst:2260 - The FF/Latch <U0/xst_fifo_generator/gaxi_full_lite.gwrite_ch.gwdch2.axi_wdch/grf.rf/gntv_or_sync_fifo.gl0.rd/gr1.rfwft/empty_fwft_i> in Unit <axi_interconnect_1/mi_data_fifo_bank/gen_fifo_slot[2].data_fifo_inst/gen_fifo.fifo_gen_inst> is equivalent to the following FF/Latch : <U0/xst_fifo_generator/gaxi_full_lite.gwrite_ch.gwdch2.axi_wdch/grf.rf/gntv_or_sync_fifo.gl0.rd/gr1.rfwft/empty_fwft_fb> 
INFO:Xst:2260 - The FF/Latch <U0/xst_fifo_generator/gaxi_full_lite.gread_ch.grdch2.axi_rdch/grf.rf/rstblk/grstd1.grst_full.rst_d1> in Unit <axi_interconnect_1/mi_data_fifo_bank/gen_fifo_slot[2].data_fifo_inst/gen_fifo.fifo_gen_inst> is equivalent to the following FF/Latch : <U0/xst_fifo_generator/gaxi_full_lite.gwrite_ch.gwdch2.axi_wdch/grf.rf/rstblk/grstd1.grst_full.rst_d1> 
INFO:Xst:2260 - The FF/Latch <U0/xst_fifo_generator/gaxi_full_lite.gwrite_ch.gwdch2.axi_wdch/grf.rf/rstblk/ngwrdrst.grst.rd_rst_reg_0> in Unit <axi_interconnect_1/mi_data_fifo_bank/gen_fifo_slot[2].data_fifo_inst/gen_fifo.fifo_gen_inst> is equivalent to the following FF/Latch : <U0/xst_fifo_generator/gaxi_full_lite.gwrite_ch.gwdch2.axi_wdch/grf.rf/rstblk/ngwrdrst.grst.rd_rst_reg_2> 
INFO:Xst:2260 - The FF/Latch <U0/xst_fifo_generator/gaxi_full_lite.gread_ch.grdch2.axi_rdch/grf.rf/gntv_or_sync_fifo.gl0.rd/gr1.rfwft/empty_fwft_i> in Unit <axi_interconnect_1/mi_data_fifo_bank/gen_fifo_slot[3].data_fifo_inst/gen_fifo.fifo_gen_inst> is equivalent to the following FF/Latch : <U0/xst_fifo_generator/gaxi_full_lite.gread_ch.grdch2.axi_rdch/grf.rf/gntv_or_sync_fifo.gl0.rd/gr1.rfwft/empty_fwft_fb> 
INFO:Xst:2260 - The FF/Latch <U0/xst_fifo_generator/gaxi_full_lite.gwrite_ch.gwdch2.axi_wdch/grf.rf/gntv_or_sync_fifo.gl0.wr/gwss.wsts/ram_full_fb_i> in Unit <axi_interconnect_1/mi_data_fifo_bank/gen_fifo_slot[3].data_fifo_inst/gen_fifo.fifo_gen_inst> is equivalent to the following FF/Latch : <U0/xst_fifo_generator/gaxi_full_lite.gwrite_ch.gwdch2.axi_wdch/grf.rf/gntv_or_sync_fifo.gl0.wr/gwss.wsts/ram_full_i> 
INFO:Xst:2260 - The FF/Latch <U0/xst_fifo_generator/gaxi_full_lite.gread_ch.grdch2.axi_rdch/grf.rf/rstblk/ngwrdrst.grst.rd_rst_reg_2> in Unit <axi_interconnect_1/mi_data_fifo_bank/gen_fifo_slot[3].data_fifo_inst/gen_fifo.fifo_gen_inst> is equivalent to the following FF/Latch : <U0/xst_fifo_generator/gaxi_full_lite.gread_ch.grdch2.axi_rdch/grf.rf/rstblk/ngwrdrst.grst.rd_rst_reg_0> 
INFO:Xst:2260 - The FF/Latch <U0/xst_fifo_generator/gaxi_full_lite.gread_ch.grdch2.axi_rdch/grf.rf/gntv_or_sync_fifo.gl0.wr/gwss.wsts/ram_full_fb_i> in Unit <axi_interconnect_1/mi_data_fifo_bank/gen_fifo_slot[3].data_fifo_inst/gen_fifo.fifo_gen_inst> is equivalent to the following FF/Latch : <U0/xst_fifo_generator/gaxi_full_lite.gread_ch.grdch2.axi_rdch/grf.rf/gntv_or_sync_fifo.gl0.wr/gwss.wsts/ram_full_i> 
INFO:Xst:2260 - The FF/Latch <U0/xst_fifo_generator/gaxi_full_lite.gwrite_ch.gwdch2.axi_wdch/grf.rf/gntv_or_sync_fifo.gl0.rd/rpntr/gc0.count_d1_1> in Unit <axi_interconnect_1/mi_data_fifo_bank/gen_fifo_slot[3].data_fifo_inst/gen_fifo.fifo_gen_inst> is equivalent to the following FF/Latch : <U0/xst_fifo_generator/gaxi_full_lite.gwrite_ch.gwdch2.axi_wdch/grf.rf/gntv_or_sync_fifo.gl0.rd/rpntr/gc0.count_d1_1_1> 
INFO:Xst:2260 - The FF/Latch <U0/xst_fifo_generator/gaxi_full_lite.gwrite_ch.gwdch2.axi_wdch/grf.rf/gntv_or_sync_fifo.gl0.rd/rpntr/gc0.count_d1_2> in Unit <axi_interconnect_1/mi_data_fifo_bank/gen_fifo_slot[3].data_fifo_inst/gen_fifo.fifo_gen_inst> is equivalent to the following FF/Latch : <U0/xst_fifo_generator/gaxi_full_lite.gwrite_ch.gwdch2.axi_wdch/grf.rf/gntv_or_sync_fifo.gl0.rd/rpntr/gc0.count_d1_2_1> 
INFO:Xst:2260 - The FF/Latch <U0/xst_fifo_generator/gaxi_full_lite.gread_ch.grdch2.axi_rdch/grf.rf/gntv_or_sync_fifo.gl0.rd/rpntr/gc0.count_d1_1> in Unit <axi_interconnect_1/mi_data_fifo_bank/gen_fifo_slot[3].data_fifo_inst/gen_fifo.fifo_gen_inst> is equivalent to the following FF/Latch : <U0/xst_fifo_generator/gaxi_full_lite.gread_ch.grdch2.axi_rdch/grf.rf/gntv_or_sync_fifo.gl0.rd/rpntr/gc0.count_d1_1_1> 
INFO:Xst:2260 - The FF/Latch <U0/xst_fifo_generator/gaxi_full_lite.gread_ch.grdch2.axi_rdch/grf.rf/gntv_or_sync_fifo.gl0.rd/rpntr/gc0.count_d1_2> in Unit <axi_interconnect_1/mi_data_fifo_bank/gen_fifo_slot[3].data_fifo_inst/gen_fifo.fifo_gen_inst> is equivalent to the following FF/Latch : <U0/xst_fifo_generator/gaxi_full_lite.gread_ch.grdch2.axi_rdch/grf.rf/gntv_or_sync_fifo.gl0.rd/rpntr/gc0.count_d1_2_1> 
INFO:Xst:2260 - The FF/Latch <U0/xst_fifo_generator/gaxi_full_lite.gwrite_ch.gwdch2.axi_wdch/grf.rf/gntv_or_sync_fifo.gl0.rd/gr1.rfwft/empty_fwft_i> in Unit <axi_interconnect_1/mi_data_fifo_bank/gen_fifo_slot[3].data_fifo_inst/gen_fifo.fifo_gen_inst> is equivalent to the following FF/Latch : <U0/xst_fifo_generator/gaxi_full_lite.gwrite_ch.gwdch2.axi_wdch/grf.rf/gntv_or_sync_fifo.gl0.rd/gr1.rfwft/empty_fwft_fb> 
INFO:Xst:2260 - The FF/Latch <U0/xst_fifo_generator/gaxi_full_lite.gread_ch.grdch2.axi_rdch/grf.rf/rstblk/grstd1.grst_full.rst_d1> in Unit <axi_interconnect_1/mi_data_fifo_bank/gen_fifo_slot[3].data_fifo_inst/gen_fifo.fifo_gen_inst> is equivalent to the following FF/Latch : <U0/xst_fifo_generator/gaxi_full_lite.gwrite_ch.gwdch2.axi_wdch/grf.rf/rstblk/grstd1.grst_full.rst_d1> 
INFO:Xst:2260 - The FF/Latch <U0/xst_fifo_generator/gaxi_full_lite.gwrite_ch.gwdch2.axi_wdch/grf.rf/rstblk/ngwrdrst.grst.rd_rst_reg_0> in Unit <axi_interconnect_1/mi_data_fifo_bank/gen_fifo_slot[3].data_fifo_inst/gen_fifo.fifo_gen_inst> is equivalent to the following FF/Latch : <U0/xst_fifo_generator/gaxi_full_lite.gwrite_ch.gwdch2.axi_wdch/grf.rf/rstblk/ngwrdrst.grst.rd_rst_reg_2> 
INFO:Xst:2260 - The FF/Latch <axi_interconnect_2/crossbar_samd/gen_sasd.crossbar_sasd_0/m_atarget_enc_0> in Unit <axi_interconnect_2> is equivalent to the following FF/Latch : <axi_interconnect_2/crossbar_samd/gen_sasd.crossbar_sasd_0/m_atarget_enc_0_1> 
INFO:Xst:2260 - The FF/Latch <axi_interconnect_2/crossbar_samd/gen_sasd.crossbar_sasd_0/gen_crossbar.addr_arbiter_inst/grant_rnw> in Unit <axi_interconnect_2> is equivalent to the following FF/Latch : <axi_interconnect_2/crossbar_samd/gen_sasd.crossbar_sasd_0/gen_crossbar.addr_arbiter_inst/grant_rnw_1> 
INFO:Xst:2260 - The FF/Latch <axi_bram_ctrl_0/GEN_AXI4.I_FULL_AXI/GEN_ARB.I_SNG_PORT/aw_active> in Unit <axi_bram_ctrl_0> is equivalent to the following FF/Latch : <axi_bram_ctrl_0/GEN_AXI4.I_FULL_AXI/GEN_ARB.I_SNG_PORT/aw_active_1> 
INFO:Xst:2260 - The FF/Latch <axi_bram_ctrl_0/GEN_AXI4.I_FULL_AXI/I_RD_CHNL/rd_data_sm_cs_FSM_FFd3> in Unit <axi_bram_ctrl_0> is equivalent to the following FF/Latch : <axi_bram_ctrl_0/GEN_AXI4.I_FULL_AXI/I_RD_CHNL/rd_data_sm_cs_FSM_FFd3_1> 
INFO:Xst:2260 - The FF/Latch <axi_bram_ctrl_1/GEN_AXI4.I_FULL_AXI/I_RD_CHNL/rd_data_sm_cs_FSM_FFd3> in Unit <axi_bram_ctrl_1> is equivalent to the following FF/Latch : <axi_bram_ctrl_1/GEN_AXI4.I_FULL_AXI/I_RD_CHNL/rd_data_sm_cs_FSM_FFd3_1> 
INFO:Xst:2260 - The FF/Latch <axi_bram_ctrl_1/GEN_AXI4.I_FULL_AXI/GEN_ARB.I_SNG_PORT/aw_active> in Unit <axi_bram_ctrl_1> is equivalent to the following FF/Latch : <axi_bram_ctrl_1/GEN_AXI4.I_FULL_AXI/GEN_ARB.I_SNG_PORT/aw_active_1> 
INFO:Xst:2260 - The FF/Latch <axi_bram_ctrl_2/GEN_AXI4.I_FULL_AXI/GEN_ARB.I_SNG_PORT/aw_active> in Unit <axi_bram_ctrl_2> is equivalent to the following FF/Latch : <axi_bram_ctrl_2/GEN_AXI4.I_FULL_AXI/GEN_ARB.I_SNG_PORT/aw_active_1> 
INFO:Xst:2260 - The FF/Latch <axi_bram_ctrl_2/GEN_AXI4.I_FULL_AXI/I_RD_CHNL/rd_data_sm_cs_FSM_FFd3> in Unit <axi_bram_ctrl_2> is equivalent to the following FF/Latch : <axi_bram_ctrl_2/GEN_AXI4.I_FULL_AXI/I_RD_CHNL/rd_data_sm_cs_FSM_FFd3_1> 
INFO:Xst:2260 - The FF/Latch <axi_bram_ctrl_3/GEN_AXI4.I_FULL_AXI/I_RD_CHNL/rd_data_sm_cs_FSM_FFd3> in Unit <axi_bram_ctrl_3> is equivalent to the following FF/Latch : <axi_bram_ctrl_3/GEN_AXI4.I_FULL_AXI/I_RD_CHNL/rd_data_sm_cs_FSM_FFd3_1> 
INFO:Xst:2260 - The FF/Latch <axi_bram_ctrl_3/GEN_AXI4.I_FULL_AXI/GEN_ARB.I_SNG_PORT/aw_active> in Unit <axi_bram_ctrl_3> is equivalent to the following FF/Latch : <axi_bram_ctrl_3/GEN_AXI4.I_FULL_AXI/GEN_ARB.I_SNG_PORT/aw_active_1> 
INFO:Xst:2260 - The FF/Latch <acc_ctrl_0/AXI_LITE_IPIF_I/I_SLAVE_ATTACHMENT/I_DECODER/Bus_RNW_reg> in Unit <acc_ctrl_0> is equivalent to the following FF/Latch : <acc_ctrl_0/AXI_LITE_IPIF_I/I_SLAVE_ATTACHMENT/I_DECODER/Bus_RNW_reg_1> 
INFO:Xst:2260 - The FF/Latch <acc_ctrl_0/AXI_LITE_IPIF_I/I_SLAVE_ATTACHMENT/I_DECODER/ce_out_i_1> in Unit <acc_ctrl_0> is equivalent to the following FF/Latch : <acc_ctrl_0/AXI_LITE_IPIF_I/I_SLAVE_ATTACHMENT/I_DECODER/ce_out_i_1_1> 
INFO:Xst:2260 - The FF/Latch <acc_ctrl_0/AXI_LITE_IPIF_I/I_SLAVE_ATTACHMENT/I_DECODER/ce_out_i_0> in Unit <acc_ctrl_0> is equivalent to the following 2 FFs/Latches : <acc_ctrl_0/AXI_LITE_IPIF_I/I_SLAVE_ATTACHMENT/I_DECODER/ce_out_i_0_1> <acc_ctrl_0/AXI_LITE_IPIF_I/I_SLAVE_ATTACHMENT/I_DECODER/ce_out_i_0_2> 
INFO:Xst:2260 - The FF/Latch <U0/xst_fifo_generator/gaxi_full_lite.gread_ch.grdch2.axi_rdch/grf.rf/gntv_or_sync_fifo.gl0.rd/gr1.rfwft/empty_fwft_i> in Unit <axi_interconnect_1/mi_data_fifo_bank/gen_fifo_slot[0].data_fifo_inst/gen_fifo.fifo_gen_inst> is equivalent to the following FF/Latch : <U0/xst_fifo_generator/gaxi_full_lite.gread_ch.grdch2.axi_rdch/grf.rf/gntv_or_sync_fifo.gl0.rd/gr1.rfwft/empty_fwft_fb> 
INFO:Xst:2260 - The FF/Latch <U0/xst_fifo_generator/gaxi_full_lite.gwrite_ch.gwdch2.axi_wdch/grf.rf/gntv_or_sync_fifo.gl0.wr/gwss.wsts/ram_full_fb_i> in Unit <axi_interconnect_1/mi_data_fifo_bank/gen_fifo_slot[0].data_fifo_inst/gen_fifo.fifo_gen_inst> is equivalent to the following FF/Latch : <U0/xst_fifo_generator/gaxi_full_lite.gwrite_ch.gwdch2.axi_wdch/grf.rf/gntv_or_sync_fifo.gl0.wr/gwss.wsts/ram_full_i> 
INFO:Xst:2260 - The FF/Latch <U0/xst_fifo_generator/gaxi_full_lite.gread_ch.grdch2.axi_rdch/grf.rf/rstblk/ngwrdrst.grst.rd_rst_reg_2> in Unit <axi_interconnect_1/mi_data_fifo_bank/gen_fifo_slot[0].data_fifo_inst/gen_fifo.fifo_gen_inst> is equivalent to the following FF/Latch : <U0/xst_fifo_generator/gaxi_full_lite.gread_ch.grdch2.axi_rdch/grf.rf/rstblk/ngwrdrst.grst.rd_rst_reg_0> 
INFO:Xst:2260 - The FF/Latch <U0/xst_fifo_generator/gaxi_full_lite.gread_ch.grdch2.axi_rdch/grf.rf/gntv_or_sync_fifo.gl0.wr/gwss.wsts/ram_full_fb_i> in Unit <axi_interconnect_1/mi_data_fifo_bank/gen_fifo_slot[0].data_fifo_inst/gen_fifo.fifo_gen_inst> is equivalent to the following FF/Latch : <U0/xst_fifo_generator/gaxi_full_lite.gread_ch.grdch2.axi_rdch/grf.rf/gntv_or_sync_fifo.gl0.wr/gwss.wsts/ram_full_i> 
INFO:Xst:2260 - The FF/Latch <U0/xst_fifo_generator/gaxi_full_lite.gwrite_ch.gwdch2.axi_wdch/grf.rf/gntv_or_sync_fifo.gl0.rd/rpntr/gc0.count_d1_1> in Unit <axi_interconnect_1/mi_data_fifo_bank/gen_fifo_slot[0].data_fifo_inst/gen_fifo.fifo_gen_inst> is equivalent to the following FF/Latch : <U0/xst_fifo_generator/gaxi_full_lite.gwrite_ch.gwdch2.axi_wdch/grf.rf/gntv_or_sync_fifo.gl0.rd/rpntr/gc0.count_d1_1_1> 
INFO:Xst:2260 - The FF/Latch <U0/xst_fifo_generator/gaxi_full_lite.gwrite_ch.gwdch2.axi_wdch/grf.rf/gntv_or_sync_fifo.gl0.rd/rpntr/gc0.count_d1_2> in Unit <axi_interconnect_1/mi_data_fifo_bank/gen_fifo_slot[0].data_fifo_inst/gen_fifo.fifo_gen_inst> is equivalent to the following FF/Latch : <U0/xst_fifo_generator/gaxi_full_lite.gwrite_ch.gwdch2.axi_wdch/grf.rf/gntv_or_sync_fifo.gl0.rd/rpntr/gc0.count_d1_2_1> 
INFO:Xst:2260 - The FF/Latch <U0/xst_fifo_generator/gaxi_full_lite.gread_ch.grdch2.axi_rdch/grf.rf/gntv_or_sync_fifo.gl0.rd/rpntr/gc0.count_d1_1> in Unit <axi_interconnect_1/mi_data_fifo_bank/gen_fifo_slot[0].data_fifo_inst/gen_fifo.fifo_gen_inst> is equivalent to the following FF/Latch : <U0/xst_fifo_generator/gaxi_full_lite.gread_ch.grdch2.axi_rdch/grf.rf/gntv_or_sync_fifo.gl0.rd/rpntr/gc0.count_d1_1_1> 
INFO:Xst:2260 - The FF/Latch <U0/xst_fifo_generator/gaxi_full_lite.gread_ch.grdch2.axi_rdch/grf.rf/gntv_or_sync_fifo.gl0.rd/rpntr/gc0.count_d1_2> in Unit <axi_interconnect_1/mi_data_fifo_bank/gen_fifo_slot[0].data_fifo_inst/gen_fifo.fifo_gen_inst> is equivalent to the following FF/Latch : <U0/xst_fifo_generator/gaxi_full_lite.gread_ch.grdch2.axi_rdch/grf.rf/gntv_or_sync_fifo.gl0.rd/rpntr/gc0.count_d1_2_1> 
INFO:Xst:2260 - The FF/Latch <U0/xst_fifo_generator/gaxi_full_lite.gwrite_ch.gwdch2.axi_wdch/grf.rf/gntv_or_sync_fifo.gl0.rd/gr1.rfwft/empty_fwft_i> in Unit <axi_interconnect_1/mi_data_fifo_bank/gen_fifo_slot[0].data_fifo_inst/gen_fifo.fifo_gen_inst> is equivalent to the following FF/Latch : <U0/xst_fifo_generator/gaxi_full_lite.gwrite_ch.gwdch2.axi_wdch/grf.rf/gntv_or_sync_fifo.gl0.rd/gr1.rfwft/empty_fwft_fb> 
INFO:Xst:2260 - The FF/Latch <U0/xst_fifo_generator/gaxi_full_lite.gread_ch.grdch2.axi_rdch/grf.rf/rstblk/grstd1.grst_full.rst_d1> in Unit <axi_interconnect_1/mi_data_fifo_bank/gen_fifo_slot[0].data_fifo_inst/gen_fifo.fifo_gen_inst> is equivalent to the following FF/Latch : <U0/xst_fifo_generator/gaxi_full_lite.gwrite_ch.gwdch2.axi_wdch/grf.rf/rstblk/grstd1.grst_full.rst_d1> 
INFO:Xst:2260 - The FF/Latch <U0/xst_fifo_generator/gaxi_full_lite.gwrite_ch.gwdch2.axi_wdch/grf.rf/rstblk/ngwrdrst.grst.rd_rst_reg_0> in Unit <axi_interconnect_1/mi_data_fifo_bank/gen_fifo_slot[0].data_fifo_inst/gen_fifo.fifo_gen_inst> is equivalent to the following FF/Latch : <U0/xst_fifo_generator/gaxi_full_lite.gwrite_ch.gwdch2.axi_wdch/grf.rf/rstblk/ngwrdrst.grst.rd_rst_reg_2> 
INFO:Xst:2260 - The FF/Latch <U0/xst_fifo_generator/gaxi_full_lite.gread_ch.grdch2.axi_rdch/grf.rf/gntv_or_sync_fifo.gl0.rd/gr1.rfwft/empty_fwft_i> in Unit <axi_interconnect_1/mi_data_fifo_bank/gen_fifo_slot[1].data_fifo_inst/gen_fifo.fifo_gen_inst> is equivalent to the following FF/Latch : <U0/xst_fifo_generator/gaxi_full_lite.gread_ch.grdch2.axi_rdch/grf.rf/gntv_or_sync_fifo.gl0.rd/gr1.rfwft/empty_fwft_fb> 
INFO:Xst:2260 - The FF/Latch <U0/xst_fifo_generator/gaxi_full_lite.gwrite_ch.gwdch2.axi_wdch/grf.rf/gntv_or_sync_fifo.gl0.wr/gwss.wsts/ram_full_fb_i> in Unit <axi_interconnect_1/mi_data_fifo_bank/gen_fifo_slot[1].data_fifo_inst/gen_fifo.fifo_gen_inst> is equivalent to the following FF/Latch : <U0/xst_fifo_generator/gaxi_full_lite.gwrite_ch.gwdch2.axi_wdch/grf.rf/gntv_or_sync_fifo.gl0.wr/gwss.wsts/ram_full_i> 
INFO:Xst:2260 - The FF/Latch <U0/xst_fifo_generator/gaxi_full_lite.gread_ch.grdch2.axi_rdch/grf.rf/rstblk/ngwrdrst.grst.rd_rst_reg_2> in Unit <axi_interconnect_1/mi_data_fifo_bank/gen_fifo_slot[1].data_fifo_inst/gen_fifo.fifo_gen_inst> is equivalent to the following FF/Latch : <U0/xst_fifo_generator/gaxi_full_lite.gread_ch.grdch2.axi_rdch/grf.rf/rstblk/ngwrdrst.grst.rd_rst_reg_0> 
INFO:Xst:2260 - The FF/Latch <U0/xst_fifo_generator/gaxi_full_lite.gread_ch.grdch2.axi_rdch/grf.rf/gntv_or_sync_fifo.gl0.wr/gwss.wsts/ram_full_fb_i> in Unit <axi_interconnect_1/mi_data_fifo_bank/gen_fifo_slot[1].data_fifo_inst/gen_fifo.fifo_gen_inst> is equivalent to the following FF/Latch : <U0/xst_fifo_generator/gaxi_full_lite.gread_ch.grdch2.axi_rdch/grf.rf/gntv_or_sync_fifo.gl0.wr/gwss.wsts/ram_full_i> 
INFO:Xst:2260 - The FF/Latch <U0/xst_fifo_generator/gaxi_full_lite.gwrite_ch.gwdch2.axi_wdch/grf.rf/gntv_or_sync_fifo.gl0.rd/rpntr/gc0.count_d1_1> in Unit <axi_interconnect_1/mi_data_fifo_bank/gen_fifo_slot[1].data_fifo_inst/gen_fifo.fifo_gen_inst> is equivalent to the following FF/Latch : <U0/xst_fifo_generator/gaxi_full_lite.gwrite_ch.gwdch2.axi_wdch/grf.rf/gntv_or_sync_fifo.gl0.rd/rpntr/gc0.count_d1_1_1> 
INFO:Xst:2260 - The FF/Latch <U0/xst_fifo_generator/gaxi_full_lite.gwrite_ch.gwdch2.axi_wdch/grf.rf/gntv_or_sync_fifo.gl0.rd/rpntr/gc0.count_d1_2> in Unit <axi_interconnect_1/mi_data_fifo_bank/gen_fifo_slot[1].data_fifo_inst/gen_fifo.fifo_gen_inst> is equivalent to the following FF/Latch : <U0/xst_fifo_generator/gaxi_full_lite.gwrite_ch.gwdch2.axi_wdch/grf.rf/gntv_or_sync_fifo.gl0.rd/rpntr/gc0.count_d1_2_1> 
INFO:Xst:2260 - The FF/Latch <U0/xst_fifo_generator/gaxi_full_lite.gread_ch.grdch2.axi_rdch/grf.rf/gntv_or_sync_fifo.gl0.rd/rpntr/gc0.count_d1_1> in Unit <axi_interconnect_1/mi_data_fifo_bank/gen_fifo_slot[1].data_fifo_inst/gen_fifo.fifo_gen_inst> is equivalent to the following FF/Latch : <U0/xst_fifo_generator/gaxi_full_lite.gread_ch.grdch2.axi_rdch/grf.rf/gntv_or_sync_fifo.gl0.rd/rpntr/gc0.count_d1_1_1> 
INFO:Xst:2260 - The FF/Latch <U0/xst_fifo_generator/gaxi_full_lite.gread_ch.grdch2.axi_rdch/grf.rf/gntv_or_sync_fifo.gl0.rd/rpntr/gc0.count_d1_2> in Unit <axi_interconnect_1/mi_data_fifo_bank/gen_fifo_slot[1].data_fifo_inst/gen_fifo.fifo_gen_inst> is equivalent to the following FF/Latch : <U0/xst_fifo_generator/gaxi_full_lite.gread_ch.grdch2.axi_rdch/grf.rf/gntv_or_sync_fifo.gl0.rd/rpntr/gc0.count_d1_2_1> 
INFO:Xst:2260 - The FF/Latch <U0/xst_fifo_generator/gaxi_full_lite.gwrite_ch.gwdch2.axi_wdch/grf.rf/gntv_or_sync_fifo.gl0.rd/gr1.rfwft/empty_fwft_i> in Unit <axi_interconnect_1/mi_data_fifo_bank/gen_fifo_slot[1].data_fifo_inst/gen_fifo.fifo_gen_inst> is equivalent to the following FF/Latch : <U0/xst_fifo_generator/gaxi_full_lite.gwrite_ch.gwdch2.axi_wdch/grf.rf/gntv_or_sync_fifo.gl0.rd/gr1.rfwft/empty_fwft_fb> 
INFO:Xst:2260 - The FF/Latch <U0/xst_fifo_generator/gaxi_full_lite.gread_ch.grdch2.axi_rdch/grf.rf/rstblk/grstd1.grst_full.rst_d1> in Unit <axi_interconnect_1/mi_data_fifo_bank/gen_fifo_slot[1].data_fifo_inst/gen_fifo.fifo_gen_inst> is equivalent to the following FF/Latch : <U0/xst_fifo_generator/gaxi_full_lite.gwrite_ch.gwdch2.axi_wdch/grf.rf/rstblk/grstd1.grst_full.rst_d1> 
INFO:Xst:2260 - The FF/Latch <U0/xst_fifo_generator/gaxi_full_lite.gwrite_ch.gwdch2.axi_wdch/grf.rf/rstblk/ngwrdrst.grst.rd_rst_reg_0> in Unit <axi_interconnect_1/mi_data_fifo_bank/gen_fifo_slot[1].data_fifo_inst/gen_fifo.fifo_gen_inst> is equivalent to the following FF/Latch : <U0/xst_fifo_generator/gaxi_full_lite.gwrite_ch.gwdch2.axi_wdch/grf.rf/rstblk/ngwrdrst.grst.rd_rst_reg_2> 
INFO:Xst:2260 - The FF/Latch <U0/xst_fifo_generator/gaxi_full_lite.gread_ch.grdch2.axi_rdch/grf.rf/gntv_or_sync_fifo.gl0.rd/gr1.rfwft/empty_fwft_i> in Unit <axi_interconnect_1/mi_data_fifo_bank/gen_fifo_slot[2].data_fifo_inst/gen_fifo.fifo_gen_inst> is equivalent to the following FF/Latch : <U0/xst_fifo_generator/gaxi_full_lite.gread_ch.grdch2.axi_rdch/grf.rf/gntv_or_sync_fifo.gl0.rd/gr1.rfwft/empty_fwft_fb> 
INFO:Xst:2260 - The FF/Latch <U0/xst_fifo_generator/gaxi_full_lite.gwrite_ch.gwdch2.axi_wdch/grf.rf/gntv_or_sync_fifo.gl0.wr/gwss.wsts/ram_full_fb_i> in Unit <axi_interconnect_1/mi_data_fifo_bank/gen_fifo_slot[2].data_fifo_inst/gen_fifo.fifo_gen_inst> is equivalent to the following FF/Latch : <U0/xst_fifo_generator/gaxi_full_lite.gwrite_ch.gwdch2.axi_wdch/grf.rf/gntv_or_sync_fifo.gl0.wr/gwss.wsts/ram_full_i> 
INFO:Xst:2260 - The FF/Latch <U0/xst_fifo_generator/gaxi_full_lite.gread_ch.grdch2.axi_rdch/grf.rf/rstblk/ngwrdrst.grst.rd_rst_reg_2> in Unit <axi_interconnect_1/mi_data_fifo_bank/gen_fifo_slot[2].data_fifo_inst/gen_fifo.fifo_gen_inst> is equivalent to the following FF/Latch : <U0/xst_fifo_generator/gaxi_full_lite.gread_ch.grdch2.axi_rdch/grf.rf/rstblk/ngwrdrst.grst.rd_rst_reg_0> 
INFO:Xst:2260 - The FF/Latch <U0/xst_fifo_generator/gaxi_full_lite.gread_ch.grdch2.axi_rdch/grf.rf/gntv_or_sync_fifo.gl0.wr/gwss.wsts/ram_full_fb_i> in Unit <axi_interconnect_1/mi_data_fifo_bank/gen_fifo_slot[2].data_fifo_inst/gen_fifo.fifo_gen_inst> is equivalent to the following FF/Latch : <U0/xst_fifo_generator/gaxi_full_lite.gread_ch.grdch2.axi_rdch/grf.rf/gntv_or_sync_fifo.gl0.wr/gwss.wsts/ram_full_i> 
INFO:Xst:2260 - The FF/Latch <U0/xst_fifo_generator/gaxi_full_lite.gwrite_ch.gwdch2.axi_wdch/grf.rf/gntv_or_sync_fifo.gl0.rd/rpntr/gc0.count_d1_1> in Unit <axi_interconnect_1/mi_data_fifo_bank/gen_fifo_slot[2].data_fifo_inst/gen_fifo.fifo_gen_inst> is equivalent to the following FF/Latch : <U0/xst_fifo_generator/gaxi_full_lite.gwrite_ch.gwdch2.axi_wdch/grf.rf/gntv_or_sync_fifo.gl0.rd/rpntr/gc0.count_d1_1_1> 
INFO:Xst:2260 - The FF/Latch <U0/xst_fifo_generator/gaxi_full_lite.gwrite_ch.gwdch2.axi_wdch/grf.rf/gntv_or_sync_fifo.gl0.rd/rpntr/gc0.count_d1_2> in Unit <axi_interconnect_1/mi_data_fifo_bank/gen_fifo_slot[2].data_fifo_inst/gen_fifo.fifo_gen_inst> is equivalent to the following FF/Latch : <U0/xst_fifo_generator/gaxi_full_lite.gwrite_ch.gwdch2.axi_wdch/grf.rf/gntv_or_sync_fifo.gl0.rd/rpntr/gc0.count_d1_2_1> 
INFO:Xst:2260 - The FF/Latch <U0/xst_fifo_generator/gaxi_full_lite.gread_ch.grdch2.axi_rdch/grf.rf/gntv_or_sync_fifo.gl0.rd/rpntr/gc0.count_d1_1> in Unit <axi_interconnect_1/mi_data_fifo_bank/gen_fifo_slot[2].data_fifo_inst/gen_fifo.fifo_gen_inst> is equivalent to the following FF/Latch : <U0/xst_fifo_generator/gaxi_full_lite.gread_ch.grdch2.axi_rdch/grf.rf/gntv_or_sync_fifo.gl0.rd/rpntr/gc0.count_d1_1_1> 
INFO:Xst:2260 - The FF/Latch <U0/xst_fifo_generator/gaxi_full_lite.gread_ch.grdch2.axi_rdch/grf.rf/gntv_or_sync_fifo.gl0.rd/rpntr/gc0.count_d1_2> in Unit <axi_interconnect_1/mi_data_fifo_bank/gen_fifo_slot[2].data_fifo_inst/gen_fifo.fifo_gen_inst> is equivalent to the following FF/Latch : <U0/xst_fifo_generator/gaxi_full_lite.gread_ch.grdch2.axi_rdch/grf.rf/gntv_or_sync_fifo.gl0.rd/rpntr/gc0.count_d1_2_1> 
INFO:Xst:2260 - The FF/Latch <U0/xst_fifo_generator/gaxi_full_lite.gwrite_ch.gwdch2.axi_wdch/grf.rf/gntv_or_sync_fifo.gl0.rd/gr1.rfwft/empty_fwft_i> in Unit <axi_interconnect_1/mi_data_fifo_bank/gen_fifo_slot[2].data_fifo_inst/gen_fifo.fifo_gen_inst> is equivalent to the following FF/Latch : <U0/xst_fifo_generator/gaxi_full_lite.gwrite_ch.gwdch2.axi_wdch/grf.rf/gntv_or_sync_fifo.gl0.rd/gr1.rfwft/empty_fwft_fb> 
INFO:Xst:2260 - The FF/Latch <U0/xst_fifo_generator/gaxi_full_lite.gread_ch.grdch2.axi_rdch/grf.rf/rstblk/grstd1.grst_full.rst_d1> in Unit <axi_interconnect_1/mi_data_fifo_bank/gen_fifo_slot[2].data_fifo_inst/gen_fifo.fifo_gen_inst> is equivalent to the following FF/Latch : <U0/xst_fifo_generator/gaxi_full_lite.gwrite_ch.gwdch2.axi_wdch/grf.rf/rstblk/grstd1.grst_full.rst_d1> 
INFO:Xst:2260 - The FF/Latch <U0/xst_fifo_generator/gaxi_full_lite.gwrite_ch.gwdch2.axi_wdch/grf.rf/rstblk/ngwrdrst.grst.rd_rst_reg_0> in Unit <axi_interconnect_1/mi_data_fifo_bank/gen_fifo_slot[2].data_fifo_inst/gen_fifo.fifo_gen_inst> is equivalent to the following FF/Latch : <U0/xst_fifo_generator/gaxi_full_lite.gwrite_ch.gwdch2.axi_wdch/grf.rf/rstblk/ngwrdrst.grst.rd_rst_reg_2> 
INFO:Xst:2260 - The FF/Latch <U0/xst_fifo_generator/gaxi_full_lite.gread_ch.grdch2.axi_rdch/grf.rf/gntv_or_sync_fifo.gl0.rd/gr1.rfwft/empty_fwft_i> in Unit <axi_interconnect_1/mi_data_fifo_bank/gen_fifo_slot[3].data_fifo_inst/gen_fifo.fifo_gen_inst> is equivalent to the following FF/Latch : <U0/xst_fifo_generator/gaxi_full_lite.gread_ch.grdch2.axi_rdch/grf.rf/gntv_or_sync_fifo.gl0.rd/gr1.rfwft/empty_fwft_fb> 
INFO:Xst:2260 - The FF/Latch <U0/xst_fifo_generator/gaxi_full_lite.gwrite_ch.gwdch2.axi_wdch/grf.rf/gntv_or_sync_fifo.gl0.wr/gwss.wsts/ram_full_fb_i> in Unit <axi_interconnect_1/mi_data_fifo_bank/gen_fifo_slot[3].data_fifo_inst/gen_fifo.fifo_gen_inst> is equivalent to the following FF/Latch : <U0/xst_fifo_generator/gaxi_full_lite.gwrite_ch.gwdch2.axi_wdch/grf.rf/gntv_or_sync_fifo.gl0.wr/gwss.wsts/ram_full_i> 
INFO:Xst:2260 - The FF/Latch <U0/xst_fifo_generator/gaxi_full_lite.gread_ch.grdch2.axi_rdch/grf.rf/rstblk/ngwrdrst.grst.rd_rst_reg_2> in Unit <axi_interconnect_1/mi_data_fifo_bank/gen_fifo_slot[3].data_fifo_inst/gen_fifo.fifo_gen_inst> is equivalent to the following FF/Latch : <U0/xst_fifo_generator/gaxi_full_lite.gread_ch.grdch2.axi_rdch/grf.rf/rstblk/ngwrdrst.grst.rd_rst_reg_0> 
INFO:Xst:2260 - The FF/Latch <U0/xst_fifo_generator/gaxi_full_lite.gread_ch.grdch2.axi_rdch/grf.rf/gntv_or_sync_fifo.gl0.wr/gwss.wsts/ram_full_fb_i> in Unit <axi_interconnect_1/mi_data_fifo_bank/gen_fifo_slot[3].data_fifo_inst/gen_fifo.fifo_gen_inst> is equivalent to the following FF/Latch : <U0/xst_fifo_generator/gaxi_full_lite.gread_ch.grdch2.axi_rdch/grf.rf/gntv_or_sync_fifo.gl0.wr/gwss.wsts/ram_full_i> 
INFO:Xst:2260 - The FF/Latch <U0/xst_fifo_generator/gaxi_full_lite.gwrite_ch.gwdch2.axi_wdch/grf.rf/gntv_or_sync_fifo.gl0.rd/rpntr/gc0.count_d1_1> in Unit <axi_interconnect_1/mi_data_fifo_bank/gen_fifo_slot[3].data_fifo_inst/gen_fifo.fifo_gen_inst> is equivalent to the following FF/Latch : <U0/xst_fifo_generator/gaxi_full_lite.gwrite_ch.gwdch2.axi_wdch/grf.rf/gntv_or_sync_fifo.gl0.rd/rpntr/gc0.count_d1_1_1> 
INFO:Xst:2260 - The FF/Latch <U0/xst_fifo_generator/gaxi_full_lite.gwrite_ch.gwdch2.axi_wdch/grf.rf/gntv_or_sync_fifo.gl0.rd/rpntr/gc0.count_d1_2> in Unit <axi_interconnect_1/mi_data_fifo_bank/gen_fifo_slot[3].data_fifo_inst/gen_fifo.fifo_gen_inst> is equivalent to the following FF/Latch : <U0/xst_fifo_generator/gaxi_full_lite.gwrite_ch.gwdch2.axi_wdch/grf.rf/gntv_or_sync_fifo.gl0.rd/rpntr/gc0.count_d1_2_1> 
INFO:Xst:2260 - The FF/Latch <U0/xst_fifo_generator/gaxi_full_lite.gread_ch.grdch2.axi_rdch/grf.rf/gntv_or_sync_fifo.gl0.rd/rpntr/gc0.count_d1_1> in Unit <axi_interconnect_1/mi_data_fifo_bank/gen_fifo_slot[3].data_fifo_inst/gen_fifo.fifo_gen_inst> is equivalent to the following FF/Latch : <U0/xst_fifo_generator/gaxi_full_lite.gread_ch.grdch2.axi_rdch/grf.rf/gntv_or_sync_fifo.gl0.rd/rpntr/gc0.count_d1_1_1> 
INFO:Xst:2260 - The FF/Latch <U0/xst_fifo_generator/gaxi_full_lite.gread_ch.grdch2.axi_rdch/grf.rf/gntv_or_sync_fifo.gl0.rd/rpntr/gc0.count_d1_2> in Unit <axi_interconnect_1/mi_data_fifo_bank/gen_fifo_slot[3].data_fifo_inst/gen_fifo.fifo_gen_inst> is equivalent to the following FF/Latch : <U0/xst_fifo_generator/gaxi_full_lite.gread_ch.grdch2.axi_rdch/grf.rf/gntv_or_sync_fifo.gl0.rd/rpntr/gc0.count_d1_2_1> 
INFO:Xst:2260 - The FF/Latch <U0/xst_fifo_generator/gaxi_full_lite.gwrite_ch.gwdch2.axi_wdch/grf.rf/gntv_or_sync_fifo.gl0.rd/gr1.rfwft/empty_fwft_i> in Unit <axi_interconnect_1/mi_data_fifo_bank/gen_fifo_slot[3].data_fifo_inst/gen_fifo.fifo_gen_inst> is equivalent to the following FF/Latch : <U0/xst_fifo_generator/gaxi_full_lite.gwrite_ch.gwdch2.axi_wdch/grf.rf/gntv_or_sync_fifo.gl0.rd/gr1.rfwft/empty_fwft_fb> 
INFO:Xst:2260 - The FF/Latch <U0/xst_fifo_generator/gaxi_full_lite.gread_ch.grdch2.axi_rdch/grf.rf/rstblk/grstd1.grst_full.rst_d1> in Unit <axi_interconnect_1/mi_data_fifo_bank/gen_fifo_slot[3].data_fifo_inst/gen_fifo.fifo_gen_inst> is equivalent to the following FF/Latch : <U0/xst_fifo_generator/gaxi_full_lite.gwrite_ch.gwdch2.axi_wdch/grf.rf/rstblk/grstd1.grst_full.rst_d1> 
INFO:Xst:2260 - The FF/Latch <U0/xst_fifo_generator/gaxi_full_lite.gwrite_ch.gwdch2.axi_wdch/grf.rf/rstblk/ngwrdrst.grst.rd_rst_reg_0> in Unit <axi_interconnect_1/mi_data_fifo_bank/gen_fifo_slot[3].data_fifo_inst/gen_fifo.fifo_gen_inst> is equivalent to the following FF/Latch : <U0/xst_fifo_generator/gaxi_full_lite.gwrite_ch.gwdch2.axi_wdch/grf.rf/rstblk/ngwrdrst.grst.rd_rst_reg_2> 
INFO:Xst:2260 - The FF/Latch <U0/xst_fifo_generator/gaxi_full_lite.gread_ch.grdch2.axi_rdch/grf.rf/rstblk/ngwrdrst.grst.rd_rst_reg_2> in Unit <axi_interconnect_1/mi_data_fifo_bank/gen_fifo_slot[0].data_fifo_inst/gen_fifo.fifo_gen_inst> is equivalent to the following FF/Latch : <U0/xst_fifo_generator/gaxi_full_lite.gread_ch.grdch2.axi_rdch/grf.rf/rstblk/ngwrdrst.grst.rd_rst_reg_0> 
INFO:Xst:2260 - The FF/Latch <U0/xst_fifo_generator/gaxi_full_lite.gwrite_ch.gwdch2.axi_wdch/grf.rf/gntv_or_sync_fifo.gl0.rd/rpntr/gc0.count_d1_1> in Unit <axi_interconnect_1/mi_data_fifo_bank/gen_fifo_slot[0].data_fifo_inst/gen_fifo.fifo_gen_inst> is equivalent to the following FF/Latch : <U0/xst_fifo_generator/gaxi_full_lite.gwrite_ch.gwdch2.axi_wdch/grf.rf/gntv_or_sync_fifo.gl0.rd/rpntr/gc0.count_d1_1_1> 
INFO:Xst:2260 - The FF/Latch <U0/xst_fifo_generator/gaxi_full_lite.gwrite_ch.gwdch2.axi_wdch/grf.rf/gntv_or_sync_fifo.gl0.rd/rpntr/gc0.count_d1_2> in Unit <axi_interconnect_1/mi_data_fifo_bank/gen_fifo_slot[0].data_fifo_inst/gen_fifo.fifo_gen_inst> is equivalent to the following FF/Latch : <U0/xst_fifo_generator/gaxi_full_lite.gwrite_ch.gwdch2.axi_wdch/grf.rf/gntv_or_sync_fifo.gl0.rd/rpntr/gc0.count_d1_2_1> 
INFO:Xst:2260 - The FF/Latch <U0/xst_fifo_generator/gaxi_full_lite.gread_ch.grdch2.axi_rdch/grf.rf/gntv_or_sync_fifo.gl0.rd/rpntr/gc0.count_d1_1> in Unit <axi_interconnect_1/mi_data_fifo_bank/gen_fifo_slot[0].data_fifo_inst/gen_fifo.fifo_gen_inst> is equivalent to the following FF/Latch : <U0/xst_fifo_generator/gaxi_full_lite.gread_ch.grdch2.axi_rdch/grf.rf/gntv_or_sync_fifo.gl0.rd/rpntr/gc0.count_d1_1_1> 
INFO:Xst:2260 - The FF/Latch <U0/xst_fifo_generator/gaxi_full_lite.gwrite_ch.gwdch2.axi_wdch/grf.rf/rstblk/ngwrdrst.grst.rd_rst_reg_0> in Unit <axi_interconnect_1/mi_data_fifo_bank/gen_fifo_slot[0].data_fifo_inst/gen_fifo.fifo_gen_inst> is equivalent to the following FF/Latch : <U0/xst_fifo_generator/gaxi_full_lite.gwrite_ch.gwdch2.axi_wdch/grf.rf/rstblk/ngwrdrst.grst.rd_rst_reg_2> 
INFO:Xst:2260 - The FF/Latch <U0/xst_fifo_generator/gaxi_full_lite.gread_ch.grdch2.axi_rdch/grf.rf/gntv_or_sync_fifo.gl0.rd/rpntr/gc0.count_d1_2> in Unit <axi_interconnect_1/mi_data_fifo_bank/gen_fifo_slot[0].data_fifo_inst/gen_fifo.fifo_gen_inst> is equivalent to the following FF/Latch : <U0/xst_fifo_generator/gaxi_full_lite.gread_ch.grdch2.axi_rdch/grf.rf/gntv_or_sync_fifo.gl0.rd/rpntr/gc0.count_d1_2_1> 
INFO:Xst:2260 - The FF/Latch <U0/xst_fifo_generator/gaxi_full_lite.gread_ch.grdch2.axi_rdch/grf.rf/gntv_or_sync_fifo.gl0.wr/gwss.wsts/ram_full_fb_i> in Unit <axi_interconnect_1/mi_data_fifo_bank/gen_fifo_slot[0].data_fifo_inst/gen_fifo.fifo_gen_inst> is equivalent to the following FF/Latch : <U0/xst_fifo_generator/gaxi_full_lite.gread_ch.grdch2.axi_rdch/grf.rf/gntv_or_sync_fifo.gl0.wr/gwss.wsts/ram_full_i> 
INFO:Xst:2260 - The FF/Latch <U0/xst_fifo_generator/gaxi_full_lite.gwrite_ch.gwdch2.axi_wdch/grf.rf/gntv_or_sync_fifo.gl0.rd/gr1.rfwft/empty_fwft_i> in Unit <axi_interconnect_1/mi_data_fifo_bank/gen_fifo_slot[0].data_fifo_inst/gen_fifo.fifo_gen_inst> is equivalent to the following FF/Latch : <U0/xst_fifo_generator/gaxi_full_lite.gwrite_ch.gwdch2.axi_wdch/grf.rf/gntv_or_sync_fifo.gl0.rd/gr1.rfwft/empty_fwft_fb> 
INFO:Xst:2260 - The FF/Latch <U0/xst_fifo_generator/gaxi_full_lite.gwrite_ch.gwdch2.axi_wdch/grf.rf/gntv_or_sync_fifo.gl0.wr/gwss.wsts/ram_full_fb_i> in Unit <axi_interconnect_1/mi_data_fifo_bank/gen_fifo_slot[0].data_fifo_inst/gen_fifo.fifo_gen_inst> is equivalent to the following FF/Latch : <U0/xst_fifo_generator/gaxi_full_lite.gwrite_ch.gwdch2.axi_wdch/grf.rf/gntv_or_sync_fifo.gl0.wr/gwss.wsts/ram_full_i> 
INFO:Xst:2260 - The FF/Latch <U0/xst_fifo_generator/gaxi_full_lite.gread_ch.grdch2.axi_rdch/grf.rf/rstblk/grstd1.grst_full.rst_d1> in Unit <axi_interconnect_1/mi_data_fifo_bank/gen_fifo_slot[0].data_fifo_inst/gen_fifo.fifo_gen_inst> is equivalent to the following FF/Latch : <U0/xst_fifo_generator/gaxi_full_lite.gwrite_ch.gwdch2.axi_wdch/grf.rf/rstblk/grstd1.grst_full.rst_d1> 
INFO:Xst:2260 - The FF/Latch <U0/xst_fifo_generator/gaxi_full_lite.gread_ch.grdch2.axi_rdch/grf.rf/gntv_or_sync_fifo.gl0.rd/gr1.rfwft/empty_fwft_i> in Unit <axi_interconnect_1/mi_data_fifo_bank/gen_fifo_slot[0].data_fifo_inst/gen_fifo.fifo_gen_inst> is equivalent to the following FF/Latch : <U0/xst_fifo_generator/gaxi_full_lite.gread_ch.grdch2.axi_rdch/grf.rf/gntv_or_sync_fifo.gl0.rd/gr1.rfwft/empty_fwft_fb> 
INFO:Xst:2260 - The FF/Latch <U0/xst_fifo_generator/gaxi_full_lite.gread_ch.grdch2.axi_rdch/grf.rf/rstblk/ngwrdrst.grst.rd_rst_reg_2> in Unit <axi_interconnect_1/mi_data_fifo_bank/gen_fifo_slot[1].data_fifo_inst/gen_fifo.fifo_gen_inst> is equivalent to the following FF/Latch : <U0/xst_fifo_generator/gaxi_full_lite.gread_ch.grdch2.axi_rdch/grf.rf/rstblk/ngwrdrst.grst.rd_rst_reg_0> 
INFO:Xst:2260 - The FF/Latch <U0/xst_fifo_generator/gaxi_full_lite.gwrite_ch.gwdch2.axi_wdch/grf.rf/gntv_or_sync_fifo.gl0.rd/rpntr/gc0.count_d1_1> in Unit <axi_interconnect_1/mi_data_fifo_bank/gen_fifo_slot[1].data_fifo_inst/gen_fifo.fifo_gen_inst> is equivalent to the following FF/Latch : <U0/xst_fifo_generator/gaxi_full_lite.gwrite_ch.gwdch2.axi_wdch/grf.rf/gntv_or_sync_fifo.gl0.rd/rpntr/gc0.count_d1_1_1> 
INFO:Xst:2260 - The FF/Latch <U0/xst_fifo_generator/gaxi_full_lite.gwrite_ch.gwdch2.axi_wdch/grf.rf/gntv_or_sync_fifo.gl0.rd/rpntr/gc0.count_d1_2> in Unit <axi_interconnect_1/mi_data_fifo_bank/gen_fifo_slot[1].data_fifo_inst/gen_fifo.fifo_gen_inst> is equivalent to the following FF/Latch : <U0/xst_fifo_generator/gaxi_full_lite.gwrite_ch.gwdch2.axi_wdch/grf.rf/gntv_or_sync_fifo.gl0.rd/rpntr/gc0.count_d1_2_1> 
INFO:Xst:2260 - The FF/Latch <U0/xst_fifo_generator/gaxi_full_lite.gread_ch.grdch2.axi_rdch/grf.rf/gntv_or_sync_fifo.gl0.rd/rpntr/gc0.count_d1_1> in Unit <axi_interconnect_1/mi_data_fifo_bank/gen_fifo_slot[1].data_fifo_inst/gen_fifo.fifo_gen_inst> is equivalent to the following FF/Latch : <U0/xst_fifo_generator/gaxi_full_lite.gread_ch.grdch2.axi_rdch/grf.rf/gntv_or_sync_fifo.gl0.rd/rpntr/gc0.count_d1_1_1> 
INFO:Xst:2260 - The FF/Latch <U0/xst_fifo_generator/gaxi_full_lite.gwrite_ch.gwdch2.axi_wdch/grf.rf/rstblk/ngwrdrst.grst.rd_rst_reg_0> in Unit <axi_interconnect_1/mi_data_fifo_bank/gen_fifo_slot[1].data_fifo_inst/gen_fifo.fifo_gen_inst> is equivalent to the following FF/Latch : <U0/xst_fifo_generator/gaxi_full_lite.gwrite_ch.gwdch2.axi_wdch/grf.rf/rstblk/ngwrdrst.grst.rd_rst_reg_2> 
INFO:Xst:2260 - The FF/Latch <U0/xst_fifo_generator/gaxi_full_lite.gread_ch.grdch2.axi_rdch/grf.rf/gntv_or_sync_fifo.gl0.rd/rpntr/gc0.count_d1_2> in Unit <axi_interconnect_1/mi_data_fifo_bank/gen_fifo_slot[1].data_fifo_inst/gen_fifo.fifo_gen_inst> is equivalent to the following FF/Latch : <U0/xst_fifo_generator/gaxi_full_lite.gread_ch.grdch2.axi_rdch/grf.rf/gntv_or_sync_fifo.gl0.rd/rpntr/gc0.count_d1_2_1> 
INFO:Xst:2260 - The FF/Latch <U0/xst_fifo_generator/gaxi_full_lite.gread_ch.grdch2.axi_rdch/grf.rf/gntv_or_sync_fifo.gl0.wr/gwss.wsts/ram_full_fb_i> in Unit <axi_interconnect_1/mi_data_fifo_bank/gen_fifo_slot[1].data_fifo_inst/gen_fifo.fifo_gen_inst> is equivalent to the following FF/Latch : <U0/xst_fifo_generator/gaxi_full_lite.gread_ch.grdch2.axi_rdch/grf.rf/gntv_or_sync_fifo.gl0.wr/gwss.wsts/ram_full_i> 
INFO:Xst:2260 - The FF/Latch <U0/xst_fifo_generator/gaxi_full_lite.gwrite_ch.gwdch2.axi_wdch/grf.rf/gntv_or_sync_fifo.gl0.rd/gr1.rfwft/empty_fwft_i> in Unit <axi_interconnect_1/mi_data_fifo_bank/gen_fifo_slot[1].data_fifo_inst/gen_fifo.fifo_gen_inst> is equivalent to the following FF/Latch : <U0/xst_fifo_generator/gaxi_full_lite.gwrite_ch.gwdch2.axi_wdch/grf.rf/gntv_or_sync_fifo.gl0.rd/gr1.rfwft/empty_fwft_fb> 
INFO:Xst:2260 - The FF/Latch <U0/xst_fifo_generator/gaxi_full_lite.gwrite_ch.gwdch2.axi_wdch/grf.rf/gntv_or_sync_fifo.gl0.wr/gwss.wsts/ram_full_fb_i> in Unit <axi_interconnect_1/mi_data_fifo_bank/gen_fifo_slot[1].data_fifo_inst/gen_fifo.fifo_gen_inst> is equivalent to the following FF/Latch : <U0/xst_fifo_generator/gaxi_full_lite.gwrite_ch.gwdch2.axi_wdch/grf.rf/gntv_or_sync_fifo.gl0.wr/gwss.wsts/ram_full_i> 
INFO:Xst:2260 - The FF/Latch <U0/xst_fifo_generator/gaxi_full_lite.gread_ch.grdch2.axi_rdch/grf.rf/rstblk/grstd1.grst_full.rst_d1> in Unit <axi_interconnect_1/mi_data_fifo_bank/gen_fifo_slot[1].data_fifo_inst/gen_fifo.fifo_gen_inst> is equivalent to the following FF/Latch : <U0/xst_fifo_generator/gaxi_full_lite.gwrite_ch.gwdch2.axi_wdch/grf.rf/rstblk/grstd1.grst_full.rst_d1> 
INFO:Xst:2260 - The FF/Latch <U0/xst_fifo_generator/gaxi_full_lite.gread_ch.grdch2.axi_rdch/grf.rf/gntv_or_sync_fifo.gl0.rd/gr1.rfwft/empty_fwft_i> in Unit <axi_interconnect_1/mi_data_fifo_bank/gen_fifo_slot[1].data_fifo_inst/gen_fifo.fifo_gen_inst> is equivalent to the following FF/Latch : <U0/xst_fifo_generator/gaxi_full_lite.gread_ch.grdch2.axi_rdch/grf.rf/gntv_or_sync_fifo.gl0.rd/gr1.rfwft/empty_fwft_fb> 
INFO:Xst:2260 - The FF/Latch <U0/xst_fifo_generator/gaxi_full_lite.gread_ch.grdch2.axi_rdch/grf.rf/rstblk/ngwrdrst.grst.rd_rst_reg_2> in Unit <axi_interconnect_1/mi_data_fifo_bank/gen_fifo_slot[2].data_fifo_inst/gen_fifo.fifo_gen_inst> is equivalent to the following FF/Latch : <U0/xst_fifo_generator/gaxi_full_lite.gread_ch.grdch2.axi_rdch/grf.rf/rstblk/ngwrdrst.grst.rd_rst_reg_0> 
INFO:Xst:2260 - The FF/Latch <U0/xst_fifo_generator/gaxi_full_lite.gwrite_ch.gwdch2.axi_wdch/grf.rf/gntv_or_sync_fifo.gl0.rd/rpntr/gc0.count_d1_1> in Unit <axi_interconnect_1/mi_data_fifo_bank/gen_fifo_slot[2].data_fifo_inst/gen_fifo.fifo_gen_inst> is equivalent to the following FF/Latch : <U0/xst_fifo_generator/gaxi_full_lite.gwrite_ch.gwdch2.axi_wdch/grf.rf/gntv_or_sync_fifo.gl0.rd/rpntr/gc0.count_d1_1_1> 
INFO:Xst:2260 - The FF/Latch <U0/xst_fifo_generator/gaxi_full_lite.gwrite_ch.gwdch2.axi_wdch/grf.rf/gntv_or_sync_fifo.gl0.rd/rpntr/gc0.count_d1_2> in Unit <axi_interconnect_1/mi_data_fifo_bank/gen_fifo_slot[2].data_fifo_inst/gen_fifo.fifo_gen_inst> is equivalent to the following FF/Latch : <U0/xst_fifo_generator/gaxi_full_lite.gwrite_ch.gwdch2.axi_wdch/grf.rf/gntv_or_sync_fifo.gl0.rd/rpntr/gc0.count_d1_2_1> 
INFO:Xst:2260 - The FF/Latch <U0/xst_fifo_generator/gaxi_full_lite.gread_ch.grdch2.axi_rdch/grf.rf/gntv_or_sync_fifo.gl0.rd/rpntr/gc0.count_d1_1> in Unit <axi_interconnect_1/mi_data_fifo_bank/gen_fifo_slot[2].data_fifo_inst/gen_fifo.fifo_gen_inst> is equivalent to the following FF/Latch : <U0/xst_fifo_generator/gaxi_full_lite.gread_ch.grdch2.axi_rdch/grf.rf/gntv_or_sync_fifo.gl0.rd/rpntr/gc0.count_d1_1_1> 
INFO:Xst:2260 - The FF/Latch <U0/xst_fifo_generator/gaxi_full_lite.gwrite_ch.gwdch2.axi_wdch/grf.rf/rstblk/ngwrdrst.grst.rd_rst_reg_0> in Unit <axi_interconnect_1/mi_data_fifo_bank/gen_fifo_slot[2].data_fifo_inst/gen_fifo.fifo_gen_inst> is equivalent to the following FF/Latch : <U0/xst_fifo_generator/gaxi_full_lite.gwrite_ch.gwdch2.axi_wdch/grf.rf/rstblk/ngwrdrst.grst.rd_rst_reg_2> 
INFO:Xst:2260 - The FF/Latch <U0/xst_fifo_generator/gaxi_full_lite.gread_ch.grdch2.axi_rdch/grf.rf/gntv_or_sync_fifo.gl0.rd/rpntr/gc0.count_d1_2> in Unit <axi_interconnect_1/mi_data_fifo_bank/gen_fifo_slot[2].data_fifo_inst/gen_fifo.fifo_gen_inst> is equivalent to the following FF/Latch : <U0/xst_fifo_generator/gaxi_full_lite.gread_ch.grdch2.axi_rdch/grf.rf/gntv_or_sync_fifo.gl0.rd/rpntr/gc0.count_d1_2_1> 
INFO:Xst:2260 - The FF/Latch <U0/xst_fifo_generator/gaxi_full_lite.gread_ch.grdch2.axi_rdch/grf.rf/gntv_or_sync_fifo.gl0.wr/gwss.wsts/ram_full_fb_i> in Unit <axi_interconnect_1/mi_data_fifo_bank/gen_fifo_slot[2].data_fifo_inst/gen_fifo.fifo_gen_inst> is equivalent to the following FF/Latch : <U0/xst_fifo_generator/gaxi_full_lite.gread_ch.grdch2.axi_rdch/grf.rf/gntv_or_sync_fifo.gl0.wr/gwss.wsts/ram_full_i> 
INFO:Xst:2260 - The FF/Latch <U0/xst_fifo_generator/gaxi_full_lite.gwrite_ch.gwdch2.axi_wdch/grf.rf/gntv_or_sync_fifo.gl0.rd/gr1.rfwft/empty_fwft_i> in Unit <axi_interconnect_1/mi_data_fifo_bank/gen_fifo_slot[2].data_fifo_inst/gen_fifo.fifo_gen_inst> is equivalent to the following FF/Latch : <U0/xst_fifo_generator/gaxi_full_lite.gwrite_ch.gwdch2.axi_wdch/grf.rf/gntv_or_sync_fifo.gl0.rd/gr1.rfwft/empty_fwft_fb> 
INFO:Xst:2260 - The FF/Latch <U0/xst_fifo_generator/gaxi_full_lite.gwrite_ch.gwdch2.axi_wdch/grf.rf/gntv_or_sync_fifo.gl0.wr/gwss.wsts/ram_full_fb_i> in Unit <axi_interconnect_1/mi_data_fifo_bank/gen_fifo_slot[2].data_fifo_inst/gen_fifo.fifo_gen_inst> is equivalent to the following FF/Latch : <U0/xst_fifo_generator/gaxi_full_lite.gwrite_ch.gwdch2.axi_wdch/grf.rf/gntv_or_sync_fifo.gl0.wr/gwss.wsts/ram_full_i> 
INFO:Xst:2260 - The FF/Latch <U0/xst_fifo_generator/gaxi_full_lite.gread_ch.grdch2.axi_rdch/grf.rf/rstblk/grstd1.grst_full.rst_d1> in Unit <axi_interconnect_1/mi_data_fifo_bank/gen_fifo_slot[2].data_fifo_inst/gen_fifo.fifo_gen_inst> is equivalent to the following FF/Latch : <U0/xst_fifo_generator/gaxi_full_lite.gwrite_ch.gwdch2.axi_wdch/grf.rf/rstblk/grstd1.grst_full.rst_d1> 
INFO:Xst:2260 - The FF/Latch <U0/xst_fifo_generator/gaxi_full_lite.gread_ch.grdch2.axi_rdch/grf.rf/gntv_or_sync_fifo.gl0.rd/gr1.rfwft/empty_fwft_i> in Unit <axi_interconnect_1/mi_data_fifo_bank/gen_fifo_slot[2].data_fifo_inst/gen_fifo.fifo_gen_inst> is equivalent to the following FF/Latch : <U0/xst_fifo_generator/gaxi_full_lite.gread_ch.grdch2.axi_rdch/grf.rf/gntv_or_sync_fifo.gl0.rd/gr1.rfwft/empty_fwft_fb> 
INFO:Xst:2260 - The FF/Latch <U0/xst_fifo_generator/gaxi_full_lite.gread_ch.grdch2.axi_rdch/grf.rf/rstblk/ngwrdrst.grst.rd_rst_reg_2> in Unit <axi_interconnect_1/mi_data_fifo_bank/gen_fifo_slot[3].data_fifo_inst/gen_fifo.fifo_gen_inst> is equivalent to the following FF/Latch : <U0/xst_fifo_generator/gaxi_full_lite.gread_ch.grdch2.axi_rdch/grf.rf/rstblk/ngwrdrst.grst.rd_rst_reg_0> 
INFO:Xst:2260 - The FF/Latch <U0/xst_fifo_generator/gaxi_full_lite.gwrite_ch.gwdch2.axi_wdch/grf.rf/gntv_or_sync_fifo.gl0.rd/rpntr/gc0.count_d1_1> in Unit <axi_interconnect_1/mi_data_fifo_bank/gen_fifo_slot[3].data_fifo_inst/gen_fifo.fifo_gen_inst> is equivalent to the following FF/Latch : <U0/xst_fifo_generator/gaxi_full_lite.gwrite_ch.gwdch2.axi_wdch/grf.rf/gntv_or_sync_fifo.gl0.rd/rpntr/gc0.count_d1_1_1> 
INFO:Xst:2260 - The FF/Latch <U0/xst_fifo_generator/gaxi_full_lite.gwrite_ch.gwdch2.axi_wdch/grf.rf/gntv_or_sync_fifo.gl0.rd/rpntr/gc0.count_d1_2> in Unit <axi_interconnect_1/mi_data_fifo_bank/gen_fifo_slot[3].data_fifo_inst/gen_fifo.fifo_gen_inst> is equivalent to the following FF/Latch : <U0/xst_fifo_generator/gaxi_full_lite.gwrite_ch.gwdch2.axi_wdch/grf.rf/gntv_or_sync_fifo.gl0.rd/rpntr/gc0.count_d1_2_1> 
INFO:Xst:2260 - The FF/Latch <U0/xst_fifo_generator/gaxi_full_lite.gread_ch.grdch2.axi_rdch/grf.rf/gntv_or_sync_fifo.gl0.rd/rpntr/gc0.count_d1_1> in Unit <axi_interconnect_1/mi_data_fifo_bank/gen_fifo_slot[3].data_fifo_inst/gen_fifo.fifo_gen_inst> is equivalent to the following FF/Latch : <U0/xst_fifo_generator/gaxi_full_lite.gread_ch.grdch2.axi_rdch/grf.rf/gntv_or_sync_fifo.gl0.rd/rpntr/gc0.count_d1_1_1> 
INFO:Xst:2260 - The FF/Latch <U0/xst_fifo_generator/gaxi_full_lite.gwrite_ch.gwdch2.axi_wdch/grf.rf/rstblk/ngwrdrst.grst.rd_rst_reg_0> in Unit <axi_interconnect_1/mi_data_fifo_bank/gen_fifo_slot[3].data_fifo_inst/gen_fifo.fifo_gen_inst> is equivalent to the following FF/Latch : <U0/xst_fifo_generator/gaxi_full_lite.gwrite_ch.gwdch2.axi_wdch/grf.rf/rstblk/ngwrdrst.grst.rd_rst_reg_2> 
INFO:Xst:2260 - The FF/Latch <U0/xst_fifo_generator/gaxi_full_lite.gread_ch.grdch2.axi_rdch/grf.rf/gntv_or_sync_fifo.gl0.rd/rpntr/gc0.count_d1_2> in Unit <axi_interconnect_1/mi_data_fifo_bank/gen_fifo_slot[3].data_fifo_inst/gen_fifo.fifo_gen_inst> is equivalent to the following FF/Latch : <U0/xst_fifo_generator/gaxi_full_lite.gread_ch.grdch2.axi_rdch/grf.rf/gntv_or_sync_fifo.gl0.rd/rpntr/gc0.count_d1_2_1> 
INFO:Xst:2260 - The FF/Latch <U0/xst_fifo_generator/gaxi_full_lite.gread_ch.grdch2.axi_rdch/grf.rf/gntv_or_sync_fifo.gl0.wr/gwss.wsts/ram_full_fb_i> in Unit <axi_interconnect_1/mi_data_fifo_bank/gen_fifo_slot[3].data_fifo_inst/gen_fifo.fifo_gen_inst> is equivalent to the following FF/Latch : <U0/xst_fifo_generator/gaxi_full_lite.gread_ch.grdch2.axi_rdch/grf.rf/gntv_or_sync_fifo.gl0.wr/gwss.wsts/ram_full_i> 
INFO:Xst:2260 - The FF/Latch <U0/xst_fifo_generator/gaxi_full_lite.gwrite_ch.gwdch2.axi_wdch/grf.rf/gntv_or_sync_fifo.gl0.rd/gr1.rfwft/empty_fwft_i> in Unit <axi_interconnect_1/mi_data_fifo_bank/gen_fifo_slot[3].data_fifo_inst/gen_fifo.fifo_gen_inst> is equivalent to the following FF/Latch : <U0/xst_fifo_generator/gaxi_full_lite.gwrite_ch.gwdch2.axi_wdch/grf.rf/gntv_or_sync_fifo.gl0.rd/gr1.rfwft/empty_fwft_fb> 
INFO:Xst:2260 - The FF/Latch <U0/xst_fifo_generator/gaxi_full_lite.gwrite_ch.gwdch2.axi_wdch/grf.rf/gntv_or_sync_fifo.gl0.wr/gwss.wsts/ram_full_fb_i> in Unit <axi_interconnect_1/mi_data_fifo_bank/gen_fifo_slot[3].data_fifo_inst/gen_fifo.fifo_gen_inst> is equivalent to the following FF/Latch : <U0/xst_fifo_generator/gaxi_full_lite.gwrite_ch.gwdch2.axi_wdch/grf.rf/gntv_or_sync_fifo.gl0.wr/gwss.wsts/ram_full_i> 
INFO:Xst:2260 - The FF/Latch <U0/xst_fifo_generator/gaxi_full_lite.gread_ch.grdch2.axi_rdch/grf.rf/rstblk/grstd1.grst_full.rst_d1> in Unit <axi_interconnect_1/mi_data_fifo_bank/gen_fifo_slot[3].data_fifo_inst/gen_fifo.fifo_gen_inst> is equivalent to the following FF/Latch : <U0/xst_fifo_generator/gaxi_full_lite.gwrite_ch.gwdch2.axi_wdch/grf.rf/rstblk/grstd1.grst_full.rst_d1> 
INFO:Xst:2260 - The FF/Latch <U0/xst_fifo_generator/gaxi_full_lite.gread_ch.grdch2.axi_rdch/grf.rf/gntv_or_sync_fifo.gl0.rd/gr1.rfwft/empty_fwft_i> in Unit <axi_interconnect_1/mi_data_fifo_bank/gen_fifo_slot[3].data_fifo_inst/gen_fifo.fifo_gen_inst> is equivalent to the following FF/Latch : <U0/xst_fifo_generator/gaxi_full_lite.gread_ch.grdch2.axi_rdch/grf.rf/gntv_or_sync_fifo.gl0.rd/gr1.rfwft/empty_fwft_fb> 
INFO:Xst:2260 - The FF/Latch <axi_interconnect_2/crossbar_samd/gen_sasd.crossbar_sasd_0/gen_crossbar.addr_arbiter_inst/grant_rnw> in Unit <axi_interconnect_2> is equivalent to the following FF/Latch : <axi_interconnect_2/crossbar_samd/gen_sasd.crossbar_sasd_0/gen_crossbar.addr_arbiter_inst/grant_rnw_1> 
INFO:Xst:2260 - The FF/Latch <axi_interconnect_2/crossbar_samd/gen_sasd.crossbar_sasd_0/m_atarget_enc_0> in Unit <axi_interconnect_2> is equivalent to the following FF/Latch : <axi_interconnect_2/crossbar_samd/gen_sasd.crossbar_sasd_0/m_atarget_enc_0_1> 
INFO:Xst:2260 - The FF/Latch <axi_bram_ctrl_0/GEN_AXI4.I_FULL_AXI/GEN_ARB.I_SNG_PORT/aw_active> in Unit <axi_bram_ctrl_0> is equivalent to the following FF/Latch : <axi_bram_ctrl_0/GEN_AXI4.I_FULL_AXI/GEN_ARB.I_SNG_PORT/aw_active_1> 
INFO:Xst:2260 - The FF/Latch <axi_bram_ctrl_0/GEN_AXI4.I_FULL_AXI/I_RD_CHNL/rd_data_sm_cs_FSM_FFd3> in Unit <axi_bram_ctrl_0> is equivalent to the following FF/Latch : <axi_bram_ctrl_0/GEN_AXI4.I_FULL_AXI/I_RD_CHNL/rd_data_sm_cs_FSM_FFd3_1> 
INFO:Xst:2260 - The FF/Latch <axi_bram_ctrl_1/GEN_AXI4.I_FULL_AXI/I_RD_CHNL/rd_data_sm_cs_FSM_FFd3> in Unit <axi_bram_ctrl_1> is equivalent to the following FF/Latch : <axi_bram_ctrl_1/GEN_AXI4.I_FULL_AXI/I_RD_CHNL/rd_data_sm_cs_FSM_FFd3_1> 
INFO:Xst:2260 - The FF/Latch <axi_bram_ctrl_1/GEN_AXI4.I_FULL_AXI/GEN_ARB.I_SNG_PORT/aw_active> in Unit <axi_bram_ctrl_1> is equivalent to the following FF/Latch : <axi_bram_ctrl_1/GEN_AXI4.I_FULL_AXI/GEN_ARB.I_SNG_PORT/aw_active_1> 
INFO:Xst:2260 - The FF/Latch <axi_bram_ctrl_2/GEN_AXI4.I_FULL_AXI/I_RD_CHNL/rd_data_sm_cs_FSM_FFd3> in Unit <axi_bram_ctrl_2> is equivalent to the following FF/Latch : <axi_bram_ctrl_2/GEN_AXI4.I_FULL_AXI/I_RD_CHNL/rd_data_sm_cs_FSM_FFd3_1> 
INFO:Xst:2260 - The FF/Latch <axi_bram_ctrl_2/GEN_AXI4.I_FULL_AXI/GEN_ARB.I_SNG_PORT/aw_active> in Unit <axi_bram_ctrl_2> is equivalent to the following FF/Latch : <axi_bram_ctrl_2/GEN_AXI4.I_FULL_AXI/GEN_ARB.I_SNG_PORT/aw_active_1> 
INFO:Xst:2260 - The FF/Latch <axi_bram_ctrl_3/GEN_AXI4.I_FULL_AXI/GEN_ARB.I_SNG_PORT/aw_active> in Unit <axi_bram_ctrl_3> is equivalent to the following FF/Latch : <axi_bram_ctrl_3/GEN_AXI4.I_FULL_AXI/GEN_ARB.I_SNG_PORT/aw_active_1> 
INFO:Xst:2260 - The FF/Latch <axi_bram_ctrl_3/GEN_AXI4.I_FULL_AXI/I_RD_CHNL/rd_data_sm_cs_FSM_FFd3> in Unit <axi_bram_ctrl_3> is equivalent to the following FF/Latch : <axi_bram_ctrl_3/GEN_AXI4.I_FULL_AXI/I_RD_CHNL/rd_data_sm_cs_FSM_FFd3_1> 
INFO:Xst:2260 - The FF/Latch <acc_ctrl_0/AXI_LITE_IPIF_I/I_SLAVE_ATTACHMENT/I_DECODER/ce_out_i_0> in Unit <acc_ctrl_0> is equivalent to the following 2 FFs/Latches : <acc_ctrl_0/AXI_LITE_IPIF_I/I_SLAVE_ATTACHMENT/I_DECODER/ce_out_i_0_1> <acc_ctrl_0/AXI_LITE_IPIF_I/I_SLAVE_ATTACHMENT/I_DECODER/ce_out_i_0_2> 
INFO:Xst:2260 - The FF/Latch <acc_ctrl_0/AXI_LITE_IPIF_I/I_SLAVE_ATTACHMENT/I_DECODER/Bus_RNW_reg> in Unit <acc_ctrl_0> is equivalent to the following FF/Latch : <acc_ctrl_0/AXI_LITE_IPIF_I/I_SLAVE_ATTACHMENT/I_DECODER/Bus_RNW_reg_1> 
INFO:Xst:2260 - The FF/Latch <acc_ctrl_0/AXI_LITE_IPIF_I/I_SLAVE_ATTACHMENT/I_DECODER/ce_out_i_1> in Unit <acc_ctrl_0> is equivalent to the following FF/Latch : <acc_ctrl_0/AXI_LITE_IPIF_I/I_SLAVE_ATTACHMENT/I_DECODER/ce_out_i_1_1> 

Final Macro Processing ...

=========================================================================
Final Register Report

Found no macro
=========================================================================

=========================================================================
*                           Partition Report                            *
=========================================================================

Partition Implementation Status
-------------------------------

  No Partitions were found in this design.

-------------------------------

=========================================================================
*                            Design Summary                             *
=========================================================================

Clock Information:
------------------
---------------------------------------------------------------------------+------------------------+-------+
Clock Signal                                                               | Clock buffer(FF name)  | Load  |
---------------------------------------------------------------------------+------------------------+-------+
base_sys_i/processing_system7_0/processing_system7_0/FCLK_CLK_unbuffered<0>| BUFG                   | 4718  |
base_sys_i/processing_system7_0/processing_system7_0/FCLK_CLK_unbuffered<1>| BUFG                   | 4788  |
---------------------------------------------------------------------------+------------------------+-------+

Asynchronous Control Signals Information:
----------------------------------------
-------------------------------------------------------------------------------------------------------------------------------------------------------------+--------------------------------------------------------------------------------------------------------------------------------------------------------------------------------------------------------+-------+
Control Signal                                                                                                                                               | Buffer(FF name)                                                                                                                                                                                        | Load  |
-------------------------------------------------------------------------------------------------------------------------------------------------------------+--------------------------------------------------------------------------------------------------------------------------------------------------------------------------------------------------------+-------+
base_sys_i/axi_bram_ctrl_2_bram_block_1/axi_bram_ctrl_2_bram_block_1/net_gnd0(base_sys_i/axi_bram_ctrl_2_bram_block_1/axi_bram_ctrl_2_bram_block_1/XST_GND:G)| NONE(base_sys_i/axi_bram_ctrl_2_bram_block_1/axi_bram_ctrl_2_bram_block_1/ramb36e1_0)                                                                                                                  | 16    |
base_sys_i/axi_bram_ctrl_3_bram_block_1/axi_bram_ctrl_3_bram_block_1/net_gnd0(base_sys_i/axi_bram_ctrl_3_bram_block_1/axi_bram_ctrl_3_bram_block_1/XST_GND:G)| NONE(base_sys_i/axi_bram_ctrl_3_bram_block_1/axi_bram_ctrl_3_bram_block_1/ramb36e1_3)                                                                                                                  | 16    |
base_sys_i/axi_bram_ctrl_0_bram_block_1/axi_bram_ctrl_0_bram_block_1/net_gnd0(base_sys_i/axi_bram_ctrl_0_bram_block_1/axi_bram_ctrl_0_bram_block_1/XST_GND:G)| NONE(base_sys_i/axi_bram_ctrl_0_bram_block_1/axi_bram_ctrl_0_bram_block_1/ramb36e1_1)                                                                                                                  | 8     |
base_sys_i/axi_bram_ctrl_1_bram_block_1/axi_bram_ctrl_1_bram_block_1/net_gnd0(base_sys_i/axi_bram_ctrl_1_bram_block_1/axi_bram_ctrl_1_bram_block_1/XST_GND:G)| NONE(base_sys_i/axi_bram_ctrl_1_bram_block_1/axi_bram_ctrl_1_bram_block_1/ramb36e1_1)                                                                                                                  | 8     |
base_sys_i/cgra2x2_0/cgra2x2_0/Torus2x2/PE00/Inst_Mem/Inst_Rom/N1(base_sys_i/cgra2x2_0/cgra2x2_0/Torus2x2/PE00/Inst_Mem/Inst_Rom/XST_GND:G)                  | NONE(base_sys_i/cgra2x2_0/cgra2x2_0/Torus2x2/PE00/Inst_Mem/Inst_Rom/U0/xst_blk_mem_generator/gnativebmg.native_blk_mem_gen/valid.cstr/ramloop[1].ram.r/v6_noinit.ram/NO_BMM_INFO.SP.SIMPLE_PRIM36.ram) | 4     |
base_sys_i/cgra2x2_0/cgra2x2_0/Torus2x2/PE01/Inst_Mem/Inst_Rom/N1(base_sys_i/cgra2x2_0/cgra2x2_0/Torus2x2/PE01/Inst_Mem/Inst_Rom/XST_GND:G)                  | NONE(base_sys_i/cgra2x2_0/cgra2x2_0/Torus2x2/PE01/Inst_Mem/Inst_Rom/U0/xst_blk_mem_generator/gnativebmg.native_blk_mem_gen/valid.cstr/ramloop[1].ram.r/v6_noinit.ram/NO_BMM_INFO.SP.SIMPLE_PRIM36.ram) | 4     |
base_sys_i/cgra2x2_0/cgra2x2_0/Torus2x2/PE10/Inst_Mem/Inst_Rom/N1(base_sys_i/cgra2x2_0/cgra2x2_0/Torus2x2/PE10/Inst_Mem/Inst_Rom/XST_GND:G)                  | NONE(base_sys_i/cgra2x2_0/cgra2x2_0/Torus2x2/PE10/Inst_Mem/Inst_Rom/U0/xst_blk_mem_generator/gnativebmg.native_blk_mem_gen/valid.cstr/ramloop[0].ram.r/v6_noinit.ram/NO_BMM_INFO.SP.SIMPLE_PRIM36.ram) | 4     |
base_sys_i/cgra2x2_0/cgra2x2_0/Torus2x2/PE11/Inst_Mem/Inst_Rom/N1(base_sys_i/cgra2x2_0/cgra2x2_0/Torus2x2/PE11/Inst_Mem/Inst_Rom/XST_GND:G)                  | NONE(base_sys_i/cgra2x2_0/cgra2x2_0/Torus2x2/PE11/Inst_Mem/Inst_Rom/U0/xst_blk_mem_generator/gnativebmg.native_blk_mem_gen/valid.cstr/ramloop[0].ram.r/v6_noinit.ram/NO_BMM_INFO.SP.SIMPLE_PRIM36.ram) | 4     |
base_sys_i/cgra2x2_0/cgra2x2_0/Torus2x2/PE00/Data_Mem/Mem0/N1(base_sys_i/cgra2x2_0/cgra2x2_0/Torus2x2/PE00/Data_Mem/Mem0/XST_GND:G)                          | NONE(base_sys_i/cgra2x2_0/cgra2x2_0/Torus2x2/PE00/Data_Mem/Mem0/U0/xst_blk_mem_generator/gnativebmg.native_blk_mem_gen/valid.cstr/ramloop[0].ram.r/v6_noinit.ram/NO_BMM_INFO.TRUE_DP.SIMPLE_PRIM36.ram)| 2     |
base_sys_i/cgra2x2_0/cgra2x2_0/Torus2x2/PE00/Data_Mem/Mem1/N1(base_sys_i/cgra2x2_0/cgra2x2_0/Torus2x2/PE00/Data_Mem/Mem1/XST_GND:G)                          | NONE(base_sys_i/cgra2x2_0/cgra2x2_0/Torus2x2/PE00/Data_Mem/Mem1/U0/xst_blk_mem_generator/gnativebmg.native_blk_mem_gen/valid.cstr/ramloop[0].ram.r/v6_noinit.ram/NO_BMM_INFO.TRUE_DP.SIMPLE_PRIM36.ram)| 2     |
base_sys_i/cgra2x2_0/cgra2x2_0/Torus2x2/PE00/Data_Mem/Mem2/N1(base_sys_i/cgra2x2_0/cgra2x2_0/Torus2x2/PE00/Data_Mem/Mem2/XST_GND:G)                          | NONE(base_sys_i/cgra2x2_0/cgra2x2_0/Torus2x2/PE00/Data_Mem/Mem2/U0/xst_blk_mem_generator/gnativebmg.native_blk_mem_gen/valid.cstr/ramloop[0].ram.r/v6_noinit.ram/NO_BMM_INFO.TRUE_DP.SIMPLE_PRIM36.ram)| 2     |
base_sys_i/cgra2x2_0/cgra2x2_0/Torus2x2/PE01/Data_Mem/Mem0/N1(base_sys_i/cgra2x2_0/cgra2x2_0/Torus2x2/PE01/Data_Mem/Mem0/XST_GND:G)                          | NONE(base_sys_i/cgra2x2_0/cgra2x2_0/Torus2x2/PE01/Data_Mem/Mem0/U0/xst_blk_mem_generator/gnativebmg.native_blk_mem_gen/valid.cstr/ramloop[0].ram.r/v6_noinit.ram/NO_BMM_INFO.TRUE_DP.SIMPLE_PRIM36.ram)| 2     |
base_sys_i/cgra2x2_0/cgra2x2_0/Torus2x2/PE01/Data_Mem/Mem1/N1(base_sys_i/cgra2x2_0/cgra2x2_0/Torus2x2/PE01/Data_Mem/Mem1/XST_GND:G)                          | NONE(base_sys_i/cgra2x2_0/cgra2x2_0/Torus2x2/PE01/Data_Mem/Mem1/U0/xst_blk_mem_generator/gnativebmg.native_blk_mem_gen/valid.cstr/ramloop[0].ram.r/v6_noinit.ram/NO_BMM_INFO.TRUE_DP.SIMPLE_PRIM36.ram)| 2     |
base_sys_i/cgra2x2_0/cgra2x2_0/Torus2x2/PE01/Data_Mem/Mem2/N1(base_sys_i/cgra2x2_0/cgra2x2_0/Torus2x2/PE01/Data_Mem/Mem2/XST_GND:G)                          | NONE(base_sys_i/cgra2x2_0/cgra2x2_0/Torus2x2/PE01/Data_Mem/Mem2/U0/xst_blk_mem_generator/gnativebmg.native_blk_mem_gen/valid.cstr/ramloop[0].ram.r/v6_noinit.ram/NO_BMM_INFO.TRUE_DP.SIMPLE_PRIM36.ram)| 2     |
base_sys_i/cgra2x2_0/cgra2x2_0/Torus2x2/PE10/Data_Mem/Mem0/N1(base_sys_i/cgra2x2_0/cgra2x2_0/Torus2x2/PE10/Data_Mem/Mem0/XST_GND:G)                          | NONE(base_sys_i/cgra2x2_0/cgra2x2_0/Torus2x2/PE10/Data_Mem/Mem0/U0/xst_blk_mem_generator/gnativebmg.native_blk_mem_gen/valid.cstr/ramloop[0].ram.r/v6_noinit.ram/NO_BMM_INFO.TRUE_DP.SIMPLE_PRIM36.ram)| 2     |
base_sys_i/cgra2x2_0/cgra2x2_0/Torus2x2/PE10/Data_Mem/Mem1/N1(base_sys_i/cgra2x2_0/cgra2x2_0/Torus2x2/PE10/Data_Mem/Mem1/XST_GND:G)                          | NONE(base_sys_i/cgra2x2_0/cgra2x2_0/Torus2x2/PE10/Data_Mem/Mem1/U0/xst_blk_mem_generator/gnativebmg.native_blk_mem_gen/valid.cstr/ramloop[0].ram.r/v6_noinit.ram/NO_BMM_INFO.TRUE_DP.SIMPLE_PRIM36.ram)| 2     |
base_sys_i/cgra2x2_0/cgra2x2_0/Torus2x2/PE10/Data_Mem/Mem2/N1(base_sys_i/cgra2x2_0/cgra2x2_0/Torus2x2/PE10/Data_Mem/Mem2/XST_GND:G)                          | NONE(base_sys_i/cgra2x2_0/cgra2x2_0/Torus2x2/PE10/Data_Mem/Mem2/U0/xst_blk_mem_generator/gnativebmg.native_blk_mem_gen/valid.cstr/ramloop[0].ram.r/v6_noinit.ram/NO_BMM_INFO.TRUE_DP.SIMPLE_PRIM36.ram)| 2     |
base_sys_i/cgra2x2_0/cgra2x2_0/Torus2x2/PE11/Data_Mem/Mem0/N1(base_sys_i/cgra2x2_0/cgra2x2_0/Torus2x2/PE11/Data_Mem/Mem0/XST_GND:G)                          | NONE(base_sys_i/cgra2x2_0/cgra2x2_0/Torus2x2/PE11/Data_Mem/Mem0/U0/xst_blk_mem_generator/gnativebmg.native_blk_mem_gen/valid.cstr/ramloop[0].ram.r/v6_noinit.ram/NO_BMM_INFO.TRUE_DP.SIMPLE_PRIM36.ram)| 2     |
base_sys_i/cgra2x2_0/cgra2x2_0/Torus2x2/PE11/Data_Mem/Mem1/N1(base_sys_i/cgra2x2_0/cgra2x2_0/Torus2x2/PE11/Data_Mem/Mem1/XST_GND:G)                          | NONE(base_sys_i/cgra2x2_0/cgra2x2_0/Torus2x2/PE11/Data_Mem/Mem1/U0/xst_blk_mem_generator/gnativebmg.native_blk_mem_gen/valid.cstr/ramloop[0].ram.r/v6_noinit.ram/NO_BMM_INFO.TRUE_DP.SIMPLE_PRIM36.ram)| 2     |
base_sys_i/cgra2x2_0/cgra2x2_0/Torus2x2/PE11/Data_Mem/Mem2/N1(base_sys_i/cgra2x2_0/cgra2x2_0/Torus2x2/PE11/Data_Mem/Mem2/XST_GND:G)                          | NONE(base_sys_i/cgra2x2_0/cgra2x2_0/Torus2x2/PE11/Data_Mem/Mem2/U0/xst_blk_mem_generator/gnativebmg.native_blk_mem_gen/valid.cstr/ramloop[0].ram.r/v6_noinit.ram/NO_BMM_INFO.TRUE_DP.SIMPLE_PRIM36.ram)| 2     |
-------------------------------------------------------------------------------------------------------------------------------------------------------------+--------------------------------------------------------------------------------------------------------------------------------------------------------------------------------------------------------+-------+

Timing Summary:
---------------
Speed Grade: -1

   Minimum period: 4.347ns (Maximum Frequency: 230.044MHz)
   Minimum input arrival time before clock: 5.383ns
   Maximum output required time after clock: 2.616ns
   Maximum combinational path delay: 0.000ns

=========================================================================
