#-----------------------------------------------------------
# Vivado v2013.3 (64-bit)
# SW Build 329390 on Wed Oct 16 18:37:02 MDT 2013
# IP Build 192953 on Wed Oct 16 08:44:02 MDT 2013
# Start of session at: Wed Jul 23 15:29:33 2014
# Process ID: 100136
# Log file: D:/minibench/scgra/scgra-lib/cgra2x2/vivado.log
# Journal file: D:/minibench/scgra/scgra-lib/cgra2x2\vivado.jou
#-----------------------------------------------------------
INFO: [Common 17-78] Attempting to get a license: Implementation
INFO: [Common 17-81] Feature available: Implementation
INFO: [Device 21-36] Loading parts and site information from C:/EDA/Xilinx/Vivado/2013.3/data/parts/arch.xml
Parsing RTL primitives file [C:/EDA/Xilinx/Vivado/2013.3/data/parts/xilinx/rtl/prims/rtl_prims.xml]
Finished parsing RTL primitives file [C:/EDA/Xilinx/Vivado/2013.3/data/parts/xilinx/rtl/prims/rtl_prims.xml]
start_gui
open_project {D:\minibench\scgra\scgra-lib\cgra2x2\cgra2x2.xpr}
Scanning sources...
Finished scanning sources
INFO: [IP_Flow 19-234] Refreshing IP repositories
INFO: [IP_Flow 19-1704] No user repositories specified
INFO: [IP_Flow 19-2313] Loaded Vivado repository 'C:/EDA/Xilinx/Vivado/2013.3/data/ip'.
open_project: Time (s): cpu = 00:00:18 ; elapsed = 00:00:09 . Memory (MB): peak = 737.809 ; gain = 32.277
ipx::open_core -upgrade true {D:/minibench/scgra/scgra-lib/cgra2x2/component.xml}
ipx::remove_all_port [ipx::current_core]
ipx::add_ports_from_hdl [ipx::current_core] -top_level_hdl_file {D:/minibench/scgra/scgra-lib/cgra2x2/cgra2x2.srcs/sources_1/imports/src/cgra2x2.v} -top_module_name {cgra2x2}
ipx::remove_all_port [ipx::current_core]
ipx::add_ports_from_hdl [ipx::current_core] -top_level_hdl_file {D:/minibench/scgra/scgra-lib/cgra2x2/cgra2x2.srcs/sources_1/imports/src/cgra2x2.v} -top_module_name {cgra2x2}
set_property physical_name {Port1_Data_From_Bram} [ipx::get_port_map DOUT [ipx::get_bus_interface Port1 [ipx::current_core]]]
ipx::create_xgui_files [ipx::current_core]
ipx::save_core [ipx::current_core]
exit
INFO: [Common 17-206] Exiting Vivado at Wed Jul 23 15:34:29 2014...
