WARNING:EDK:878 - Could not find IP doc
   http://www.xilinx.com/cgi-bin/docs/ipdoc?c=axi_bram_ctrl;v=v1_03_a;d=ds777_ax
   i_bram_ctrl.pdf
WARNING:EDK:878 - Could not find IP doc
   http://www.xilinx.com/cgi-bin/docs/ipdoc?c=axi_interconnect;v=v1_06_a;d=ds768
   _axi_interconnect.pdf
WARNING:EDK:878 - Could not find IP doc
   http://www.xilinx.com/cgi-bin/docs/ipdoc?c=bram_block;v=v1_00_a;d=bram_block.
   pdf
WARNING:EDK:878 - Could not find IP doc
   http://www.xilinx.com/cgi-bin/docs/ipdoc?c=axi_bram_ctrl;v=v1_03_a;d=ds777_ax
   i_bram_ctrl.pdf
WARNING:EDK:878 - Could not find IP doc
   http://www.xilinx.com/cgi-bin/docs/ipdoc?c=bram_block;v=v1_00_a;d=bram_block.
   pdf
WARNING:EDK:878 - Could not find IP doc
   http://www.xilinx.com/cgi-bin/docs/ipdoc?c=axi_bram_ctrl;v=v1_03_a;d=ds777_ax
   i_bram_ctrl.pdf
WARNING:EDK:878 - Could not find IP doc
   http://www.xilinx.com/cgi-bin/docs/ipdoc?c=bram_block;v=v1_00_a;d=bram_block.
   pdf
WARNING:EDK:878 - Could not find IP doc
   http://www.xilinx.com/cgi-bin/docs/ipdoc?c=axi_bram_ctrl;v=v1_03_a;d=ds777_ax
   i_bram_ctrl.pdf
WARNING:EDK:878 - Could not find IP doc
   http://www.xilinx.com/cgi-bin/docs/ipdoc?c=bram_block;v=v1_00_a;d=bram_block.
   pdf
WARNING:EDK:878 - Could not find IP doc
   http://www.xilinx.com/cgi-bin/docs/ipdoc?c=axi_interconnect;v=v1_06_a;d=ds768
   _axi_interconnect.pdf
WARNING:EDK:1820 - Memory unit containing axi_bram_ctrl_0 axi_bram_ctrl_3
   axi_bram_ctrl_3_bram_block_1 axi_bram_ctrl_2 axi_bram_ctrl_2_bram_block_1
   axi_bram_ctrl_1 axi_bram_ctrl_1_bram_block_1 cgra2x2_0
   axi_bram_ctrl_0_bram_block_1  has an unusual number of BRAMS
Bus interface PORT0 on Memory Controller cgra2x2_0 could not be placed
Bus interface PORT1 on Memory Controller cgra2x2_0 could not be placed
Generated Block Diagram.
Rasterizing processing_system7_0.jpg.....
Rasterizing axi_bram_ctrl_0.jpg.....
Rasterizing axi_interconnect_1.jpg.....
Rasterizing axi_bram_ctrl_0_bram_block_1.jpg.....
Rasterizing axi_bram_ctrl_1.jpg.....
Rasterizing axi_bram_ctrl_1_bram_block_1.jpg.....
Rasterizing axi_bram_ctrl_2.jpg.....
Rasterizing axi_bram_ctrl_2_bram_block_1.jpg.....
Rasterizing axi_bram_ctrl_3.jpg.....
Rasterizing axi_bram_ctrl_3_bram_block_1.jpg.....
Rasterizing acc_ctrl_0.jpg.....
Rasterizing axi_interconnect_2.jpg.....
Rasterizing cgra2x2_0.jpg.....
Rasterizing base_sys_blkd.jpg.....
Report generated.
Report generation completed.
