#-----------------------------------------------------------
# PlanAhead v14.7 (64-bit)
# Build 321239 by xbuild on Fri Sep 27 19:29:51 MDT 2013
# Start of session at: Fri Aug 08 18:20:21 2014
# Process ID: 42960
# Log file: D:/minibench/scgra/scgra5x5-1k/planAhead.log
# Journal file: D:/minibench/scgra/scgra5x5-1k\planAhead.jou
#-----------------------------------------------------------
INFO: [Common 17-78] Attempting to get a license: PlanAhead
INFO: [Common 17-290] Got license for PlanAhead
INFO: [Device 21-36] Loading parts and site information from C:/EDA/14.7/ISE_DS/PlanAhead/data/parts/arch.xml
Parsing RTL primitives file [C:/EDA/14.7/ISE_DS/PlanAhead/data/parts/xilinx/rtl/prims/rtl_prims.xml]
Finished parsing RTL primitives file [C:/EDA/14.7/ISE_DS/PlanAhead/data/parts/xilinx/rtl/prims/rtl_prims.xml]
start_gui
INFO: [Common 17-81] Feature available: PartialReconfiguration
open_project {D:\minibench\scgra\scgra5x5-1k\scgra5x5-1k.ppr}
Scanning sources...
Finished scanning sources
open_project: Time (s): elapsed = 00:00:06 . Memory (MB): peak = 455.441 ; gain = 82.488
launch_sdk -workspace D:/minibench/scgra/scgra5x5-1k/scgra5x5-1k.sdk/SDK/SDK_Export -hwspec D:/minibench/scgra/scgra5x5-1k/scgra5x5-1k.sdk/SDK/SDK_Export/hw/base_sys.xml
INFO: [PlanAhead 12-393] Launching SDK...
INFO: [PlanAhead 12-417] Running xsdk -workspace D:/minibench/scgra/scgra5x5-1k/scgra5x5-1k.sdk/SDK/SDK_Export -hwspec D:/minibench/scgra/scgra5x5-1k/scgra5x5-1k.sdk/SDK/SDK_Export/hw/base_sys.xml
INFO: [PlanAhead 12-418] SDK launched successfully
exit
INFO: [Common 17-206] Exiting PlanAhead at Fri Aug 08 18:51:58 2014...
INFO: [Common 17-83] Releasing license: PlanAhead
