#-----------------------------------------------------------
# PlanAhead v14.7 (64-bit)
# Build 321239 by xbuild on Fri Sep 27 19:29:51 MDT 2013
# Start of session at: Mon Jun 30 11:13:09 2014
# Process ID: 21856
# Log file: D:/minibench/scgra/scgra5x5-1k/planAhead.log
# Journal file: D:/minibench/scgra/scgra5x5-1k\planAhead.jou
#-----------------------------------------------------------
INFO: [Common 17-78] Attempting to get a license: PlanAhead
INFO: [Common 17-290] Got license for PlanAhead
INFO: [Device 21-36] Loading parts and site information from C:/EDA/14.7/ISE_DS/PlanAhead/data/parts/arch.xml
Parsing RTL primitives file [C:/EDA/14.7/ISE_DS/PlanAhead/data/parts/xilinx/rtl/prims/rtl_prims.xml]
Finished parsing RTL primitives file [C:/EDA/14.7/ISE_DS/PlanAhead/data/parts/xilinx/rtl/prims/rtl_prims.xml]
start_gui
INFO: [Common 17-81] Feature available: PartialReconfiguration
open_project {D:\minibench\scgra\scgra5x5-1k\scgra5x5-1k.ppr}
Scanning sources...
Finished scanning sources
open_project: Time (s): elapsed = 00:00:09 . Memory (MB): peak = 462.320 ; gain = 96.934
INFO: [Edk 24-184] Launching XPS (Xilinx Platform Studio) for configuring XPS sub-design source 'base_sys'...

Xilinx Platform Studio
Xilinx EDK 14.7 Build EDK_P.20131013
Copyright (c) 1995-2012 Xilinx, Inc.  All rights reserved.

Launching XPS GUI...
INFO:EDK - Simulation, Implementation and Device configuration flows are
   disabled in XPS when launched from PlanAhead. All these features are
   available in PlanAhead.
MainWindow
WARNING:EDK:4092 - IPNAME: bram_block, INSTANCE: axi_bram_ctrl_0_bram_block_1 -
   Pre-Production version not verified on hardware for architecture 'zynq' -
   D:\minibench\scgra\scgra5x5-1k\scgra5x5-1k.srcs\sources_1\edk\base_sys\base_s
   ys.mhs line 156 
WARNING:EDK:4092 - IPNAME: bram_block, INSTANCE: axi_bram_ctrl_1_bram_block_1 -
   Pre-Production version not verified on hardware for architecture 'zynq' -
   D:\minibench\scgra\scgra5x5-1k\scgra5x5-1k.srcs\sources_1\edk\base_sys\base_s
   ys.mhs line 182 
WARNING:EDK:4092 - IPNAME: bram_block, INSTANCE: axi_bram_ctrl_2_bram_block_1 -
   Pre-Production version not verified on hardware for architecture 'zynq' -
   D:\minibench\scgra\scgra5x5-1k\scgra5x5-1k.srcs\sources_1\edk\base_sys\base_s
   ys.mhs line 208 
WARNING:EDK:4092 - IPNAME: bram_block, INSTANCE: axi_bram_ctrl_3_bram_block_1 -
   Pre-Production version not verified on hardware for architecture 'zynq' -
   D:\minibench\scgra\scgra5x5-1k\scgra5x5-1k.srcs\sources_1\edk\base_sys\base_s
   ys.mhs line 234 
WARNING:EDK:4092 - IPNAME: bram_block, INSTANCE: axi_bram_ctrl_0_bram_block_1 -
   Pre-Production version not verified on hardware for architecture 'zynq' -
   D:\minibench\scgra\scgra5x5-1k\scgra5x5-1k.srcs\sources_1\edk\base_sys\base_s
   ys.mhs line 156 
WARNING:EDK:4092 - IPNAME: bram_block, INSTANCE: axi_bram_ctrl_1_bram_block_1 -
   Pre-Production version not verified on hardware for architecture 'zynq' -
   D:\minibench\scgra\scgra5x5-1k\scgra5x5-1k.srcs\sources_1\edk\base_sys\base_s
   ys.mhs line 182 
WARNING:EDK:4092 - IPNAME: bram_block, INSTANCE: axi_bram_ctrl_2_bram_block_1 -
   Pre-Production version not verified on hardware for architecture 'zynq' -
   D:\minibench\scgra\scgra5x5-1k\scgra5x5-1k.srcs\sources_1\edk\base_sys\base_s
   ys.mhs line 208 
WARNING:EDK:4092 - IPNAME: bram_block, INSTANCE: axi_bram_ctrl_3_bram_block_1 -
   Pre-Production version not verified on hardware for architecture 'zynq' -
   D:\minibench\scgra\scgra5x5-1k\scgra5x5-1k.srcs\sources_1\edk\base_sys\base_s
   ys.mhs line 234 
ZynqConfig: Terminated for gui mode
Writing filter settings....
Done writing filter settings to:
	D:\minibench\scgra\scgra5x5-1k\scgra5x5-1k.srcs\sources_1\edk\base_sys\etc\base
_sys.filters
Done writing Tab View settings to:
	D:\minibench\scgra\scgra5x5-1k\scgra5x5-1k.srcs\sources_1\edk\base_sys\etc\base
_sys.gui
INFO: [Edk 24-128] XPS launched
exit
INFO: [Common 17-206] Exiting PlanAhead at Mon Jun 30 11:17:12 2014...
INFO: [Common 17-83] Releasing license: PlanAhead
