#-----------------------------------------------------------
# PlanAhead v14.7 (64-bit)
# Build 321239 by xbuild on Fri Sep 27 19:29:51 MDT 2013
# Start of session at: Fri Aug 15 21:31:09 2014
# Process ID: 89104
# Log file: D:/minibench/scgra-v1/scgra2x2-1k/planAhead.log
# Journal file: D:/minibench/scgra-v1/scgra2x2-1k\planAhead.jou
#-----------------------------------------------------------
INFO: [Common 17-78] Attempting to get a license: PlanAhead
INFO: [Common 17-290] Got license for PlanAhead
INFO: [Device 21-36] Loading parts and site information from C:/EDA/14.7/ISE_DS/PlanAhead/data/parts/arch.xml
Parsing RTL primitives file [C:/EDA/14.7/ISE_DS/PlanAhead/data/parts/xilinx/rtl/prims/rtl_prims.xml]
Finished parsing RTL primitives file [C:/EDA/14.7/ISE_DS/PlanAhead/data/parts/xilinx/rtl/prims/rtl_prims.xml]
start_gui
INFO: [Common 17-81] Feature available: PartialReconfiguration
open_project {D:\minibench\scgra-v1\scgra2x2-1k\scgra2x2-1k.ppr}
Scanning sources...
Finished scanning sources
open_project: Time (s): elapsed = 00:00:05 . Memory (MB): peak = 457.512 ; gain = 89.719
launch_sdk -workspace D:/minibench/scgra-v1/scgra2x2-1k/scgra2x2-1k.sdk/SDK/SDK_Export -hwspec D:/minibench/scgra-v1/scgra2x2-1k/scgra2x2-1k.sdk/SDK/SDK_Export/hw/base_sys.xml
INFO: [PlanAhead 12-393] Launching SDK...
INFO: [PlanAhead 12-417] Running xsdk -workspace D:/minibench/scgra-v1/scgra2x2-1k/scgra2x2-1k.sdk/SDK/SDK_Export -hwspec D:/minibench/scgra-v1/scgra2x2-1k/scgra2x2-1k.sdk/SDK/SDK_Export/hw/base_sys.xml
INFO: [PlanAhead 12-418] SDK launched successfully
exit
INFO: [Common 17-206] Exiting PlanAhead at Fri Aug 15 21:45:55 2014...
INFO: [Common 17-83] Releasing license: PlanAhead
