#-----------------------------------------------------------
# PlanAhead v14.7 (64-bit)
# Build 321239 by xbuild on Fri Sep 27 19:29:51 MDT 2013
# Start of session at: Tue Jan 27 16:49:10 2015
# Process ID: 31692
# Log file: D:/minibench/scgra-v1/scgra2x2-1k/planAhead.log
# Journal file: D:/minibench/scgra-v1/scgra2x2-1k\planAhead.jou
#-----------------------------------------------------------
INFO: [Common 17-78] Attempting to get a license: PlanAhead
INFO: [Common 17-290] Got license for PlanAhead
INFO: [Device 21-36] Loading parts and site information from C:/EDA/14.7/ISE_DS/PlanAhead/data/parts/arch.xml
Parsing RTL primitives file [C:/EDA/14.7/ISE_DS/PlanAhead/data/parts/xilinx/rtl/prims/rtl_prims.xml]
Finished parsing RTL primitives file [C:/EDA/14.7/ISE_DS/PlanAhead/data/parts/xilinx/rtl/prims/rtl_prims.xml]
start_gui
INFO: [Common 17-81] Feature available: PartialReconfiguration
open_project {D:\minibench\scgra-v1\scgra2x2-1k\scgra2x2-1k.ppr}
Scanning sources...
Finished scanning sources
open_project: Time (s): elapsed = 00:00:12 . Memory (MB): peak = 469.801 ; gain = 77.262
INFO: [Edk 24-184] Launching XPS (Xilinx Platform Studio) for configuring XPS sub-design source 'base_sys'...

Xilinx Platform Studio
Xilinx EDK 14.7 Build EDK_P.20131013
Copyright (c) 1995-2012 Xilinx, Inc.  All rights reserved.

Launching XPS GUI...
INFO:EDK - Simulation, Implementation and Device configuration flows are
   disabled in XPS when launched from PlanAhead. All these features are
   available in PlanAhead.
MainWindow
WARNING:EDK:4092 - IPNAME: bram_block, INSTANCE: axi_bram_ctrl_0_bram_block_1 -
   Pre-Production version not verified on hardware for architecture 'zynq' -
   D:\minibench\scgra-v1\scgra2x2-1k\scgra2x2-1k.srcs\sources_1\edk\base_sys\bas
   e_sys.mhs line 155 
WARNING:EDK:4092 - IPNAME: bram_block, INSTANCE: axi_bram_ctrl_1_bram_block_1 -
   Pre-Production version not verified on hardware for architecture 'zynq' -
   D:\minibench\scgra-v1\scgra2x2-1k\scgra2x2-1k.srcs\sources_1\edk\base_sys\bas
   e_sys.mhs line 181 
WARNING:EDK:4092 - IPNAME: bram_block, INSTANCE: axi_bram_ctrl_0_bram_block_1 -
   Pre-Production version not verified on hardware for architecture 'zynq' -
   D:\minibench\scgra-v1\scgra2x2-1k\scgra2x2-1k.srcs\sources_1\edk\base_sys\bas
   e_sys.mhs line 155 
WARNING:EDK:4092 - IPNAME: bram_block, INSTANCE: axi_bram_ctrl_1_bram_block_1 -
   Pre-Production version not verified on hardware for architecture 'zynq' -
   D:\minibench\scgra-v1\scgra2x2-1k\scgra2x2-1k.srcs\sources_1\edk\base_sys\bas
   e_sys.mhs line 181 
ZynqConfig: Terminated for gui mode
Writing filter settings....
Done writing filter settings to:
	D:\minibench\scgra-v1\scgra2x2-1k\scgra2x2-1k.srcs\sources_1\edk\base_sys\etc\b
ase_sys.filters
Done writing Tab View settings to:
	D:\minibench\scgra-v1\scgra2x2-1k\scgra2x2-1k.srcs\sources_1\edk\base_sys\etc\b
ase_sys.gui
INFO: [Edk 24-128] XPS launched
exit
INFO: [Common 17-206] Exiting PlanAhead at Tue Jan 27 18:36:43 2015...
INFO: [Common 17-83] Releasing license: PlanAhead
