INFO:sim:172 - Generating IP...
Applying current project options...
Finished applying current project options.
Resolving generics for 'data_buffer0'...
WARNING:sim - A core named 'data_buffer0' already exists in the project. Output
   products for this core may be overwritten.
Applying external generics to 'data_buffer0'...
Delivering associated files for 'data_buffer0'...
Delivering EJava files for 'data_buffer0'...
Generating implementation netlist for 'data_buffer0'...
INFO:sim - Pre-processing HDL files for 'data_buffer0'...
Running synthesis for 'data_buffer0'
Running ngcbuild...
Writing VEO instantiation template for 'data_buffer0'...
Writing Verilog behavioral simulation model for 'data_buffer0'...
WARNING:sim - Overwriting existing file
   D:/minibench/scgra/cgra2x2_verify/cgra2x2_verify.srcs/sources_1/ip/blk_mem_ge
   n_v7_3_4/tmp/_cg/data_buffer0/doc/blk_mem_gen_v7_3_vinfo.html with file from
   view xilinx_documentation
Delivered 1 file into directory
D:/minibench/scgra/cgra2x2_verify/cgra2x2_verify.srcs/sources_1/ip/blk_mem_gen_v
7_3_4/tmp/_cg/data_buffer0
Generating ASY schematic symbol...
INFO:sim:949 - Finished generation of ASY schematic symbol.
Generating metadata file...
Generating ISE project file for 'data_buffer0'...
Generating ISE project...
XCO file found: data_buffer0.xco
XMDF file found: data_buffer0_xmdf.tcl
Adding
D:/minibench/scgra/cgra2x2_verify/cgra2x2_verify.srcs/sources_1/ip/blk_mem_gen_v
7_3_4/tmp/_cg/data_buffer0.asy -view all -origin_type imported
Adding
D:/minibench/scgra/cgra2x2_verify/cgra2x2_verify.srcs/sources_1/ip/blk_mem_gen_v
7_3_4/tmp/_cg/data_buffer0.ngc -view all -origin_type created
Checking file
"D:/minibench/scgra/cgra2x2_verify/cgra2x2_verify.srcs/sources_1/ip/blk_mem_gen_
v7_3_4/tmp/_cg/data_buffer0.ngc" for project device match ...
File
"D:/minibench/scgra/cgra2x2_verify/cgra2x2_verify.srcs/sources_1/ip/blk_mem_gen_
v7_3_4/tmp/_cg/data_buffer0.ngc" device information matches project device.
Adding
D:/minibench/scgra/cgra2x2_verify/cgra2x2_verify.srcs/sources_1/ip/blk_mem_gen_v
7_3_4/tmp/_cg/data_buffer0.v -view all -origin_type created
INFO:HDLCompiler:1845 - Analyzing Verilog file
   "D:/minibench/scgra/cgra2x2_verify/cgra2x2_verify.srcs/sources_1/ip/blk_mem_g
   en_v7_3_4/tmp/_cg/data_buffer0.v" into library work
INFO:ProjectMgmt - Parsing design hierarchy completed successfully.
Adding
D:/minibench/scgra/cgra2x2_verify/cgra2x2_verify.srcs/sources_1/ip/blk_mem_gen_v
7_3_4/tmp/_cg/data_buffer0.veo -view all -origin_type imported
INFO:TclTasksC:2116 - The automatic calculation of top has been turned-off.
   Please set the new top explicitly by running the "project set top" command.
   To re-calculate the new top automatically, set the "Auto Implementation Top"
   property to true.
Top level has been set to "/data_buffer0"
Generating README file...
Generating FLIST file...
INFO:sim:948 - Finished FLIST file generation.
Moving files to output directory...
Finished moving files to output directory
Wrote CGP file for project 'coregen'.
