#-----------------------------------------------------------
# PlanAhead v14.7 (64-bit)
# Build 321239 by xbuild on Fri Sep 27 19:29:51 MDT 2013
# Start of session at: Mon May 25 14:36:08 2015
# Process ID: 22420
# Log file: D:/minibench/scgra-mm-fir/scgra5x5-1k/planAhead.log
# Journal file: D:/minibench/scgra-mm-fir/scgra5x5-1k\planAhead.jou
#-----------------------------------------------------------
INFO: [Common 17-78] Attempting to get a license: PlanAhead
INFO: [Common 17-290] Got license for PlanAhead
INFO: [Common 17-86] Your PlanAhead license expires in -25 day(s)
INFO: [Device 21-36] Loading parts and site information from C:/EDA/14.7/ISE_DS/PlanAhead/data/parts/arch.xml
Parsing RTL primitives file [C:/EDA/14.7/ISE_DS/PlanAhead/data/parts/xilinx/rtl/prims/rtl_prims.xml]
Finished parsing RTL primitives file [C:/EDA/14.7/ISE_DS/PlanAhead/data/parts/xilinx/rtl/prims/rtl_prims.xml]
start_gui
INFO: [Common 17-81] Feature available: PartialReconfiguration
open_project {D:\minibench\scgra-mm-fir\scgra5x5-1k\scgra5x5-1k.ppr}
Scanning sources...
Finished scanning sources
open_project: Time (s): elapsed = 00:00:10 . Memory (MB): peak = 465.016 ; gain = 85.922
exit
INFO: [Common 17-206] Exiting PlanAhead at Mon May 25 14:39:20 2015...
INFO: [Common 17-83] Releasing license: PlanAhead
