#
# A fatal error has been detected by the Java Runtime Environment:
#
#  EXCEPTION_ACCESS_VIOLATION (0xc0000005) at pc=0x0000000010cd0bc0, pid=81512, tid=85160
#
# JRE version: 7.0_17-b02
# Java VM: Java HotSpot(TM) 64-Bit Server VM (23.7-b01 mixed mode windows-amd64 compressed oops)
# Problematic frame:
# C  [librdi_filemgmt.dll+0x30bc0]  HDDASrcAttrs::isDisabled+0x0
#
# Failed to write core dump. Minidumps are not enabled by default on client versions of Windows
#
# If you would like to submit a bug report, please visit:
#   http://bugreport.sun.com/bugreport/crash.jsp
# The crash happened outside the Java Virtual Machine in native code.
# See problematic frame for where to report the bug.
#

---------------  T H R E A D  ---------------

Current thread (0x000000002da33000):  JavaThread "AWT-EventQueue-1" [_thread_in_native, id=85160, stack(0x000000002e270000,0x000000002e570000)]

siginfo: ExceptionCode=0xc0000005, reading address 0xffffffffffffffff

Registers:
RAX=0x00000000328b03d0, RBX=0x000000003ce46c38, RCX=0x74736e497c656c75, RDX=0x0000000037478960
RSP=0x000000002e56e3d8, RBP=0x00000000321b0cc0, RSI=0x0000000000000000, RDI=0x000000003ce46c00
R8 =0x0000000037478968, R9 =0x000000002e56e218, R10=0x32617267632f6172, R11=0x000000002e56e430
R12=0x000000002f9cde80, R13=0x0000000000000001, R14=0x000000002f9cde80, R15=0x000000002da33000
RIP=0x0000000010cd0bc0, EFLAGS=0x0000000000010202

Top of Stack: (sp=0x000000002e56e3d8)
0x000000002e56e3d8:   0000000010ca4a92 000000003ce46c38
0x000000002e56e3e8:   000000002f9cd2b0 000000002ce448e0
0x000000002e56e3f8:   000000002ce4ed18 fffffffffffffffe
0x000000002e56e408:   000000002ce4f001 0000000000000000
0x000000002e56e418:   0000000000000000 000000002e56e638
0x000000002e56e428:   0000000010ca5866 000000002f9cde80
0x000000002e56e438:   0000000000000001 000000003ce46c38
0x000000002e56e448:   0000000000000000 000000003ce46c00
0x000000002e56e458:   0000000010d11a18 000000003ce46c00
0x000000002e56e468:   0000000000000057 000000003ce46c00
0x000000002e56e478:   000000002e56e638 000000002e56e638
0x000000002e56e488:   000000003ce46c00 0000000000000000
0x000000002e56e498:   fffffffffffffffe 62696e696d5c3a44
0x000000002e56e4a8:   6763735c68636e65 0000000000000000
0x000000002e56e4b8:   0000000000000000 0000000000000000
0x000000002e56e4c8:   0000000000000000 0000000000000000 

Instructions: (pc=0x0000000010cd0bc0)
0x0000000010cd0ba0:   8a 81 99 00 00 00 c3 cc cc cc cc cc cc cc cc cc
0x0000000010cd0bb0:   8a 81 9a 00 00 00 c3 cc cc cc cc cc cc cc cc cc
0x0000000010cd0bc0:   80 b9 9a 00 00 00 00 75 0c 80 b9 99 00 00 00 00
0x0000000010cd0bd0:   75 03 32 c0 c3 b0 01 c3 cc cc cc cc cc cc cc cc 


Register to memory mapping:

RAX=0x00000000328b03d0 is an unknown value
RBX=0x000000003ce46c38 is an unknown value
RCX=0x74736e497c656c75 is an unknown value
RDX=0x0000000037478960 is an unknown value
RSP=0x000000002e56e3d8 is pointing into the stack for thread: 0x000000002da33000
RBP=0x00000000321b0cc0 is an unknown value
RSI=0x0000000000000000 is an unknown value
RDI=0x000000003ce46c00 is an unknown value
R8 =0x0000000037478968 is an unknown value
R9 =0x000000002e56e218 is pointing into the stack for thread: 0x000000002da33000
R10=0x32617267632f6172 is an unknown value
R11=0x000000002e56e430 is pointing into the stack for thread: 0x000000002da33000
R12=0x000000002f9cde80 is an unknown value
R13=0x0000000000000001 is an unknown value
R14=0x000000002f9cde80 is an unknown value
R15=0x000000002da33000 is a thread


Stack: [0x000000002e270000,0x000000002e570000],  sp=0x000000002e56e3d8,  free space=3064k
Native frames: (J=compiled Java code, j=interpreted, Vv=VM code, C=native code)
C  [librdi_filemgmt.dll+0x30bc0]  HDDASrcAttrs::isDisabled+0x0

Java frames: (J=compiled Java code, j=interpreted, Vv=VM code)
J  ui.data.design.dai.HADAUtils_findSrcFile(JLjava/lang/String;)J
J  ui.views.d.a.dsZ()V
J  ui.views.d.h.actionPerformed(Ljava/awt/event/ActionEvent;)V
J  javax.swing.Timer$DoPostEvent.run()V
J  java.awt.EventQueue$3.run()Ljava/lang/Object;
v  ~StubRoutines::call_stub
J  java.security.AccessController.doPrivileged(Ljava/security/PrivilegedAction;Ljava/security/AccessControlContext;)Ljava/lang/Object;
J  java.awt.EventQueue.dispatchEvent(Ljava/awt/AWTEvent;)V
J  java.awt.EventDispatchThread.pumpOneEventForFilters(I)V
J  java.awt.EventDispatchThread.pumpEventsForFilter(ILjava/awt/Conditional;Ljava/awt/EventFilter;)V
j  java.awt.EventDispatchThread.pumpEventsForHierarchy(ILjava/awt/Conditional;Ljava/awt/Component;)V+11
j  java.awt.EventDispatchThread.pumpEvents(ILjava/awt/Conditional;)V+4
j  java.awt.EventDispatchThread.pumpEvents(Ljava/awt/Conditional;)V+3
j  java.awt.EventDispatchThread.run()V+9
v  ~StubRoutines::call_stub

---------------  P R O C E S S  ---------------

Java Threads: ( => current thread )
  0x000000002cdad800 JavaThread "Image Fetcher 3" daemon [_thread_blocked, id=91500, stack(0x000000003f090000,0x000000003f390000)]
  0x000000002cdae800 JavaThread "Image Fetcher 2" daemon [_thread_blocked, id=92880, stack(0x000000003ed90000,0x000000003f090000)]
  0x000000002cda9800 JavaThread "Image Fetcher 1" daemon [_thread_blocked, id=92776, stack(0x000000003df90000,0x000000003e290000)]
  0x000000002d59f000 JavaThread "Update Design Hierarchy" [_thread_blocked, id=92800, stack(0x0000000031530000,0x0000000031830000)]
  0x000000002e1fc000 JavaThread "Image Fetcher 0" daemon [_thread_blocked, id=92780, stack(0x000000003d690000,0x000000003d990000)]
  0x000000003acb2800 JavaThread "Monitor File Timestamp" [_thread_blocked, id=86648, stack(0x0000000030c30000,0x0000000030f30000)]
  0x00000000387e5000 JavaThread "Monitor File Timestamp" [_thread_blocked, id=82284, stack(0x0000000031930000,0x0000000031c30000)]
  0x000000002cd63000 JavaThread "Monitor File Timestamp" [_thread_blocked, id=86444, stack(0x0000000038490000,0x0000000038790000)]
  0x000000002cd4f000 JavaThread "Monitor File Timestamp" [_thread_blocked, id=86884, stack(0x0000000038190000,0x0000000038490000)]
  0x000000002cd55000 JavaThread "Monitor File Timestamp" [_thread_blocked, id=85660, stack(0x0000000037e90000,0x0000000038190000)]
  0x000000002e1d5000 JavaThread "hw_ila_monitor" [_thread_blocked, id=86312, stack(0x0000000037b90000,0x0000000037e90000)]
  0x0000000030974800 JavaThread "Update Runs" [_thread_blocked, id=85328, stack(0x0000000037690000,0x0000000037990000)]
  0x0000000030977000 JavaThread "Refresh Filesets" [_thread_blocked, id=85236, stack(0x000000002c9f0000,0x000000002ccf0000)]
  0x0000000031fc1000 JavaThread "Swing-Shell" daemon [_thread_blocked, id=86152, stack(0x0000000034830000,0x0000000034b30000)]
  0x00000000314a0800 JavaThread "Monitor File Timestamp" [_thread_blocked, id=86392, stack(0x0000000034230000,0x0000000034530000)]
=>0x000000002da33000 JavaThread "AWT-EventQueue-1" [_thread_in_native, id=85160, stack(0x000000002e270000,0x000000002e570000)]
  0x000000002da37800 JavaThread "Process Messages" [_thread_blocked, id=84400, stack(0x000000002de70000,0x000000002e170000)]
  0x000000002d751000 JavaThread "Thread-3" [_thread_in_native, id=86788, stack(0x00000000040e0000,0x00000000054e0000)]
  0x000000002d757800 JavaThread "AWT-EventQueue-0" [_thread_blocked, id=86520, stack(0x000000002da70000,0x000000002dd70000)]
  0x00000000086b5000 JavaThread "AWT-Windows" daemon [_thread_in_native, id=84536, stack(0x000000002c4f0000,0x000000002c7f0000)]
  0x00000000086be800 JavaThread "AWT-Shutdown" [_thread_blocked, id=67864, stack(0x000000002c1f0000,0x000000002c4f0000)]
  0x00000000086bf800 JavaThread "Java2D Disposer" daemon [_thread_blocked, id=86868, stack(0x000000002bef0000,0x000000002c1f0000)]
  0x000000000868f800 JavaThread "TimerQueue" daemon [_thread_blocked, id=87008, stack(0x000000002baf0000,0x000000002bdf0000)]
  0x00000000081db000 JavaThread "Service Thread" daemon [_thread_blocked, id=86992, stack(0x000000002a320000,0x000000002a620000)]
  0x00000000081c0800 JavaThread "C1 CompilerThread2" daemon [_thread_blocked, id=67388, stack(0x000000002a220000,0x000000002a320000)]
  0x00000000081c1800 JavaThread "C2 CompilerThread1" daemon [_thread_blocked, id=85764, stack(0x000000002a120000,0x000000002a220000)]
  0x00000000081ca000 JavaThread "C2 CompilerThread0" daemon [_thread_blocked, id=4800, stack(0x000000002a020000,0x000000002a120000)]
  0x00000000081c3800 JavaThread "Attach Listener" daemon [_thread_blocked, id=85496, stack(0x0000000029d20000,0x000000002a020000)]
  0x00000000081c4800 JavaThread "Signal Dispatcher" daemon [_thread_blocked, id=78768, stack(0x0000000029a20000,0x0000000029d20000)]
  0x00000000081a0800 JavaThread "Surrogate Locker Thread (Concurrent GC)" daemon [_thread_blocked, id=85568, stack(0x0000000029720000,0x0000000029a20000)]
  0x00000000080b6800 JavaThread "Finalizer" daemon [_thread_blocked, id=81480, stack(0x0000000029420000,0x0000000029720000)]
  0x00000000080bf800 JavaThread "Reference Handler" daemon [_thread_blocked, id=86036, stack(0x0000000029120000,0x0000000029420000)]
  0x0000000006c22000 JavaThread "main" [_thread_blocked, id=85448, stack(0x000000001d540000,0x000000001d640000)]

Other Threads:
  0x0000000007d79000 VMThread [stack: 0x0000000029020000,0x0000000029120000] [id=85260]
  0x00000000081da000 WatcherThread [stack: 0x000000002a620000,0x000000002a720000] [id=84936]

VM state:not at safepoint (normal execution)

VM Mutex/Monitor currently owned by a thread: None

Heap
 par new generation   total 55296K, used 42254K [0x0000000778000000, 0x000000077bc00000, 0x000000077bc00000)
  eden space 49152K,  85% used [0x0000000778000000, 0x000000077a9438c0, 0x000000077b000000)
  from space 6144K,   0% used [0x000000077b000000, 0x000000077b000000, 0x000000077b600000)
  to   space 6144K,   0% used [0x000000077b600000, 0x000000077b600000, 0x000000077bc00000)
 concurrent mark-sweep generation total 70564K, used 41158K [0x000000077bc00000, 0x00000007800e9000, 0x00000007f8000000)
 concurrent-mark-sweep perm gen total 131072K, used 48417K [0x00000007f8000000, 0x0000000800000000, 0x0000000800000000)

Card table byte_map: [0x0000000023be0000,0x0000000024030000] byte_map_base: 0x0000000020020000

Polling page: 0x000000001d640000

Code Cache  [0x000000001d660000, 0x000000001f8e0000, 0x0000000023660000)
 total_blobs=8849 nmethods=8158 adapters=603 free_code_cache=63374Kb largest_free_block=64498240

Compilation events (10 events):
Event: 8078.367 Thread 0x00000000081c1800 11119       4       java.lang.ref.ReferenceQueue::<init> (27 bytes)
Event: 8078.368 Thread 0x00000000081c1800 nmethod 11119 0x000000001e5c7210 code [0x000000001e5c7360, 0x000000001e5c7438]
Event: 8078.551 Thread 0x00000000081ca000 11120   !   4       java.util.zip.ZipFile$ZipFileInflaterInputStream::close (67 bytes)
Event: 8078.563 Thread 0x00000000081ca000 nmethod 11120 0x000000001f11e4d0 code [0x000000001f11e6c0, 0x000000001f11f970]
Event: 8078.619 Thread 0x00000000081c0800 11121  s    3       sun.awt.image.ToolkitImage::getWidth (48 bytes)
Event: 8078.619 Thread 0x00000000081c0800 nmethod 11121 0x000000001e909150 code [0x000000001e9092e0, 0x000000001e909818]
Event: 8078.624 Thread 0x00000000081c0800 11122  s    3       sun.awt.image.ToolkitImage::getHeight (48 bytes)
Event: 8078.624 Thread 0x00000000081c0800 nmethod 11122 0x000000001df37290 code [0x000000001df37420, 0x000000001df37958]
Event: 8078.632 Thread 0x00000000081c0800 11123       3       javax.swing.BoxLayout::removeLayoutComponent (9 bytes)
Event: 8078.633 Thread 0x00000000081c0800 nmethod 11123 0x000000001df36810 code [0x000000001df369c0, 0x000000001df36fd8]

GC Heap History (10 events):
Event: 8076.941 GC heap before
{Heap before GC invocations=194 (full 128):
 par new generation   total 55296K, used 1143K [0x0000000778000000, 0x000000077bc00000, 0x000000077bc00000)
  eden space 49152K,   2% used [0x0000000778000000, 0x000000077811ddd8, 0x000000077b000000)
  from space 6144K,   0% used [0x000000077b600000, 0x000000077b600000, 0x000000077bc00000)
  to   space 6144K,   0% used [0x000000077b000000, 0x000000077b000000, 0x000000077b600000)
 concurrent mark-sweep generation total 70564K, used 36929K [0x000000077bc00000, 0x00000007800e9000, 0x00000007f8000000)
 concurrent-mark-sweep perm gen total 131072K, used 48412K [0x00000007f8000000, 0x0000000800000000, 0x0000000800000000)
Event: 8077.127 GC heap after
Heap after GC invocations=195 (full 129):
 par new generation   total 55296K, used 0K [0x0000000778000000, 0x000000077bc00000, 0x000000077bc00000)
  eden space 49152K,   0% used [0x0000000778000000, 0x0000000778000000, 0x000000077b000000)
  from space 6144K,   0% used [0x000000077b600000, 0x000000077b600000, 0x000000077bc00000)
  to   space 6144K,   0% used [0x000000077b000000, 0x000000077b000000, 0x000000077b600000)
 concurrent mark-sweep generation total 70564K, used 36943K [0x000000077bc00000, 0x00000007800e9000, 0x00000007f8000000)
 concurrent-mark-sweep perm gen total 131072K, used 48412K [0x00000007f8000000, 0x0000000800000000, 0x0000000800000000)
}
Event: 8077.237 GC heap before
{Heap before GC invocations=195 (full 129):
 par new generation   total 55296K, used 5300K [0x0000000778000000, 0x000000077bc00000, 0x000000077bc00000)
  eden space 49152K,  10% used [0x0000000778000000, 0x000000077852d288, 0x000000077b000000)
  from space 6144K,   0% used [0x000000077b600000, 0x000000077b600000, 0x000000077bc00000)
  to   space 6144K,   0% used [0x000000077b000000, 0x000000077b000000, 0x000000077b600000)
 concurrent mark-sweep generation total 70564K, used 36943K [0x000000077bc00000, 0x00000007800e9000, 0x00000007f8000000)
 concurrent-mark-sweep perm gen total 131072K, used 48417K [0x00000007f8000000, 0x0000000800000000, 0x0000000800000000)
Event: 8077.241 GC heap after
Heap after GC invocations=196 (full 129):
 par new generation   total 55296K, used 2536K [0x0000000778000000, 0x000000077bc00000, 0x000000077bc00000)
  eden space 49152K,   0% used [0x0000000778000000, 0x0000000778000000, 0x000000077b000000)
  from space 6144K,  41% used [0x000000077b000000, 0x000000077b27a008, 0x000000077b600000)
  to   space 6144K,   0% used [0x000000077b600000, 0x000000077b600000, 0x000000077bc00000)
 concurrent mark-sweep generation total 70564K, used 36943K [0x000000077bc00000, 0x00000007800e9000, 0x00000007f8000000)
 concurrent-mark-sweep perm gen total 131072K, used 48417K [0x00000007f8000000, 0x0000000800000000, 0x0000000800000000)
}
Event: 8077.575 GC heap before
{Heap before GC invocations=196 (full 129):
 par new generation   total 55296K, used 51688K [0x0000000778000000, 0x000000077bc00000, 0x000000077bc00000)
  eden space 49152K, 100% used [0x0000000778000000, 0x000000077b000000, 0x000000077b000000)
  from space 6144K,  41% used [0x000000077b000000, 0x000000077b27a008, 0x000000077b600000)
  to   space 6144K,   0% used [0x000000077b600000, 0x000000077b600000, 0x000000077bc00000)
 concurrent mark-sweep generation total 70564K, used 36943K [0x000000077bc00000, 0x00000007800e9000, 0x00000007f8000000)
 concurrent-mark-sweep perm gen total 131072K, used 48417K [0x00000007f8000000, 0x0000000800000000, 0x0000000800000000)
Event: 8077.582 GC heap after
Heap after GC invocations=197 (full 129):
 par new generation   total 55296K, used 5071K [0x0000000778000000, 0x000000077bc00000, 0x000000077bc00000)
  eden space 49152K,   0% used [0x0000000778000000, 0x0000000778000000, 0x000000077b000000)
  from space 6144K,  82% used [0x000000077b600000, 0x000000077baf3e90, 0x000000077bc00000)
  to   space 6144K,   0% used [0x000000077b000000, 0x000000077b000000, 0x000000077b600000)
 concurrent mark-sweep generation total 70564K, used 36943K [0x000000077bc00000, 0x00000007800e9000, 0x00000007f8000000)
 concurrent-mark-sweep perm gen total 131072K, used 48417K [0x00000007f8000000, 0x0000000800000000, 0x0000000800000000)
}
Event: 8077.892 GC heap before
{Heap before GC invocations=197 (full 129):
 par new generation   total 55296K, used 54223K [0x0000000778000000, 0x000000077bc00000, 0x000000077bc00000)
  eden space 49152K, 100% used [0x0000000778000000, 0x000000077b000000, 0x000000077b000000)
  from space 6144K,  82% used [0x000000077b600000, 0x000000077baf3e90, 0x000000077bc00000)
  to   space 6144K,   0% used [0x000000077b000000, 0x000000077b000000, 0x000000077b600000)
 concurrent mark-sweep generation total 70564K, used 36943K [0x000000077bc00000, 0x00000007800e9000, 0x00000007f8000000)
 concurrent-mark-sweep perm gen total 131072K, used 48417K [0x00000007f8000000, 0x0000000800000000, 0x0000000800000000)
Event: 8077.903 GC heap after
Heap after GC invocations=198 (full 129):
 par new generation   total 55296K, used 4934K [0x0000000778000000, 0x000000077bc00000, 0x000000077bc00000)
  eden space 49152K,   0% used [0x0000000778000000, 0x0000000778000000, 0x000000077b000000)
  from space 6144K,  80% used [0x000000077b000000, 0x000000077b4d18e0, 0x000000077b600000)
  to   space 6144K,   0% used [0x000000077b600000, 0x000000077b600000, 0x000000077bc00000)
 concurrent mark-sweep generation total 70564K, used 40884K [0x000000077bc00000, 0x00000007800e9000, 0x00000007f8000000)
 concurrent-mark-sweep perm gen total 131072K, used 48417K [0x00000007f8000000, 0x0000000800000000, 0x0000000800000000)
}
Event: 8078.081 GC heap before
{Heap before GC invocations=198 (full 129):
 par new generation   total 55296K, used 34023K [0x0000000778000000, 0x000000077bc00000, 0x000000077bc00000)
  eden space 49152K,  59% used [0x0000000778000000, 0x0000000779c68688, 0x000000077b000000)
  from space 6144K,  80% used [0x000000077b000000, 0x000000077b4d18e0, 0x000000077b600000)
  to   space 6144K,   0% used [0x000000077b600000, 0x000000077b600000, 0x000000077bc00000)
 concurrent mark-sweep generation total 70564K, used 40884K [0x000000077bc00000, 0x00000007800e9000, 0x00000007f8000000)
 concurrent-mark-sweep perm gen total 131072K, used 48417K [0x00000007f8000000, 0x0000000800000000, 0x0000000800000000)
Event: 8078.299 GC heap after
Heap after GC invocations=199 (full 130):
 par new generation   total 55296K, used 0K [0x0000000778000000, 0x000000077bc00000, 0x000000077bc00000)
  eden space 49152K,   0% used [0x0000000778000000, 0x0000000778000000, 0x000000077b000000)
  from space 6144K,   0% used [0x000000077b000000, 0x000000077b000000, 0x000000077b600000)
  to   space 6144K,   0% used [0x000000077b600000, 0x000000077b600000, 0x000000077bc00000)
 concurrent mark-sweep generation total 70564K, used 41158K [0x000000077bc00000, 0x00000007800e9000, 0x00000007f8000000)
 concurrent-mark-sweep perm gen total 131072K, used 48417K [0x00000007f8000000, 0x0000000800000000, 0x0000000800000000)
}

Deoptimization events (10 events):
Event: 7992.551 Thread 0x000000002da33000 Uncommon trap -42 fr.pc 0x000000001ed05300
Event: 7992.552 Thread 0x000000002da33000 Uncommon trap -42 fr.pc 0x000000001ed05300
Event: 8059.245 Thread 0x000000002da33000 Uncommon trap -34 fr.pc 0x000000001e536ec8
Event: 8059.246 Thread 0x000000002da33000 Uncommon trap -34 fr.pc 0x000000001e536ec8
Event: 8059.247 Thread 0x000000002da33000 Uncommon trap -34 fr.pc 0x000000001e536ec8
Event: 8059.309 Thread 0x000000002da33000 Uncommon trap -34 fr.pc 0x000000001e536ec8
Event: 8072.585 Thread 0x000000002da33000 Uncommon trap -34 fr.pc 0x000000001e431c0c
Event: 8074.384 Thread 0x000000002da33000 Uncommon trap -34 fr.pc 0x000000001e431c0c
Event: 8075.944 Thread 0x000000002da33000 Uncommon trap -34 fr.pc 0x000000001e431c0c
Event: 8076.033 Thread 0x000000002da33000 Uncommon trap -34 fr.pc 0x000000001e431c0c

Internal exceptions (10 events):
Event: 8032.126 Thread 0x000000002da33000 Threw 0x0000000778b73b50 at C:\jdk7u2_64p\jdk7u17\hotspot\src\share\vm\prims\jni.cpp:716
Event: 8037.128 Thread 0x000000002da33000 Threw 0x0000000778cf4060 at C:\jdk7u2_64p\jdk7u17\hotspot\src\share\vm\prims\jni.cpp:716
Event: 8042.129 Thread 0x000000002da33000 Threw 0x0000000778e34608 at C:\jdk7u2_64p\jdk7u17\hotspot\src\share\vm\prims\jni.cpp:716
Event: 8047.130 Thread 0x000000002da33000 Threw 0x0000000778fa0028 at C:\jdk7u2_64p\jdk7u17\hotspot\src\share\vm\prims\jni.cpp:716
Event: 8052.130 Thread 0x000000002da33000 Threw 0x0000000778ab0e38 at C:\jdk7u2_64p\jdk7u17\hotspot\src\share\vm\prims\jni.cpp:716
Event: 8057.131 Thread 0x000000002da33000 Threw 0x0000000778ce96d0 at C:\jdk7u2_64p\jdk7u17\hotspot\src\share\vm\prims\jni.cpp:716
Event: 8062.131 Thread 0x000000002da33000 Threw 0x0000000778c04420 at C:\jdk7u2_64p\jdk7u17\hotspot\src\share\vm\prims\jni.cpp:716
Event: 8067.132 Thread 0x000000002da33000 Threw 0x0000000778d840b8 at C:\jdk7u2_64p\jdk7u17\hotspot\src\share\vm\prims\jni.cpp:716
Event: 8072.134 Thread 0x000000002da33000 Threw 0x0000000778bb08d0 at C:\jdk7u2_64p\jdk7u17\hotspot\src\share\vm\prims\jni.cpp:716
Event: 8077.197 Thread 0x000000002da33000 Threw 0x0000000778377290 at C:\jdk7u2_64p\jdk7u17\hotspot\src\share\vm\prims\jni.cpp:716

Events (10 events):
Event: 8077.892 Executing VM operation: GenCollectForAllocation
Event: 8077.903 Executing VM operation: GenCollectForAllocation done
Event: 8078.081 Thread 0x000000002cdae800 Thread added: 0x000000002cdae800
Event: 8078.081 Executing VM operation: GenCollectFull
Event: 8078.299 Executing VM operation: GenCollectFull done
Event: 8078.300 Thread 0x000000002cdae800 Thread exited: 0x000000002cdae800
Event: 8078.549 Thread 0x000000002cda9800 Thread added: 0x000000002cda9800
Event: 8078.550 Thread 0x000000002cdae800 Thread added: 0x000000002cdae800
Event: 8078.551 Thread 0x000000002cdad800 Thread added: 0x000000002cdad800
Event: 8078.565 Thread 0x00000000081ca000 flushing nmethod 0x000000001e4fc990


Dynamic libraries:
0x0000000140000000 - 0x000000014000e000 	C:\EDA\14.7\ISE_DS\PlanAhead\bin\unwrapped\win64.o\planAhead.exe
0x0000000076e90000 - 0x0000000077039000 	C:\Windows\SYSTEM32\ntdll.dll
0x00000000767c0000 - 0x00000000768df000 	C:\Windows\system32\kernel32.dll
0x000007fefd1c0000 - 0x000007fefd22b000 	C:\Windows\system32\KERNELBASE.dll
0x000000000a900000 - 0x000000000a945000 	C:\EDA\14.7\ISE_DS\PlanAhead\lib\win64.o\SHSMP64.dll
0x0000000076d90000 - 0x0000000076e8a000 	C:\Windows\system32\USER32.dll
0x000007fefd530000 - 0x000007fefd597000 	C:\Windows\system32\GDI32.dll
0x000007fefda10000 - 0x000007fefda1e000 	C:\Windows\system32\LPK.dll
0x000007fefec60000 - 0x000007fefed29000 	C:\Windows\system32\USP10.dll
0x000007fefdbf0000 - 0x000007fefdc8f000 	C:\Windows\system32\msvcrt.dll
0x000007fefdb10000 - 0x000007fefdbeb000 	C:\Windows\system32\ADVAPI32.dll
0x000007fefed30000 - 0x000007fefed4f000 	C:\Windows\SYSTEM32\sechost.dll
0x000007fefedd0000 - 0x000007fefeefd000 	C:\Windows\system32\RPCRT4.dll
0x000007fefc1b0000 - 0x000007fefc1bc000 	C:\Windows\system32\VERSION.dll
0x0000000180000000 - 0x0000000180013000 	C:\EDA\14.7\ISE_DS\PlanAhead\lib\win64.o\libboost_signals.dll
0x0000000000380000 - 0x000000000046e000 	C:\EDA\14.7\ISE_DS\PlanAhead\lib\win64.o\stlport.5.2.dll
0x0000000071ca0000 - 0x0000000071d73000 	C:\Windows\WinSxS\amd64_microsoft.vc90.crt_1fc8b3b9a1e18e3b_9.0.30729.6161_none_08e61857a83bc251\MSVCP90.dll
0x00000000741f0000 - 0x0000000074293000 	C:\Windows\WinSxS\amd64_microsoft.vc90.crt_1fc8b3b9a1e18e3b_9.0.30729.6161_none_08e61857a83bc251\MSVCR90.dll
0x0000000000470000 - 0x0000000000cf1000 	C:\EDA\14.7\ISE_DS\PlanAhead\lib\win64.o\librdi_common.dll
0x0000000000d00000 - 0x0000000000fe9000 	C:\EDA\14.7\ISE_DS\PlanAhead\lib\win64.o\libCOIN-all.dll
0x0000000000ff0000 - 0x000000000122a000 	C:\EDA\14.7\ISE_DS\PlanAhead\lib\win64.o\libSecurity.dll
0x000007fefa410000 - 0x000007fefa426000 	C:\Windows\system32\NETAPI32.dll
0x000007fefa400000 - 0x000007fefa40c000 	C:\Windows\system32\netutils.dll
0x000007fefcc30000 - 0x000007fefcc53000 	C:\Windows\system32\srvcli.dll
0x000007fefa3e0000 - 0x000007fefa3f5000 	C:\Windows\system32\wkscli.dll
0x000007fefd870000 - 0x000007fefd907000 	C:\Windows\system32\COMDLG32.dll
0x000007fefef80000 - 0x000007fefeff1000 	C:\Windows\system32\SHLWAPI.dll
0x000007fef5be0000 - 0x000007fef5c80000 	C:\Windows\WinSxS\amd64_microsoft.windows.common-controls_6595b64144ccf1df_5.82.7601.17514_none_a4d6a923711520a9\COMCTL32.dll
0x000007fefde70000 - 0x000007fefebf8000 	C:\Windows\system32\SHELL32.dll
0x000007fefbc90000 - 0x000007fefbc99000 	C:\Windows\system32\WSOCK32.dll
0x000007fefed50000 - 0x000007fefed9d000 	C:\Windows\system32\WS2_32.dll
0x000007fefda20000 - 0x000007fefda28000 	C:\Windows\system32\NSI.dll
0x000007fefda30000 - 0x000007fefdb07000 	C:\Windows\system32\OLEAUT32.dll
0x000007fefd660000 - 0x000007fefd863000 	C:\Windows\system32\ole32.dll
0x000007fefd170000 - 0x000007fefd1aa000 	C:\Windows\system32\WINTRUST.dll
0x000007fefd3c0000 - 0x000007fefd52c000 	C:\Windows\system32\CRYPT32.dll
0x000007fefd160000 - 0x000007fefd16f000 	C:\Windows\system32\MSASN1.dll
0x0000000000220000 - 0x000000000022f000 	C:\EDA\14.7\ISE_DS\PlanAhead\lib\win64.o\libboost_date_time.dll
0x0000000000240000 - 0x0000000000267000 	C:\EDA\14.7\ISE_DS\PlanAhead\lib\win64.o\libboost_filesystem.dll
0x0000000001230000 - 0x0000000001239000 	C:\EDA\14.7\ISE_DS\PlanAhead\lib\win64.o\libboost_system.dll
0x0000000001250000 - 0x00000000012c1000 	C:\EDA\14.7\ISE_DS\PlanAhead\lib\win64.o\libboost_program_options.dll
0x00000000012e0000 - 0x000000000138f000 	C:\EDA\14.7\ISE_DS\PlanAhead\lib\win64.o\libboost_regex.dll
0x00000000013a0000 - 0x00000000013b6000 	C:\EDA\14.7\ISE_DS\PlanAhead\lib\win64.o\libboost_thread.dll
0x00000000013d0000 - 0x00000000013dc000 	C:\EDA\14.7\ISE_DS\PlanAhead\lib\win64.o\libboost_chrono.dll
0x00000000013f0000 - 0x0000000001433000 	C:\EDA\14.7\ISE_DS\PlanAhead\lib\win64.o\libcurl.dll
0x000007fefec00000 - 0x000007fefec52000 	C:\Windows\system32\WLDAP32.dll
0x0000000001440000 - 0x00000000014c3000 	C:\EDA\14.7\ISE_DS\PlanAhead\lib\win64.o\libhdlpsolve.dll
0x00000000014e0000 - 0x0000000001597000 	C:\EDA\14.7\ISE_DS\PlanAhead\lib\win64.o\libhdxml.dll
0x00000000015b0000 - 0x0000000001af30d3 	C:\EDA\14.7\ISE_DS\PlanAhead\lib\win64.o\libisl_iostreams.dll
0x0000000001b10000 - 0x0000000001b29000 	C:\EDA\14.7\ISE_DS\PlanAhead\lib\win64.o\libboost_iostreams.dll
0x0000000001b40000 - 0x0000000001b5e000 	C:\EDA\14.7\ISE_DS\PlanAhead\lib\win64.o\librdizlib.dll
0x0000000001b70000 - 0x0000000001b99000 	C:\EDA\14.7\ISE_DS\PlanAhead\lib\win64.o\libisl_sysinfo.dll
0x000000005e210000 - 0x000000005e92f000 	C:\EDA\14.7\ISE_DS\PlanAhead\tps\win64\jre\bin\server\jvm.dll
0x000007fefd230000 - 0x000007fefd26b000 	C:\Windows\system32\WINMM.dll
0x0000000077050000 - 0x0000000077057000 	C:\Windows\system32\PSAPI.DLL
0x0000000071e50000 - 0x0000000071f22000 	C:\Windows\system32\MSVCR100.dll
0x0000000001bc0000 - 0x0000000001bd2000 	C:\EDA\14.7\ISE_DS\PlanAhead\lib\win64.o\pthreadVC.dll
0x0000000001be0000 - 0x0000000001bf6000 	C:\EDA\14.7\ISE_DS\PlanAhead\lib\win64.o\librdiconfig.dll
0x0000000010000000 - 0x000000001012a000 	C:\EDA\14.7\ISE_DS\PlanAhead\lib\win64.o\tcl85t.dll
0x0000000012000000 - 0x0000000012282000 	C:\EDA\14.7\ISE_DS\PlanAhead\lib\win64.o\xerces-c_3_1.dll
0x0000000076af0000 - 0x0000000076c4b000 	C:\Windows\system32\WININET.dll
0x0000000077060000 - 0x0000000077063000 	C:\Windows\system32\Normaliz.dll
0x00000000768e0000 - 0x0000000076af0000 	C:\Windows\system32\iertutil.dll
0x0000000076670000 - 0x00000000767bd000 	C:\Windows\system32\urlmon.dll
0x000007fef9720000 - 0x000007fef9791000 	C:\Windows\system32\WINHTTP.dll
0x000007fef96b0000 - 0x000007fef9714000 	C:\Windows\system32\webio.dll
0x0000000001c30000 - 0x0000000001c46000 	C:\EDA\14.7\ISE_DS\PlanAhead\lib\win64.o\librdi_commonmain.dll
0x000007fefeda0000 - 0x000007fefedce000 	C:\Windows\system32\IMM32.DLL
0x000007feff000000 - 0x000007feff109000 	C:\Windows\system32\MSCTF.dll
0x00000000054e0000 - 0x00000000057d3000 	C:\EDA\14.7\ISE_DS\PlanAhead\lib\win64.o\librdi_commontasks.dll
0x0000000008f40000 - 0x0000000009580000 	C:\EDA\14.7\ISE_DS\PlanAhead\lib\win64.o\librdi_coretasks.dll
0x0000000009580000 - 0x0000000009747000 	C:\EDA\14.7\ISE_DS\PlanAhead\lib\win64.o\librdi_chipscope.dll
0x00000000039b0000 - 0x0000000003a1e000 	C:\EDA\14.7\ISE_DS\PlanAhead\lib\win64.o\liblmx6.0.dll
0x0000000009750000 - 0x000000000a770000 	C:\EDA\14.7\ISE_DS\PlanAhead\lib\win64.o\librdi_constraints.dll
0x0000000001d20000 - 0x0000000001d28000 	C:\EDA\14.7\ISE_DS\PlanAhead\lib\win64.o\libpsta_dllwrapper.dll
0x000000000a950000 - 0x000000000b52a000 	C:\EDA\14.7\ISE_DS\PlanAhead\lib\win64.o\librdi_device.dll
0x0000000003aa0000 - 0x0000000003b1d000 	C:\EDA\14.7\ISE_DS\PlanAhead\lib\win64.o\libboost_serialization.dll
0x000000000b530000 - 0x000000000bcd0000 	C:\EDA\14.7\ISE_DS\PlanAhead\lib\win64.o\libverific.dll
0x000000000bcd0000 - 0x000000000c0a6000 	C:\EDA\14.7\ISE_DS\PlanAhead\lib\win64.o\librdi_netlist.dll
0x000000000c0b0000 - 0x000000000f701000 	C:\EDA\14.7\ISE_DS\PlanAhead\lib\win64.o\librdi_designutils.dll
0x000000000f710000 - 0x000000000fc54000 	C:\EDA\14.7\ISE_DS\PlanAhead\lib\win64.o\librdi_xdm.dll
0x000000000fc60000 - 0x000000000ff74000 	C:\EDA\14.7\ISE_DS\PlanAhead\lib\win64.o\librdi_drc.dll
0x0000000010130000 - 0x0000000010c08000 	C:\EDA\14.7\ISE_DS\PlanAhead\lib\win64.o\librdi_timing.dll
0x000000000a770000 - 0x000000000a898000 	C:\EDA\14.7\ISE_DS\PlanAhead\lib\win64.o\librdi_dlyest.dll
0x0000000010c10000 - 0x0000000010ca0000 	C:\EDA\14.7\ISE_DS\PlanAhead\lib\win64.o\libise.dll
0x0000000010ca0000 - 0x0000000010f2e000 	C:\EDA\14.7\ISE_DS\PlanAhead\lib\win64.o\librdi_filemgmt.dll
0x0000000012290000 - 0x000000001355c000 	C:\EDA\14.7\ISE_DS\PlanAhead\lib\win64.o\librdi_coregen.dll
0x0000000010f30000 - 0x00000000116ff000 	C:\EDA\14.7\ISE_DS\PlanAhead\lib\win64.o\librdi_coregenipxact.dll
0x0000000013560000 - 0x0000000014683000 	C:\EDA\14.7\ISE_DS\PlanAhead\lib\win64.o\librdi_place.dll
0x0000000011700000 - 0x0000000011cdc000 	C:\EDA\14.7\ISE_DS\PlanAhead\lib\win64.o\librdi_abc_nomp.dll
0x000000000a8a0000 - 0x000000000a8ba000 	C:\EDA\14.7\ISE_DS\PlanAhead\lib\win64.o\librdi_hmetis.dll
0x0000000068450000 - 0x0000000068461000 	C:\Windows\WinSxS\amd64_microsoft.vc90.openmp_1fc8b3b9a1e18e3b_9.0.30729.6161_none_390d35aa0a1f21f9\VCOMP90.DLL
0x0000000014690000 - 0x0000000014bb2000 	C:\EDA\14.7\ISE_DS\PlanAhead\lib\win64.o\librdi_power.dll
0x0000000014bc0000 - 0x00000000151ae000 	C:\EDA\14.7\ISE_DS\PlanAhead\lib\win64.o\librdi_route.dll
0x00000000151b0000 - 0x0000000015563000 	C:\EDA\14.7\ISE_DS\PlanAhead\lib\win64.o\librdi_project.dll
0x0000000011ce0000 - 0x0000000011f0a000 	C:\EDA\14.7\ISE_DS\PlanAhead\lib\win64.o\librdi_labtools.dll
0x000000000ff80000 - 0x000000000ffbd000 	C:\EDA\14.7\ISE_DS\PlanAhead\lib\win64.o\librdi_simbridge_kernel.dll
0x0000000015570000 - 0x00000000159e6000 	C:\EDA\14.7\ISE_DS\PlanAhead\lib\win64.o\librdi_wavedata.dll
0x00000000159f0000 - 0x0000000015f2b000 	C:\EDA\14.7\ISE_DS\PlanAhead\lib\win64.o\librdi_memdata.dll
0x0000000015f30000 - 0x00000000164cd000 	C:\EDA\14.7\ISE_DS\PlanAhead\lib\win64.o\librdi_rsb.dll
0x00000000164d0000 - 0x000000001690e000 	C:\EDA\14.7\ISE_DS\PlanAhead\lib\win64.o\librdi_ip.dll
0x0000000016910000 - 0x0000000016d08000 	C:\EDA\14.7\ISE_DS\PlanAhead\lib\win64.o\librdi_runs.dll
0x0000000016d10000 - 0x000000001843f000 	C:\EDA\14.7\ISE_DS\PlanAhead\lib\win64.o\librdi_synth.dll
0x0000000019840000 - 0x000000001b8f8000 	C:\EDA\14.7\ISE_DS\PlanAhead\lib\win64.o\librdi_tcltasks.dll
0x000000001b900000 - 0x000000001bb74000 	C:\EDA\14.7\ISE_DS\PlanAhead\lib\win64.o\librdi_bitstream.dll
0x000000001bb80000 - 0x000000001bc54000 	C:\EDA\14.7\ISE_DS\PlanAhead\lib\win64.o\librdi_dsp.dll
0x0000000011f70000 - 0x0000000011fde000 	C:\EDA\14.7\ISE_DS\PlanAhead\lib\win64.o\librdi_edk.dll
0x000000001bc60000 - 0x000000001be6e000 	C:\EDA\14.7\ISE_DS\PlanAhead\lib\win64.o\librdi_simdata.dll
0x000000001c370000 - 0x000000001c4c6000 	C:\EDA\14.7\ISE_DS\PlanAhead\lib\win64.o\librdi_planaheadtasks.dll
0x000000001c4e0000 - 0x000000001d328000 	C:\EDA\14.7\ISE_DS\PlanAhead\lib\win64.o\librdi_ipservicestasks.dll
0x0000000073030000 - 0x000000007303f000 	C:\EDA\14.7\ISE_DS\PlanAhead\tps\win64\jre\bin\verify.dll
0x0000000068210000 - 0x0000000068238000 	C:\EDA\14.7\ISE_DS\PlanAhead\tps\win64\jre\bin\java.dll
0x0000000068430000 - 0x0000000068445000 	C:\EDA\14.7\ISE_DS\PlanAhead\tps\win64\jre\bin\zip.dll
0x00000000683c0000 - 0x00000000683d9000 	C:\EDA\14.7\ISE_DS\PlanAhead\tps\win64\jre\bin\net.dll
0x000007fefc8f0000 - 0x000007fefc945000 	C:\Windows\system32\mswsock.dll
0x000007fefc8e0000 - 0x000007fefc8e7000 	C:\Windows\System32\wship6.dll
0x0000000068170000 - 0x0000000068181000 	C:\EDA\14.7\ISE_DS\PlanAhead\tps\win64\jre\bin\nio.dll
0x000000002abf0000 - 0x000000002aed6000 	C:\EDA\14.7\ISE_DS\PlanAhead\lib\win64.o\librdi_fed.dll
0x000000002aee0000 - 0x000000002b141000 	C:\EDA\14.7\ISE_DS\PlanAhead\lib\win64.o\librdi_guitools.dll
0x000000002aa40000 - 0x000000002aa47000 	C:\EDA\14.7\ISE_DS\PlanAhead\lib\win64.o\librdi_commonx11.dll
0x000000002b150000 - 0x000000002b53e000 	C:\EDA\14.7\ISE_DS\PlanAhead\lib\win64.o\librdi_rsbtasks.dll
0x000000002b540000 - 0x000000002b789000 	C:\EDA\14.7\ISE_DS\PlanAhead\lib\win64.o\librdi_labtoolstasks.dll
0x000000002b790000 - 0x000000002b948000 	C:\EDA\14.7\ISE_DS\PlanAhead\lib\win64.o\librdi_simtcltasks.dll
0x0000000061170000 - 0x0000000061303000 	C:\EDA\14.7\ISE_DS\PlanAhead\tps\win64\jre\bin\awt.dll
0x000007fefbae0000 - 0x000007fefbb36000 	C:\Windows\system32\uxtheme.dll
0x000007fefd340000 - 0x000007fefd358000 	C:\Windows\system32\dwmapi.dll
0x000007fefcf90000 - 0x000007fefcf9f000 	C:\Windows\system32\CRYPTBASE.dll
0x000007fefc950000 - 0x000007fefc967000 	C:\Windows\system32\CRYPTSP.dll

VM Arguments:
jvm_args: -Dsun.java2d.pmoffscreen=false -Xverify:none -Dswing.aatext=true -XX:-UsePerfData -Djdk.map.althashing.threshold=512 -XX:PermSize=128m -XX:MaxPermSize=128m -XX:NewSize=60m -XX:MaxNewSize=60m -XX:+UseConcMarkSweepGC -XX:+UseParNewGC -XX:+CMSParallelRemarkEnabled -XX:+CMSScavengeBeforeRemark -XX:+UseNUMA -XX:+AggressiveOpts -XX:+UseFastAccessorMethods -XX:+UseFastEmptyMethods -XX:+UseBiasedLocking -XX:+TieredCompilation -Xms128m -Xmx2048m -Xss3m 
java_command: <unknown>
Launcher Type: generic

Environment Variables:
PATH=C:/EDA/14.7/ISE_DS/PlanAhead/bin;C:/EDA/14.7/ISE_DS/PlanAhead/lib/win64.o;C:/EDA/14.7/ISE_DS/PlanAhead/tps/win64/jre/bin/server;C:/EDA/14.7/ISE_DS/PlanAhead/tps/win64/jre/bin;C:/EDA/14.7/ISE_DS/EDK/bin/nt64;C:/EDA/14.7/ISE_DS/EDK/lib/nt64;C:/EDA/14.7/ISE_DS/ISE/bin/nt64;C:/EDA/14.7/ISE_DS/ISE/lib/nt64;C:/EDA/14.7/ISE_DS/common/bin/nt64;C:/EDA/14.7/ISE_DS/common/lib/nt64;C:\Program Files\Common Files\Microsoft Shared\Windows Live;C:\Program Files (x86)\Common Files\Microsoft Shared\Windows Live;C:\Program Files (x86)\Intel\iCLS Client\;C:\Program Files\Intel\iCLS Client\;C:\Windows\system32;C:\Windows;C:\Windows\System32\Wbem;C:\Windows\System32\WindowsPowerShell\v1.0\;C:\Program Files\Intel\Intel(R) Management Engine Components\DAL;C:\Program Files\Intel\Intel(R) Management Engine Components\IPT;C:\Program Files (x86)\Intel\Intel(R) Management Engine Components\DAL;C:\Program Files (x86)\Intel\Intel(R) Management Engine Components\IPT;C:\Program Files (x86)\Intel\OpenCL SDK\2.0\bin\x86;C:\Program Files (x86)\Intel\OpenCL SDK\2.0\bin\x64;C:\Program Files\Common Files\Lenovo;C:\Program Files (x86)\Common Files\Ulead Systems\MPEG;C:\Program Files (x86)\Windows Live\Shared;C:\SWTOOLS\ReadyApps;C:\Program Files (x86)\Symantec\VIP Access Client\;C:\Program Files (x86)\Common Files\Lenovo;C:\EDA\14.7\ISE_DS\ISE\bin\nt64\;C:\Program Files (x86)\9158KTV\9158VirtualCamera\bin;D:\MATLAB\R2012b\runtime\win64;D:\MATLAB\R2012b\bin
USERNAME=Liucheng
OS=Windows_NT
PROCESSOR_IDENTIFIER=Intel64 Family 6 Model 58 Stepping 9, GenuineIntel



---------------  S Y S T E M  ---------------

OS: Windows 7 , 64 bit Build 7601 Service Pack 1

CPU:total 4 (2 cores per cpu, 2 threads per core) family 6 model 58 stepping 9, cmov, cx8, fxsr, mmx, sse, sse2, sse3, ssse3, sse4.1, sse4.2, popcnt, avx, ht, tsc, tscinvbit, tscinv

Memory: 4k page, physical 8078124k(1152276k free), swap 16154388k(6415764k free)

vm_info: Java HotSpot(TM) 64-Bit Server VM (23.7-b01) for windows-amd64 JRE (1.7.0_17-b02), built on Mar  1 2013 03:38:30 by "java_re" with unknown MS VC++:1600

time: Tue May 06 20:23:42 2014
elapsed time: 8078 seconds

