==============================================================
File generated by Vivado(TM) HLS - High-Level Synthesis from C, C++ and SystemC
Version: 2013.3
Copyright (C) 2013 Xilinx Inc. All rights reserved.

==============================================================

@I [SYN-201] Setting up clock 'default' with a period of 10ns.
@I [HLS-10] Setting target device to 'xc7z020clg484-1'
@I [HLS-10] Importing test bench file 'kmean-small/src/main.c' ... 
@I [HLS-10] Importing test bench file 'kmean-small/src/kmean.h' ... 
@I [HLS-10] Analyzing design file 'kmean-small/src/kmean_ip.c' ... 
@I [HLS-10] Validating synthesis directives ...
@I [HLS-10] Checking synthesizability ...
@I [HLS-10] Starting code transformations ...
@I [XFORM-501] Unrolling loop 'kmean_ip_label0' (kmean-small/src/kmean_ip.c:20) in function 'kmean_ip' partially with a factor of 4.
@I [HLS-111] Elapsed time: 7.613 seconds; current memory usage: 41.2 MB.
@I [HLS-10] Starting hardware synthesis ...
@I [HLS-10] Synthesizing 'kmean_ip' ...
@I [HLS-10] ----------------------------------------------------------------
@I [HLS-10] -- Scheduling module 'kmean_ip' 
@I [HLS-10] ----------------------------------------------------------------
@I [SCHED-11] Starting scheduling ...
@I [SCHED-61] Pipelining loop 'kmean_ip_label0'.
@W [SCHED-68] Unable to enforce a carried dependency constraint (II = 1, distance = 1)
   between 'store' operation (kmean-small/src/kmean_ip.c:34) of variable 'tmp_23' on array 'sub_out' and 'load' operation ('sub_out_load', kmean-small/src/kmean_ip.c:34) on array 'sub_out'.
@W [SCHED-68] Unable to enforce a carried dependency constraint (II = 2, distance = 1)
   between 'store' operation (kmean-small/src/kmean_ip.c:34) of variable 'tmp_23_1' on array 'sub_out' and 'load' operation ('sub_out_load', kmean-small/src/kmean_ip.c:34) on array 'sub_out'.
@W [SCHED-68] Unable to enforce a carried dependency constraint (II = 3, distance = 1)
   between 'store' operation (kmean-small/src/kmean_ip.c:34) of variable 'tmp_23_1' on array 'sub_out' and 'load' operation ('sub_out_load', kmean-small/src/kmean_ip.c:34) on array 'sub_out'.
@W [SCHED-68] Unable to enforce a carried dependency constraint (II = 4, distance = 1)
   between 'store' operation (kmean-small/src/kmean_ip.c:34) of variable 'tmp_23_2' on array 'sub_out' and 'load' operation ('sub_out_load', kmean-small/src/kmean_ip.c:34) on array 'sub_out'.
@W [SCHED-69] Unable to schedule 'load' operation ('sub_in_load_10', kmean-small/src/kmean_ip.c:21) on array 'sub_in' due to limited memory ports.
@I [SCHED-61] Pipelining result: Target II: 1, Final II: 96, Depth: 113.
@I [SCHED-11] Finished scheduling.
@I [HLS-111] Elapsed time: 3.599 seconds; current memory usage: 45.8 MB.
@I [HLS-10] ----------------------------------------------------------------
@I [HLS-10] -- Exploring micro-architecture for module 'kmean_ip' 
@I [HLS-10] ----------------------------------------------------------------
@I [BIND-100] Starting micro-architecture generation ...
@I [BIND-101] Performing variable lifetime analysis.
@I [BIND-101] Exploring resource sharing.
@I [BIND-101] Binding ...
@I [BIND-100] Finished micro-architecture generation.
@I [HLS-111] Elapsed time: 0.302 seconds; current memory usage: 47.1 MB.
@I [HLS-10] ----------------------------------------------------------------
@I [HLS-10] -- Generating RTL for module 'kmean_ip' 
@I [HLS-10] ----------------------------------------------------------------
@I [RTGEN-500] Setting interface mode on port 'kmean_ip/sub_in' to 'ap_memory'.
@I [RTGEN-500] Setting interface mode on port 'kmean_ip/sub_out' to 'ap_memory'.
@I [RTGEN-500] Setting interface mode on function 'kmean_ip' to 'ap_ctrl_hs'.
@I [RTGEN-100] Generating core module 'kmean_ip_mul_32s_32s_32_6': 32 instance(s).
@I [RTGEN-100] Finished creating RTL model for 'kmean_ip'.
@I [HLS-111] Elapsed time: 0.6 seconds; current memory usage: 51.1 MB.
@I [RTMG-282] Generating pipelined core: 'kmean_ip_mul_32s_32s_32_6_MulnS_0'
@I [HLS-10] Finished generating all RTL models.
@I [WSYSC-301] Generating RTL SystemC for 'kmean_ip'.
@I [WVHDL-304] Generating RTL VHDL for 'kmean_ip'.
@I [WVLOG-307] Generating RTL Verilog for 'kmean_ip'.
@I [HLS-112] Total elapsed time: 13.748 seconds; peak memory usage: 51.1 MB.
@I [LIC-101] Checked in feature [VIVADO_HLS]
