@I [HLS-0] Workspace D:/minibench/customization/mm-small/unroll_2x10x10 opened at Tue Mar 24 15:36:35 +0800 2015
@I [HLS-100] Command "config_clock -quiet -name default -period 5 -default=false "
@I [SYN-201] Setting up clock 'default' with a period of 5ns.
@I [HLS-100] Command 'config_clock' returned 0; elapsed 0Total elapsed time: 8.438 sec.
@I [HLS-100] Command "open_platform DefaultPlatform "
@I [HLS-100] Command 'open_platform' returned 0; elapsed 0Total elapsed time: 8.439 sec.
@I [HLS-100] Command "import_lib C:/EDA/Xilinx/Vivado_HLS/2013.3/common/technology/xilinx/zynq/zynq "
@I [HLS-100] Command "source C:/EDA/Xilinx/Vivado_HLS/2013.3/common/technology/xilinx/common/xilinx.lib "
@I [HLS-100] Command "source C:/EDA/Xilinx/Vivado_HLS/2013.3/common/technology/xilinx/interface/xilinx_interface.lib "
@I [HLS-100] Command "source C:/EDA/Xilinx/Vivado_HLS/2013.3/common/technology/xilinx/interface/plb46.lib "
@I [HLS-100] Command 'ap_source' returned 0; elapsed 0.001Total elapsed time: 8.486 sec.
@I [HLS-100] Command "source C:/EDA/Xilinx/Vivado_HLS/2013.3/common/technology/xilinx/interface/fsl.lib "
@I [HLS-100] Command 'ap_source' returned 0; elapsed 0Total elapsed time: 8.486 sec.
@I [HLS-100] Command "source C:/EDA/Xilinx/Vivado_HLS/2013.3/common/technology/xilinx/interface/axi4.lib "
@I [HLS-100] Command 'ap_source' returned 0; elapsed 0.001Total elapsed time: 8.487 sec.
@I [HLS-100] Command 'ap_source' returned 0; elapsed 0.016Total elapsed time: 8.487 sec.
@I [HLS-100] Command "source C:/EDA/Xilinx/Vivado_HLS/2013.3/common/technology/xilinx/common/dsp48.lib "
@I [HLS-100] Command 'ap_source' returned 0; elapsed 0.006Total elapsed time: 8.493 sec.
@I [HLS-100] Command "source C:/EDA/Xilinx/Vivado_HLS/2013.3/common/technology/xilinx/ip/xfft.lib "
@I [HLS-100] Command 'ap_source' returned 0; elapsed 0Total elapsed time: 8.494 sec.
@I [HLS-100] Command "source C:/EDA/Xilinx/Vivado_HLS/2013.3/common/technology/xilinx/ip/xfir.lib "
@I [HLS-100] Command 'ap_source' returned 0; elapsed 0Total elapsed time: 8.494 sec.
@I [HLS-100] Command 'ap_source' returned 0; elapsed 0.028Total elapsed time: 8.496 sec.
@I [HLS-100] Command "source C:/EDA/Xilinx/Vivado_HLS/2013.3/common/technology/xilinx/common/xilinx_old.lib "
@I [HLS-100] Command 'ap_source' returned 0; elapsed 0.01Total elapsed time: 8.507 sec.
@I [HLS-100] Command "source C:/EDA/Xilinx/Vivado_HLS/2013.3/common/technology/xilinx/common/xilinx_vivado.lib "
@I [HLS-100] Command 'ap_source' returned 0; elapsed 0.001Total elapsed time: 8.508 sec.
@I [HLS-100] Command "source C:/EDA/Xilinx/Vivado_HLS/2013.3/common/technology/xilinx/common/xilinx.hlp "
@I [HLS-100] Command "source C:/EDA/Xilinx/Vivado_HLS/2013.3/common/technology/xilinx/common/target_info.tcl "
@I [HLS-100] Command 'ap_source' returned 0; elapsed 0.024Total elapsed time: 8.585 sec.
@I [HLS-100] Command "source C:/EDA/Xilinx/Vivado_HLS/2013.3/common/technology/xilinx/common/dsp48.hlp "
@I [HLS-100] Command 'ap_source' returned 0; elapsed 0.017Total elapsed time: 8.602 sec.
@I [HLS-100] Command 'ap_source' returned 0; elapsed 0.06Total elapsed time: 8.602 sec.
@I [HLS-100] Command "source C:/EDA/Xilinx/Vivado_HLS/2013.3/common/technology/xilinx/zynq/dsp48e1.hlp "
@I [HLS-100] Command 'ap_source' returned 0; elapsed 0.006Total elapsed time: 8.608 sec.
@I [HLS-100] Command "get_default_platform "
@I [HLS-100] Command 'get_default_platform' returned 0; elapsed 0Total elapsed time: 8.608 sec.
@I [HLS-100] Command "config_chip_info -quiet -resource  {SLICE 13300}  {LUT 53200}     {FF 106400} {DSP48E 220}   {BRAM 280}  "
@I [HLS-100] Command 'config_chip_info' returned 0; elapsed 0Total elapsed time: 8.608 sec.
@I [HLS-100] Command "config_chip_info -quiet -speed medium "
@I [HLS-100] Command 'config_chip_info' returned 0; elapsed 0Total elapsed time: 8.608 sec.
@I [HLS-100] Command 'import_lib' returned 0; elapsed 0.17Total elapsed time: 8.609 sec.
@I [HLS-100] Command "source C:/EDA/Xilinx/Vivado_HLS/2013.3/common/technology/xilinx/zynq/zynq.gen "
@I [HLS-100] Command "source C:/EDA/Xilinx/Vivado_HLS/2013.3/common/technology/xilinx/common/virtex.gen "
@I [HLS-100] Command "source C:/EDA/Xilinx/Vivado_HLS/2013.3/common/technology/xilinx/common/xilinx.gen "
@I [HLS-100] Command "source C:/EDA/Xilinx/Vivado_HLS/2013.3/common/technology/xilinx/interface/plb46.gen "
@I [HLS-100] Command 'ap_source' returned 0; elapsed 0.001Total elapsed time: 8.612 sec.
@I [HLS-100] Command "source C:/EDA/Xilinx/Vivado_HLS/2013.3/common/technology/xilinx/interface/fsl.gen "
@I [HLS-100] Command 'ap_source' returned 0; elapsed 0.001Total elapsed time: 8.613 sec.
@I [HLS-100] Command "source C:/EDA/Xilinx/Vivado_HLS/2013.3/common/technology/xilinx/interface/axi4.gen "
@I [HLS-100] Command 'ap_source' returned 0; elapsed 0.003Total elapsed time: 8.616 sec.
@I [HLS-100] Command "source C:/EDA/Xilinx/Vivado_HLS/2013.3/common/technology/xilinx/scripts/xilinxcoregen.gen "
@I [HLS-100] Command 'ap_source' returned 0; elapsed 0.009Total elapsed time: 8.625 sec.
@I [HLS-100] Command "source C:/EDA/Xilinx/Vivado_HLS/2013.3/common/technology/xilinx/interface/XilEDKCoreGen.gen "
@I [HLS-100] Command 'ap_source' returned 0; elapsed 0.014Total elapsed time: 8.639 sec.
@I [HLS-100] Command "source C:/EDA/Xilinx/Vivado_HLS/2013.3/common/technology/xilinx/ip/util.gen "
@I [HLS-100] Command 'ap_source' returned 0; elapsed 0Total elapsed time: 8.639 sec.
@I [HLS-100] Command "source C:/EDA/Xilinx/Vivado_HLS/2013.3/common/technology/xilinx/ip/xfft.gen "
@I [HLS-100] Command 'ap_source' returned 0; elapsed 0.151Total elapsed time: 8.790 sec.
@I [HLS-100] Command "source C:/EDA/Xilinx/Vivado_HLS/2013.3/common/technology/xilinx/ip/xfir.gen "
@I [HLS-100] Command "source C:/EDA/Xilinx/Vivado_HLS/2013.3/tps/tcl/tcllib1.11.1/struct/list.tcl "
@I [HLS-100] Command "source C:/EDA/Xilinx/Vivado_HLS/2013.3/tps/tcl/tcllib1.11.1/cmdline/cmdline.tcl "
@I [HLS-100] Command 'ap_source' returned 0; elapsed 0.004Total elapsed time: 8.836 sec.
@I [HLS-100] Command 'ap_source' returned 0; elapsed 0.025Total elapsed time: 8.836 sec.
@I [HLS-100] Command "source C:/EDA/Xilinx/Vivado_HLS/2013.3/tps/tcl/tcllib1.11.1/math/bignum.tcl "
@I [HLS-100] Command 'ap_source' returned 0; elapsed 0.034Total elapsed time: 8.874 sec.
@I [HLS-100] Command 'ap_source' returned 0; elapsed 0.09Total elapsed time: 8.880 sec.
@I [HLS-100] Command 'ap_source' returned 0; elapsed 0.27Total elapsed time: 8.880 sec.
@I [HLS-100] Command "source C:/EDA/Xilinx/Vivado_HLS/2013.3/common/technology/xilinx/common/dsp48.gen "
@I [HLS-100] Command 'ap_source' returned 0; elapsed 0Total elapsed time: 8.881 sec.
@I [HLS-100] Command 'ap_source' returned 0; elapsed 0.271Total elapsed time: 8.881 sec.
@I [HLS-100] Command 'ap_source' returned 0; elapsed 0.272Total elapsed time: 8.881 sec.
@I [HLS-100] Command "open_platform DefaultPlatform "
@I [HLS-100] Command 'open_platform' returned 0; elapsed 0Total elapsed time: 8.882 sec.
@I [HLS-100] Command "import_lib C:/EDA/Xilinx/Vivado_HLS/2013.3/common/technology/xilinx/zynq/zynq_fpv6 "
@I [HLS-100] Command "source C:/EDA/Xilinx/Vivado_HLS/2013.3/common/technology/xilinx/common/xilinx_fpv7.lib "
@I [HLS-100] Command "source C:/EDA/Xilinx/Vivado_HLS/2013.3/common/technology/xilinx/common/xilinx_fpv6.lib "
@I [HLS-100] Command 'ap_source' returned 0; elapsed 0.002Total elapsed time: 8.894 sec.
@I [HLS-100] Command 'ap_source' returned 0; elapsed 0.004Total elapsed time: 8.895 sec.
@I [HLS-100] Command 'import_lib' returned 0; elapsed 0.066Total elapsed time: 8.948 sec.
@I [HLS-100] Command "source C:/EDA/Xilinx/Vivado_HLS/2013.3/common/technology/xilinx/zynq/zynq_fpv6.gen "
@I [HLS-100] Command "source C:/EDA/Xilinx/Vivado_HLS/2013.3/common/technology/xilinx/common/xilinx_fpv6.gen "
@I [HLS-100] Command 'ap_source' returned 0; elapsed 0.002Total elapsed time: 8.950 sec.
@I [HLS-100] Command 'ap_source' returned 0; elapsed 0.002Total elapsed time: 8.950 sec.
@I [HLS-100] Command "set_part xc7z020clg484-1 "
@I [HLS-100] Command "add_library xilinx/zynq/zynq:xc7z020:clg484:-1 "
@I [HLS-100] Command "get_default_platform "
@I [HLS-100] Command 'get_default_platform' returned 0; elapsed 0Total elapsed time: 8.952 sec.
@I [HLS-100] Command "license_exists VIVADO_HLS "
@I [HLS-100] Command 'license_exists' returned 0; elapsed 0Total elapsed time: 8.952 sec.
@I [HLS-100] Command "get_default_platform "
@I [HLS-100] Command 'get_default_platform' returned 0; elapsed 0Total elapsed time: 8.953 sec.
@I [HLS-100] Command "config_chip_info -quiet -resource  {SLICE 13300}  {LUT 53200}     {FF 106400} {DSP48E 220}   {BRAM 280}  "
@I [HLS-100] Command 'config_chip_info' returned 0; elapsed 0Total elapsed time: 8.953 sec.
@I [HLS-100] Command "config_chip_info -quiet -speed slow "
@I [HLS-100] Command 'config_chip_info' returned 0; elapsed 0Total elapsed time: 8.953 sec.
@I [HLS-100] Command 'add_library' returned 0; elapsed 0.002Total elapsed time: 8.954 sec.
@I [HLS-100] Command "add_library xilinx/zynq/zynq_fpv6 "
@I [HLS-100] Command "get_default_platform "
@I [HLS-100] Command 'get_default_platform' returned 0; elapsed 0Total elapsed time: 8.955 sec.
@I [HLS-100] Command "license_exists VIVADO_HLS "
@I [HLS-100] Command 'license_exists' returned 0; elapsed 0Total elapsed time: 8.955 sec.
@I [HLS-100] Command 'add_library' returned 0; elapsed 0.001Total elapsed time: 8.955 sec.
@I [HLS-10] Setting target device to 'xc7z020clg484-1'
@I [HLS-100] Command 'set_part' returned 0; elapsed 0.005Total elapsed time: 8.955 sec.
@I [HLS-100] Command "get_default_platform "
@I [HLS-100] Command 'get_default_platform' returned 0; elapsed 0Total elapsed time: 8.956 sec.
@I [HLS-100] Command "config_chip_info -quiet -resource  {SLICE 13300}  {LUT 53200}     {FF 106400} {DSP48E 220}   {BRAM 280}  "
@I [HLS-100] Command 'config_chip_info' returned 0; elapsed 0Total elapsed time: 8.956 sec.
@I [HLS-100] Command "config_chip_info -quiet -speed slow "
@I [HLS-100] Command 'config_chip_info' returned 0; elapsed 0Total elapsed time: 8.956 sec.
@I [HLS-100] Command 'open_solution' returned 0; elapsed 0.525Total elapsed time: 8.956 sec.
@I [HLS-100] Command "set_part xc7z020clg484-1 "
@I [HLS-100] Command "add_library xilinx/zynq/zynq:xc7z020:clg484:-1 "
@I [HLS-100] Command "get_default_platform "
@I [HLS-100] Command 'get_default_platform' returned 0; elapsed 0Total elapsed time: 8.957 sec.
@I [HLS-100] Command "license_exists VIVADO_HLS "
@I [HLS-100] Command 'license_exists' returned 0; elapsed 0Total elapsed time: 8.957 sec.
@I [HLS-100] Command "get_default_platform "
@I [HLS-100] Command 'get_default_platform' returned 0; elapsed 0Total elapsed time: 8.958 sec.
@I [HLS-100] Command "config_chip_info -quiet -resource  {SLICE 13300}  {LUT 53200}     {FF 106400} {DSP48E 220}   {BRAM 280}  "
@I [HLS-100] Command 'config_chip_info' returned 0; elapsed 0Total elapsed time: 8.958 sec.
@I [HLS-100] Command "config_chip_info -quiet -speed slow "
@I [HLS-100] Command 'config_chip_info' returned 0; elapsed 0Total elapsed time: 8.958 sec.
@I [HLS-100] Command 'add_library' returned 0; elapsed 0.002Total elapsed time: 8.959 sec.
@I [HLS-100] Command "add_library xilinx/zynq/zynq_fpv6 "
@I [HLS-100] Command "get_default_platform "
@I [HLS-100] Command 'get_default_platform' returned 0; elapsed 0Total elapsed time: 8.959 sec.
@I [HLS-100] Command "license_exists VIVADO_HLS "
@I [HLS-100] Command 'license_exists' returned 0; elapsed 0Total elapsed time: 8.959 sec.
@I [HLS-100] Command 'add_library' returned 0; elapsed 0.001Total elapsed time: 8.960 sec.
@I [HLS-100] Command 'set_part' returned 0; elapsed 0.004Total elapsed time: 8.960 sec.
@I [HLS-100] Command "create_clock -period 5 -name default "
@I [HLS-100] Command 'create_clock' returned 0; elapsed 0.001Total elapsed time: 8.961 sec.
@I [HLS-100] Command "source ./mm-small/unroll_2x10x10/directives.tcl "
@I [HLS-100] Command "set_directive_resource -core AXI4LiteS -metadata -bus_bundle slv0 mm_ip return "
@I [HLS-100] Command 'set_directive_resource' returned 0; elapsed 0.001Total elapsed time: 8.963 sec.
@I [HLS-100] Command "set_directive_resource -core RAM_1P_BRAM mm_ip in "
@I [HLS-100] Command 'set_directive_resource' returned 0; elapsed 0Total elapsed time: 8.963 sec.
@I [HLS-100] Command "set_directive_resource -core RAM_1P_BRAM mm_ip out "
@I [HLS-100] Command 'set_directive_resource' returned 0; elapsed 0Total elapsed time: 8.963 sec.
@I [HLS-100] Command "set_directive_unroll -skip_exit_check -factor 128 mm_ip/mm_label0 "
@I [HLS-100] Command 'set_directive_unroll' returned 0; elapsed 0Total elapsed time: 8.963 sec.
@I [HLS-100] Command 'ap_source' returned 0; elapsed 0.002Total elapsed time: 8.963 sec.
@I [HLS-100] Command "csynth_design "
@I [HLS-100] Command "elaborate -effort=medium -skip_syncheck=0 -lm=0 -skip_transform=0 -ng=0 -g=0 -opt_fp=0 "
@I [HLS-10] Importing test bench file 'mm-small/src/main.c' ... 
@0 [HLS-0] Importing test bench file 'mm-small/src/main.c' ... 
@I [HLS-10] Importing test bench file 'mm-small/src/mm_ip.h' ... 
@0 [HLS-0] Importing test bench file 'mm-small/src/mm_ip.h' ... 
@I [HLS-10] Analyzing design file 'mm-small/src/mm_ip.c' ... 
@0 [HLS-0] Analyzing design file 'mm-small/src/mm_ip.c' ... 
@I [HLS-0] Compiling one TU...
@I [HLS-0] 
Checking before pre-process: exec clang -gcc-toolchain "C:/EDA/Xilinx/Vivado_HLS/2013.3/msys" -hls    -D "__asm__(...)=" -fno-math-errno -c -emit-llvm -O0  -mllvm -disable-llvm-optzns -std=gnu89   -DAESL_SYN -D__SYNTHESIS__ -D__HLS_SYN__ -I "C:/EDA/Xilinx/Vivado_HLS/2013.3/common/technology/autopilot" -I "C:/EDA/Xilinx/Vivado_HLS/2013.3/common/technology/autopilot/ap_sysc" -include etc/autopilot_ssdm_op.h -D__cdecl=  "mm-small/src/mm_ip.c"  -o "D:/minibench/customization/mm-small/unroll_2x10x10/.autopilot/db/mm_ip.pp.00.o"

@I [HLS-0] Syntax Checker time: 0 seconds per iteration
@I [HLS-0] 
Source preprocessing: exec clang -gcc-toolchain "C:/EDA/Xilinx/Vivado_HLS/2013.3/msys" -hls -fno-exceptions  -D__llvm__  -CC -E "mm-small/src/mm_ip.c"     -D "__asm__(...)=" -fno-math-errno -c -emit-llvm -O0  -mllvm -disable-llvm-optzns -std=gnu89   -DAESL_SYN -D__SYNTHESIS__ -D__HLS_SYN__ -I "C:/EDA/Xilinx/Vivado_HLS/2013.3/common/technology/autopilot" -I "C:/EDA/Xilinx/Vivado_HLS/2013.3/common/technology/autopilot/ap_sysc" -include etc/autopilot_ssdm_op.h -D__cdecl= -D "__asm__(...)="  -o "D:/minibench/customization/mm-small/unroll_2x10x10/.autopilot/db/mm_ip.pp.0.c"

@I [HLS-0] GCC PP time: 0 seconds per iteration
@I [HLS-0] Setting directive 'RESOURCE' variable=positionBooleanTextRequiredreturn core=AXI4LiteS metadata=-bus_bundle slv0 
@I [HLS-0] Setting directive 'RESOURCE' variable=positionBooleanTextRequiredin core=RAM_1P_BRAM 
@I [HLS-0] Setting directive 'RESOURCE' variable=positionBooleanTextRequiredout core=RAM_1P_BRAM 
@I [HLS-0] Setting directive 'UNROLL' skip_exit_check=positionBoolean1 factor=128 
@I [HLS-100] Command "list_core -type functional_unit "
@I [HLS-100] Command 'list_core' returned 0; elapsed 0Total elapsed time: 9.732 sec.
@I [HLS-0] Marker-Pragma convertor: D:/minibench/customization/mm-small/unroll_2x10x10/.autopilot/db/mm_ip.pp.0.c D:/minibench/customization/mm-small/unroll_2x10x10/.autopilot/db/mm_ip.pp.0.c.ap-line.c D:/minibench/customization/mm-small/unroll_2x10x10/.autopilot/db/mm_ip.pp.0.c.ap-line.c.CXX 1
@I [HLS-0] 
Source processor: exec C:/EDA/Xilinx/Vivado_HLS/2013.3/tps/win64/jre/bin/java -Xmx512m -classpath   "C:/EDA/Xilinx/Vivado_HLS/2013.3/lib/classes/autopilot.sourceprocessor.jar;C:/EDA/Xilinx/Vivado_HLS/2013.3/lib/classes/org.eclipse.cdt.core_5.3.0.xilinx_patch.jar;C:/EDA/Xilinx/Vivado_HLS/2013.3/lib/classes/org.eclipse.core.runtime_3.7.0.v20110110.jar;C:/EDA/Xilinx/Vivado_HLS/2013.3/lib/classes/org.eclipse.equinox.common_3.6.0.v20110523.jar;C:/EDA/Xilinx/Vivado_HLS/2013.3/lib/classes/com.ibm.icu_4.4.2.v20110208.jar;C:/EDA/Xilinx/Vivado_HLS/2013.3/lib/classes/jargs.jar;C:/EDA/Xilinx/Vivado_HLS/2013.3/win64/tools/eclipse/plugins/org.eclipse.emf.common_2.7.0.v20120127-1122.jar;C:/EDA/Xilinx/Vivado_HLS/2013.3/win64/tools/eclipse/plugins/org.eclipse.emf.ecore_2.7.0.v20120127-1122.jar;C:/EDA/Xilinx/Vivado_HLS/2013.3/win64/tools/eclipse/plugins/org.eclipse.emf.ecore.xmi_2.7.0.v20120127-1122.jar;C:/EDA/Xilinx/Vivado_HLS/2013.3/win64/tools/eclipse/plugins/com.autoesl.autopilot.ui.directiveFileModel_1.0.0.jar;C:/EDA/Xilinx/Vivado_HLS/2013.3/win64/tools/eclipse/plugins/com.autoesl.autopilot.ui.common_1.0.0.jar"  autopilot.sourceprocessor.CParser  "D:/minibench/customization/mm-small/unroll_2x10x10/.autopilot/db/mm_ip.pp.0.c.ap-line.c"  -m "mm_ip" -o "D:/minibench/customization/mm-small/unroll_2x10x10/.autopilot/db/mm_ip.pp.0.c.ap-cdt.c" -c --ad --pc --pp --directive D:/minibench/customization/mm-small/unroll_2x10x10/unroll_2x10x10.directive --source D:/minibench/customization/mm-small/src/mm_ip.c --error D:/minibench/customization/mm-small/unroll_2x10x10/.autopilot/db --funcunit "AddSub AddSubnS Mul MulnS Mul2S Mul3S Mul4S Mul5S Mul6S DivnS AddSub_DSP FDiv FSqrt DDiv DSqrt DRecip DRSqrt FAddSub_nodsp FAddSub_fulldsp FMul_nodsp FMul_meddsp FMul_fulldsp FMul_maxdsp FRSqrt_nodsp FRSqrt_fulldsp FRecip_nodsp FRecip_fulldsp FLog_nodsp FLog_meddsp FLog_fulldsp FExp_nodsp FExp_meddsp FExp_fulldsp DAddSub_nodsp DAddSub_fulldsp DMul_nodsp DMul_meddsp DMul_fulldsp DMul_maxdsp DLog_nodsp DLog_meddsp DLog_fulldsp DExp_nodsp DExp_meddsp DExp_fulldsp" --ce --tcl D:/minibench/customization/mm-small/unroll_2x10x10/.autopilot/db --lp --ca --gf --nk --df --pd --p2d D:/minibench/customization/mm-small/unroll_2x10x10/.autopilot/db --sd --scff D:/minibench/customization/mm-small/unroll_2x10x10/.autopilot/db/.systemc_flag

@I [HLS-0] Marker-Pragma convertor: D:/minibench/customization/mm-small/unroll_2x10x10/.autopilot/db/mm_ip.pp.0.c.ap-cdt.c D:/minibench/customization/mm-small/unroll_2x10x10/.autopilot/db/mm_ip.pragma.0.c D:/minibench/customization/mm-small/unroll_2x10x10/.autopilot/db/mm_ip.pragma.0.c.ap-line.CXX 0
@I [HLS-100] Command "source D:/minibench/customization/mm-small/unroll_2x10x10/.autopilot/db/pragma.status.tcl "
@I [HLS-100] Command 'ap_source' returned 0; elapsed 0Total elapsed time: 11.422 sec.
@I [HLS-0] CDT processor time: 1 seconds per iteration
@I [HLS-0] Pragma handling time: 0 seconds per iteration
@I [HLS-0] 
Source preprocessing: exec clang -gcc-toolchain "C:/EDA/Xilinx/Vivado_HLS/2013.3/msys" -hls -fno-exceptions  -D__llvm__  -CC -E "D:/minibench/customization/mm-small/unroll_2x10x10/.autopilot/db/mm_ip.pragma.1.c"     -D "__asm__(...)=" -fno-math-errno -c -emit-llvm -O0  -mllvm -disable-llvm-optzns -std=gnu89   -DAESL_SYN -D__SYNTHESIS__ -D__HLS_SYN__ -I "C:/EDA/Xilinx/Vivado_HLS/2013.3/common/technology/autopilot" -I "C:/EDA/Xilinx/Vivado_HLS/2013.3/common/technology/autopilot/ap_sysc" -include etc/autopilot_ssdm_op.h -D__cdecl= -D "__asm__(...)="  -o "D:/minibench/customization/mm-small/unroll_2x10x10/.autopilot/db/mm_ip.pragma.2.c"

@I [HLS-0] exec clang -gcc-toolchain C:/EDA/Xilinx/Vivado_HLS/2013.3/msys -hls -fno-exceptions  -D__llvm__  -w  "D:/minibench/customization/mm-small/unroll_2x10x10/.autopilot/db/mm_ip.pragma.2.c"    -D "__asm__(...)=" -fno-math-errno -c -emit-llvm -O0  -mllvm -disable-llvm-optzns -std=gnu89  -DAESL_SYN -D__SYNTHESIS__ -D__HLS_SYN__ -I "C:/EDA/Xilinx/Vivado_HLS/2013.3/common/technology/autopilot" -I "C:/EDA/Xilinx/Vivado_HLS/2013.3/common/technology/autopilot/ap_sysc" -include etc/autopilot_ssdm_op.h -g -o "D:/minibench/customization/mm-small/unroll_2x10x10/.autopilot/db/mm_ip.g.bc"
@I [HLS-10] Validating synthesis directives ...
@0 [HLS-0] Validating synthesis directives ...
@I [HLS-100] Command "source D:/minibench/customization/mm-small/unroll_2x10x10/.autopilot/db/pragma.status.tcl "
@I [HLS-100] Command 'ap_source' returned 0; elapsed 0.001Total elapsed time: 11.879 sec.
@I [HLS-0] Linking all ...
@I [HLS-0] exec llvm-ld  "D:/minibench/customization/mm-small/unroll_2x10x10/.autopilot/db/mm_ip.bc"  -disable-opt  -LC:/EDA/Xilinx/Vivado_HLS/2013.3/win64/lib -lm_basic -o "D:/minibench/customization/mm-small/unroll_2x10x10/.autopilot/db/a.o.pre"
@I [HLS-0] Link time: 0 seconds per iteration
@I [HLS-0] Linking all ...
@I [HLS-0] exec llvm-ld  "D:/minibench/customization/mm-small/unroll_2x10x10/.autopilot/db/mm_ip.g.bc"  -disable-opt  -LC:/EDA/Xilinx/Vivado_HLS/2013.3/win64/lib -lm_basic -o "D:/minibench/customization/mm-small/unroll_2x10x10/.autopilot/db/a.g.pre"
@I [HLS-0] Link time: 0 seconds per iteration
@I [HLS-100] Command "opt_and_import_c a -opt_level=2 -skip_syncheck=0 -ng=0 "
@I [HLS-100] Command "cleanup_all_models "
@I [HLS-100] Command 'cleanup_all_models' returned 0; elapsed 0Total elapsed time: 12.146 sec.
@I [HLS-10] Checking synthesizability ...
@0 [HLS-0] Checking synthesizability ...
@I [HLS-0] std xform: transform -hls -share-std-xform -always-inline -promote-dbg-pointer  -interface-preproc  -scalarrepl -mem2reg -keep-read-access -instcombine -dce  -promote-dbg-pointer  -bitop-raise  -basicaa  -simplifycfg -mem2reg -globalopt  -global-constprop -deadargelim -instcombine -simplifycfg  -prune-eh -simplifycfg  -scalarrepl -instcombine -reassociate -licm  -simplifycfg -loop-simplify -indvars -instcombine  -simplifycfg -mem2reg -loop-simplify -indvars -instcombine  -gvn -gvn -instcombine -dse -adce  -break-crit-edges  -simplifycfg -loop-delete  -global-array-opt  -find-syn-modules -top mm_ip  -deadargelim  -mem2reg -instcombine -dce  -presyn-prepare -auto-rom-infer  -syn-check -check-rec-only  -find-region -simplifycfg -func-extr -function-inline  -mem2reg -instcombine -dce   -gvn -adce -adse  -constprop -instcombine -bit-constprop  -instcombine -dce -simplifycfg -bitop-raise  -simplifycfg -dce -loop-delete  -globalopt -global-privatize -mem2reg -dce  -global-constprop -pointer-simplify -constprop -dce  -promote-dbg-pointer  -norm-name   D:/minibench/customization/mm-small/unroll_2x10x10/.autopilot/db/a.g.bc -o D:/minibench/customization/mm-small/unroll_2x10x10/.autopilot/db/a.g.1.bc -f  -phase std-opt
@I [HLS-0] Std xform time: 0 seconds per iteration
@I [HLS-0] syn check 1/2: transform -hls -syn-check -check-rec-only -disaggr -scalarrepl -norm-name -dce  -mem2reg -instcombine  -directive-preproc -mem2reg -dse -dce -auto-rom-infer -dce  -array-normalize -instcombine -dce  -array-seg-normalize -instcombine -dce  -array-flatten -instcombine -dce  -array-burst -dce  -deadargelim -promote-global-argument  -doublePtrSimplify -doublePtrElim -dce  -doublePtrSimplify -promote-dbg-pointer  -dce -scalarrepl -dse -adse -instcombine  -ptrLegalization  -simplifycfg -dce -instcombine  -pointer-simplify -ptrArgReplace -dce -instcombine   -disaggr -scalarrepl -norm-name -dce  -mem2reg -instcombine -ptrLegalization   -simplifycfg  -instcombine -dce -inst-simplify  -directive-preproc -mem2reg -dse -dce  -globaldce    D:/minibench/customization/mm-small/unroll_2x10x10/.autopilot/db/a.g.1.bc -o D:/minibench/customization/mm-small/unroll_2x10x10/.autopilot/db/a.g.2.prechk.bc -f
@I [HLS-0] Syn check 1/2 time: 0 seconds per iteration
@I [HLS-0] syn check 2/2: transform -syn-check   -interface-gen -constprop -dse -dce  D:/minibench/customization/mm-small/unroll_2x10x10/.autopilot/db/a.g.2.prechk.bc -o D:/minibench/customization/mm-small/unroll_2x10x10/.autopilot/db/a.g.2.bc -f  -phase syn-check
@I [HLS-0] Syn check 2/2 time: 0 seconds per iteration
@I [HLS-10] Starting code transformations ...
@0 [HLS-0] Starting code transformations ...
@I [HLS-0] Compiler optimizing ...
@I [HLS-0] Share syncheck's 1.bc for syn flow: copy D:/minibench/customization/mm-small/unroll_2x10x10/.autopilot/db/a.g.1.bc to D:/minibench/customization/mm-small/unroll_2x10x10/.autopilot/db/a.o.1.bc
@I [HLS-0] presyn 1: transform -hls  -directive-preproc -mem2reg -dse -dce  -disaggr -scalarrepl -norm-name -deadargelim  -mem2reg -instcombine -dce -auto-rom-infer -dce  -directive-preproc -mem2reg -dse -dce  -func-buffer -dce -array-normalize  -func-legal -instcombine -gvn -constprop -dce   -ptrArgReplace -mem2reg -instcombine -dce  -array-seg-normalize -global-constprop -deadargelim  -instcombine -dce  -pointer-simplify -dce  -data-pack -instcombine -dce   -loop-simplify -indvars -instcombine  -gvn -loop-simplify -mem2reg -dce -simplifycfg  -find-region -instcombine  -array-burst -dce  -inst-simplify  -interface-preproc  -indvars -auto-loop-unroll -loop-simplify -xunroll  -constprop -instcombine -simplifycfg -indvars  -simplifycfg -dce -globaldce  -gvn -disable-agg-range -inst-simplify  -constprop -simplifycfg -dce  -pointer-simplify -dce  -array-transform-check  -globalopt -constprop -dce  -array-promote -constprop -instcombine -dce -auto-par -array-partition -instcombine -dce  -global-constprop -deadargelim -ptrArgReplace -mem2reg  -func-legal -instcombine -dce  -array-reshape -instcombine -simplifycfg -dce   -mem-intrinsic-preproc -dce  -global-privatize  -mem2reg -globaldce  -promote-global-argument  -ptrArgReplace -mem2reg -instcombine -dce  -globalopt -mergereturn -simplify-global-access -mem2reg -dce  -pointer-simplify -dce  -functionattrs  -basicaa -aggr-aa -aggrmodref-aa -aggr-aa -gvn -gvn  -basicaa -aggr-aa -aggrmodref-aa -aggr-aa -dse -adse -adce  -inst-simplify -dce -norm-name  -function-inline  -func-inst -constprop -instcombine -simplifycfg -dce  -func-legal -dce   -directive-preproc -mem2reg -dse -dce  -loop-bound  -arraycheck -bitwidthmin -on-by-dataflow  -instcombine -simplifycfg -dce -loop-simplify -simplifycfg -loop-stream -instcombine -simplifycfg -dce -globaldce  -funstream-prep -function-stream -dce -globaldce  -array-streaming -instcombine -simplifycfg -dce      -group-axi-access  -simplifycfg -dce -loop-delete  -norm-name  D:/minibench/customization/mm-small/unroll_2x10x10/.autopilot/db/a.o.1.bc -o D:/minibench/customization/mm-small/unroll_2x10x10/.autopilot/db/a.o.1.tmp.bc -f
@I [XFORM-501] Unrolling loop 'mm_label0' (mm-small/src/mm_ip.c:10) in function 'mm_ip': changing partial unrolling into complete unrolling since the unrolling factor (=128) is no less than the loop trip count (=128).
@I [XFORM-501] Unrolling loop 'mm_label0' (mm-small/src/mm_ip.c:10) in function 'mm_ip' completely.
@I [HLS-0] Presyn 1 time: 1 seconds per iteration
@I [HLS-0] presyn 2: transform -hls -keep-callgraph -scalarrepl -mem2reg  -indvars -loop-bound  -instcombine -dce  -merge-array-access -mem2reg -dce  -clean-region -mergereturn -if-conv  -instcombine -dce -constprop  -basicaa -aggr-aa -aggrmodref-aa -aggr-aa -gvn -gvn  -basicaa -aggr-aa -aggrmodref-aa -aggr-aa -dse -adse -adce  -scalarrepl -mem2reg  -global-constprop -deadargelim -deadargelim  -instcombine -dce -simplifycfg    -ptrArgReplace -mem2reg -function-inline  -mem2reg -instcombine -dce -expr-balance  -instcombine -dce  -bitwidthmin  -directive-preproc  -inst-rectify -instcombine -dce  -functionattrs  -constprop -instcombine -bit-constprop  -globalopt -globaldce  -inst-simplify -instcombine -elimdeaddata -dce  -loop-delete -simplifycfg   -norm-name D:/minibench/customization/mm-small/unroll_2x10x10/.autopilot/db/a.o.1.tmp.bc -o D:/minibench/customization/mm-small/unroll_2x10x10/.autopilot/db/a.o.2.bc -f  -phase presyn
@I [XFORM-11] Balancing expressions in function 'mm_ip' (mm-small/src/mm_ip.c:3)...127 expression(s) balanced.
@I [HLS-0] Presyn 2 time: 0 seconds per iteration
@I [HLS-0] build ssdm: transform -hls -function-uniquify -auto-function-inline  -loop-simplify -indvars -licm -loop-dep  -loop-bound -licm -loop-simplify -flattenloopnest  -array-flatten -gvn -instcombine -dce  -promote-global-argument  -array-map -dce -func-legal  -gvn -adce -instcombine -cfgopt -simplifycfg -loop-simplify   -basicaa -aggrmodref-aa -globalsmodref-aa -aggr-aa -gvn -gvn  -basicaa -aggrmodref-aa -globalsmodref-aa -aggr-aa -dse -adse -adce  -inst-simplify -dce  -array-streaming -instcombine  -dce   -deadargelim -doublePtrSimplify -doublePtrElim  -dce -doublePtrSimplify -promote-dbg-pointer -dce  -scalarrepl -mem2reg -disaggr -norm-name -mem2reg  -instcombine  -dse -adse -adce -ptrLegalization -dce -instcombine  -loop-rot -constprop -cfgopt -simplifycfg -indvars -pointer-simplify -dce -loop-bound  -loop-simplify -loop-preproc  -constprop -gvn -mem2reg -instcombine -dce  -loop-merge -dce  -bitwidthmin  -directive-preproc -inst-simplify -dce  -interface-gen -gvn -mem2reg -instcombine -dce -adse  -loop-bound  -instcombine -cfgopt -simplifycfg -loop-simplify  -clean-region -io-protocol  -find-region -mem2reg  -loop-simplify -phi-opt -bitop-raise  -inst-simplify -inst-rectify -instcombine -adce  -cfgopt -simplifycfg -strip-dead-prototypes  -interface-lower -bitop-lower -intrinsic-lower  -basicaa -aggrmodref-aa -globalsmodref-aa -aggr-aa  -inst-simplify -simplifycfg   -mergereturn -inst-simplify -inst-rectify -dce -bitop-lower  -loop-rewind -cfgopt  -norm-name -legalize -read-loop-dep -dce -bitwidth   -cdfg-build  D:/minibench/customization/mm-small/unroll_2x10x10/.autopilot/db/a.o.2.bc -o D:/minibench/customization/mm-small/unroll_2x10x10/.autopilot/db/a.o.3.bc -f  -phase build-ssdm
@I [HLS-0] Build ssdm time: 4 seconds per iteration
@I [HLS-0] Finish building internal data model.
@I [HLS-100] Command 'opt_and_import_c' returned 0; elapsed 5.544Total elapsed time: 17.691 sec.
@I [HLS-111] Elapsed time: 17.725 seconds; current memory usage: 50.5 MB.
@I [HLS-100] Command 'elaborate' returned 0; elapsed 8.758Total elapsed time: 17.721 sec.
@I [HLS-100] Command "autosyn "
@I [HLS-10] Starting hardware synthesis ...
@0 [HLS-0] Starting hardware synthesis ...
@I [HLS-0] Synthesizing C/C++ design ...
@I [HLS-10] Synthesizing 'mm_ip' ...
@0 [HLS-0] Synthesizing 'mm_ip' ...
@I [HLS-100] Command "ap_set_top_model mm_ip "
@I [HLS-100] Command 'ap_set_top_model' returned 0; elapsed 0Total elapsed time: 17.723 sec.
@I [HLS-100] Command "get_model_list mm_ip -filter all-wo-channel -topdown "
@I [HLS-100] Command 'get_model_list' returned 0; elapsed 0Total elapsed time: 17.723 sec.
@I [HLS-100] Command "preproc_iomode -model mm_ip "
@I [HLS-100] Command 'preproc_iomode' returned 0; elapsed 0Total elapsed time: 17.723 sec.
@I [HLS-100] Command "get_model_list mm_ip -filter all-wo-channel "
@I [HLS-100] Command 'get_model_list' returned 0; elapsed 0Total elapsed time: 17.724 sec.
@I [HLS-0] Model list for configure: mm_ip
@I [HLS-0] Configuring Module : mm_ip ...
@I [HLS-100] Command "set_default_model mm_ip "
@I [HLS-100] Command 'set_default_model' returned 0; elapsed 0Total elapsed time: 17.724 sec.
@I [HLS-100] Command "apply_spec_resource_limit mm_ip "
@I [HLS-100] Command 'apply_spec_resource_limit' returned 0; elapsed 0Total elapsed time: 17.724 sec.
@I [HLS-0] Model list for preprocess: mm_ip
@I [HLS-0] Preprocessing Module: mm_ip ...
@I [HLS-100] Command "set_default_model mm_ip "
@I [HLS-100] Command 'set_default_model' returned 0; elapsed 0Total elapsed time: 17.725 sec.
@I [HLS-100] Command "cdfg_preprocess -model mm_ip "
@I [HLS-100] Command 'cdfg_preprocess' returned 0; elapsed 0.02Total elapsed time: 17.745 sec.
@I [HLS-100] Command "rtl_gen_preprocess mm_ip "
@W [RTGEN-101] Legalizing port name 'mm_ip/in' to 'mm_ip/in_r'.
@W [RTGEN-101] Legalizing port name 'mm_ip/out' to 'mm_ip/out_r'.
@I [HLS-100] Command 'rtl_gen_preprocess' returned 0; elapsed 0.001Total elapsed time: 17.745 sec.
@I [HLS-0] Model list for synthesis: mm_ip
@I [HLS-10] ----------------------------------------------------------------
@0 [HLS-0] ----------------------------------------------------------------
@I [HLS-10] -- Scheduling module 'mm_ip' 
@0 [HLS-0] -- Scheduling module 'mm_ip' 
@I [HLS-10] ----------------------------------------------------------------
@0 [HLS-0] ----------------------------------------------------------------
@I [HLS-100] Command "set_default_model mm_ip "
@I [HLS-100] Command 'set_default_model' returned 0; elapsed 0Total elapsed time: 17.746 sec.
@I [HLS-100] Command "schedule -model mm_ip "
@I [SCHED-11] Starting scheduling ...
@I [SCHED-11] Finished scheduling.
@I [HLS-100] Command 'schedule' returned 0; elapsed 6.415Total elapsed time: 24.160 sec.
@I [HLS-111] Elapsed time: 6.481 seconds; current memory usage: 59.8 MB.
@I [HLS-100] Command "report -o D:/minibench/customization/mm-small/unroll_2x10x10/.autopilot/db/mm_ip.verbose.sched.rpt -verbose -f "
@I [HLS-100] Command 'report' returned 0; elapsed 0.162Total elapsed time: 24.365 sec.
@I [HLS-100] Command "db_write -o D:/minibench/customization/mm-small/unroll_2x10x10/.autopilot/db/mm_ip.sched.adb -f "
@I [HLS-100] Command 'db_write' returned 0; elapsed 0.371Total elapsed time: 24.736 sec.
@I [HLS-0] Finish scheduling mm_ip.
@I [HLS-10] ----------------------------------------------------------------
@0 [HLS-0] ----------------------------------------------------------------
@I [HLS-10] -- Exploring micro-architecture for module 'mm_ip' 
@0 [HLS-0] -- Exploring micro-architecture for module 'mm_ip' 
@I [HLS-10] ----------------------------------------------------------------
@0 [HLS-0] ----------------------------------------------------------------
@I [HLS-100] Command "set_default_model mm_ip "
@I [HLS-100] Command 'set_default_model' returned 0; elapsed 0Total elapsed time: 24.759 sec.
@I [HLS-100] Command "bind -model mm_ip "
@I [BIND-110] clear=
@I [BIND-110] debug=
@I [BIND-110] drf=
@I [BIND-110] effort=
@I [BIND-110] fast_refine=
@I [BIND-110] fu_weight=[ 0.0 -- 1.0 ]
@I [BIND-110] global_opt=
@I [BIND-110] gsearch=
@I [BIND-110] help=
@I [BIND-110] help-hidden=
@I [BIND-110] min_mem_port=
@I [BIND-110] min_op=
@I [BIND-110] minreg=
@I [BIND-110] ml=
@I [BIND-110] model=mm_ip
@I [BIND-110] no_false_path=
@I [BIND-110] no_min_op=
@I [BIND-110] normalize=
@I [BIND-110] quiet=
@I [BIND-110] refine=
@I [BIND-110] reg_weight=[ 0.0 -- 1.0 ]
@I [BIND-110] search=
@I [BIND-110] tight_delay=
@I [BIND-110] verbose=
@I [BIND-110] wFF=
@I [BIND-110] wFU=
@I [BIND-110] wMUX=
@I [BIND-110] wNET=
@I [BIND-100] Starting micro-architecture generation ...
@I [BIND-101] Performing variable lifetime analysis.
@I [BIND-101] Exploring resource sharing.
@I [BIND-101] Binding ...
@I [BIND-100] Finished micro-architecture generation.
@I [HLS-100] Command 'bind' returned 0; elapsed 0.896Total elapsed time: 25.655 sec.
@I [HLS-111] Elapsed time: 1.501 seconds; current memory usage: 63.7 MB.
@I [HLS-100] Command "report -o D:/minibench/customization/mm-small/unroll_2x10x10/.autopilot/db/mm_ip.verbose.bind.rpt -verbose -f "
@I [HLS-100] Command 'report' returned 0; elapsed 0.241Total elapsed time: 25.946 sec.
@I [HLS-100] Command "db_write -o D:/minibench/customization/mm-small/unroll_2x10x10/.autopilot/db/mm_ip.bind.adb -f "
@I [HLS-100] Command 'db_write' returned 0; elapsed 0.446Total elapsed time: 26.392 sec.
@I [HLS-0] Finish binding mm_ip.
@I [HLS-100] Command "get_model_list mm_ip -filter all-wo-channel "
@I [HLS-100] Command 'get_model_list' returned 0; elapsed 0Total elapsed time: 26.392 sec.
@I [HLS-0] Preprocessing for RTLGen ...
@I [HLS-100] Command "rtl_gen_preprocess mm_ip "
@I [HLS-100] Command 'rtl_gen_preprocess' returned 0; elapsed 0Total elapsed time: 26.393 sec.
@I [HLS-0] Model list for RTL generation: mm_ip
@I [HLS-10] ----------------------------------------------------------------
@0 [HLS-0] ----------------------------------------------------------------
@I [HLS-10] -- Generating RTL for module 'mm_ip' 
@0 [HLS-0] -- Generating RTL for module 'mm_ip' 
@I [HLS-10] ----------------------------------------------------------------
@0 [HLS-0] ----------------------------------------------------------------
@I [HLS-100] Command "create_rtl_model mm_ip -vendor xilinx -mg_file D:/minibench/customization/mm-small/unroll_2x10x10/.autopilot/db/mm_ip.compgen.tcl "
@I [RTGEN-500] Setting interface mode on port 'mm_ip/in_r' to 'ap_memory'.
@I [RTGEN-500] Setting interface mode on port 'mm_ip/out_r' to 'ap_memory'.
@I [RTGEN-500] Setting interface mode on function 'mm_ip' to 'ap_ctrl_hs'.
@I [RTGEN-100] Generating core module 'mm_ip_mul_32s_32s_32_7': 4 instance(s).
@I [RTGEN-100] Finished creating RTL model for 'mm_ip'.
@I [HLS-100] Command 'create_rtl_model' returned 0; elapsed 0.692Total elapsed time: 27.88 sec.
@I [HLS-111] Elapsed time: 1.442 seconds; current memory usage: 71.9 MB.
@I [HLS-100] Command "source D:/minibench/customization/mm-small/unroll_2x10x10/.autopilot/db/mm_ip.rtl_wrap.cfg.tcl "
@I [HLS-100] Command 'ap_source' returned 0; elapsed 0.002Total elapsed time: 27.149 sec.
@I [HLS-100] Command "gen_rtl mm_ip -istop -style xilinx -tracefl mytrace -tracefmt vcd -traceopt all -f -lang sc -o D:/minibench/customization/mm-small/unroll_2x10x10/syn/systemc/mm_ip -synmodules mm_ip "
@I [HLS-100] Command 'gen_rtl' returned 0; elapsed 0.022Total elapsed time: 27.171 sec.
@I [HLS-100] Command "gen_rtl mm_ip -istop -style xilinx -f -lang vhdl -o D:/minibench/customization/mm-small/unroll_2x10x10/syn/vhdl/mm_ip "
@I [HLS-100] Command 'gen_rtl' returned 0; elapsed 0.039Total elapsed time: 27.210 sec.
@I [HLS-100] Command "gen_rtl mm_ip -istop -style xilinx -f -lang vlog -o D:/minibench/customization/mm-small/unroll_2x10x10/syn/verilog/mm_ip "
@I [HLS-100] Command 'gen_rtl' returned 0; elapsed 0.041Total elapsed time: 27.251 sec.
@I [HLS-100] Command "export_constraint_db -o D:/minibench/customization/mm-small/unroll_2x10x10/.autopilot/db/mm_ip.constraint.tcl -f -tool general "
@I [HLS-100] Command 'export_constraint_db' returned 0; elapsed 0Total elapsed time: 27.251 sec.
@I [HLS-100] Command "report -model mm_ip -o D:/minibench/customization/mm-small/unroll_2x10x10/.autopilot/db/mm_ip.design.xml -verbose -f -dv "
@I [HLS-100] Command 'report' returned 0; elapsed 0.045Total elapsed time: 27.297 sec.
@I [HLS-100] Command "gen_tb_info mm_ip -o D:/minibench/customization/mm-small/unroll_2x10x10/.autopilot/db/mm_ip -p D:/minibench/customization/mm-small/unroll_2x10x10/.autopilot/db "
@I [HLS-100] Command 'gen_tb_info' returned 0; elapsed 0.001Total elapsed time: 27.299 sec.
@I [HLS-100] Command "report -model mm_ip -o D:/minibench/customization/mm-small/unroll_2x10x10/syn/report/mm_ip_csynth.rpt -f "
@I [HLS-100] Command 'report' returned 0; elapsed 0.031Total elapsed time: 27.330 sec.
@I [HLS-100] Command "report -model mm_ip -o D:/minibench/customization/mm-small/unroll_2x10x10/syn/report/mm_ip_csynth.xml -f -x "
@I [HLS-100] Command 'report' returned 0; elapsed 0.024Total elapsed time: 27.354 sec.
@I [HLS-100] Command "report -model mm_ip -o D:/minibench/customization/mm-small/unroll_2x10x10/.autopilot/db/mm_ip.verbose.rpt -verbose -f "
@I [HLS-100] Command 'report' returned 0; elapsed 0.336Total elapsed time: 27.690 sec.
@I [HLS-100] Command "db_write -model mm_ip -o D:/minibench/customization/mm-small/unroll_2x10x10/.autopilot/db/mm_ip.adb -f "
@I [HLS-100] Command 'db_write' returned 0; elapsed 0.485Total elapsed time: 28.175 sec.
@I [HLS-100] Command "sc_get_clocks mm_ip "
@I [HLS-100] Command 'sc_get_clocks' returned 0; elapsed 0Total elapsed time: 28.768 sec.
@I [HLS-100] Command "sc_get_portdomain mm_ip "
@I [HLS-100] Command 'sc_get_portdomain' returned 0; elapsed 0Total elapsed time: 28.768 sec.
@I [HLS-0] Model list for RTL component generation: mm_ip
@I [HLS-0] Handling components in module [mm_ip] ... 
@I [HLS-100] Command "source D:/minibench/customization/mm-small/unroll_2x10x10/.autopilot/db/mm_ip.compgen.tcl "
@I [HLS-0] Found component mm_ip_mul_32s_32s_32_7.
@I [HLS-0] Append model mm_ip_mul_32s_32s_32_7
@I [HLS-100] Command 'ap_source' returned 0; elapsed 0.001Total elapsed time: 28.774 sec.
@I [HLS-0] Append model mm_ip
@I [HLS-0] Generating RTL model list ...
@I [HLS-0] All models in this session: mm_ip_mul_32s_32s_32_7 mm_ip
@I [HLS-0] To file: write model mm_ip_mul_32s_32s_32_7
@I [HLS-0] To file: write model mm_ip
@I [HLS-0] Finished generating RTL model list.


@I [HLS-0] RTL Generation done.
@I [HLS-0] CAS Generation done.
@I [HLS-0] CBC Generation done.
@I [HLS-100] Command "export_ssdm D:/minibench/customization/mm-small/unroll_2x10x10/.autopilot/db/a.export.ll "
@I [HLS-100] Command 'export_ssdm' returned 0; elapsed 0.002Total elapsed time: 28.779 sec.
@I [HLS-100] Command "source D:/minibench/customization/mm-small/unroll_2x10x10/.autopilot/db/global.setting.tcl "
@I [HLS-100] Command 'ap_source' returned 0; elapsed 0Total elapsed time: 28.782 sec.
@I [HLS-100] Command "source C:/EDA/Xilinx/Vivado_HLS/2013.3/common/technology/generic/autopilot/common.gen "
@I [HLS-100] Command "source C:/EDA/Xilinx/Vivado_HLS/2013.3/common/technology/generic/autopilot/APCoreGen.gen "
@I [HLS-100] Command 'ap_source' returned 0; elapsed 0.001Total elapsed time: 28.784 sec.
@I [HLS-100] Command 'ap_source' returned 0; elapsed 0.001Total elapsed time: 28.784 sec.
@I [HLS-100] Command "source C:/EDA/Xilinx/Vivado_HLS/2013.3/common/technology/generic/autopilot/op.gen "
@I [HLS-100] Command 'ap_source' returned 0; elapsed 0.001Total elapsed time: 28.785 sec.
@I [HLS-100] Command "source C:/EDA/Xilinx/Vivado_HLS/2013.3/common/technology/generic/autopilot/op_simcore.gen "
@I [HLS-100] Command 'ap_source' returned 0; elapsed 0.002Total elapsed time: 28.787 sec.
@I [HLS-100] Command "source C:/EDA/Xilinx/Vivado_HLS/2013.3/common/technology/generic/autopilot/interface.gen "
@I [HLS-100] Command 'ap_source' returned 0; elapsed 0Total elapsed time: 28.787 sec.
@I [HLS-100] Command "source D:/minibench/customization/mm-small/unroll_2x10x10/.autopilot/db/global.setting.tcl "
@I [HLS-100] Command 'ap_source' returned 0; elapsed 0Total elapsed time: 28.787 sec.
@I [HLS-100] Command "source C:/EDA/Xilinx/Vivado_HLS/2013.3/common/technology/xilinx/zynq/zynq.gen "
@I [HLS-100] Command "source C:/EDA/Xilinx/Vivado_HLS/2013.3/common/technology/xilinx/common/virtex.gen "
@I [HLS-100] Command "source C:/EDA/Xilinx/Vivado_HLS/2013.3/common/technology/xilinx/common/xilinx.gen "
@I [HLS-100] Command "source C:/EDA/Xilinx/Vivado_HLS/2013.3/common/technology/xilinx/interface/plb46.gen "
@I [HLS-100] Command 'ap_source' returned 0; elapsed 0.002Total elapsed time: 28.790 sec.
@I [HLS-100] Command "source C:/EDA/Xilinx/Vivado_HLS/2013.3/common/technology/xilinx/interface/fsl.gen "
@I [HLS-100] Command 'ap_source' returned 0; elapsed 0Total elapsed time: 28.790 sec.
@I [HLS-100] Command "source C:/EDA/Xilinx/Vivado_HLS/2013.3/common/technology/xilinx/interface/axi4.gen "
@I [HLS-100] Command 'ap_source' returned 0; elapsed 0.003Total elapsed time: 28.793 sec.
@I [HLS-100] Command "source C:/EDA/Xilinx/Vivado_HLS/2013.3/common/technology/xilinx/scripts/xilinxcoregen.gen "
@I [HLS-100] Command 'ap_source' returned 0; elapsed 0.009Total elapsed time: 28.802 sec.
@I [HLS-100] Command "source C:/EDA/Xilinx/Vivado_HLS/2013.3/common/technology/xilinx/interface/XilEDKCoreGen.gen "
@I [HLS-100] Command 'ap_source' returned 0; elapsed 0.012Total elapsed time: 28.815 sec.
@I [HLS-100] Command "source C:/EDA/Xilinx/Vivado_HLS/2013.3/common/technology/xilinx/ip/util.gen "
@I [HLS-100] Command 'ap_source' returned 0; elapsed 0Total elapsed time: 28.815 sec.
@I [HLS-100] Command "source C:/EDA/Xilinx/Vivado_HLS/2013.3/common/technology/xilinx/ip/xfft.gen "
@I [HLS-100] Command 'ap_source' returned 0; elapsed 0.154Total elapsed time: 28.970 sec.
@I [HLS-100] Command "source C:/EDA/Xilinx/Vivado_HLS/2013.3/common/technology/xilinx/ip/xfir.gen "
@I [HLS-100] Command 'ap_source' returned 0; elapsed 0.036Total elapsed time: 29.5 sec.
@I [HLS-100] Command 'ap_source' returned 0; elapsed 0.217Total elapsed time: 29.5 sec.
@I [HLS-100] Command "source C:/EDA/Xilinx/Vivado_HLS/2013.3/common/technology/xilinx/common/dsp48.gen "
@I [HLS-100] Command 'ap_source' returned 0; elapsed 0Total elapsed time: 29.7 sec.
@I [HLS-100] Command 'ap_source' returned 0; elapsed 0.22Total elapsed time: 29.7 sec.
@I [HLS-100] Command 'ap_source' returned 0; elapsed 0.22Total elapsed time: 29.7 sec.
@I [HLS-100] Command "source C:/EDA/Xilinx/Vivado_HLS/2013.3/common/technology/xilinx/zynq/zynq_fpv6.gen "
@I [HLS-100] Command "source C:/EDA/Xilinx/Vivado_HLS/2013.3/common/technology/xilinx/common/xilinx_fpv6.gen "
@I [HLS-100] Command 'ap_source' returned 0; elapsed 0.002Total elapsed time: 29.9 sec.
@I [HLS-100] Command 'ap_source' returned 0; elapsed 0.002Total elapsed time: 29.9 sec.
@I [HLS-100] Command "source D:/minibench/customization/mm-small/unroll_2x10x10/.autopilot/db/global.setting.tcl "
@I [HLS-100] Command 'ap_source' returned 0; elapsed 0.001Total elapsed time: 29.11 sec.
@I [HLS-100] Command "source D:/minibench/customization/mm-small/unroll_2x10x10/.autopilot/db/global.setting.tcl "
@I [HLS-100] Command 'ap_source' returned 0; elapsed 0Total elapsed time: 29.12 sec.
@I [HLS-100] Command "source D:/minibench/customization/mm-small/unroll_2x10x10/.autopilot/db/mm_ip.compgen.tcl "
@I [RTMG-282] Generating pipelined core: 'mm_ip_mul_32s_32s_32_7_MulnS_0'
@I [HLS-100] Command 'ap_source' returned 0; elapsed 0.021Total elapsed time: 29.33 sec.
@I [HLS-10] Finished generating all RTL models.
@0 [HLS-0] Finished generating all RTL models.
@I [WSYSC-301] Generating RTL SystemC for 'mm_ip'.
@I [WVHDL-304] Generating RTL VHDL for 'mm_ip'.
@I [WVLOG-307] Generating RTL Verilog for 'mm_ip'.
@I [HLS-100] Command 'autosyn' returned 0; elapsed 11.346Total elapsed time: 29.67 sec.
@I [HLS-100] Command 'csynth_design' returned 0; elapsed 20.104Total elapsed time: 29.67 sec.
@I [HLS-100] Command "cleanup_all "
@I [HLS-100] Command 'cleanup_all' returned 0; elapsed 0.016Total elapsed time: 29.84 sec.
