
*** Running ngdbuild
    with args -intstyle ise -p xc7z020clg484-1 -dd _ngo -uc "base_sys_stub.ucf" -bm "base_sys_stub.bmm" "base_sys_stub.edf"


Command Line: C:\EDA\14.7\ISE_DS\ISE\bin\nt64\unwrapped\ngdbuild.exe -intstyle
ise -p xc7z020clg484-1 -dd _ngo -uc base_sys_stub.ucf -bm base_sys_stub.bmm
base_sys_stub.edf

Executing edif2ngd -quiet "base_sys_stub.edf" "_ngo\base_sys_stub.ngo"
Release 14.7 - edif2ngd P.20131013 (nt64)
Copyright (c) 1995-2013 Xilinx, Inc.  All rights reserved.
Reading NGO file
"D:/minibench/scgra-sobel/scgra5x5-1k/scgra5x5-1k.runs/impl_1/_ngo/base_sys_stub
.ngo" ...
Executing edif2ngd -noa "xbip_multadd_v2_0_xst_NO5_blk00000001.edn"
"_ngo\xbip_multadd_v2_0_xst_NO5_blk00000001.ngo"
Release 14.7 - edif2ngd P.20131013 (nt64)
Copyright (c) 1995-2013 Xilinx, Inc.  All rights reserved.
INFO:NgdBuild - Release 14.7 edif2ngd P.20131013 (nt64)
INFO:NgdBuild - Copyright (c) 1995-2013 Xilinx, Inc.  All rights reserved.
Writing module to "_ngo/xbip_multadd_v2_0_xst_NO5_blk00000001.ngo"...
Loading design module
"D:\minibench\scgra-sobel\scgra5x5-1k\scgra5x5-1k.runs\impl_1\_ngo\xbip_multadd_
v2_0_xst_NO5_blk00000001.ngo"...
Executing edif2ngd -noa "xbip_multadd_v2_0_xst_NO16_blk00000001.edn"
"_ngo\xbip_multadd_v2_0_xst_NO16_blk00000001.ngo"
Release 14.7 - edif2ngd P.20131013 (nt64)
Copyright (c) 1995-2013 Xilinx, Inc.  All rights reserved.
INFO:NgdBuild - Release 14.7 edif2ngd P.20131013 (nt64)
INFO:NgdBuild - Copyright (c) 1995-2013 Xilinx, Inc.  All rights reserved.
Writing module to "_ngo/xbip_multadd_v2_0_xst_NO16_blk00000001.ngo"...
Loading design module
"D:\minibench\scgra-sobel\scgra5x5-1k\scgra5x5-1k.runs\impl_1\_ngo\xbip_multadd_
v2_0_xst_NO16_blk00000001.ngo"...
Executing edif2ngd -noa "xbip_multadd_v2_0_xst_NO8_blk00000001.edn"
"_ngo\xbip_multadd_v2_0_xst_NO8_blk00000001.ngo"
Release 14.7 - edif2ngd P.20131013 (nt64)
Copyright (c) 1995-2013 Xilinx, Inc.  All rights reserved.
INFO:NgdBuild - Release 14.7 edif2ngd P.20131013 (nt64)
INFO:NgdBuild - Copyright (c) 1995-2013 Xilinx, Inc.  All rights reserved.
Writing module to "_ngo/xbip_multadd_v2_0_xst_NO8_blk00000001.ngo"...
Loading design module
"D:\minibench\scgra-sobel\scgra5x5-1k\scgra5x5-1k.runs\impl_1\_ngo\xbip_multadd_
v2_0_xst_NO8_blk00000001.ngo"...
Executing edif2ngd -noa "xbip_multadd_v2_0_xst_NO19_blk00000001.edn"
"_ngo\xbip_multadd_v2_0_xst_NO19_blk00000001.ngo"
Release 14.7 - edif2ngd P.20131013 (nt64)
Copyright (c) 1995-2013 Xilinx, Inc.  All rights reserved.
INFO:NgdBuild - Release 14.7 edif2ngd P.20131013 (nt64)
INFO:NgdBuild - Copyright (c) 1995-2013 Xilinx, Inc.  All rights reserved.
Writing module to "_ngo/xbip_multadd_v2_0_xst_NO19_blk00000001.ngo"...
Loading design module
"D:\minibench\scgra-sobel\scgra5x5-1k\scgra5x5-1k.runs\impl_1\_ngo\xbip_multadd_
v2_0_xst_NO19_blk00000001.ngo"...
Executing edif2ngd -noa "xbip_multadd_v2_0_xst_NO22_blk00000001.edn"
"_ngo\xbip_multadd_v2_0_xst_NO22_blk00000001.ngo"
Release 14.7 - edif2ngd P.20131013 (nt64)
Copyright (c) 1995-2013 Xilinx, Inc.  All rights reserved.
INFO:NgdBuild - Release 14.7 edif2ngd P.20131013 (nt64)
INFO:NgdBuild - Copyright (c) 1995-2013 Xilinx, Inc.  All rights reserved.
Writing module to "_ngo/xbip_multadd_v2_0_xst_NO22_blk00000001.ngo"...
Loading design module
"D:\minibench\scgra-sobel\scgra5x5-1k\scgra5x5-1k.runs\impl_1\_ngo\xbip_multadd_
v2_0_xst_NO22_blk00000001.ngo"...
Executing edif2ngd -noa "xbip_multadd_v2_0_xst_NO9_blk00000001.edn"
"_ngo\xbip_multadd_v2_0_xst_NO9_blk00000001.ngo"
Release 14.7 - edif2ngd P.20131013 (nt64)
Copyright (c) 1995-2013 Xilinx, Inc.  All rights reserved.
INFO:NgdBuild - Release 14.7 edif2ngd P.20131013 (nt64)
INFO:NgdBuild - Copyright (c) 1995-2013 Xilinx, Inc.  All rights reserved.
Writing module to "_ngo/xbip_multadd_v2_0_xst_NO9_blk00000001.ngo"...
Loading design module
"D:\minibench\scgra-sobel\scgra5x5-1k\scgra5x5-1k.runs\impl_1\_ngo\xbip_multadd_
v2_0_xst_NO9_blk00000001.ngo"...
Executing edif2ngd -noa "xbip_multadd_v2_0_xst_blk00000001.edn"
"_ngo\xbip_multadd_v2_0_xst_blk00000001.ngo"
Release 14.7 - edif2ngd P.20131013 (nt64)
Copyright (c) 1995-2013 Xilinx, Inc.  All rights reserved.
INFO:NgdBuild - Release 14.7 edif2ngd P.20131013 (nt64)
INFO:NgdBuild - Copyright (c) 1995-2013 Xilinx, Inc.  All rights reserved.
Writing module to "_ngo/xbip_multadd_v2_0_xst_blk00000001.ngo"...
Loading design module
"D:\minibench\scgra-sobel\scgra5x5-1k\scgra5x5-1k.runs\impl_1\_ngo\xbip_multadd_
v2_0_xst_blk00000001.ngo"...
Executing edif2ngd -noa "xbip_multadd_v2_0_xst_NO12_blk00000001.edn"
"_ngo\xbip_multadd_v2_0_xst_NO12_blk00000001.ngo"
Release 14.7 - edif2ngd P.20131013 (nt64)
Copyright (c) 1995-2013 Xilinx, Inc.  All rights reserved.
INFO:NgdBuild - Release 14.7 edif2ngd P.20131013 (nt64)
INFO:NgdBuild - Copyright (c) 1995-2013 Xilinx, Inc.  All rights reserved.
Writing module to "_ngo/xbip_multadd_v2_0_xst_NO12_blk00000001.ngo"...
Loading design module
"D:\minibench\scgra-sobel\scgra5x5-1k\scgra5x5-1k.runs\impl_1\_ngo\xbip_multadd_
v2_0_xst_NO12_blk00000001.ngo"...
Executing edif2ngd -noa "xbip_multadd_v2_0_xst_NO4_blk00000001.edn"
"_ngo\xbip_multadd_v2_0_xst_NO4_blk00000001.ngo"
Release 14.7 - edif2ngd P.20131013 (nt64)
Copyright (c) 1995-2013 Xilinx, Inc.  All rights reserved.
INFO:NgdBuild - Release 14.7 edif2ngd P.20131013 (nt64)
INFO:NgdBuild - Copyright (c) 1995-2013 Xilinx, Inc.  All rights reserved.
Writing module to "_ngo/xbip_multadd_v2_0_xst_NO4_blk00000001.ngo"...
Loading design module
"D:\minibench\scgra-sobel\scgra5x5-1k\scgra5x5-1k.runs\impl_1\_ngo\xbip_multadd_
v2_0_xst_NO4_blk00000001.ngo"...
Executing edif2ngd -noa "xbip_multadd_v2_0_xst_NO15_blk00000001.edn"
"_ngo\xbip_multadd_v2_0_xst_NO15_blk00000001.ngo"
Release 14.7 - edif2ngd P.20131013 (nt64)
Copyright (c) 1995-2013 Xilinx, Inc.  All rights reserved.
INFO:NgdBuild - Release 14.7 edif2ngd P.20131013 (nt64)
INFO:NgdBuild - Copyright (c) 1995-2013 Xilinx, Inc.  All rights reserved.
Writing module to "_ngo/xbip_multadd_v2_0_xst_NO15_blk00000001.ngo"...
Loading design module
"D:\minibench\scgra-sobel\scgra5x5-1k\scgra5x5-1k.runs\impl_1\_ngo\xbip_multadd_
v2_0_xst_NO15_blk00000001.ngo"...
Executing edif2ngd -noa "xbip_multadd_v2_0_xst_NO7_blk00000001.edn"
"_ngo\xbip_multadd_v2_0_xst_NO7_blk00000001.ngo"
Release 14.7 - edif2ngd P.20131013 (nt64)
Copyright (c) 1995-2013 Xilinx, Inc.  All rights reserved.
INFO:NgdBuild - Release 14.7 edif2ngd P.20131013 (nt64)
INFO:NgdBuild - Copyright (c) 1995-2013 Xilinx, Inc.  All rights reserved.
Writing module to "_ngo/xbip_multadd_v2_0_xst_NO7_blk00000001.ngo"...
Loading design module
"D:\minibench\scgra-sobel\scgra5x5-1k\scgra5x5-1k.runs\impl_1\_ngo\xbip_multadd_
v2_0_xst_NO7_blk00000001.ngo"...
Executing edif2ngd -noa "xbip_multadd_v2_0_xst_NO18_blk00000001.edn"
"_ngo\xbip_multadd_v2_0_xst_NO18_blk00000001.ngo"
Release 14.7 - edif2ngd P.20131013 (nt64)
Copyright (c) 1995-2013 Xilinx, Inc.  All rights reserved.
INFO:NgdBuild - Release 14.7 edif2ngd P.20131013 (nt64)
INFO:NgdBuild - Copyright (c) 1995-2013 Xilinx, Inc.  All rights reserved.
Writing module to "_ngo/xbip_multadd_v2_0_xst_NO18_blk00000001.ngo"...
Loading design module
"D:\minibench\scgra-sobel\scgra5x5-1k\scgra5x5-1k.runs\impl_1\_ngo\xbip_multadd_
v2_0_xst_NO18_blk00000001.ngo"...
Executing edif2ngd -noa "xbip_multadd_v2_0_xst_NO21_blk00000001.edn"
"_ngo\xbip_multadd_v2_0_xst_NO21_blk00000001.ngo"
Release 14.7 - edif2ngd P.20131013 (nt64)
Copyright (c) 1995-2013 Xilinx, Inc.  All rights reserved.
INFO:NgdBuild - Release 14.7 edif2ngd P.20131013 (nt64)
INFO:NgdBuild - Copyright (c) 1995-2013 Xilinx, Inc.  All rights reserved.
Writing module to "_ngo/xbip_multadd_v2_0_xst_NO21_blk00000001.ngo"...
Loading design module
"D:\minibench\scgra-sobel\scgra5x5-1k\scgra5x5-1k.runs\impl_1\_ngo\xbip_multadd_
v2_0_xst_NO21_blk00000001.ngo"...
Executing edif2ngd -noa "xbip_multadd_v2_0_xst.edn"
"_ngo\xbip_multadd_v2_0_xst.ngo"
Release 14.7 - edif2ngd P.20131013 (nt64)
Copyright (c) 1995-2013 Xilinx, Inc.  All rights reserved.
INFO:NgdBuild - Release 14.7 edif2ngd P.20131013 (nt64)
INFO:NgdBuild - Copyright (c) 1995-2013 Xilinx, Inc.  All rights reserved.
Writing module to "_ngo/xbip_multadd_v2_0_xst.ngo"...
Loading design module
"D:\minibench\scgra-sobel\scgra5x5-1k\scgra5x5-1k.runs\impl_1\_ngo\xbip_multadd_
v2_0_xst.ngo"...
Executing edif2ngd -noa "xbip_multadd_v2_0_xst_NO11_blk00000001.edn"
"_ngo\xbip_multadd_v2_0_xst_NO11_blk00000001.ngo"
Release 14.7 - edif2ngd P.20131013 (nt64)
Copyright (c) 1995-2013 Xilinx, Inc.  All rights reserved.
INFO:NgdBuild - Release 14.7 edif2ngd P.20131013 (nt64)
INFO:NgdBuild - Copyright (c) 1995-2013 Xilinx, Inc.  All rights reserved.
Writing module to "_ngo/xbip_multadd_v2_0_xst_NO11_blk00000001.ngo"...
Loading design module
"D:\minibench\scgra-sobel\scgra5x5-1k\scgra5x5-1k.runs\impl_1\_ngo\xbip_multadd_
v2_0_xst_NO11_blk00000001.ngo"...
Executing edif2ngd -noa "xbip_multadd_v2_0_xst_NO3_blk00000001.edn"
"_ngo\xbip_multadd_v2_0_xst_NO3_blk00000001.ngo"
Release 14.7 - edif2ngd P.20131013 (nt64)
Copyright (c) 1995-2013 Xilinx, Inc.  All rights reserved.
INFO:NgdBuild - Release 14.7 edif2ngd P.20131013 (nt64)
INFO:NgdBuild - Copyright (c) 1995-2013 Xilinx, Inc.  All rights reserved.
Writing module to "_ngo/xbip_multadd_v2_0_xst_NO3_blk00000001.ngo"...
Loading design module
"D:\minibench\scgra-sobel\scgra5x5-1k\scgra5x5-1k.runs\impl_1\_ngo\xbip_multadd_
v2_0_xst_NO3_blk00000001.ngo"...
Executing edif2ngd -noa "xbip_multadd_v2_0_xst_NO14_blk00000001.edn"
"_ngo\xbip_multadd_v2_0_xst_NO14_blk00000001.ngo"
Release 14.7 - edif2ngd P.20131013 (nt64)
Copyright (c) 1995-2013 Xilinx, Inc.  All rights reserved.
INFO:NgdBuild - Release 14.7 edif2ngd P.20131013 (nt64)
INFO:NgdBuild - Copyright (c) 1995-2013 Xilinx, Inc.  All rights reserved.
Writing module to "_ngo/xbip_multadd_v2_0_xst_NO14_blk00000001.ngo"...
Loading design module
"D:\minibench\scgra-sobel\scgra5x5-1k\scgra5x5-1k.runs\impl_1\_ngo\xbip_multadd_
v2_0_xst_NO14_blk00000001.ngo"...
Executing edif2ngd -noa "xbip_multadd_v2_0_xst_NO6_blk00000001.edn"
"_ngo\xbip_multadd_v2_0_xst_NO6_blk00000001.ngo"
Release 14.7 - edif2ngd P.20131013 (nt64)
Copyright (c) 1995-2013 Xilinx, Inc.  All rights reserved.
INFO:NgdBuild - Release 14.7 edif2ngd P.20131013 (nt64)
INFO:NgdBuild - Copyright (c) 1995-2013 Xilinx, Inc.  All rights reserved.
Writing module to "_ngo/xbip_multadd_v2_0_xst_NO6_blk00000001.ngo"...
Loading design module
"D:\minibench\scgra-sobel\scgra5x5-1k\scgra5x5-1k.runs\impl_1\_ngo\xbip_multadd_
v2_0_xst_NO6_blk00000001.ngo"...
Executing edif2ngd -noa "xbip_multadd_v2_0_xst_NO17_blk00000001.edn"
"_ngo\xbip_multadd_v2_0_xst_NO17_blk00000001.ngo"
Release 14.7 - edif2ngd P.20131013 (nt64)
Copyright (c) 1995-2013 Xilinx, Inc.  All rights reserved.
INFO:NgdBuild - Release 14.7 edif2ngd P.20131013 (nt64)
INFO:NgdBuild - Copyright (c) 1995-2013 Xilinx, Inc.  All rights reserved.
Writing module to "_ngo/xbip_multadd_v2_0_xst_NO17_blk00000001.ngo"...
Loading design module
"D:\minibench\scgra-sobel\scgra5x5-1k\scgra5x5-1k.runs\impl_1\_ngo\xbip_multadd_
v2_0_xst_NO17_blk00000001.ngo"...
Executing edif2ngd -noa "xbip_multadd_v2_0_xst_NO20_blk00000001.edn"
"_ngo\xbip_multadd_v2_0_xst_NO20_blk00000001.ngo"
Release 14.7 - edif2ngd P.20131013 (nt64)
Copyright (c) 1995-2013 Xilinx, Inc.  All rights reserved.
INFO:NgdBuild - Release 14.7 edif2ngd P.20131013 (nt64)
INFO:NgdBuild - Copyright (c) 1995-2013 Xilinx, Inc.  All rights reserved.
Writing module to "_ngo/xbip_multadd_v2_0_xst_NO20_blk00000001.ngo"...
Loading design module
"D:\minibench\scgra-sobel\scgra5x5-1k\scgra5x5-1k.runs\impl_1\_ngo\xbip_multadd_
v2_0_xst_NO20_blk00000001.ngo"...
Executing edif2ngd -noa "xbip_multadd_v2_0_xst_NO23_blk00000001.edn"
"_ngo\xbip_multadd_v2_0_xst_NO23_blk00000001.ngo"
Release 14.7 - edif2ngd P.20131013 (nt64)
Copyright (c) 1995-2013 Xilinx, Inc.  All rights reserved.
INFO:NgdBuild - Release 14.7 edif2ngd P.20131013 (nt64)
INFO:NgdBuild - Copyright (c) 1995-2013 Xilinx, Inc.  All rights reserved.
Writing module to "_ngo/xbip_multadd_v2_0_xst_NO23_blk00000001.ngo"...
Loading design module
"D:\minibench\scgra-sobel\scgra5x5-1k\scgra5x5-1k.runs\impl_1\_ngo\xbip_multadd_
v2_0_xst_NO23_blk00000001.ngo"...
Executing edif2ngd -noa "xbip_multadd_v2_0_xst_NO10_blk00000001.edn"
"_ngo\xbip_multadd_v2_0_xst_NO10_blk00000001.ngo"
Release 14.7 - edif2ngd P.20131013 (nt64)
Copyright (c) 1995-2013 Xilinx, Inc.  All rights reserved.
INFO:NgdBuild - Release 14.7 edif2ngd P.20131013 (nt64)
INFO:NgdBuild - Copyright (c) 1995-2013 Xilinx, Inc.  All rights reserved.
Writing module to "_ngo/xbip_multadd_v2_0_xst_NO10_blk00000001.ngo"...
Loading design module
"D:\minibench\scgra-sobel\scgra5x5-1k\scgra5x5-1k.runs\impl_1\_ngo\xbip_multadd_
v2_0_xst_NO10_blk00000001.ngo"...
Executing edif2ngd -noa "xbip_multadd_v2_0_xst_NO2_blk00000001.edn"
"_ngo\xbip_multadd_v2_0_xst_NO2_blk00000001.ngo"
Release 14.7 - edif2ngd P.20131013 (nt64)
Copyright (c) 1995-2013 Xilinx, Inc.  All rights reserved.
INFO:NgdBuild - Release 14.7 edif2ngd P.20131013 (nt64)
INFO:NgdBuild - Copyright (c) 1995-2013 Xilinx, Inc.  All rights reserved.
Writing module to "_ngo/xbip_multadd_v2_0_xst_NO2_blk00000001.ngo"...
Loading design module
"D:\minibench\scgra-sobel\scgra5x5-1k\scgra5x5-1k.runs\impl_1\_ngo\xbip_multadd_
v2_0_xst_NO2_blk00000001.ngo"...
Executing edif2ngd -noa "xbip_multadd_v2_0_xst_NO1_blk00000001.edn"
"_ngo\xbip_multadd_v2_0_xst_NO1_blk00000001.ngo"
Release 14.7 - edif2ngd P.20131013 (nt64)
Copyright (c) 1995-2013 Xilinx, Inc.  All rights reserved.
INFO:NgdBuild - Release 14.7 edif2ngd P.20131013 (nt64)
INFO:NgdBuild - Copyright (c) 1995-2013 Xilinx, Inc.  All rights reserved.
Writing module to "_ngo/xbip_multadd_v2_0_xst_NO1_blk00000001.ngo"...
Loading design module
"D:\minibench\scgra-sobel\scgra5x5-1k\scgra5x5-1k.runs\impl_1\_ngo\xbip_multadd_
v2_0_xst_NO1_blk00000001.ngo"...
Executing edif2ngd -noa "xbip_multadd_v2_0_xst_NO13_blk00000001.edn"
"_ngo\xbip_multadd_v2_0_xst_NO13_blk00000001.ngo"
Release 14.7 - edif2ngd P.20131013 (nt64)
Copyright (c) 1995-2013 Xilinx, Inc.  All rights reserved.
INFO:NgdBuild - Release 14.7 edif2ngd P.20131013 (nt64)
INFO:NgdBuild - Copyright (c) 1995-2013 Xilinx, Inc.  All rights reserved.
Writing module to "_ngo/xbip_multadd_v2_0_xst_NO13_blk00000001.ngo"...
Loading design module
"D:\minibench\scgra-sobel\scgra5x5-1k\scgra5x5-1k.runs\impl_1\_ngo\xbip_multadd_
v2_0_xst_NO13_blk00000001.ngo"...
Gathering constraint information from source properties...
Done.

Annotating constraints to design from ucf file "base_sys_stub.ucf" ...
WARNING:NgdBuild:931 - The value of SIM_DEVICE on instance
   'base_sys_i/axi_bram_ctrl_0_bram_block_1/axi_bram_ctrl_0_bram_block_1/ramb36e
   1_0' of type RAMB36E1 has been changed from 'VIRTEX6' to '7SERIES' to correct
   post-ngdbuild and timing simulation for this primitive.  In order for
   functional simulation to be correct, the value of SIM_DEVICE should be
   changed in this same manner in the source netlist or constraint file. For
   additional information on retargeting this primitive to 7SERIES, please see
   http://www.xilinx.com/support/documentation/sw_manuals/ug429_7Series_Migratio
   n.pdf.
WARNING:NgdBuild:931 - The value of SIM_DEVICE on instance
   'base_sys_i/axi_bram_ctrl_0_bram_block_1/axi_bram_ctrl_0_bram_block_1/ramb36e
   1_1' of type RAMB36E1 has been changed from 'VIRTEX6' to '7SERIES' to correct
   post-ngdbuild and timing simulation for this primitive.  In order for
   functional simulation to be correct, the value of SIM_DEVICE should be
   changed in this same manner in the source netlist or constraint file. For
   additional information on retargeting this primitive to 7SERIES, please see
   http://www.xilinx.com/support/documentation/sw_manuals/ug429_7Series_Migratio
   n.pdf.
WARNING:NgdBuild:931 - The value of SIM_DEVICE on instance
   'base_sys_i/axi_bram_ctrl_1_bram_block_1/axi_bram_ctrl_1_bram_block_1/ramb36e
   1_0' of type RAMB36E1 has been changed from 'VIRTEX6' to '7SERIES' to correct
   post-ngdbuild and timing simulation for this primitive.  In order for
   functional simulation to be correct, the value of SIM_DEVICE should be
   changed in this same manner in the source netlist or constraint file. For
   additional information on retargeting this primitive to 7SERIES, please see
   http://www.xilinx.com/support/documentation/sw_manuals/ug429_7Series_Migratio
   n.pdf.
WARNING:NgdBuild:931 - The value of SIM_DEVICE on instance
   'base_sys_i/axi_bram_ctrl_1_bram_block_1/axi_bram_ctrl_1_bram_block_1/ramb36e
   1_1' of type RAMB36E1 has been changed from 'VIRTEX6' to '7SERIES' to correct
   post-ngdbuild and timing simulation for this primitive.  In order for
   functional simulation to be correct, the value of SIM_DEVICE should be
   changed in this same manner in the source netlist or constraint file. For
   additional information on retargeting this primitive to 7SERIES, please see
   http://www.xilinx.com/support/documentation/sw_manuals/ug429_7Series_Migratio
   n.pdf.
WARNING:NgdBuild:931 - The value of SIM_DEVICE on instance
   'base_sys_i/axi_bram_ctrl_2_bram_block_1/axi_bram_ctrl_2_bram_block_1/ramb36e
   1_0' of type RAMB36E1 has been changed from 'VIRTEX6' to '7SERIES' to correct
   post-ngdbuild and timing simulation for this primitive.  In order for
   functional simulation to be correct, the value of SIM_DEVICE should be
   changed in this same manner in the source netlist or constraint file. For
   additional information on retargeting this primitive to 7SERIES, please see
   http://www.xilinx.com/support/documentation/sw_manuals/ug429_7Series_Migratio
   n.pdf.
WARNING:NgdBuild:931 - The value of SIM_DEVICE on instance
   'base_sys_i/axi_bram_ctrl_2_bram_block_1/axi_bram_ctrl_2_bram_block_1/ramb36e
   1_1' of type RAMB36E1 has been changed from 'VIRTEX6' to '7SERIES' to correct
   post-ngdbuild and timing simulation for this primitive.  In order for
   functional simulation to be correct, the value of SIM_DEVICE should be
   changed in this same manner in the source netlist or constraint file. For
   additional information on retargeting this primitive to 7SERIES, please see
   http://www.xilinx.com/support/documentation/sw_manuals/ug429_7Series_Migratio
   n.pdf.
WARNING:NgdBuild:931 - The value of SIM_DEVICE on instance
   'base_sys_i/axi_bram_ctrl_2_bram_block_1/axi_bram_ctrl_2_bram_block_1/ramb36e
   1_2' of type RAMB36E1 has been changed from 'VIRTEX6' to '7SERIES' to correct
   post-ngdbuild and timing simulation for this primitive.  In order for
   functional simulation to be correct, the value of SIM_DEVICE should be
   changed in this same manner in the source netlist or constraint file. For
   additional information on retargeting this primitive to 7SERIES, please see
   http://www.xilinx.com/support/documentation/sw_manuals/ug429_7Series_Migratio
   n.pdf.
WARNING:NgdBuild:931 - The value of SIM_DEVICE on instance
   'base_sys_i/axi_bram_ctrl_2_bram_block_1/axi_bram_ctrl_2_bram_block_1/ramb36e
   1_3' of type RAMB36E1 has been changed from 'VIRTEX6' to '7SERIES' to correct
   post-ngdbuild and timing simulation for this primitive.  In order for
   functional simulation to be correct, the value of SIM_DEVICE should be
   changed in this same manner in the source netlist or constraint file. For
   additional information on retargeting this primitive to 7SERIES, please see
   http://www.xilinx.com/support/documentation/sw_manuals/ug429_7Series_Migratio
   n.pdf.
WARNING:NgdBuild:931 - The value of SIM_DEVICE on instance
   'base_sys_i/axi_bram_ctrl_3_bram_block_1/axi_bram_ctrl_3_bram_block_1/ramb36e
   1_0' of type RAMB36E1 has been changed from 'VIRTEX6' to '7SERIES' to correct
   post-ngdbuild and timing simulation for this primitive.  In order for
   functional simulation to be correct, the value of SIM_DEVICE should be
   changed in this same manner in the source netlist or constraint file. For
   additional information on retargeting this primitive to 7SERIES, please see
   http://www.xilinx.com/support/documentation/sw_manuals/ug429_7Series_Migratio
   n.pdf.
WARNING:NgdBuild:931 - The value of SIM_DEVICE on instance
   'base_sys_i/axi_bram_ctrl_3_bram_block_1/axi_bram_ctrl_3_bram_block_1/ramb36e
   1_1' of type RAMB36E1 has been changed from 'VIRTEX6' to '7SERIES' to correct
   post-ngdbuild and timing simulation for this primitive.  In order for
   functional simulation to be correct, the value of SIM_DEVICE should be
   changed in this same manner in the source netlist or constraint file. For
   additional information on retargeting this primitive to 7SERIES, please see
   http://www.xilinx.com/support/documentation/sw_manuals/ug429_7Series_Migratio
   n.pdf.
WARNING:NgdBuild:931 - The value of SIM_DEVICE on instance
   'base_sys_i/axi_bram_ctrl_3_bram_block_1/axi_bram_ctrl_3_bram_block_1/ramb36e
   1_2' of type RAMB36E1 has been changed from 'VIRTEX6' to '7SERIES' to correct
   post-ngdbuild and timing simulation for this primitive.  In order for
   functional simulation to be correct, the value of SIM_DEVICE should be
   changed in this same manner in the source netlist or constraint file. For
   additional information on retargeting this primitive to 7SERIES, please see
   http://www.xilinx.com/support/documentation/sw_manuals/ug429_7Series_Migratio
   n.pdf.
WARNING:NgdBuild:931 - The value of SIM_DEVICE on instance
   'base_sys_i/axi_bram_ctrl_3_bram_block_1/axi_bram_ctrl_3_bram_block_1/ramb36e
   1_3' of type RAMB36E1 has been changed from 'VIRTEX6' to '7SERIES' to correct
   post-ngdbuild and timing simulation for this primitive.  In order for
   functional simulation to be correct, the value of SIM_DEVICE should be
   changed in this same manner in the source netlist or constraint file. For
   additional information on retargeting this primitive to 7SERIES, please see
   http://www.xilinx.com/support/documentation/sw_manuals/ug429_7Series_Migratio
   n.pdf.
Resolving constraint associations...
Checking Constraint Associations...
WARNING:ConstraintSystem:58 - Constraint <TIMEGRP
   axi_interconnect_1_reset_source =   FFS  PADS  CPUS;>
   [base_sys_stub.ucf(547)]: CPUS "*" does not match any design objects.

WARNING:ConstraintSystem:58 - Constraint <TIMEGRP
   axi_interconnect_2_reset_source =   FFS  PADS  CPUS;>
   [base_sys_stub.ucf(555)]: CPUS "*" does not match any design objects.

Done...

Processing BMM file "base_sys_stub.bmm" ...

Checking expanded design ...
WARNING:NgdBuild:478 - clock net base_sys_i/cgra5x5_0_PORT0_BRAM_Rst with clock
   driver base_sys_i/cgra5x5_0/Port0_Rst_BUFG drives no clock pins

Partition Implementation Status
-------------------------------

  No Partitions were found in this design.

-------------------------------

NGDBUILD Design Results Summary:
  Number of errors:     0
  Number of warnings:  15

Writing NGD file "base_sys_stub.ngd" ...
Total REAL time to NGDBUILD completion: 4 min  35 sec
Total CPU time to NGDBUILD completion:  1 min  30 sec

Writing NGDBUILD log file "base_sys_stub.bld"...

NGDBUILD done.

*** Running map
    with args -intstyle pa -w "base_sys_stub.ngd"

Using target part "7z020clg484-1".
WARNING:LIT:702 - PAD symbol "processing_system7_0_PS_SRSTB" is not constrained
   (LOC) to a specific location.
Mapping design into LUTs...
Running directed packing...
Running delay-based LUT packing...
Updating timing models...
INFO:Map:215 - The Interim Design Summary has been generated in the MAP Report
   (.mrp).
Running timing-driven placement...
Total REAL time at the beginning of Placer: 2 mins 13 secs 
Total CPU  time at the beginning of Placer: 2 mins 7 secs 

Phase 1.1  Initial Placement Analysis
Phase 1.1  Initial Placement Analysis (Checksum:baad0797) REAL time: 2 mins 26 secs 

Phase 2.7  Design Feasibility Check
Phase 2.7  Design Feasibility Check (Checksum:baad0797) REAL time: 2 mins 30 secs 

Phase 3.31  Local Placement Optimization
Phase 3.31  Local Placement Optimization (Checksum:baad0797) REAL time: 2 mins 30 secs 

Phase 4.2  Initial Placement for Architecture Specific Features

Phase 4.2  Initial Placement for Architecture Specific Features
(Checksum:ae825107) REAL time: 2 mins 59 secs 

Phase 5.30  Global Clock Region Assignment
Phase 5.30  Global Clock Region Assignment (Checksum:ae825107) REAL time: 2 mins 59 secs 

Phase 6.3  Local Placement Optimization
Phase 6.3  Local Placement Optimization (Checksum:ae825107) REAL time: 2 mins 59 secs 

Phase 7.5  Local Placement Optimization
Phase 7.5  Local Placement Optimization (Checksum:ae825107) REAL time: 3 mins 

Phase 8.8  Global Placement
............................
.........................................................................................................
....................................................................................................................
...................................................................................................................................
Phase 8.8  Global Placement (Checksum:903d856b) REAL time: 6 mins 44 secs 

Phase 9.5  Local Placement Optimization
Phase 9.5  Local Placement Optimization (Checksum:903d856b) REAL time: 6 mins 47 secs 

Phase 10.18  Placement Optimization
Phase 10.18  Placement Optimization (Checksum:2bdac543) REAL time: 8 mins 3 secs 

Phase 11.5  Local Placement Optimization
Phase 11.5  Local Placement Optimization (Checksum:2bdac543) REAL time: 8 mins 4 secs 

Phase 12.34  Placement Validation
Phase 12.34  Placement Validation (Checksum:2bdac543) REAL time: 8 mins 5 secs 

Total REAL time to Placer completion: 8 mins 8 secs 
Total CPU  time to Placer completion: 7 mins 57 secs 
Running post-placement packing...
Writing output files...

Design Summary:
Number of errors:      0
Number of warnings:   71
Slice Logic Utilization:
  Number of Slice Registers:                29,697 out of 106,400   27%
    Number used as Flip Flops:              29,697
    Number used as Latches:                      0
    Number used as Latch-thrus:                  0
    Number used as AND/OR logics:                0
  Number of Slice LUTs:                     15,854 out of  53,200   29%
    Number used as logic:                   12,578 out of  53,200   23%
      Number using O6 output only:          11,653
      Number using O5 output only:              12
      Number using O5 and O6:                  913
      Number used as ROM:                        0
    Number used as Memory:                     305 out of  17,400    1%
      Number used as Dual Port RAM:            240
        Number using O6 output only:             0
        Number using O5 output only:            16
        Number using O5 and O6:                224
      Number used as Single Port RAM:            0
      Number used as Shift Register:            65
        Number using O6 output only:            65
        Number using O5 output only:             0
        Number using O5 and O6:                  0
    Number used exclusively as route-thrus:  2,971
      Number with same-slice register load:  2,957
      Number with same-slice carry load:         5
      Number with other load:                    9

Slice Logic Distribution:
  Number of occupied Slices:                 6,962 out of  13,300   52%
  Number of LUT Flip Flop pairs used:       25,601
    Number with an unused Flip Flop:         1,825 out of  25,601    7%
    Number with an unused LUT:               9,747 out of  25,601   38%
    Number of fully used LUT-FF pairs:      14,029 out of  25,601   54%
    Number of unique control sets:             261
    Number of slice register sites lost
      to control set restrictions:             998 out of 106,400    1%

  A LUT Flip Flop pair for this architecture represents one LUT paired with
  one Flip Flop within a slice.  A control set is a unique combination of
  clock, reset, set, and enable signals for a registered element.
  The Slice Logic Distribution report is not meaningful if the design is
  over-mapped for a non-slice resource or if Placement fails.
  OVERMAPPING of BRAM resources should be ignored if the design is
  over-mapped for a non-BRAM resource or if placement fails.

IO Utilization:
  Number of bonded IOBs:                         0 out of     200    0%
  Number of bonded IOPAD:                      130 out of     130  100%

Specific Feature Utilization:
  Number of RAMB36E1/FIFO36E1s:                137 out of     140   97%
    Number using RAMB36E1 only:                137
    Number using FIFO36E1 only:                  0
  Number of RAMB18E1/FIFO18E1s:                  0 out of     280    0%
  Number of BUFG/BUFGCTRLs:                      3 out of      32    9%
    Number used as BUFGs:                        3
    Number used as BUFGCTRLs:                    0
  Number of IDELAYE2/IDELAYE2_FINEDELAYs:        0 out of     200    0%
  Number of ILOGICE2/ILOGICE3/ISERDESE2s:        0 out of     200    0%
  Number of ODELAYE2/ODELAYE2_FINEDELAYs:        0
  Number of OLOGICE2/OLOGICE3/OSERDESE2s:        0 out of     200    0%
  Number of PHASER_IN/PHASER_IN_PHYs:            0 out of      16    0%
  Number of PHASER_OUT/PHASER_OUT_PHYs:          0 out of      16    0%
  Number of BSCANs:                              0 out of       4    0%
  Number of BUFHCEs:                             0 out of      72    0%
  Number of BUFRs:                               0 out of      16    0%
  Number of CAPTUREs:                            0 out of       1    0%
  Number of DNA_PORTs:                           0 out of       1    0%
  Number of DSP48E1s:                           25 out of     220   11%
  Number of EFUSE_USRs:                          0 out of       1    0%
  Number of FRAME_ECCs:                          0 out of       1    0%
  Number of ICAPs:                               0 out of       2    0%
  Number of IDELAYCTRLs:                         0 out of       4    0%
  Number of IN_FIFOs:                            0 out of      16    0%
  Number of MMCME2_ADVs:                         0 out of       4    0%
  Number of OUT_FIFOs:                           0 out of      16    0%
  Number of PHASER_REFs:                         0 out of       4    0%
  Number of PHY_CONTROLs:                        0 out of       4    0%
  Number of PLLE2_ADVs:                          0 out of       4    0%
  Number of PS7s:                                1 out of       1  100%
  Number of STARTUPs:                            0 out of       1    0%
  Number of XADCs:                               0 out of       1    0%

Average Fanout of Non-Clock Nets:                3.14

Peak Memory Usage:  1480 MB
Total REAL time to MAP completion:  8 mins 37 secs 
Total CPU time to MAP completion:   8 mins 25 secs 

Mapping completed.
See MAP report file "base_sys_stub.mrp" for details.

*** Running par
    with args -intstyle pa "base_sys_stub.ncd" -w "base_sys_stub_routed.ncd"




Constraints file: base_sys_stub.pcf.
Loading device for application Rf_Device from file '7z020.nph' in environment C:\EDA\14.7\ISE_DS\ISE\.
   "base_sys_stub" is an NCD, version 3.2, device xc7z020, package clg484, speed -1

Initializing temperature to 85.000 Celsius. (default - Range: 0.000 to 85.000 Celsius)
Initializing voltage to 0.950 Volts. (default - Range: 0.950 to 1.050 Volts)


Device speed data version:  "PRODUCTION 1.08 2013-10-13".



Device Utilization Summary:

   Number of BUFGs                           3 out of 32      9%
   Number of DSP48E1s                       25 out of 220    11%
   Number of External IOPADs               130 out of 130   100%
      Number of LOCed IOPADs               127 out of 130    97%

   Number of PS7s                            1 out of 1     100%
   Number of RAMB36E1s                     137 out of 140    97%
   Number of Slices                       6962 out of 13300  52%
   Number of Slice Registers             29697 out of 106400 27%
      Number used as Flip Flops          29697
      Number used as Latches                 0
      Number used as LatchThrus              0

   Number of Slice LUTS                  15854 out of 53200  29%
   Number of Slice LUT-Flip Flop pairs   24167 out of 53200  45%


Overall effort level (-ol):   Standard 
Router effort level (-rl):    High 

INFO:Timing:3386 - Intersecting Constraints found and resolved.  For more information, see the TSI report.  Please consult the Xilinx
   Command Line Tools User Guide for information on generating a TSI report.
Starting initial Timing Analysis.  REAL time: 59 secs 
Finished initial Timing Analysis.  REAL time: 1 mins 

WARNING:Par:288 - The signal
   base_sys_i/axi_interconnect_1/axi_interconnect_1/mi_data_fifo_bank/gen_fifo_slot[3].data_fifo_inst/gen_fifo.fifo_gen_inst/U0/xst_fifo_gen
   erator/gaxi_full_lite.gread_ch.grdch2.axi_rdch/grf.rf/gntv_or_sync_fifo.mem/gdm.dm/Mram_RAM4_RAMD_D1_O has no load.  PAR will not attempt
   to route this signal.
WARNING:Par:288 - The signal
   base_sys_i/axi_interconnect_1/axi_interconnect_1/mi_data_fifo_bank/gen_fifo_slot[3].data_fifo_inst/gen_fifo.fifo_gen_inst/U0/xst_fifo_gen
   erator/gaxi_full_lite.gread_ch.grdch2.axi_rdch/grf.rf/gntv_or_sync_fifo.mem/gdm.dm/Mram_RAM2_RAMD_D1_O has no load.  PAR will not attempt
   to route this signal.
WARNING:Par:288 - The signal
   base_sys_i/axi_interconnect_1/axi_interconnect_1/mi_data_fifo_bank/gen_fifo_slot[3].data_fifo_inst/gen_fifo.fifo_gen_inst/U0/xst_fifo_gen
   erator/gaxi_full_lite.gread_ch.grdch2.axi_rdch/grf.rf/gntv_or_sync_fifo.mem/gdm.dm/Mram_RAM3_RAMD_D1_O has no load.  PAR will not attempt
   to route this signal.
WARNING:Par:288 - The signal
   base_sys_i/axi_interconnect_1/axi_interconnect_1/mi_data_fifo_bank/gen_fifo_slot[3].data_fifo_inst/gen_fifo.fifo_gen_inst/U0/xst_fifo_gen
   erator/gaxi_full_lite.gread_ch.grdch2.axi_rdch/grf.rf/gntv_or_sync_fifo.mem/gdm.dm/Mram_RAM6_RAMD_D1_O has no load.  PAR will not attempt
   to route this signal.
WARNING:Par:288 - The signal
   base_sys_i/axi_interconnect_1/axi_interconnect_1/mi_data_fifo_bank/gen_fifo_slot[3].data_fifo_inst/gen_fifo.fifo_gen_inst/U0/xst_fifo_gen
   erator/gaxi_full_lite.gread_ch.grdch2.axi_rdch/grf.rf/gntv_or_sync_fifo.mem/gdm.dm/Mram_RAM1_RAMD_D1_O has no load.  PAR will not attempt
   to route this signal.
WARNING:Par:288 - The signal
   base_sys_i/axi_interconnect_1/axi_interconnect_1/mi_data_fifo_bank/gen_fifo_slot[3].data_fifo_inst/gen_fifo.fifo_gen_inst/U0/xst_fifo_gen
   erator/gaxi_full_lite.gread_ch.grdch2.axi_rdch/grf.rf/gntv_or_sync_fifo.mem/gdm.dm/Mram_RAM5_RAMD_D1_O has no load.  PAR will not attempt
   to route this signal.
WARNING:Par:288 - The signal
   base_sys_i/axi_interconnect_1/axi_interconnect_1/mi_data_fifo_bank/gen_fifo_slot[3].data_fifo_inst/gen_fifo.fifo_gen_inst/U0/xst_fifo_gen
   erator/gaxi_full_lite.gread_ch.grdch2.axi_rdch/grf.rf/gntv_or_sync_fifo.mem/gdm.dm/Mram_RAM7_RAMD_D1_O has no load.  PAR will not attempt
   to route this signal.
WARNING:Par:288 - The signal
   base_sys_i/axi_interconnect_1/axi_interconnect_1/mi_data_fifo_bank/gen_fifo_slot[3].data_fifo_inst/gen_fifo.fifo_gen_inst/U0/xst_fifo_gen
   erator/gaxi_full_lite.gread_ch.grdch2.axi_rdch/grf.rf/gntv_or_sync_fifo.mem/gdm.dm/Mram_RAM8_RAMD_D1_O has no load.  PAR will not attempt
   to route this signal.
WARNING:Par:288 - The signal
   base_sys_i/axi_interconnect_1/axi_interconnect_1/mi_data_fifo_bank/gen_fifo_slot[1].data_fifo_inst/gen_fifo.fifo_gen_inst/U0/xst_fifo_gen
   erator/gaxi_full_lite.gread_ch.grdch2.axi_rdch/grf.rf/gntv_or_sync_fifo.mem/gdm.dm/Mram_RAM4_RAMD_D1_O has no load.  PAR will not attempt
   to route this signal.
WARNING:Par:288 - The signal
   base_sys_i/axi_interconnect_1/axi_interconnect_1/mi_data_fifo_bank/gen_fifo_slot[1].data_fifo_inst/gen_fifo.fifo_gen_inst/U0/xst_fifo_gen
   erator/gaxi_full_lite.gread_ch.grdch2.axi_rdch/grf.rf/gntv_or_sync_fifo.mem/gdm.dm/Mram_RAM5_RAMD_D1_O has no load.  PAR will not attempt
   to route this signal.
WARNING:Par:288 - The signal
   base_sys_i/axi_interconnect_1/axi_interconnect_1/mi_data_fifo_bank/gen_fifo_slot[1].data_fifo_inst/gen_fifo.fifo_gen_inst/U0/xst_fifo_gen
   erator/gaxi_full_lite.gread_ch.grdch2.axi_rdch/grf.rf/gntv_or_sync_fifo.mem/gdm.dm/Mram_RAM3_RAMD_D1_O has no load.  PAR will not attempt
   to route this signal.
WARNING:Par:288 - The signal
   base_sys_i/axi_interconnect_1/axi_interconnect_1/mi_data_fifo_bank/gen_fifo_slot[1].data_fifo_inst/gen_fifo.fifo_gen_inst/U0/xst_fifo_gen
   erator/gaxi_full_lite.gread_ch.grdch2.axi_rdch/grf.rf/gntv_or_sync_fifo.mem/gdm.dm/Mram_RAM1_RAMD_D1_O has no load.  PAR will not attempt
   to route this signal.
WARNING:Par:288 - The signal
   base_sys_i/axi_interconnect_1/axi_interconnect_1/mi_data_fifo_bank/gen_fifo_slot[1].data_fifo_inst/gen_fifo.fifo_gen_inst/U0/xst_fifo_gen
   erator/gaxi_full_lite.gread_ch.grdch2.axi_rdch/grf.rf/gntv_or_sync_fifo.mem/gdm.dm/Mram_RAM2_RAMD_D1_O has no load.  PAR will not attempt
   to route this signal.
WARNING:Par:288 - The signal
   base_sys_i/axi_interconnect_1/axi_interconnect_1/mi_data_fifo_bank/gen_fifo_slot[3].data_fifo_inst/gen_fifo.fifo_gen_inst/U0/xst_fifo_gen
   erator/gaxi_full_lite.gwrite_ch.gwdch2.axi_wdch/grf.rf/gntv_or_sync_fifo.mem/gdm.dm/Mram_RAM2_RAMD_D1_O has no load.  PAR will not
   attempt to route this signal.
WARNING:Par:288 - The signal
   base_sys_i/axi_interconnect_1/axi_interconnect_1/mi_data_fifo_bank/gen_fifo_slot[3].data_fifo_inst/gen_fifo.fifo_gen_inst/U0/xst_fifo_gen
   erator/gaxi_full_lite.gwrite_ch.gwdch2.axi_wdch/grf.rf/gntv_or_sync_fifo.mem/gdm.dm/Mram_RAM7_RAMB_D1_DPO has no load.  PAR will not
   attempt to route this signal.
WARNING:Par:288 - The signal
   base_sys_i/axi_interconnect_1/axi_interconnect_1/mi_data_fifo_bank/gen_fifo_slot[3].data_fifo_inst/gen_fifo.fifo_gen_inst/U0/xst_fifo_gen
   erator/gaxi_full_lite.gwrite_ch.gwdch2.axi_wdch/grf.rf/gntv_or_sync_fifo.mem/gdm.dm/Mram_RAM7_RAMC_D1_DPO has no load.  PAR will not
   attempt to route this signal.
WARNING:Par:288 - The signal
   base_sys_i/axi_interconnect_1/axi_interconnect_1/mi_data_fifo_bank/gen_fifo_slot[3].data_fifo_inst/gen_fifo.fifo_gen_inst/U0/xst_fifo_gen
   erator/gaxi_full_lite.gwrite_ch.gwdch2.axi_wdch/grf.rf/gntv_or_sync_fifo.mem/gdm.dm/Mram_RAM7_RAMD_D1_O has no load.  PAR will not
   attempt to route this signal.
WARNING:Par:288 - The signal
   base_sys_i/axi_interconnect_1/axi_interconnect_1/mi_data_fifo_bank/gen_fifo_slot[1].data_fifo_inst/gen_fifo.fifo_gen_inst/U0/xst_fifo_gen
   erator/gaxi_full_lite.gwrite_ch.gwdch2.axi_wdch/grf.rf/gntv_or_sync_fifo.mem/gdm.dm/Mram_RAM2_RAMD_D1_O has no load.  PAR will not
   attempt to route this signal.
WARNING:Par:288 - The signal
   base_sys_i/axi_interconnect_1/axi_interconnect_1/mi_data_fifo_bank/gen_fifo_slot[3].data_fifo_inst/gen_fifo.fifo_gen_inst/U0/xst_fifo_gen
   erator/gaxi_full_lite.gwrite_ch.gwdch2.axi_wdch/grf.rf/gntv_or_sync_fifo.mem/gdm.dm/Mram_RAM4_RAMD_D1_O has no load.  PAR will not
   attempt to route this signal.
WARNING:Par:288 - The signal
   base_sys_i/axi_interconnect_1/axi_interconnect_1/mi_data_fifo_bank/gen_fifo_slot[1].data_fifo_inst/gen_fifo.fifo_gen_inst/U0/xst_fifo_gen
   erator/gaxi_full_lite.gwrite_ch.gwdch2.axi_wdch/grf.rf/gntv_or_sync_fifo.mem/gdm.dm/Mram_RAM4_RAMD_D1_O has no load.  PAR will not
   attempt to route this signal.
WARNING:Par:288 - The signal
   base_sys_i/axi_interconnect_1/axi_interconnect_1/mi_data_fifo_bank/gen_fifo_slot[3].data_fifo_inst/gen_fifo.fifo_gen_inst/U0/xst_fifo_gen
   erator/gaxi_full_lite.gwrite_ch.gwdch2.axi_wdch/grf.rf/gntv_or_sync_fifo.mem/gdm.dm/Mram_RAM6_RAMD_D1_O has no load.  PAR will not
   attempt to route this signal.
WARNING:Par:288 - The signal
   base_sys_i/axi_interconnect_1/axi_interconnect_1/mi_data_fifo_bank/gen_fifo_slot[3].data_fifo_inst/gen_fifo.fifo_gen_inst/U0/xst_fifo_gen
   erator/gaxi_full_lite.gwrite_ch.gwdch2.axi_wdch/grf.rf/gntv_or_sync_fifo.mem/gdm.dm/Mram_RAM5_RAMD_D1_O has no load.  PAR will not
   attempt to route this signal.
WARNING:Par:288 - The signal
   base_sys_i/axi_interconnect_1/axi_interconnect_1/mi_data_fifo_bank/gen_fifo_slot[1].data_fifo_inst/gen_fifo.fifo_gen_inst/U0/xst_fifo_gen
   erator/gaxi_full_lite.gwrite_ch.gwdch2.axi_wdch/grf.rf/gntv_or_sync_fifo.mem/gdm.dm/Mram_RAM1_RAMD_D1_O has no load.  PAR will not
   attempt to route this signal.
WARNING:Par:288 - The signal
   base_sys_i/axi_interconnect_1/axi_interconnect_1/mi_data_fifo_bank/gen_fifo_slot[3].data_fifo_inst/gen_fifo.fifo_gen_inst/U0/xst_fifo_gen
   erator/gaxi_full_lite.gwrite_ch.gwdch2.axi_wdch/grf.rf/gntv_or_sync_fifo.mem/gdm.dm/Mram_RAM1_RAMD_D1_O has no load.  PAR will not
   attempt to route this signal.
WARNING:Par:288 - The signal
   base_sys_i/axi_interconnect_1/axi_interconnect_1/mi_data_fifo_bank/gen_fifo_slot[3].data_fifo_inst/gen_fifo.fifo_gen_inst/U0/xst_fifo_gen
   erator/gaxi_full_lite.gwrite_ch.gwdch2.axi_wdch/grf.rf/gntv_or_sync_fifo.mem/gdm.dm/Mram_RAM3_RAMD_D1_O has no load.  PAR will not
   attempt to route this signal.
WARNING:Par:288 - The signal
   base_sys_i/axi_interconnect_1/axi_interconnect_1/mi_data_fifo_bank/gen_fifo_slot[1].data_fifo_inst/gen_fifo.fifo_gen_inst/U0/xst_fifo_gen
   erator/gaxi_full_lite.gwrite_ch.gwdch2.axi_wdch/grf.rf/gntv_or_sync_fifo.mem/gdm.dm/Mram_RAM3_RAMD_D1_O has no load.  PAR will not
   attempt to route this signal.
WARNING:Par:288 - The signal
   base_sys_i/axi_interconnect_1/axi_interconnect_1/mi_data_fifo_bank/gen_fifo_slot[1].data_fifo_inst/gen_fifo.fifo_gen_inst/U0/xst_fifo_gen
   erator/gaxi_full_lite.gwrite_ch.gwdch2.axi_wdch/grf.rf/gntv_or_sync_fifo.mem/gdm.dm/Mram_RAM6_RAMD_D1_O has no load.  PAR will not
   attempt to route this signal.
WARNING:Par:288 - The signal
   base_sys_i/axi_interconnect_1/axi_interconnect_1/mi_data_fifo_bank/gen_fifo_slot[1].data_fifo_inst/gen_fifo.fifo_gen_inst/U0/xst_fifo_gen
   erator/gaxi_full_lite.gwrite_ch.gwdch2.axi_wdch/grf.rf/gntv_or_sync_fifo.mem/gdm.dm/Mram_RAM5_RAMD_D1_O has no load.  PAR will not
   attempt to route this signal.
WARNING:Par:288 - The signal
   base_sys_i/axi_interconnect_1/axi_interconnect_1/mi_data_fifo_bank/gen_fifo_slot[2].data_fifo_inst/gen_fifo.fifo_gen_inst/U0/xst_fifo_gen
   erator/gaxi_full_lite.gwrite_ch.gwdch2.axi_wdch/grf.rf/gntv_or_sync_fifo.mem/gdm.dm/Mram_RAM3_RAMD_D1_O has no load.  PAR will not
   attempt to route this signal.
WARNING:Par:288 - The signal
   base_sys_i/axi_interconnect_1/axi_interconnect_1/mi_data_fifo_bank/gen_fifo_slot[2].data_fifo_inst/gen_fifo.fifo_gen_inst/U0/xst_fifo_gen
   erator/gaxi_full_lite.gwrite_ch.gwdch2.axi_wdch/grf.rf/gntv_or_sync_fifo.mem/gdm.dm/Mram_RAM4_RAMD_D1_O has no load.  PAR will not
   attempt to route this signal.
WARNING:Par:288 - The signal
   base_sys_i/axi_interconnect_1/axi_interconnect_1/mi_data_fifo_bank/gen_fifo_slot[0].data_fifo_inst/gen_fifo.fifo_gen_inst/U0/xst_fifo_gen
   erator/gaxi_full_lite.gwrite_ch.gwdch2.axi_wdch/grf.rf/gntv_or_sync_fifo.mem/gdm.dm/Mram_RAM5_RAMD_D1_O has no load.  PAR will not
   attempt to route this signal.
WARNING:Par:288 - The signal
   base_sys_i/axi_interconnect_1/axi_interconnect_1/mi_data_fifo_bank/gen_fifo_slot[0].data_fifo_inst/gen_fifo.fifo_gen_inst/U0/xst_fifo_gen
   erator/gaxi_full_lite.gwrite_ch.gwdch2.axi_wdch/grf.rf/gntv_or_sync_fifo.mem/gdm.dm/Mram_RAM1_RAMD_D1_O has no load.  PAR will not
   attempt to route this signal.
WARNING:Par:288 - The signal
   base_sys_i/axi_interconnect_1/axi_interconnect_1/mi_data_fifo_bank/gen_fifo_slot[2].data_fifo_inst/gen_fifo.fifo_gen_inst/U0/xst_fifo_gen
   erator/gaxi_full_lite.gwrite_ch.gwdch2.axi_wdch/grf.rf/gntv_or_sync_fifo.mem/gdm.dm/Mram_RAM5_RAMD_D1_O has no load.  PAR will not
   attempt to route this signal.
WARNING:Par:288 - The signal
   base_sys_i/axi_interconnect_1/axi_interconnect_1/mi_data_fifo_bank/gen_fifo_slot[2].data_fifo_inst/gen_fifo.fifo_gen_inst/U0/xst_fifo_gen
   erator/gaxi_full_lite.gwrite_ch.gwdch2.axi_wdch/grf.rf/gntv_or_sync_fifo.mem/gdm.dm/Mram_RAM1_RAMD_D1_O has no load.  PAR will not
   attempt to route this signal.
WARNING:Par:288 - The signal
   base_sys_i/axi_interconnect_1/axi_interconnect_1/mi_data_fifo_bank/gen_fifo_slot[1].data_fifo_inst/gen_fifo.fifo_gen_inst/U0/xst_fifo_gen
   erator/gaxi_full_lite.gread_ch.grdch2.axi_rdch/grf.rf/gntv_or_sync_fifo.mem/gdm.dm/Mram_RAM6_RAMD_D1_O has no load.  PAR will not attempt
   to route this signal.
WARNING:Par:288 - The signal
   base_sys_i/axi_interconnect_1/axi_interconnect_1/mi_data_fifo_bank/gen_fifo_slot[1].data_fifo_inst/gen_fifo.fifo_gen_inst/U0/xst_fifo_gen
   erator/gaxi_full_lite.gread_ch.grdch2.axi_rdch/grf.rf/gntv_or_sync_fifo.mem/gdm.dm/Mram_RAM7_RAMD_D1_O has no load.  PAR will not attempt
   to route this signal.
WARNING:Par:288 - The signal
   base_sys_i/axi_interconnect_1/axi_interconnect_1/mi_data_fifo_bank/gen_fifo_slot[1].data_fifo_inst/gen_fifo.fifo_gen_inst/U0/xst_fifo_gen
   erator/gaxi_full_lite.gread_ch.grdch2.axi_rdch/grf.rf/gntv_or_sync_fifo.mem/gdm.dm/Mram_RAM8_RAMD_D1_O has no load.  PAR will not attempt
   to route this signal.
WARNING:Par:288 - The signal
   base_sys_i/axi_interconnect_1/axi_interconnect_1/mi_data_fifo_bank/gen_fifo_slot[1].data_fifo_inst/gen_fifo.fifo_gen_inst/U0/xst_fifo_gen
   erator/gaxi_full_lite.gwrite_ch.gwdch2.axi_wdch/grf.rf/gntv_or_sync_fifo.mem/gdm.dm/Mram_RAM7_RAMB_D1_DPO has no load.  PAR will not
   attempt to route this signal.
WARNING:Par:288 - The signal
   base_sys_i/axi_interconnect_1/axi_interconnect_1/mi_data_fifo_bank/gen_fifo_slot[1].data_fifo_inst/gen_fifo.fifo_gen_inst/U0/xst_fifo_gen
   erator/gaxi_full_lite.gwrite_ch.gwdch2.axi_wdch/grf.rf/gntv_or_sync_fifo.mem/gdm.dm/Mram_RAM7_RAMC_D1_DPO has no load.  PAR will not
   attempt to route this signal.
WARNING:Par:288 - The signal
   base_sys_i/axi_interconnect_1/axi_interconnect_1/mi_data_fifo_bank/gen_fifo_slot[1].data_fifo_inst/gen_fifo.fifo_gen_inst/U0/xst_fifo_gen
   erator/gaxi_full_lite.gwrite_ch.gwdch2.axi_wdch/grf.rf/gntv_or_sync_fifo.mem/gdm.dm/Mram_RAM7_RAMD_D1_O has no load.  PAR will not
   attempt to route this signal.
WARNING:Par:288 - The signal
   base_sys_i/axi_interconnect_1/axi_interconnect_1/mi_data_fifo_bank/gen_fifo_slot[2].data_fifo_inst/gen_fifo.fifo_gen_inst/U0/xst_fifo_gen
   erator/gaxi_full_lite.gwrite_ch.gwdch2.axi_wdch/grf.rf/gntv_or_sync_fifo.mem/gdm.dm/Mram_RAM2_RAMD_D1_O has no load.  PAR will not
   attempt to route this signal.
WARNING:Par:288 - The signal
   base_sys_i/axi_interconnect_1/axi_interconnect_1/mi_data_fifo_bank/gen_fifo_slot[0].data_fifo_inst/gen_fifo.fifo_gen_inst/U0/xst_fifo_gen
   erator/gaxi_full_lite.gwrite_ch.gwdch2.axi_wdch/grf.rf/gntv_or_sync_fifo.mem/gdm.dm/Mram_RAM3_RAMD_D1_O has no load.  PAR will not
   attempt to route this signal.
WARNING:Par:288 - The signal
   base_sys_i/axi_interconnect_1/axi_interconnect_1/mi_data_fifo_bank/gen_fifo_slot[0].data_fifo_inst/gen_fifo.fifo_gen_inst/U0/xst_fifo_gen
   erator/gaxi_full_lite.gwrite_ch.gwdch2.axi_wdch/grf.rf/gntv_or_sync_fifo.mem/gdm.dm/Mram_RAM4_RAMD_D1_O has no load.  PAR will not
   attempt to route this signal.
WARNING:Par:288 - The signal base_sys_i/cgra5x5_0_PORT2_BRAM_Addr[16] has no load.  PAR will not attempt to route this signal.
WARNING:Par:288 - The signal base_sys_i/cgra5x5_0_PORT2_BRAM_Addr[17] has no load.  PAR will not attempt to route this signal.
WARNING:Par:288 - The signal
   base_sys_i/axi_interconnect_1/axi_interconnect_1/mi_data_fifo_bank/gen_fifo_slot[2].data_fifo_inst/gen_fifo.fifo_gen_inst/U0/xst_fifo_gen
   erator/gaxi_full_lite.gwrite_ch.gwdch2.axi_wdch/grf.rf/gntv_or_sync_fifo.mem/gdm.dm/Mram_RAM6_RAMD_D1_O has no load.  PAR will not
   attempt to route this signal.
WARNING:Par:288 - The signal
   base_sys_i/axi_interconnect_1/axi_interconnect_1/mi_data_fifo_bank/gen_fifo_slot[0].data_fifo_inst/gen_fifo.fifo_gen_inst/U0/xst_fifo_gen
   erator/gaxi_full_lite.gwrite_ch.gwdch2.axi_wdch/grf.rf/gntv_or_sync_fifo.mem/gdm.dm/Mram_RAM7_RAMB_D1_DPO has no load.  PAR will not
   attempt to route this signal.
WARNING:Par:288 - The signal
   base_sys_i/axi_interconnect_1/axi_interconnect_1/mi_data_fifo_bank/gen_fifo_slot[0].data_fifo_inst/gen_fifo.fifo_gen_inst/U0/xst_fifo_gen
   erator/gaxi_full_lite.gwrite_ch.gwdch2.axi_wdch/grf.rf/gntv_or_sync_fifo.mem/gdm.dm/Mram_RAM7_RAMC_D1_DPO has no load.  PAR will not
   attempt to route this signal.
WARNING:Par:288 - The signal
   base_sys_i/axi_interconnect_1/axi_interconnect_1/mi_data_fifo_bank/gen_fifo_slot[0].data_fifo_inst/gen_fifo.fifo_gen_inst/U0/xst_fifo_gen
   erator/gaxi_full_lite.gwrite_ch.gwdch2.axi_wdch/grf.rf/gntv_or_sync_fifo.mem/gdm.dm/Mram_RAM7_RAMD_D1_O has no load.  PAR will not
   attempt to route this signal.
WARNING:Par:288 - The signal
   base_sys_i/axi_interconnect_1/axi_interconnect_1/mi_data_fifo_bank/gen_fifo_slot[2].data_fifo_inst/gen_fifo.fifo_gen_inst/U0/xst_fifo_gen
   erator/gaxi_full_lite.gwrite_ch.gwdch2.axi_wdch/grf.rf/gntv_or_sync_fifo.mem/gdm.dm/Mram_RAM7_RAMB_D1_DPO has no load.  PAR will not
   attempt to route this signal.
WARNING:Par:288 - The signal
   base_sys_i/axi_interconnect_1/axi_interconnect_1/mi_data_fifo_bank/gen_fifo_slot[2].data_fifo_inst/gen_fifo.fifo_gen_inst/U0/xst_fifo_gen
   erator/gaxi_full_lite.gwrite_ch.gwdch2.axi_wdch/grf.rf/gntv_or_sync_fifo.mem/gdm.dm/Mram_RAM7_RAMC_D1_DPO has no load.  PAR will not
   attempt to route this signal.
WARNING:Par:288 - The signal
   base_sys_i/axi_interconnect_1/axi_interconnect_1/mi_data_fifo_bank/gen_fifo_slot[2].data_fifo_inst/gen_fifo.fifo_gen_inst/U0/xst_fifo_gen
   erator/gaxi_full_lite.gwrite_ch.gwdch2.axi_wdch/grf.rf/gntv_or_sync_fifo.mem/gdm.dm/Mram_RAM7_RAMD_D1_O has no load.  PAR will not
   attempt to route this signal.
WARNING:Par:288 - The signal
   base_sys_i/axi_interconnect_1/axi_interconnect_1/mi_data_fifo_bank/gen_fifo_slot[0].data_fifo_inst/gen_fifo.fifo_gen_inst/U0/xst_fifo_gen
   erator/gaxi_full_lite.gwrite_ch.gwdch2.axi_wdch/grf.rf/gntv_or_sync_fifo.mem/gdm.dm/Mram_RAM6_RAMD_D1_O has no load.  PAR will not
   attempt to route this signal.
WARNING:Par:288 - The signal
   base_sys_i/axi_interconnect_1/axi_interconnect_1/mi_data_fifo_bank/gen_fifo_slot[0].data_fifo_inst/gen_fifo.fifo_gen_inst/U0/xst_fifo_gen
   erator/gaxi_full_lite.gwrite_ch.gwdch2.axi_wdch/grf.rf/gntv_or_sync_fifo.mem/gdm.dm/Mram_RAM2_RAMD_D1_O has no load.  PAR will not
   attempt to route this signal.
WARNING:Par:288 - The signal
   base_sys_i/axi_interconnect_1/axi_interconnect_1/mi_data_fifo_bank/gen_fifo_slot[2].data_fifo_inst/gen_fifo.fifo_gen_inst/U0/xst_fifo_gen
   erator/gaxi_full_lite.gread_ch.grdch2.axi_rdch/grf.rf/gntv_or_sync_fifo.mem/gdm.dm/Mram_RAM4_RAMD_D1_O has no load.  PAR will not attempt
   to route this signal.
WARNING:Par:288 - The signal
   base_sys_i/axi_interconnect_1/axi_interconnect_1/mi_data_fifo_bank/gen_fifo_slot[2].data_fifo_inst/gen_fifo.fifo_gen_inst/U0/xst_fifo_gen
   erator/gaxi_full_lite.gread_ch.grdch2.axi_rdch/grf.rf/gntv_or_sync_fifo.mem/gdm.dm/Mram_RAM7_RAMD_D1_O has no load.  PAR will not attempt
   to route this signal.
WARNING:Par:288 - The signal
   base_sys_i/axi_interconnect_1/axi_interconnect_1/mi_data_fifo_bank/gen_fifo_slot[2].data_fifo_inst/gen_fifo.fifo_gen_inst/U0/xst_fifo_gen
   erator/gaxi_full_lite.gread_ch.grdch2.axi_rdch/grf.rf/gntv_or_sync_fifo.mem/gdm.dm/Mram_RAM8_RAMD_D1_O has no load.  PAR will not attempt
   to route this signal.
WARNING:Par:288 - The signal
   base_sys_i/axi_interconnect_1/axi_interconnect_1/mi_data_fifo_bank/gen_fifo_slot[2].data_fifo_inst/gen_fifo.fifo_gen_inst/U0/xst_fifo_gen
   erator/gaxi_full_lite.gread_ch.grdch2.axi_rdch/grf.rf/gntv_or_sync_fifo.mem/gdm.dm/Mram_RAM6_RAMD_D1_O has no load.  PAR will not attempt
   to route this signal.
WARNING:Par:288 - The signal
   base_sys_i/axi_interconnect_1/axi_interconnect_1/mi_data_fifo_bank/gen_fifo_slot[2].data_fifo_inst/gen_fifo.fifo_gen_inst/U0/xst_fifo_gen
   erator/gaxi_full_lite.gread_ch.grdch2.axi_rdch/grf.rf/gntv_or_sync_fifo.mem/gdm.dm/Mram_RAM5_RAMD_D1_O has no load.  PAR will not attempt
   to route this signal.
WARNING:Par:288 - The signal
   base_sys_i/axi_interconnect_1/axi_interconnect_1/mi_data_fifo_bank/gen_fifo_slot[2].data_fifo_inst/gen_fifo.fifo_gen_inst/U0/xst_fifo_gen
   erator/gaxi_full_lite.gread_ch.grdch2.axi_rdch/grf.rf/gntv_or_sync_fifo.mem/gdm.dm/Mram_RAM3_RAMD_D1_O has no load.  PAR will not attempt
   to route this signal.
WARNING:Par:288 - The signal
   base_sys_i/axi_interconnect_1/axi_interconnect_1/mi_data_fifo_bank/gen_fifo_slot[2].data_fifo_inst/gen_fifo.fifo_gen_inst/U0/xst_fifo_gen
   erator/gaxi_full_lite.gread_ch.grdch2.axi_rdch/grf.rf/gntv_or_sync_fifo.mem/gdm.dm/Mram_RAM1_RAMD_D1_O has no load.  PAR will not attempt
   to route this signal.
WARNING:Par:288 - The signal
   base_sys_i/axi_interconnect_1/axi_interconnect_1/mi_data_fifo_bank/gen_fifo_slot[2].data_fifo_inst/gen_fifo.fifo_gen_inst/U0/xst_fifo_gen
   erator/gaxi_full_lite.gread_ch.grdch2.axi_rdch/grf.rf/gntv_or_sync_fifo.mem/gdm.dm/Mram_RAM2_RAMD_D1_O has no load.  PAR will not attempt
   to route this signal.
WARNING:Par:288 - The signal
   base_sys_i/axi_interconnect_1/axi_interconnect_1/mi_data_fifo_bank/gen_fifo_slot[0].data_fifo_inst/gen_fifo.fifo_gen_inst/U0/xst_fifo_gen
   erator/gaxi_full_lite.gread_ch.grdch2.axi_rdch/grf.rf/gntv_or_sync_fifo.mem/gdm.dm/Mram_RAM7_RAMD_D1_O has no load.  PAR will not attempt
   to route this signal.
WARNING:Par:288 - The signal
   base_sys_i/axi_interconnect_1/axi_interconnect_1/mi_data_fifo_bank/gen_fifo_slot[0].data_fifo_inst/gen_fifo.fifo_gen_inst/U0/xst_fifo_gen
   erator/gaxi_full_lite.gread_ch.grdch2.axi_rdch/grf.rf/gntv_or_sync_fifo.mem/gdm.dm/Mram_RAM1_RAMD_D1_O has no load.  PAR will not attempt
   to route this signal.
WARNING:Par:288 - The signal
   base_sys_i/axi_interconnect_1/axi_interconnect_1/mi_data_fifo_bank/gen_fifo_slot[0].data_fifo_inst/gen_fifo.fifo_gen_inst/U0/xst_fifo_gen
   erator/gaxi_full_lite.gread_ch.grdch2.axi_rdch/grf.rf/gntv_or_sync_fifo.mem/gdm.dm/Mram_RAM6_RAMD_D1_O has no load.  PAR will not attempt
   to route this signal.
WARNING:Par:288 - The signal
   base_sys_i/axi_interconnect_1/axi_interconnect_1/mi_data_fifo_bank/gen_fifo_slot[0].data_fifo_inst/gen_fifo.fifo_gen_inst/U0/xst_fifo_gen
   erator/gaxi_full_lite.gread_ch.grdch2.axi_rdch/grf.rf/gntv_or_sync_fifo.mem/gdm.dm/Mram_RAM5_RAMD_D1_O has no load.  PAR will not attempt
   to route this signal.
WARNING:Par:288 - The signal
   base_sys_i/axi_interconnect_1/axi_interconnect_1/mi_data_fifo_bank/gen_fifo_slot[0].data_fifo_inst/gen_fifo.fifo_gen_inst/U0/xst_fifo_gen
   erator/gaxi_full_lite.gread_ch.grdch2.axi_rdch/grf.rf/gntv_or_sync_fifo.mem/gdm.dm/Mram_RAM8_RAMD_D1_O has no load.  PAR will not attempt
   to route this signal.
WARNING:Par:288 - The signal
   base_sys_i/axi_interconnect_1/axi_interconnect_1/mi_data_fifo_bank/gen_fifo_slot[0].data_fifo_inst/gen_fifo.fifo_gen_inst/U0/xst_fifo_gen
   erator/gaxi_full_lite.gread_ch.grdch2.axi_rdch/grf.rf/gntv_or_sync_fifo.mem/gdm.dm/Mram_RAM4_RAMD_D1_O has no load.  PAR will not attempt
   to route this signal.
WARNING:Par:288 - The signal
   base_sys_i/axi_interconnect_1/axi_interconnect_1/mi_data_fifo_bank/gen_fifo_slot[0].data_fifo_inst/gen_fifo.fifo_gen_inst/U0/xst_fifo_gen
   erator/gaxi_full_lite.gread_ch.grdch2.axi_rdch/grf.rf/gntv_or_sync_fifo.mem/gdm.dm/Mram_RAM2_RAMD_D1_O has no load.  PAR will not attempt
   to route this signal.
WARNING:Par:288 - The signal
   base_sys_i/axi_interconnect_1/axi_interconnect_1/mi_data_fifo_bank/gen_fifo_slot[0].data_fifo_inst/gen_fifo.fifo_gen_inst/U0/xst_fifo_gen
   erator/gaxi_full_lite.gread_ch.grdch2.axi_rdch/grf.rf/gntv_or_sync_fifo.mem/gdm.dm/Mram_RAM3_RAMD_D1_O has no load.  PAR will not attempt
   to route this signal.
Starting Router


Phase  1  : 130212 unrouted;      REAL time: 1 mins 4 secs 

Phase  2  : 100160 unrouted;      REAL time: 1 mins 10 secs 

Phase  3  : 35626 unrouted;      REAL time: 2 mins 11 secs 

Phase  4  : 35657 unrouted; (Setup:5, Hold:520269, Component Switching Limit:0)     REAL time: 2 mins 33 secs 

Updating file: base_sys_stub_routed.ncd with current fully routed design.

Phase  5  : 0 unrouted; (Setup:53, Hold:447530, Component Switching Limit:0)     REAL time: 3 mins 29 secs 

Phase  6  : 0 unrouted; (Setup:53, Hold:447530, Component Switching Limit:0)     REAL time: 3 mins 33 secs 

Phase  7  : 0 unrouted; (Setup:53, Hold:447530, Component Switching Limit:0)     REAL time: 3 mins 33 secs 

Phase  8  : 0 unrouted; (Setup:53, Hold:447530, Component Switching Limit:0)     REAL time: 3 mins 33 secs 

Phase  9  : 0 unrouted; (Setup:0, Hold:0, Component Switching Limit:0)     REAL time: 3 mins 48 secs 
Total REAL time to Router completion: 3 mins 48 secs 
Total CPU time to Router completion: 3 mins 56 secs 

Partition Implementation Status
-------------------------------

  No Partitions were found in this design.

-------------------------------

Generating "PAR" statistics.

**************************
Generating Clock Report
**************************

+---------------------+--------------+------+------+------------+-------------+
|        Clock Net    |   Resource   |Locked|Fanout|Net Skew(ns)|Max Delay(ns)|
+---------------------+--------------+------+------+------------+-------------+
|base_sys_i/axi_bram_ |              |      |      |            |             |
|ctrl_0_BRAM_PORTA_BR |              |      |      |            |             |
|              AM_Clk |BUFGCTRL_X0Y30| No   | 1324 |  0.380     |  2.012      |
+---------------------+--------------+------+------+------------+-------------+
|base_sys_i/cgra5x5_0 |              |      |      |            |             |
|     _PORT0_BRAM_Clk |BUFGCTRL_X0Y31| No   | 5879 |  0.448     |  2.067      |
+---------------------+--------------+------+------+------------+-------------+

* Net Skew is the difference between the minimum and maximum routing
only delays for the net. Note this is different from Clock Skew which
is reported in TRCE timing report. Clock Skew is the difference between
the minimum and maximum path delays which includes logic delays.

* The fanout is the number of component pins not the individual BEL loads,
for example SLICE loads not FF loads.

Timing Score: 0 (Setup: 0, Hold: 0, Component Switching Limit: 0)

Asterisk (*) preceding a constraint indicates it was not met.
   This may be due to a setup or hold violation.

----------------------------------------------------------------------------------------------------------
  Constraint                                |    Check    | Worst Case |  Best Case | Timing |   Timing   
                                            |             |    Slack   | Achievable | Errors |    Score   
----------------------------------------------------------------------------------------------------------
  TS_clk_fpga_0 = PERIOD TIMEGRP "clk_fpga_ | SETUP       |     0.007ns|     9.993ns|       0|           0
  0" 100 MHz HIGH 50%                       | HOLD        |     0.002ns|            |       0|           0
----------------------------------------------------------------------------------------------------------
  TS_clk_fpga_1 = PERIOD TIMEGRP "clk_fpga_ | SETUP       |     0.009ns|     4.991ns|       0|           0
  1" 200 MHz HIGH 50%                       | HOLD        |     0.000ns|            |       0|           0
----------------------------------------------------------------------------------------------------------
  PATH "TS_axi_interconnect_1_reset_resync_ | SETUP       |         N/A|     1.092ns|     N/A|           0
  path" TIG                                 |             |            |            |        |            
----------------------------------------------------------------------------------------------------------
  PATH "TS_axi_interconnect_2_reset_resync_ | SETUP       |         N/A|     1.217ns|     N/A|           0
  path" TIG                                 |             |            |            |        |            
----------------------------------------------------------------------------------------------------------
  PATH "TS_Clk_To_LowClk_path" TIG          | SETUP       |         N/A|     1.563ns|     N/A|           0
----------------------------------------------------------------------------------------------------------
  PATH "TS_LowClk_To_Clk_path" TIG          | SETUP       |         N/A|     3.593ns|     N/A|           0
----------------------------------------------------------------------------------------------------------


All constraints were met.
INFO:Timing:2761 - N/A entries in the Constraints List may indicate that the 
   constraint is not analyzed due to the following: No paths covered by this 
   constraint; Other constraints intersect with this constraint; or This 
   constraint was disabled by a Path Tracing Control. Please run the Timespec 
   Interaction Report (TSI) via command line (trce tsi) or Timing Analyzer GUI.


Generating Pad Report.

All signals are completely routed.

WARNING:Par:283 - There are 70 loadless signals in this design. This design will cause Bitgen to issue DRC warnings.

Total REAL time to PAR completion: 3 mins 55 secs 
Total CPU time to PAR completion: 4 mins 3 secs 

Peak Memory Usage:  1430 MB

Placer: Placement generated during map.
Routing: Completed - No errors found.
Timing: Completed - No errors found.

Number of error messages: 0
Number of warning messages: 72
Number of info messages: 1

Writing design to file base_sys_stub_routed.ncd



PAR done!

*** Running trce
    with args -intstyle ise -o "base_sys_stub.twr" -v 30 -l 30 "base_sys_stub_routed.ncd" "base_sys_stub.pcf"

Loading device for application Rf_Device from file '7z020.nph' in environment
C:\EDA\14.7\ISE_DS\ISE\.
   "base_sys_stub" is an NCD, version 3.2, device xc7z020, package clg484, speed
-1

Analysis completed Mon Aug 04 18:35:59 2014
--------------------------------------------------------------------------------

Generating Report ...

Number of warnings: 0
Total time: 51 secs 

*** Running xdl
    with args -secure -ncd2xdl -nopips "base_sys_stub_routed.ncd" "base_sys_stub_routed.xdl"

Release 14.7 - xdl P.20131013 (nt64)
Copyright (c) 1995-2013 Xilinx, Inc.  All rights reserved.

WARNING:XDL:213 - The resulting xdl output will not have LUT equation strings or RAM INIT strings.
Loading device for application Rf_Device from file '7z020.nph' in environment C:\EDA\14.7\ISE_DS\ISE\.
   "base_sys_stub" is an NCD, version 3.2, device xc7z020, package clg484, speed -1
Successfully converted design 'base_sys_stub_routed.ncd' to 'base_sys_stub_routed.xdl'.
