

================================================================
== Vivado HLS Report for 'sobel_ip'
================================================================
* Date:           Tue Mar 24 16:11:22 2015

* Version:        2013.3 (build date: Wed Oct 16 18:12:55 PM 2013)
* Project:        sobel_small
* Solution:       unroll-1x2x3x3
* Product family: zynq zynq_fpv6 
* Target device:  xc7z020clg484-1


================================================================
== Performance Estimates
================================================================
+ Timing (ns): 
    * Summary: 
    +---------+-------+----------+------------+
    |  Clock  | Target| Estimated| Uncertainty|
    +---------+-------+----------+------------+
    |default  |  10.00|      8.73|        1.25|
    +---------+-------+----------+------------+

+ Latency (clock cycles): 
    * Summary: 
    +------+------+------+------+---------+
    |   Latency   |   Interval  | Pipeline|
    |  min |  max |  min |  max |   Type  |
    +------+------+------+------+---------+
    |  3261|  3261|  3262|  3262|   none  |
    +------+------+------+------+---------+

    + Detail: 
        * Instance: 
        N/A

        * Loop: 
        +-------------------+------+------+----------+-----------+-----------+------+----------+
        |                   |   Latency   | Iteration|  Initiation Interval  | Trip |          |
        |     Loop Name     |  min |  max |  Latency |  achieved |   target  | Count| Pipelined|
        +-------------------+------+------+----------+-----------+-----------+------+----------+
        |- Loop 1           |    33|    33|        11|          -|          -|     3|    no    |
        | + Loop 1.1        |     9|     9|         3|          -|          -|     3|    no    |
        |- sobel_ip_label3  |  3220|  3220|        46|         25|          1|   128|    yes   |
        +-------------------+------+------+----------+-----------+-----------+------+----------+



================================================================
== Utilization Estimates
================================================================
* Summary: 
+-----------------+---------+-------+--------+-------+
|       Name      | BRAM_18K| DSP48E|   FF   |  LUT  |
+-----------------+---------+-------+--------+-------+
|Expression       |        -|      -|       0|  10376|
|FIFO             |        -|      -|       -|      -|
|Instance         |        -|    216|       0|      0|
|Memory           |        2|      -|       0|      0|
|Multiplexer      |        -|      -|       -|    148|
|Register         |        -|      -|    6111|      -|
|ShiftMemory      |        -|      -|       -|      -|
+-----------------+---------+-------+--------+-------+
|Total            |        2|    216|    6111|  10524|
+-----------------+---------+-------+--------+-------+
|Available        |      280|    220|  106400|  53200|
+-----------------+---------+-------+--------+-------+
|Utilization (%)  |    ~0   |     98|       5|     19|
+-----------------+---------+-------+--------+-------+

+ Detail: 
    * Instance: 
    +--------------------------------+---------------------------+---------+-------+---+----+
    |            Instance            |           Module          | BRAM_18K| DSP48E| FF| LUT|
    +--------------------------------+---------------------------+---------+-------+---+----+
    |sobel_ip_mul_32s_8ns_32_3_U0    |sobel_ip_mul_32s_8ns_32_3  |        0|      2|  0|   0|
    |sobel_ip_mul_32s_8ns_32_3_U1    |sobel_ip_mul_32s_8ns_32_3  |        0|      2|  0|   0|
    |sobel_ip_mul_32s_8ns_32_3_U2    |sobel_ip_mul_32s_8ns_32_3  |        0|      2|  0|   0|
    |sobel_ip_mul_32s_8ns_32_3_U3    |sobel_ip_mul_32s_8ns_32_3  |        0|      2|  0|   0|
    |sobel_ip_mul_32s_8ns_32_3_U4    |sobel_ip_mul_32s_8ns_32_3  |        0|      2|  0|   0|
    |sobel_ip_mul_32s_8ns_32_3_U5    |sobel_ip_mul_32s_8ns_32_3  |        0|      2|  0|   0|
    |sobel_ip_mul_32s_8ns_32_3_U6    |sobel_ip_mul_32s_8ns_32_3  |        0|      2|  0|   0|
    |sobel_ip_mul_32s_8ns_32_3_U7    |sobel_ip_mul_32s_8ns_32_3  |        0|      2|  0|   0|
    |sobel_ip_mul_32s_8ns_32_3_U8    |sobel_ip_mul_32s_8ns_32_3  |        0|      2|  0|   0|
    |sobel_ip_mul_32s_8ns_32_3_U9    |sobel_ip_mul_32s_8ns_32_3  |        0|      2|  0|   0|
    |sobel_ip_mul_32s_8ns_32_3_U10   |sobel_ip_mul_32s_8ns_32_3  |        0|      2|  0|   0|
    |sobel_ip_mul_32s_8ns_32_3_U11   |sobel_ip_mul_32s_8ns_32_3  |        0|      2|  0|   0|
    |sobel_ip_mul_32s_8ns_32_3_U12   |sobel_ip_mul_32s_8ns_32_3  |        0|      2|  0|   0|
    |sobel_ip_mul_32s_8ns_32_3_U13   |sobel_ip_mul_32s_8ns_32_3  |        0|      2|  0|   0|
    |sobel_ip_mul_32s_8ns_32_3_U14   |sobel_ip_mul_32s_8ns_32_3  |        0|      2|  0|   0|
    |sobel_ip_mul_32s_8ns_32_3_U15   |sobel_ip_mul_32s_8ns_32_3  |        0|      2|  0|   0|
    |sobel_ip_mul_32s_8ns_32_3_U16   |sobel_ip_mul_32s_8ns_32_3  |        0|      2|  0|   0|
    |sobel_ip_mul_32s_8ns_32_3_U17   |sobel_ip_mul_32s_8ns_32_3  |        0|      2|  0|   0|
    |sobel_ip_mul_32s_8ns_32_3_U18   |sobel_ip_mul_32s_8ns_32_3  |        0|      2|  0|   0|
    |sobel_ip_mul_32s_8ns_32_3_U19   |sobel_ip_mul_32s_8ns_32_3  |        0|      2|  0|   0|
    |sobel_ip_mul_32s_8ns_32_3_U20   |sobel_ip_mul_32s_8ns_32_3  |        0|      2|  0|   0|
    |sobel_ip_mul_32s_8ns_32_3_U21   |sobel_ip_mul_32s_8ns_32_3  |        0|      2|  0|   0|
    |sobel_ip_mul_32s_8ns_32_3_U22   |sobel_ip_mul_32s_8ns_32_3  |        0|      2|  0|   0|
    |sobel_ip_mul_32s_8ns_32_3_U23   |sobel_ip_mul_32s_8ns_32_3  |        0|      2|  0|   0|
    |sobel_ip_mul_32s_8ns_32_3_U24   |sobel_ip_mul_32s_8ns_32_3  |        0|      2|  0|   0|
    |sobel_ip_mul_32s_8ns_32_3_U25   |sobel_ip_mul_32s_8ns_32_3  |        0|      2|  0|   0|
    |sobel_ip_mul_32s_8ns_32_3_U26   |sobel_ip_mul_32s_8ns_32_3  |        0|      2|  0|   0|
    |sobel_ip_mul_32s_8ns_32_3_U27   |sobel_ip_mul_32s_8ns_32_3  |        0|      2|  0|   0|
    |sobel_ip_mul_32s_8ns_32_3_U28   |sobel_ip_mul_32s_8ns_32_3  |        0|      2|  0|   0|
    |sobel_ip_mul_32s_8ns_32_3_U29   |sobel_ip_mul_32s_8ns_32_3  |        0|      2|  0|   0|
    |sobel_ip_mul_32s_8ns_32_3_U30   |sobel_ip_mul_32s_8ns_32_3  |        0|      2|  0|   0|
    |sobel_ip_mul_32s_8ns_32_3_U31   |sobel_ip_mul_32s_8ns_32_3  |        0|      2|  0|   0|
    |sobel_ip_mul_32s_8ns_32_3_U32   |sobel_ip_mul_32s_8ns_32_3  |        0|      2|  0|   0|
    |sobel_ip_mul_32s_8ns_32_3_U33   |sobel_ip_mul_32s_8ns_32_3  |        0|      2|  0|   0|
    |sobel_ip_mul_32s_8ns_32_3_U34   |sobel_ip_mul_32s_8ns_32_3  |        0|      2|  0|   0|
    |sobel_ip_mul_32s_8ns_32_3_U35   |sobel_ip_mul_32s_8ns_32_3  |        0|      2|  0|   0|
    |sobel_ip_mul_32s_8ns_32_3_U36   |sobel_ip_mul_32s_8ns_32_3  |        0|      2|  0|   0|
    |sobel_ip_mul_32s_8ns_32_3_U37   |sobel_ip_mul_32s_8ns_32_3  |        0|      2|  0|   0|
    |sobel_ip_mul_32s_8ns_32_3_U38   |sobel_ip_mul_32s_8ns_32_3  |        0|      2|  0|   0|
    |sobel_ip_mul_32s_8ns_32_3_U39   |sobel_ip_mul_32s_8ns_32_3  |        0|      2|  0|   0|
    |sobel_ip_mul_32s_8ns_32_3_U40   |sobel_ip_mul_32s_8ns_32_3  |        0|      2|  0|   0|
    |sobel_ip_mul_32s_8ns_32_3_U41   |sobel_ip_mul_32s_8ns_32_3  |        0|      2|  0|   0|
    |sobel_ip_mul_32s_8ns_32_3_U42   |sobel_ip_mul_32s_8ns_32_3  |        0|      2|  0|   0|
    |sobel_ip_mul_32s_8ns_32_3_U43   |sobel_ip_mul_32s_8ns_32_3  |        0|      2|  0|   0|
    |sobel_ip_mul_32s_8ns_32_3_U44   |sobel_ip_mul_32s_8ns_32_3  |        0|      2|  0|   0|
    |sobel_ip_mul_32s_8ns_32_3_U45   |sobel_ip_mul_32s_8ns_32_3  |        0|      2|  0|   0|
    |sobel_ip_mul_32s_8ns_32_3_U46   |sobel_ip_mul_32s_8ns_32_3  |        0|      2|  0|   0|
    |sobel_ip_mul_32s_8ns_32_3_U47   |sobel_ip_mul_32s_8ns_32_3  |        0|      2|  0|   0|
    |sobel_ip_mul_32s_8ns_32_3_U48   |sobel_ip_mul_32s_8ns_32_3  |        0|      2|  0|   0|
    |sobel_ip_mul_32s_8ns_32_3_U49   |sobel_ip_mul_32s_8ns_32_3  |        0|      2|  0|   0|
    |sobel_ip_mul_32s_8ns_32_3_U50   |sobel_ip_mul_32s_8ns_32_3  |        0|      2|  0|   0|
    |sobel_ip_mul_32s_8ns_32_3_U51   |sobel_ip_mul_32s_8ns_32_3  |        0|      2|  0|   0|
    |sobel_ip_mul_32s_8ns_32_3_U52   |sobel_ip_mul_32s_8ns_32_3  |        0|      2|  0|   0|
    |sobel_ip_mul_32s_8ns_32_3_U53   |sobel_ip_mul_32s_8ns_32_3  |        0|      2|  0|   0|
    |sobel_ip_mul_32s_8ns_32_3_U54   |sobel_ip_mul_32s_8ns_32_3  |        0|      2|  0|   0|
    |sobel_ip_mul_32s_8ns_32_3_U55   |sobel_ip_mul_32s_8ns_32_3  |        0|      2|  0|   0|
    |sobel_ip_mul_32s_8ns_32_3_U56   |sobel_ip_mul_32s_8ns_32_3  |        0|      2|  0|   0|
    |sobel_ip_mul_32s_8ns_32_3_U57   |sobel_ip_mul_32s_8ns_32_3  |        0|      2|  0|   0|
    |sobel_ip_mul_32s_8ns_32_3_U58   |sobel_ip_mul_32s_8ns_32_3  |        0|      2|  0|   0|
    |sobel_ip_mul_32s_8ns_32_3_U59   |sobel_ip_mul_32s_8ns_32_3  |        0|      2|  0|   0|
    |sobel_ip_mul_32s_8ns_32_3_U60   |sobel_ip_mul_32s_8ns_32_3  |        0|      2|  0|   0|
    |sobel_ip_mul_32s_8ns_32_3_U61   |sobel_ip_mul_32s_8ns_32_3  |        0|      2|  0|   0|
    |sobel_ip_mul_32s_8ns_32_3_U62   |sobel_ip_mul_32s_8ns_32_3  |        0|      2|  0|   0|
    |sobel_ip_mul_32s_8ns_32_3_U63   |sobel_ip_mul_32s_8ns_32_3  |        0|      2|  0|   0|
    |sobel_ip_mul_32s_8ns_32_3_U64   |sobel_ip_mul_32s_8ns_32_3  |        0|      2|  0|   0|
    |sobel_ip_mul_32s_8ns_32_3_U65   |sobel_ip_mul_32s_8ns_32_3  |        0|      2|  0|   0|
    |sobel_ip_mul_32s_8ns_32_3_U66   |sobel_ip_mul_32s_8ns_32_3  |        0|      2|  0|   0|
    |sobel_ip_mul_32s_8ns_32_3_U67   |sobel_ip_mul_32s_8ns_32_3  |        0|      2|  0|   0|
    |sobel_ip_mul_32s_8ns_32_3_U68   |sobel_ip_mul_32s_8ns_32_3  |        0|      2|  0|   0|
    |sobel_ip_mul_32s_8ns_32_3_U69   |sobel_ip_mul_32s_8ns_32_3  |        0|      2|  0|   0|
    |sobel_ip_mul_32s_8ns_32_3_U70   |sobel_ip_mul_32s_8ns_32_3  |        0|      2|  0|   0|
    |sobel_ip_mul_32s_8ns_32_3_U71   |sobel_ip_mul_32s_8ns_32_3  |        0|      2|  0|   0|
    |sobel_ip_mul_32s_8ns_32_3_U72   |sobel_ip_mul_32s_8ns_32_3  |        0|      2|  0|   0|
    |sobel_ip_mul_32s_8ns_32_3_U73   |sobel_ip_mul_32s_8ns_32_3  |        0|      2|  0|   0|
    |sobel_ip_mul_32s_8ns_32_3_U74   |sobel_ip_mul_32s_8ns_32_3  |        0|      2|  0|   0|
    |sobel_ip_mul_32s_8ns_32_3_U75   |sobel_ip_mul_32s_8ns_32_3  |        0|      2|  0|   0|
    |sobel_ip_mul_32s_8ns_32_3_U76   |sobel_ip_mul_32s_8ns_32_3  |        0|      2|  0|   0|
    |sobel_ip_mul_32s_8ns_32_3_U77   |sobel_ip_mul_32s_8ns_32_3  |        0|      2|  0|   0|
    |sobel_ip_mul_32s_8ns_32_3_U78   |sobel_ip_mul_32s_8ns_32_3  |        0|      2|  0|   0|
    |sobel_ip_mul_32s_8ns_32_3_U79   |sobel_ip_mul_32s_8ns_32_3  |        0|      2|  0|   0|
    |sobel_ip_mul_32s_8ns_32_3_U80   |sobel_ip_mul_32s_8ns_32_3  |        0|      2|  0|   0|
    |sobel_ip_mul_32s_8ns_32_3_U81   |sobel_ip_mul_32s_8ns_32_3  |        0|      2|  0|   0|
    |sobel_ip_mul_32s_8ns_32_3_U82   |sobel_ip_mul_32s_8ns_32_3  |        0|      2|  0|   0|
    |sobel_ip_mul_32s_8ns_32_3_U83   |sobel_ip_mul_32s_8ns_32_3  |        0|      2|  0|   0|
    |sobel_ip_mul_32s_8ns_32_3_U84   |sobel_ip_mul_32s_8ns_32_3  |        0|      2|  0|   0|
    |sobel_ip_mul_32s_8ns_32_3_U85   |sobel_ip_mul_32s_8ns_32_3  |        0|      2|  0|   0|
    |sobel_ip_mul_32s_8ns_32_3_U86   |sobel_ip_mul_32s_8ns_32_3  |        0|      2|  0|   0|
    |sobel_ip_mul_32s_8ns_32_3_U87   |sobel_ip_mul_32s_8ns_32_3  |        0|      2|  0|   0|
    |sobel_ip_mul_32s_8ns_32_3_U88   |sobel_ip_mul_32s_8ns_32_3  |        0|      2|  0|   0|
    |sobel_ip_mul_32s_8ns_32_3_U89   |sobel_ip_mul_32s_8ns_32_3  |        0|      2|  0|   0|
    |sobel_ip_mul_32s_8ns_32_3_U90   |sobel_ip_mul_32s_8ns_32_3  |        0|      2|  0|   0|
    |sobel_ip_mul_32s_8ns_32_3_U91   |sobel_ip_mul_32s_8ns_32_3  |        0|      2|  0|   0|
    |sobel_ip_mul_32s_8ns_32_3_U92   |sobel_ip_mul_32s_8ns_32_3  |        0|      2|  0|   0|
    |sobel_ip_mul_32s_8ns_32_3_U93   |sobel_ip_mul_32s_8ns_32_3  |        0|      2|  0|   0|
    |sobel_ip_mul_32s_8ns_32_3_U94   |sobel_ip_mul_32s_8ns_32_3  |        0|      2|  0|   0|
    |sobel_ip_mul_32s_8ns_32_3_U95   |sobel_ip_mul_32s_8ns_32_3  |        0|      2|  0|   0|
    |sobel_ip_mul_32s_8ns_32_3_U96   |sobel_ip_mul_32s_8ns_32_3  |        0|      2|  0|   0|
    |sobel_ip_mul_32s_8ns_32_3_U97   |sobel_ip_mul_32s_8ns_32_3  |        0|      2|  0|   0|
    |sobel_ip_mul_32s_8ns_32_3_U98   |sobel_ip_mul_32s_8ns_32_3  |        0|      2|  0|   0|
    |sobel_ip_mul_32s_8ns_32_3_U99   |sobel_ip_mul_32s_8ns_32_3  |        0|      2|  0|   0|
    |sobel_ip_mul_32s_8ns_32_3_U100  |sobel_ip_mul_32s_8ns_32_3  |        0|      2|  0|   0|
    |sobel_ip_mul_32s_8ns_32_3_U101  |sobel_ip_mul_32s_8ns_32_3  |        0|      2|  0|   0|
    |sobel_ip_mul_32s_8ns_32_3_U102  |sobel_ip_mul_32s_8ns_32_3  |        0|      2|  0|   0|
    |sobel_ip_mul_32s_8ns_32_3_U103  |sobel_ip_mul_32s_8ns_32_3  |        0|      2|  0|   0|
    |sobel_ip_mul_32s_8ns_32_3_U104  |sobel_ip_mul_32s_8ns_32_3  |        0|      2|  0|   0|
    |sobel_ip_mul_32s_8ns_32_3_U105  |sobel_ip_mul_32s_8ns_32_3  |        0|      2|  0|   0|
    |sobel_ip_mul_32s_8ns_32_3_U106  |sobel_ip_mul_32s_8ns_32_3  |        0|      2|  0|   0|
    |sobel_ip_mul_32s_8ns_32_3_U107  |sobel_ip_mul_32s_8ns_32_3  |        0|      2|  0|   0|
    +--------------------------------+---------------------------+---------+-------+---+----+
    |Total                           |                           |        0|    216|  0|   0|
    +--------------------------------+---------------------------+---------+-------+---+----+

    * Memory: 
    +-------+-------------+---------+------+-----+------+-------------+
    | Memory|    Module   | BRAM_18K| Words| Bits| Banks| W*Bits*Banks|
    +-------+-------------+---------+------+-----+------+-------------+
    |Gx_U   |sobel_ip_Gx  |        1|     9|   32|     1|          288|
    |Gy_U   |sobel_ip_Gx  |        1|     9|   32|     1|          288|
    +-------+-------------+---------+------+-----+------+-------------+
    |Total  |             |        2|    18|   64|     2|          576|
    +-------+-------------+---------+------+-----+------+-------------+

    * FIFO: 
    N/A

    * Shift register: 
    N/A

    * Expression: 
    +----------------------------+----------+-------+---+-----+------------+------------+
    |        Variable Name       | Operation| DSP48E| FF| LUT | Bitwidth P0| Bitwidth P1|
    +----------------------------+----------+-------+---+-----+------------+------------+
    |gepindex12_fu_3145_p2       |     +    |      0|  0|   13|          13|           8|
    |gepindex15_fu_3487_p2       |     +    |      0|  0|   13|          13|           8|
    |gepindex17_fu_3632_p2       |     +    |      0|  0|   13|          13|           8|
    |gepindex19_fu_3831_p2       |     +    |      0|  0|   13|          13|           8|
    |gepindex22_fu_1793_p2       |     +    |      0|  0|   13|          13|           8|
    |gepindex25_fu_1280_p2       |     +    |      0|  0|   13|          13|           8|
    |gepindex28_fu_1450_p2       |     +    |      0|  0|   13|          13|           8|
    |gepindex31_fu_1946_p2       |     +    |      0|  0|    9|           9|           8|
    |gepindex34_fu_2864_p2       |     +    |      0|  0|   13|          13|           8|
    |gepindex37_fu_3287_p2       |     +    |      0|  0|   13|          13|           8|
    |gepindex3_fu_2414_p2        |     +    |      0|  0|   13|          13|           8|
    |gepindex40_fu_962_p2        |     +    |      0|  0|   13|          13|           8|
    |gepindex42_fu_1088_p2       |     +    |      0|  0|   13|          13|           8|
    |gepindex44_fu_1242_p2       |     +    |      0|  0|   13|          13|           8|
    |gepindex46_fu_1592_p2       |     +    |      0|  0|   13|          13|           8|
    |gepindex49_fu_2165_p2       |     +    |      0|  0|   13|          13|           8|
    |gepindex52_fu_1759_p2       |     +    |      0|  0|   13|          13|           8|
    |gepindex55_fu_2292_p2       |     +    |      0|  0|    9|           9|           8|
    |gepindex6_fu_2571_p2        |     +    |      0|  0|   13|          13|           8|
    |gepindex9_fu_2702_p2        |     +    |      0|  0|   13|          13|           8|
    |gepindex_fu_2898_p2         |     +    |      0|  0|   13|          13|           8|
    |i_2_fu_678_p2               |     +    |      0|  0|    2|           2|           1|
    |i_3_fu_783_p2               |     +    |      0|  0|    8|           8|           1|
    |j_1_fu_716_p2               |     +    |      0|  0|    2|           2|           1|
    |mem_index_gep10_fu_1162_p2  |     +    |      0|  0|   12|          12|           7|
    |mem_index_gep11_fu_1330_p2  |     +    |      0|  0|   12|          12|           7|
    |mem_index_gep12_fu_1930_p2  |     +    |      0|  0|   10|          10|           7|
    |mem_index_gep13_fu_2021_p2  |     +    |      0|  0|   10|          10|           7|
    |mem_index_gep14_fu_2768_p2  |     +    |      0|  0|   12|          12|           7|
    |mem_index_gep15_fu_3182_p2  |     +    |      0|  0|   12|          12|           7|
    |mem_index_gep16_fu_947_p2   |     +    |      0|  0|   12|          12|           7|
    |mem_index_gep17_fu_1073_p2  |     +    |      0|  0|   12|          12|           7|
    |mem_index_gep18_fu_1227_p2  |     +    |      0|  0|   12|          12|           7|
    |mem_index_gep19_fu_1511_p2  |     +    |      0|  0|   12|          12|           7|
    |mem_index_gep1_fu_2346_p2   |     +    |      0|  0|   12|          12|           7|
    |mem_index_gep20_fu_2083_p2  |     +    |      0|  0|   12|          12|           7|
    |mem_index_gep21_fu_1642_p2  |     +    |      0|  0|   12|          12|           7|
    |mem_index_gep22_fu_2276_p2  |     +    |      0|  0|   10|          10|           7|
    |mem_index_gep2_fu_2464_p2   |     +    |      0|  0|   12|          12|           7|
    |mem_index_gep3_fu_2618_p2   |     +    |      0|  0|   12|          12|           7|
    |mem_index_gep4_fu_2975_p2   |     +    |      0|  0|   12|          12|           7|
    |mem_index_gep5_fu_3472_p2   |     +    |      0|  0|   12|          12|           7|
    |mem_index_gep6_fu_3617_p2   |     +    |      0|  0|   12|          12|           7|
    |mem_index_gep7_fu_3816_p2   |     +    |      0|  0|   12|          12|           7|
    |mem_index_gep8_fu_825_p2    |     +    |      0|  0|    9|           9|           7|
    |mem_index_gep9_fu_1689_p2   |     +    |      0|  0|   12|          12|           7|
    |mem_index_gep_fu_2815_p2    |     +    |      0|  0|   12|          12|           7|
    |p_addr1_fu_747_p2           |     +    |      0|  0|    6|           6|           6|
    |sum0_s_fu_5153_p2           |     +    |      0|  0|   32|          32|          32|
    |sum1_fu_4999_p2             |     +    |      0|  0|   32|          32|          32|
    |sum1_s_fu_5335_p2           |     +    |      0|  0|   32|          32|          32|
    |sum2_fu_4832_p2             |     +    |      0|  0|   32|          32|          32|
    |sum2_s_fu_5199_p2           |     +    |      0|  0|   32|          32|          32|
    |sum3_fu_5027_p2             |     +    |      0|  0|   32|          32|          32|
    |sumx0_3_1_0_1_fu_3536_p2    |     +    |      0|  0|   32|          32|          32|
    |sumx0_3_1_0_2_fu_3746_p2    |     +    |      0|  0|   32|          32|          32|
    |sumx0_3_1_1_1_fu_4482_p2    |     +    |      0|  0|   32|          32|          32|
    |sumx0_3_1_1_2_fu_4666_p2    |     +    |      0|  0|   32|          32|          32|
    |sumx0_3_1_1_fu_3758_p2      |     +    |      0|  0|   32|          32|          32|
    |sumx0_3_1_2_1_fu_4878_p2    |     +    |      0|  0|   32|          32|          32|
    |sumx0_3_1_2_2_fu_4920_p2    |     +    |      0|  0|   32|          32|          32|
    |sumx0_3_1_2_fu_4702_p2      |     +    |      0|  0|   32|          32|          32|
    |sumx1_3_0_0_1_fu_3400_p2    |     +    |      0|  0|   32|          32|          32|
    |sumx1_3_0_0_2_fu_3436_p2    |     +    |      0|  0|   32|          32|          32|
    |sumx1_3_0_1_1_fu_4127_p2    |     +    |      0|  0|   32|          32|          32|
    |sumx1_3_0_1_2_fu_4151_p2    |     +    |      0|  0|   32|          32|          32|
    |sumx1_3_0_1_fu_3973_p2      |     +    |      0|  0|   32|          32|          32|
    |sumx1_3_0_2_1_fu_4316_p2    |     +    |      0|  0|   32|          32|          32|
    |sumx1_3_0_2_2_fu_4461_p2    |     +    |      0|  0|   32|          32|          32|
    |sumx1_3_0_2_fu_4292_p2      |     +    |      0|  0|   32|          32|          32|
    |sumx1_3_1_0_1_fu_3724_p2    |     +    |      0|  0|   32|          32|          32|
    |sumx1_3_1_0_2_fu_3892_p2    |     +    |      0|  0|   32|          32|          32|
    |sumx1_3_1_1_1_fu_4185_p2    |     +    |      0|  0|   32|          32|          32|
    |sumx1_3_1_1_2_fu_4338_p2    |     +    |      0|  0|   32|          32|          32|
    |sumx1_3_1_1_fu_4047_p2      |     +    |      0|  0|   32|          32|          32|
    |sumx1_3_1_2_1_fu_4554_p2    |     +    |      0|  0|   32|          32|          32|
    |sumx1_3_1_2_2_fu_4930_p2    |     +    |      0|  0|   32|          32|          32|
    |sumx1_3_1_2_fu_4530_p2      |     +    |      0|  0|   32|          32|          32|
    |sumx2_3_0_0_1_fu_2936_p2    |     +    |      0|  0|   32|          32|          32|
    |sumx2_3_0_0_2_fu_3131_p2    |     +    |      0|  0|   32|          32|          32|
    |sumx2_3_0_1_1_fu_4246_p2    |     +    |      0|  0|   32|          32|          32|
    |sumx2_3_0_1_2_fu_4282_p2    |     +    |      0|  0|   32|          32|          32|
    |sumx2_3_0_1_fu_4115_p2      |     +    |      0|  0|   32|          32|          32|
    |sumx2_3_0_2_1_fu_4451_p2    |     +    |      0|  0|   32|          32|          32|
    |sumx2_3_0_2_2_fu_4630_p2    |     +    |      0|  0|   32|          32|          32|
    |sumx2_3_0_2_fu_4421_p2      |     +    |      0|  0|   32|          32|          32|
    |sumx2_3_1_0_1_fu_3734_p2    |     +    |      0|  0|   32|          32|          32|
    |sumx2_3_1_0_2_fu_3904_p2    |     +    |      0|  0|   32|          32|          32|
    |sumx2_3_1_1_1_fu_4069_p2    |     +    |      0|  0|   32|          32|          32|
    |sumx2_3_1_1_2_fu_4518_p2    |     +    |      0|  0|   32|          32|          32|
    |sumx2_3_1_1_fu_3933_p2      |     +    |      0|  0|   32|          32|          32|
    |sumx2_3_1_2_1_fu_4736_p2    |     +    |      0|  0|   32|          32|          32|
    |sumx2_3_1_2_2_fu_4936_p2    |     +    |      0|  0|   32|          32|          32|
    |sumx2_3_1_2_fu_4712_p2      |     +    |      0|  0|   32|          32|          32|
    |sumx3_3_0_0_1_fu_3115_p2    |     +    |      0|  0|   32|          32|          32|
    |sumx3_3_0_0_2_fu_3446_p2    |     +    |      0|  0|   32|          32|          32|
    |sumx3_3_0_1_1_fu_4374_p2    |     +    |      0|  0|   32|          32|          32|
    |sumx3_3_0_1_2_fu_4410_p2    |     +    |      0|  0|   32|          32|          32|
    |sumx3_3_0_1_fu_4234_p2      |     +    |      0|  0|   32|          32|          32|
    |sumx3_3_0_2_1_fu_4620_p2    |     +    |      0|  0|   32|          32|          32|
    |sumx3_3_0_2_2_fu_4774_p2    |     +    |      0|  0|   32|          32|          32|
    |sumx3_3_0_2_fu_4584_p2      |     +    |      0|  0|   32|          32|          32|
    |sumy0_3_1_0_1_fu_3712_p2    |     +    |      0|  0|   32|          32|          32|
    |sumy0_3_1_0_2_fu_3880_p2    |     +    |      0|  0|   32|          32|          32|
    |sumy0_3_1_1_1_fu_4488_p2    |     +    |      0|  0|   32|          32|          32|
    |sumy0_3_1_1_2_fu_4671_p2    |     +    |      0|  0|   32|          32|          32|
    |sumy0_3_1_1_fu_3928_p2      |     +    |      0|  0|   32|          32|          32|
    |sumy0_3_1_2_1_fu_4883_p2    |     +    |      0|  0|   32|          32|          32|
    |sumy0_3_1_2_2_fu_4925_p2    |     +    |      0|  0|   32|          32|          32|
    |sumy0_3_1_2_fu_4707_p2      |     +    |      0|  0|   32|          32|          32|
    |sumy1_3_0_0_1_fu_3405_p2    |     +    |      0|  0|   32|          32|          32|
    |sumy1_3_0_0_2_fu_3441_p2    |     +    |      0|  0|   32|          32|          32|
    |sumy1_3_0_1_1_fu_4132_p2    |     +    |      0|  0|   32|          32|          32|
    |sumy1_3_0_1_2_fu_4156_p2    |     +    |      0|  0|   32|          32|          32|
    |sumy1_3_0_1_fu_3979_p2      |     +    |      0|  0|   32|          32|          32|
    |sumy1_3_0_2_1_fu_4321_p2    |     +    |      0|  0|   32|          32|          32|
    |sumy1_3_0_2_2_fu_4768_p2    |     +    |      0|  0|   32|          32|          32|
    |sumy1_3_0_2_fu_4297_p2      |     +    |      0|  0|   32|          32|          32|
    |sumy1_3_1_0_1_fu_3729_p2    |     +    |      0|  0|   32|          32|          32|
    |sumy1_3_1_0_2_fu_3898_p2    |     +    |      0|  0|   32|          32|          32|
    |sumy1_3_1_1_1_fu_4191_p2    |     +    |      0|  0|   32|          32|          32|
    |sumy1_3_1_1_2_fu_4344_p2    |     +    |      0|  0|   32|          32|          32|
    |sumy1_3_1_1_fu_4052_p2      |     +    |      0|  0|   32|          32|          32|
    |sumy1_3_1_2_1_fu_4559_p2    |     +    |      0|  0|   32|          32|          32|
    |sumy1_3_1_2_2_fu_5095_p2    |     +    |      0|  0|   32|          32|          32|
    |sumy1_3_1_2_fu_4535_p2      |     +    |      0|  0|   32|          32|          32|
    |sumy2_3_0_0_1_fu_2942_p2    |     +    |      0|  0|   32|          32|          32|
    |sumy2_3_0_0_2_fu_3208_p2    |     +    |      0|  0|   32|          32|          32|
    |sumy2_3_0_1_1_fu_4251_p2    |     +    |      0|  0|   32|          32|          32|
    |sumy2_3_0_1_2_fu_4287_p2    |     +    |      0|  0|   32|          32|          32|
    |sumy2_3_0_1_fu_4121_p2      |     +    |      0|  0|   32|          32|          32|
    |sumy2_3_0_2_1_fu_4456_p2    |     +    |      0|  0|   32|          32|          32|
    |sumy2_3_0_2_2_fu_4635_p2    |     +    |      0|  0|   32|          32|          32|
    |sumy2_3_0_2_fu_4426_p2      |     +    |      0|  0|   32|          32|          32|
    |sumy2_3_1_0_1_fu_3740_p2    |     +    |      0|  0|   32|          32|          32|
    |sumy2_3_1_0_2_fu_3909_p2    |     +    |      0|  0|   32|          32|          32|
    |sumy2_3_1_1_1_fu_4074_p2    |     +    |      0|  0|   32|          32|          32|
    |sumy2_3_1_1_2_fu_4524_p2    |     +    |      0|  0|   32|          32|          32|
    |sumy2_3_1_1_fu_3938_p2      |     +    |      0|  0|   32|          32|          32|
    |sumy2_3_1_2_1_fu_4741_p2    |     +    |      0|  0|   32|          32|          32|
    |sumy2_3_1_2_2_fu_4941_p2    |     +    |      0|  0|   32|          32|          32|
    |sumy2_3_1_2_fu_4717_p2      |     +    |      0|  0|   32|          32|          32|
    |sumy3_3_0_0_1_fu_3121_p2    |     +    |      0|  0|   32|          32|          32|
    |sumy3_3_0_0_2_fu_3452_p2    |     +    |      0|  0|   32|          32|          32|
    |sumy3_3_0_1_1_fu_4379_p2    |     +    |      0|  0|   32|          32|          32|
    |sumy3_3_0_1_2_fu_4416_p2    |     +    |      0|  0|   32|          32|          32|
    |sumy3_3_0_1_fu_4240_p2      |     +    |      0|  0|   32|          32|          32|
    |sumy3_3_0_2_1_fu_4625_p2    |     +    |      0|  0|   32|          32|          32|
    |sumy3_3_0_2_2_fu_4779_p2    |     +    |      0|  0|   32|          32|          32|
    |sumy3_3_0_2_fu_4589_p2      |     +    |      0|  0|   32|          32|          32|
    |tmp1_fu_5266_p2             |     +    |      0|  0|   32|          32|          32|
    |tmp2_fu_5393_p2             |     +    |      0|  0|   32|          32|          32|
    |tmp4_fu_753_p2              |     +    |      0|  0|    9|           9|           9|
    |tmp_17_fu_2322_p2           |     +    |      0|  0|   12|          12|           2|
    |tmp_1_fu_2191_p2            |     +    |      0|  0|    8|           8|           2|
    |tmp_20_fu_5272_p2           |     +    |      0|  0|   32|          32|          32|
    |tmp_27_fu_2440_p2           |     +    |      0|  0|   12|          12|           2|
    |tmp_30_1_fu_5423_p2         |     +    |      0|  0|   32|          32|          32|
    |tmp_39_1_1_fu_859_p2        |     +    |      0|  0|   11|          11|           2|
    |tmp_39_1_2_fu_1487_p2       |     +    |      0|  0|   12|          12|           2|
    |tmp_46_0_1_fu_3324_p2       |     +    |      0|  0|   11|          11|           2|
    |tmp_46_0_2_fu_1665_p2       |     +    |      0|  0|   12|          12|           2|
    |tmp_46_1_1_fu_981_p2        |     +    |      0|  0|   11|          11|           2|
    |tmp_46_1_2_fu_2059_p2       |     +    |      0|  0|   12|          12|           2|
    |tmp_53_0_1_fu_3506_p2       |     +    |      0|  0|   11|          11|           2|
    |tmp_53_0_2_fu_1138_p2       |     +    |      0|  0|   12|          12|           2|
    |tmp_53_1_1_fu_1107_p2       |     +    |      0|  0|   11|          11|           2|
    |tmp_53_1_2_fu_1618_p2       |     +    |      0|  0|   12|          12|           2|
    |tmp_53_1_fu_2744_p2         |     +    |      0|  0|   12|          12|           2|
    |tmp_60_0_0_2_fu_2952_p2     |     +    |      0|  0|   12|          12|           1|
    |tmp_60_0_1_2_fu_805_p2      |     +    |      0|  0|   11|          11|           1|
    |tmp_60_0_1_fu_3651_p2       |     +    |      0|  0|   11|          11|           2|
    |tmp_60_0_2_2_fu_1965_p2     |     +    |      0|  0|   12|          12|           1|
    |tmp_60_0_2_fu_1306_p2       |     +    |      0|  0|   12|          12|           2|
    |tmp_7_fu_759_p2             |     +    |      0|  0|    9|           9|           9|
    |tmp_8_fu_730_p2             |     +    |      0|  0|    9|           9|           9|
    |tmp_s_fu_2791_p2            |     +    |      0|  0|   12|          12|           2|
    |neg1_1_fu_5133_p2           |     -    |      0|  0|   32|           1|          32|
    |neg2_1_fu_5295_p2           |     -    |      0|  0|   32|           1|          32|
    |neg2_fu_4959_p2             |     -    |      0|  0|   32|           1|          32|
    |neg3_1_fu_5315_p2           |     -    |      0|  0|   32|           1|          32|
    |neg3_fu_4979_p2             |     -    |      0|  0|   32|           1|          32|
    |neg4_1_fu_5159_p2           |     -    |      0|  0|   32|           1|          32|
    |neg4_fu_4798_p2             |     -    |      0|  0|   32|           1|          32|
    |neg5_1_fu_5179_p2           |     -    |      0|  0|   32|           1|          32|
    |neg5_fu_4815_p2             |     -    |      0|  0|   32|           1|          32|
    |neg6_fu_5005_p2             |     -    |      0|  0|   32|           1|          32|
    |neg7_fu_5016_p2             |     -    |      0|  0|   32|           1|          32|
    |neg_1_fu_5113_p2            |     -    |      0|  0|   32|           1|          32|
    |p_op7_1_fu_5404_p2          |     -    |      0|  0|   32|           8|          32|
    |p_op7_fu_5230_p2            |     -    |      0|  0|   32|           8|          32|
    |p_op8_1_fu_5374_p2          |     -    |      0|  0|   32|           8|          32|
    |p_op8_fu_5043_p2            |     -    |      0|  0|   32|           8|          32|
    |p_op9_fu_5071_p2            |     -    |      0|  0|   32|           8|          32|
    |p_op_1_fu_5346_p2           |     -    |      0|  0|   32|           8|          32|
    |tmp_fu_696_p2               |     -    |      0|  0|    5|           5|           5|
    |abs1_1_fu_5145_p3           |  Select  |      0|  0|   32|           1|          32|
    |abs2_1_fu_5307_p3           |  Select  |      0|  0|   32|           1|          32|
    |abs2_fu_4971_p3             |  Select  |      0|  0|   32|           1|          32|
    |abs3_1_fu_5327_p3           |  Select  |      0|  0|   32|           1|          32|
    |abs3_fu_4991_p3             |  Select  |      0|  0|   32|           1|          32|
    |abs4_1_fu_5171_p3           |  Select  |      0|  0|   32|           1|          32|
    |abs4_fu_4808_p3             |  Select  |      0|  0|   32|           1|          32|
    |abs5_1_fu_5191_p3           |  Select  |      0|  0|   32|           1|          32|
    |abs5_fu_4825_p3             |  Select  |      0|  0|   32|           1|          32|
    |abs6_fu_5010_p3             |  Select  |      0|  0|   32|           1|          32|
    |abs7_fu_5021_p3             |  Select  |      0|  0|   32|           1|          32|
    |abs_1_fu_5125_p3            |  Select  |      0|  0|   32|           1|          32|
    |gepindex10_fu_2708_p3       |  Select  |      0|  0|   13|           1|          13|
    |gepindex11_fu_2715_p3       |  Select  |      0|  0|   13|           1|          13|
    |gepindex13_fu_3151_p3       |  Select  |      0|  0|   13|           1|          13|
    |gepindex14_fu_3158_p3       |  Select  |      0|  0|   13|           1|          13|
    |gepindex16_fu_3493_p3       |  Select  |      0|  0|   13|           1|          13|
    |gepindex18_fu_3638_p3       |  Select  |      0|  0|   13|           1|          13|
    |gepindex1_fu_2904_p3        |  Select  |      0|  0|   13|           1|          13|
    |gepindex20_fu_3837_p3       |  Select  |      0|  0|   13|           1|          13|
    |gepindex21_fu_836_p3        |  Select  |      0|  0|    9|           1|           9|
    |gepindex23_fu_1799_p3       |  Select  |      0|  0|   13|           1|          13|
    |gepindex24_fu_1806_p3       |  Select  |      0|  0|   13|           1|          13|
    |gepindex26_fu_1286_p3       |  Select  |      0|  0|   13|           1|          13|
    |gepindex27_fu_1293_p3       |  Select  |      0|  0|   13|           1|          13|
    |gepindex29_fu_1456_p3       |  Select  |      0|  0|   13|           1|          13|
    |gepindex2_fu_2911_p3        |  Select  |      0|  0|   13|           1|          13|
    |gepindex30_fu_1463_p3       |  Select  |      0|  0|   13|           1|          13|
    |gepindex32_fu_1952_p3       |  Select  |      0|  0|    9|           1|           9|
    |gepindex33_fu_2035_p3       |  Select  |      0|  0|   14|           1|          14|
    |gepindex35_fu_2870_p3       |  Select  |      0|  0|   13|           1|          13|
    |gepindex36_fu_2877_p3       |  Select  |      0|  0|   13|           1|          13|
    |gepindex38_fu_3293_p3       |  Select  |      0|  0|   13|           1|          13|
    |gepindex39_fu_3300_p3       |  Select  |      0|  0|   13|           1|          13|
    |gepindex41_fu_968_p3        |  Select  |      0|  0|   13|           1|          13|
    |gepindex43_fu_1094_p3       |  Select  |      0|  0|   13|           1|          13|
    |gepindex45_fu_1248_p3       |  Select  |      0|  0|   13|           1|          13|
    |gepindex47_fu_1598_p3       |  Select  |      0|  0|   13|           1|          13|
    |gepindex48_fu_1605_p3       |  Select  |      0|  0|   13|           1|          13|
    |gepindex4_fu_2420_p3        |  Select  |      0|  0|   13|           1|          13|
    |gepindex50_fu_2171_p3       |  Select  |      0|  0|   13|           1|          13|
    |gepindex51_fu_2178_p3       |  Select  |      0|  0|   13|           1|          13|
    |gepindex53_fu_1765_p3       |  Select  |      0|  0|   13|           1|          13|
    |gepindex54_fu_1772_p3       |  Select  |      0|  0|   13|           1|          13|
    |gepindex56_fu_2298_p3       |  Select  |      0|  0|    9|           1|           9|
    |gepindex5_fu_2427_p3        |  Select  |      0|  0|   13|           1|          13|
    |gepindex7_fu_2577_p3        |  Select  |      0|  0|   13|           1|          13|
    |gepindex8_fu_2584_p3        |  Select  |      0|  0|   13|           1|          13|
    |sum0_1_1_fu_5351_p3         |  Select  |      0|  0|   32|           1|           1|
    |sum1_1_1_fu_5409_p3         |  Select  |      0|  0|   32|           1|           1|
    |sum1_1_fu_5235_p3           |  Select  |      0|  0|   32|           1|           1|
    |sum2_1_1_fu_5379_p3         |  Select  |      0|  0|   32|           1|           1|
    |sum2_1_fu_5048_p3           |  Select  |      0|  0|   32|           1|           1|
    |sum3_1_fu_5243_p3           |  Select  |      0|  0|   32|           1|           1|
    |sumx0_2_1_0_1_fu_3718_p3    |  Select  |      0|  0|   32|           1|           8|
    |sumx0_2_1_0_2_fu_3751_p3    |  Select  |      0|  0|   32|           1|           8|
    |sumx0_2_1_1_1_fu_4660_p3    |  Select  |      0|  0|   32|           1|           8|
    |sumx0_2_1_1_2_fu_4683_p3    |  Select  |      0|  0|   32|           1|           8|
    |sumx0_2_1_1_fu_4476_p3      |  Select  |      0|  0|   32|           1|           8|
    |sumx0_2_1_2_1_fu_4895_p3    |  Select  |      0|  0|   32|           1|           8|
    |sumx0_2_1_2_2_fu_5089_p3    |  Select  |      0|  0|   32|           1|           8|
    |sumx0_2_1_2_fu_4872_p3      |  Select  |      0|  0|   32|           1|           8|
    |sumx0_2_1_fu_3530_p3        |  Select  |      0|  0|   32|           1|           8|
    |sumx1_2_0_0_1_fu_3417_p3    |  Select  |      0|  0|   32|           1|           8|
    |sumx1_2_0_0_2_fu_3967_p3    |  Select  |      0|  0|   32|           1|           8|
    |sumx1_2_0_1_1_fu_4144_p3    |  Select  |      0|  0|   32|           1|           8|
    |sumx1_2_0_1_2_fu_4276_p3    |  Select  |      0|  0|   32|           1|           8|
    |sumx1_2_0_1_fu_4109_p3      |  Select  |      0|  0|   32|           1|           8|
    |sumx1_2_0_2_1_fu_4445_p3    |  Select  |      0|  0|   32|           1|           8|
    |sumx1_2_0_2_2_fu_4953_p3    |  Select  |      0|  0|   32|           1|           8|
    |sumx1_2_0_2_fu_4309_p3      |  Select  |      0|  0|   32|           1|           8|
    |sumx1_2_1_0_1_fu_3862_p3    |  Select  |      0|  0|   32|           1|           8|
    |sumx1_2_1_0_2_fu_4041_p3    |  Select  |      0|  0|   32|           1|           8|
    |sumx1_2_1_1_1_fu_4332_p3    |  Select  |      0|  0|   32|           1|           8|
    |sumx1_2_1_1_2_fu_4512_p3    |  Select  |      0|  0|   32|           1|           8|
    |sumx1_2_1_1_fu_4171_p3      |  Select  |      0|  0|   32|           1|           8|
    |sumx1_2_1_2_1_fu_4902_p3    |  Select  |      0|  0|   32|           1|           8|
    |sumx1_2_1_2_2_fu_5289_p3    |  Select  |      0|  0|   32|           1|           8|
    |sumx1_2_1_2_fu_4547_p3      |  Select  |      0|  0|   32|           1|           8|
    |sumx1_2_1_fu_3694_p3        |  Select  |      0|  0|   32|           1|           8|
    |sumx1_2_fu_3394_p3          |  Select  |      0|  0|   32|           1|           8|
    |sumx2_2_0_0_1_fu_3109_p3    |  Select  |      0|  0|   32|           1|           8|
    |sumx2_2_0_0_2_fu_4097_p3    |  Select  |      0|  0|   32|           1|           8|
    |sumx2_2_0_1_1_fu_4263_p3    |  Select  |      0|  0|   32|           1|           8|
    |sumx2_2_0_1_2_fu_4404_p3    |  Select  |      0|  0|   32|           1|           8|
    |sumx2_2_0_1_fu_4228_p3      |  Select  |      0|  0|   32|           1|           8|
    |sumx2_2_0_2_1_fu_4614_p3    |  Select  |      0|  0|   32|           1|           8|
    |sumx2_2_0_2_2_fu_4647_p3    |  Select  |      0|  0|   32|           1|           8|
    |sumx2_2_0_2_fu_4438_p3      |  Select  |      0|  0|   32|           1|           8|
    |sumx2_2_1_0_1_fu_3874_p3    |  Select  |      0|  0|   32|           1|           8|
    |sumx2_2_1_0_2_fu_3921_p3    |  Select  |      0|  0|   32|           1|           8|
    |sumx2_2_1_1_1_fu_4500_p3    |  Select  |      0|  0|   32|           1|           8|
    |sumx2_2_1_1_2_fu_4696_p3    |  Select  |      0|  0|   32|           1|           8|
    |sumx2_2_1_1_fu_4063_p3      |  Select  |      0|  0|   32|           1|           8|
    |sumx2_2_1_2_1_fu_4914_p3    |  Select  |      0|  0|   32|           1|           8|
    |sumx2_2_1_2_2_fu_5107_p3    |  Select  |      0|  0|   32|           1|           8|
    |sumx2_2_1_2_fu_4729_p3      |  Select  |      0|  0|   32|           1|           8|
    |sumx2_2_1_fu_3706_p3        |  Select  |      0|  0|   32|           1|           8|
    |sumx2_2_fu_2930_p3          |  Select  |      0|  0|   32|           1|           8|
    |sumx3_2_0_0_1_fu_3424_p3    |  Select  |      0|  0|   32|           1|           8|
    |sumx3_2_0_0_2_fu_4210_p3    |  Select  |      0|  0|   32|           1|           8|
    |sumx3_2_0_1_1_fu_4384_p3    |  Select  |      0|  0|   32|           1|           8|
    |sumx3_2_0_1_2_fu_4572_p3    |  Select  |      0|  0|   32|           1|           8|
    |sumx3_2_0_1_fu_4362_p3      |  Select  |      0|  0|   32|           1|           8|
    |sumx3_2_0_2_1_fu_4756_p3    |  Select  |      0|  0|   32|           1|           8|
    |sumx3_2_0_2_2_fu_4784_p3    |  Select  |      0|  0|   32|           1|           8|
    |sumx3_2_0_2_fu_4594_p3      |  Select  |      0|  0|   32|           1|           8|
    |sumx3_2_fu_3097_p3          |  Select  |      0|  0|   32|           1|           8|
    |sumy0_2_1_0_1_fu_3850_p3    |  Select  |      0|  0|   32|           1|           8|
    |sumy0_2_1_0_2_fu_3885_p3    |  Select  |      0|  0|   32|           1|           8|
    |sumy0_2_1_1_1_fu_4654_p3    |  Select  |      0|  0|   32|           1|           8|
    |sumy0_2_1_1_2_fu_4676_p3    |  Select  |      0|  0|   32|           1|           8|
    |sumy0_2_1_1_fu_4470_p3      |  Select  |      0|  0|   32|           1|           8|
    |sumy0_2_1_2_1_fu_4888_p3    |  Select  |      0|  0|   32|           1|           8|
    |sumy0_2_1_2_2_fu_5083_p3    |  Select  |      0|  0|   32|           1|           8|
    |sumy0_2_1_2_fu_4866_p3      |  Select  |      0|  0|   32|           1|           8|
    |sumy0_2_1_fu_3682_p3        |  Select  |      0|  0|   32|           1|           8|
    |sumy1_2_0_0_1_fu_3410_p3    |  Select  |      0|  0|   32|           1|           8|
    |sumy1_2_0_0_2_fu_3961_p3    |  Select  |      0|  0|   32|           1|           8|
    |sumy1_2_0_1_1_fu_4137_p3    |  Select  |      0|  0|   32|           1|           8|
    |sumy1_2_0_1_2_fu_4270_p3    |  Select  |      0|  0|   32|           1|           8|
    |sumy1_2_0_1_fu_4103_p3      |  Select  |      0|  0|   32|           1|           8|
    |sumy1_2_0_2_1_fu_4750_p3    |  Select  |      0|  0|   32|           1|           8|
    |sumy1_2_0_2_2_fu_4947_p3    |  Select  |      0|  0|   32|           1|           8|
    |sumy1_2_0_2_fu_4302_p3      |  Select  |      0|  0|   32|           1|           8|
    |sumy1_2_1_0_1_fu_3856_p3    |  Select  |      0|  0|   32|           1|           8|
    |sumy1_2_1_0_2_fu_4035_p3    |  Select  |      0|  0|   32|           1|           8|
    |sumy1_2_1_1_1_fu_4326_p3    |  Select  |      0|  0|   32|           1|           8|
    |sumy1_2_1_1_2_fu_4506_p3    |  Select  |      0|  0|   32|           1|           8|
    |sumy1_2_1_1_fu_4165_p3      |  Select  |      0|  0|   32|           1|           8|
    |sumy1_2_1_2_1_fu_5077_p3    |  Select  |      0|  0|   32|           1|           8|
    |sumy1_2_1_2_2_fu_5283_p3    |  Select  |      0|  0|   32|           1|           8|
    |sumy1_2_1_2_fu_4540_p3      |  Select  |      0|  0|   32|           1|           8|
    |sumy1_2_1_fu_3688_p3        |  Select  |      0|  0|   32|           1|           8|
    |sumy1_2_fu_3388_p3          |  Select  |      0|  0|   32|           1|           8|
    |sumy2_2_0_0_1_fu_3202_p3    |  Select  |      0|  0|   32|           1|           8|
    |sumy2_2_0_0_2_fu_4091_p3    |  Select  |      0|  0|   32|           1|           8|
    |sumy2_2_0_1_1_fu_4256_p3    |  Select  |      0|  0|   32|           1|           8|
    |sumy2_2_0_1_2_fu_4398_p3    |  Select  |      0|  0|   32|           1|           8|
    |sumy2_2_0_1_fu_4222_p3      |  Select  |      0|  0|   32|           1|           8|
    |sumy2_2_0_2_1_fu_4608_p3    |  Select  |      0|  0|   32|           1|           8|
    |sumy2_2_0_2_2_fu_4640_p3    |  Select  |      0|  0|   32|           1|           8|
    |sumy2_2_0_2_fu_4431_p3      |  Select  |      0|  0|   32|           1|           8|
    |sumy2_2_1_0_1_fu_3868_p3    |  Select  |      0|  0|   32|           1|           8|
    |sumy2_2_1_0_2_fu_3914_p3    |  Select  |      0|  0|   32|           1|           8|
    |sumy2_2_1_1_1_fu_4494_p3    |  Select  |      0|  0|   32|           1|           8|
    |sumy2_2_1_1_2_fu_4690_p3    |  Select  |      0|  0|   32|           1|           8|
    |sumy2_2_1_1_fu_4057_p3      |  Select  |      0|  0|   32|           1|           8|
    |sumy2_2_1_2_1_fu_4908_p3    |  Select  |      0|  0|   32|           1|           8|
    |sumy2_2_1_2_2_fu_5101_p3    |  Select  |      0|  0|   32|           1|           8|
    |sumy2_2_1_2_fu_4722_p3      |  Select  |      0|  0|   32|           1|           8|
    |sumy2_2_1_fu_3700_p3        |  Select  |      0|  0|   32|           1|           8|
    |sumy2_2_fu_2924_p3          |  Select  |      0|  0|   32|           1|           8|
    |sumy3_2_0_0_1_fu_3430_p3    |  Select  |      0|  0|   32|           1|           8|
    |sumy3_2_0_0_2_fu_4216_p3    |  Select  |      0|  0|   32|           1|           8|
    |sumy3_2_0_1_1_fu_4391_p3    |  Select  |      0|  0|   32|           1|           8|
    |sumy3_2_0_1_2_fu_4578_p3    |  Select  |      0|  0|   32|           1|           8|
    |sumy3_2_0_1_fu_4368_p3      |  Select  |      0|  0|   32|           1|           8|
    |sumy3_2_0_2_1_fu_4762_p3    |  Select  |      0|  0|   32|           1|           8|
    |sumy3_2_0_2_2_fu_4791_p3    |  Select  |      0|  0|   32|           1|           8|
    |sumy3_2_0_2_fu_4601_p3      |  Select  |      0|  0|   32|           1|           8|
    |sumy3_2_fu_3103_p3          |  Select  |      0|  0|   32|           1|           8|
    |abscond1_1_fu_5139_p2       |   icmp   |      0|  0|   40|          32|           1|
    |abscond2_1_fu_5301_p2       |   icmp   |      0|  0|   40|          32|           1|
    |abscond2_fu_4965_p2         |   icmp   |      0|  0|   40|          32|           1|
    |abscond3_1_fu_5321_p2       |   icmp   |      0|  0|   40|          32|           1|
    |abscond3_fu_4985_p2         |   icmp   |      0|  0|   40|          32|           1|
    |abscond4_1_fu_5165_p2       |   icmp   |      0|  0|   40|          32|           1|
    |abscond4_fu_4803_p2         |   icmp   |      0|  0|   40|          32|           1|
    |abscond5_1_fu_5185_p2       |   icmp   |      0|  0|   40|          32|           1|
    |abscond5_fu_4820_p2         |   icmp   |      0|  0|   40|          32|           1|
    |abscond6_fu_4838_p2         |   icmp   |      0|  0|   40|          32|           1|
    |abscond7_fu_4844_p2         |   icmp   |      0|  0|   40|          32|           1|
    |abscond_1_fu_5119_p2        |   icmp   |      0|  0|   40|          32|           1|
    |addrCmp10_fu_3482_p2        |   icmp   |      0|  0|    9|           9|           8|
    |addrCmp11_fu_3627_p2        |   icmp   |      0|  0|    9|           9|           8|
    |addrCmp12_fu_3826_p2        |   icmp   |      0|  0|    9|           9|           8|
    |addrCmp13_fu_830_p2         |   icmp   |      0|  0|    9|           9|           9|
    |addrCmp14_fu_1695_p2        |   icmp   |      0|  0|   11|          10|           8|
    |addrCmp15_fu_1788_p2        |   icmp   |      0|  0|   14|          12|           9|
    |addrCmp16_fu_1168_p2        |   icmp   |      0|  0|   11|          10|           8|
    |addrCmp17_fu_1275_p2        |   icmp   |      0|  0|   14|          12|           9|
    |addrCmp18_fu_1336_p2        |   icmp   |      0|  0|   11|          10|           8|
    |addrCmp19_fu_1445_p2        |   icmp   |      0|  0|   14|          12|           9|
    |addrCmp1_fu_2893_p2         |   icmp   |      0|  0|   14|          12|           9|
    |addrCmp20_fu_1940_p2        |   icmp   |      0|  0|   11|          10|           9|
    |addrCmp21_fu_2026_p2        |   icmp   |      0|  0|   11|          10|           9|
    |addrCmp22_fu_2774_p2        |   icmp   |      0|  0|   11|          10|           8|
    |addrCmp23_fu_2859_p2        |   icmp   |      0|  0|   14|          12|           9|
    |addrCmp24_fu_3188_p2        |   icmp   |      0|  0|    9|           9|           8|
    |addrCmp25_fu_3282_p2        |   icmp   |      0|  0|   14|          12|           9|
    |addrCmp26_fu_957_p2         |   icmp   |      0|  0|    9|           9|           8|
    |addrCmp27_fu_1083_p2        |   icmp   |      0|  0|    9|           9|           8|
    |addrCmp28_fu_1237_p2        |   icmp   |      0|  0|    9|           9|           8|
    |addrCmp29_fu_1517_p2        |   icmp   |      0|  0|   11|          10|           8|
    |addrCmp2_fu_2352_p2         |   icmp   |      0|  0|   11|          10|           8|
    |addrCmp30_fu_1587_p2        |   icmp   |      0|  0|   14|          12|           9|
    |addrCmp31_fu_2089_p2        |   icmp   |      0|  0|   11|          10|           8|
    |addrCmp32_fu_2160_p2        |   icmp   |      0|  0|   14|          12|           9|
    |addrCmp33_fu_1648_p2        |   icmp   |      0|  0|   11|          10|           8|
    |addrCmp34_fu_1754_p2        |   icmp   |      0|  0|   14|          12|           9|
    |addrCmp35_fu_2286_p2        |   icmp   |      0|  0|   11|          10|           9|
    |addrCmp3_fu_2409_p2         |   icmp   |      0|  0|   14|          12|           9|
    |addrCmp4_fu_2470_p2         |   icmp   |      0|  0|   11|          10|           8|
    |addrCmp5_fu_2566_p2         |   icmp   |      0|  0|   14|          12|           9|
    |addrCmp6_fu_2624_p2         |   icmp   |      0|  0|    9|           9|           8|
    |addrCmp7_fu_2697_p2         |   icmp   |      0|  0|   14|          12|           9|
    |addrCmp8_fu_2981_p2         |   icmp   |      0|  0|   11|          10|           8|
    |addrCmp9_fu_3140_p2         |   icmp   |      0|  0|   14|          12|           9|
    |addrCmp_fu_2821_p2          |   icmp   |      0|  0|   11|          10|           8|
    |exitcond1_fu_672_p2         |   icmp   |      0|  0|    2|           2|           2|
    |exitcond2_fu_777_p2         |   icmp   |      0|  0|    9|           8|           9|
    |exitcond3_fu_710_p2         |   icmp   |      0|  0|    2|           2|           2|
    |icmp1_fu_4860_p2            |   icmp   |      0|  0|   30|          24|           1|
    |icmp2_fu_5065_p2            |   icmp   |      0|  0|   30|          24|           1|
    |icmp3_fu_5341_p2            |   icmp   |      0|  0|   30|          24|           1|
    |icmp4_fu_5399_p2            |   icmp   |      0|  0|   30|          24|           1|
    |icmp5_fu_5369_p2            |   icmp   |      0|  0|   30|          24|           1|
    |icmp_fu_5225_p2             |   icmp   |      0|  0|   30|          24|           1|
    |sel_tmp1_fu_885_p2          |   icmp   |      0|  0|    8|           8|           1|
    |sel_tmp_fu_879_p2           |   icmp   |      0|  0|    8|           8|           7|
    |sel_tmp2_fu_891_p2          |    or    |      0|  0|    2|           1|           1|
    +----------------------------+----------+-------+---+-----+------------+------------+
    |Total                       |          |      0|  0|10376|        5359|        6431|
    +----------------------------+----------+-------+---+-----+------------+------------+

    * Multiplexer: 
    +-------------------+----+-----------+-----+-----------+
    |        Name       | LUT| Input Size| Bits| Total Bits|
    +-------------------+----+-----------+-----+-----------+
    |Gx_address0        |   4|          7|    4|         28|
    |Gx_address1        |   4|          5|    4|         20|
    |Gy_address0        |   4|          7|    4|         28|
    |Gy_address1        |   4|          5|    4|         20|
    |i_1_phi_fu_629_p4  |   8|          2|    8|         16|
    |i_1_reg_625        |   8|          2|    8|         16|
    |i_reg_603          |   2|          2|    2|          4|
    |j_reg_614          |   2|          2|    2|          4|
    |sub_in_address0    |  72|         28|    9|        252|
    |sub_out_address0   |   8|          3|    8|         24|
    |sub_out_d0         |  32|          3|   32|         96|
    +-------------------+----+-----------+-----+-----------+
    |Total              | 148|         66|   85|        508|
    +-------------------+----+-----------+-----+-----------+

    * Register: 
    +-----------------------------------------+----+-----+-----------+
    |                   Name                  | FF | Bits| Const Bits|
    +-----------------------------------------+----+-----+-----------+
    |Gx_load_1_reg_5535                       |  32|   32|          0|
    |Gx_load_2_reg_5555                       |  32|   32|          0|
    |Gx_load_3_reg_5595                       |  32|   32|          0|
    |Gx_load_4_reg_5615                       |  32|   32|          0|
    |Gx_load_5_reg_5655                       |  32|   32|          0|
    |Gx_load_6_reg_5675                       |  32|   32|          0|
    |Gx_load_7_reg_5715                       |  32|   32|          0|
    |Gx_load_8_reg_5735                       |  32|   32|          0|
    |Gx_load_reg_5495                         |  32|   32|          0|
    |Gy_load_1_reg_5545                       |  32|   32|          0|
    |Gy_load_2_reg_5565                       |  32|   32|          0|
    |Gy_load_3_reg_5605                       |  32|   32|          0|
    |Gy_load_4_reg_5625                       |  32|   32|          0|
    |Gy_load_5_reg_5665                       |  32|   32|          0|
    |Gy_load_6_reg_5685                       |  32|   32|          0|
    |Gy_load_7_reg_5725                       |  32|   32|          0|
    |Gy_load_8_reg_5745                       |  32|   32|          0|
    |Gy_load_reg_5505                         |  32|   32|          0|
    |abscond6_reg_7330                        |   1|    1|          0|
    |abscond7_reg_7335                        |   1|    1|          0|
    |addrCmp14_reg_6145                       |   1|    1|          0|
    |addrCmp16_reg_5993                       |   1|    1|          0|
    |addrCmp18_reg_6036                       |   1|    1|          0|
    |addrCmp22_reg_6597                       |   1|    1|          0|
    |addrCmp24_reg_6758                       |   1|    1|          0|
    |addrCmp29_reg_6090                       |   1|    1|          0|
    |addrCmp2_reg_6366                        |   1|    1|          0|
    |addrCmp31_reg_6264                       |   1|    1|          0|
    |addrCmp33_reg_6128                       |   1|    1|          0|
    |addrCmp4_reg_6444                        |   1|    1|          0|
    |addrCmp6_reg_6515                        |   1|    1|          0|
    |addrCmp8_reg_6701                        |   1|    1|          0|
    |addrCmp_reg_6614                         |   1|    1|          0|
    |adjSize1_reg_6854                        |   7|    8|          1|
    |adjSize503_cast_reg_5793                 |   8|    9|          1|
    |ap_CS_fsm                                |   6|    6|          0|
    |ap_reg_ppiten_pp0_it0                    |   1|    1|          0|
    |ap_reg_ppiten_pp0_it1                    |   1|    1|          0|
    |ap_reg_ppstg_exitcond2_reg_5755_pp0_it1  |   1|    1|          0|
    |ap_reg_ppstg_sel_tmp2_reg_5816_pp0_it1   |   1|    1|          0|
    |call_get_range860_part_reg_6916          |   8|    8|          0|
    |call_get_range884_part_reg_6929          |   8|    8|          0|
    |call_get_range956_part_reg_6417          |   8|    8|          0|
    |cast_gep_index242_cast_reg_6209          |   9|   10|          1|
    |exitcond2_reg_5755                       |   1|    1|          0|
    |i_1_reg_625                              |   8|    8|          0|
    |i_2_reg_5436                             |   2|    2|          0|
    |i_3_reg_5759                             |   8|    8|          0|
    |i_reg_603                                |   2|    2|          0|
    |icmp1_reg_7340                           |   1|    1|          0|
    |icmp2_reg_7385                           |   1|    1|          0|
    |j_1_reg_5465                             |   2|    2|          0|
    |j_reg_614                                |   2|    2|          0|
    |mem_index_gep10_reg_5987                 |  11|   12|          1|
    |mem_index_gep11_reg_6030                 |  11|   12|          1|
    |mem_index_gep14_reg_6591                 |  11|   12|          1|
    |mem_index_gep15_reg_6752                 |  11|   12|          1|
    |mem_index_gep19_reg_6084                 |  11|   12|          1|
    |mem_index_gep1_reg_6360                  |  11|   12|          1|
    |mem_index_gep20_reg_6258                 |  11|   12|          1|
    |mem_index_gep21_reg_6122                 |  11|   12|          1|
    |mem_index_gep2_reg_6438                  |  11|   12|          1|
    |mem_index_gep3_reg_6509                  |  11|   12|          1|
    |mem_index_gep4_reg_6695                  |  11|   12|          1|
    |mem_index_gep9_reg_6139                  |  11|   12|          1|
    |mem_index_gep_reg_6608                   |  11|   12|          1|
    |p_addr1_reg_5475                         |   6|    6|          0|
    |p_op9_reg_7390                           |  32|   32|          0|
    |sel_tmp2_reg_5816                        |   1|    1|          0|
    |sub_in_load_reg_5485                     |  32|   32|          0|
    |sum0_s_reg_7400                          |  32|   32|          0|
    |sum1_reg_7370                            |  32|   32|          0|
    |sum1_s_reg_7420                          |  32|   32|          0|
    |sum2_1_reg_7380                          |  32|   32|          0|
    |sum2_reg_7325                            |  32|   32|          0|
    |sum2_s_reg_7405                          |  32|   32|          0|
    |sumx0_3_1_0_1_reg_6911                   |  32|   32|          0|
    |sumx0_3_1_1_1_reg_7224                   |  32|   32|          0|
    |sumx0_3_1_1_reg_6992                     |  32|   32|          0|
    |sumx0_3_1_2_2_reg_7345                   |  32|   32|          0|
    |sumx0_3_1_2_reg_7278                     |  32|   32|          0|
    |sumx1_3_0_0_2_reg_6864                   |  32|   32|          0|
    |sumx1_3_0_1_2_reg_7117                   |  32|   32|          0|
    |sumx1_3_0_1_reg_7056                     |  32|   32|          0|
    |sumx1_3_0_2_1_reg_7168                   |  32|   32|          0|
    |sumx1_3_0_2_2_reg_7219                   |  32|   32|          0|
    |sumx1_3_1_0_1_reg_6962                   |  32|   32|          0|
    |sumx1_3_1_0_2_reg_7013                   |  32|   32|          0|
    |sumx1_3_1_1_1_reg_7127                   |  32|   32|          0|
    |sumx1_3_1_1_2_reg_7183                   |  32|   32|          0|
    |sumx1_3_1_1_reg_7087                     |  32|   32|          0|
    |sumx1_3_1_2_1_reg_7244                   |  32|   32|          0|
    |sumx1_3_1_2_2_reg_7355                   |  32|   32|          0|
    |sumx2_2_0_2_2_reg_7271                   |  32|   32|          0|
    |sumx2_3_0_0_1_reg_6674                   |  32|   32|          0|
    |sumx2_3_0_0_2_reg_6732                   |  32|   32|          0|
    |sumx2_3_0_1_2_reg_7158                   |  32|   32|          0|
    |sumx2_3_0_1_reg_7107                     |  32|   32|          0|
    |sumx2_3_0_2_1_reg_7209                   |  32|   32|          0|
    |sumx2_3_1_0_1_reg_6972                   |  32|   32|          0|
    |sumx2_3_1_1_1_reg_7097                   |  32|   32|          0|
    |sumx2_3_1_1_2_reg_7234                   |  32|   32|          0|
    |sumx2_3_1_1_reg_7028                     |  32|   32|          0|
    |sumx2_3_1_2_1_reg_7288                   |  32|   32|          0|
    |sumx2_3_1_2_2_reg_7360                   |  32|   32|          0|
    |sumx3_2_0_2_2_reg_7313                   |  32|   32|          0|
    |sumx3_3_0_0_1_reg_6722                   |  32|   32|          0|
    |sumx3_3_0_0_2_reg_6874                   |  32|   32|          0|
    |sumx3_3_0_1_2_reg_7199                   |  32|   32|          0|
    |sumx3_3_0_1_reg_7148                     |  32|   32|          0|
    |sumx3_3_0_2_1_reg_7254                   |  32|   32|          0|
    |sumy0_3_1_0_1_reg_6957                   |  32|   32|          0|
    |sumy0_3_1_1_1_reg_7229                   |  32|   32|          0|
    |sumy0_3_1_1_reg_7023                     |  32|   32|          0|
    |sumy0_3_1_2_2_reg_7350                   |  32|   32|          0|
    |sumy0_3_1_2_reg_7283                     |  32|   32|          0|
    |sumy1_3_0_0_2_reg_6869                   |  32|   32|          0|
    |sumy1_3_0_1_2_reg_7122                   |  32|   32|          0|
    |sumy1_3_0_1_reg_7061                     |  32|   32|          0|
    |sumy1_3_0_2_1_reg_7173                   |  32|   32|          0|
    |sumy1_3_0_2_2_reg_7308                   |  32|   32|          0|
    |sumy1_3_1_0_1_reg_6967                   |  32|   32|          0|
    |sumy1_3_1_0_2_reg_7018                   |  32|   32|          0|
    |sumy1_3_1_1_1_reg_7132                   |  32|   32|          0|
    |sumy1_3_1_1_2_reg_7188                   |  32|   32|          0|
    |sumy1_3_1_1_reg_7092                     |  32|   32|          0|
    |sumy1_3_1_2_1_reg_7249                   |  32|   32|          0|
    |sumy1_3_1_2_2_reg_7395                   |  32|   32|          0|
    |sumy2_2_0_2_2_reg_7264                   |  32|   32|          0|
    |sumy2_3_0_0_1_reg_6679                   |  32|   32|          0|
    |sumy2_3_0_0_2_reg_6763                   |  32|   32|          0|
    |sumy2_3_0_1_2_reg_7163                   |  32|   32|          0|
    |sumy2_3_0_1_reg_7112                     |  32|   32|          0|
    |sumy2_3_0_2_1_reg_7214                   |  32|   32|          0|
    |sumy2_3_1_0_1_reg_6977                   |  32|   32|          0|
    |sumy2_3_1_1_1_reg_7102                   |  32|   32|          0|
    |sumy2_3_1_1_2_reg_7239                   |  32|   32|          0|
    |sumy2_3_1_1_reg_7033                     |  32|   32|          0|
    |sumy2_3_1_2_1_reg_7293                   |  32|   32|          0|
    |sumy2_3_1_2_2_reg_7365                   |  32|   32|          0|
    |sumy3_2_0_2_2_reg_7319                   |  32|   32|          0|
    |sumy3_3_0_0_1_reg_6727                   |  32|   32|          0|
    |sumy3_3_0_0_2_reg_6879                   |  32|   32|          0|
    |sumy3_3_0_1_2_reg_7204                   |  32|   32|          0|
    |sumy3_3_0_1_reg_7153                     |  32|   32|          0|
    |sumy3_3_0_2_1_reg_7259                   |  32|   32|          0|
    |tmp2_reg_7430                            |  32|   32|          0|
    |tmp_102_reg_6252                         |   0|    2|          2|
    |tmp_106_reg_6116                         |   0|    2|          2|
    |tmp_111_reg_7410                         |  24|   24|          0|
    |tmp_112_reg_7425                         |  24|   24|          0|
    |tmp_113_reg_7415                         |  24|   24|          0|
    |tmp_11_cast_reg_6422                     |   9|   12|          3|
    |tmp_15_reg_6803                          |  32|   32|          0|
    |tmp_16_reg_6808                          |  32|   32|          0|
    |tmp_18_reg_6354                          |   0|    2|          2|
    |tmp_1_reg_6302                           |   8|    8|          0|
    |tmp_25_reg_6619                          |  32|   32|          0|
    |tmp_26_reg_6624                          |  32|   32|          0|
    |tmp_28_reg_6432                          |   0|    2|          2|
    |tmp_32_reg_6545                          |   8|   32|         24|
    |tmp_33_reg_6664                          |  32|   32|          0|
    |tmp_34_reg_6669                          |  32|   32|          0|
    |tmp_37_reg_6689                          |   0|    2|          2|
    |tmp_38_0_1_cast_reg_5782                 |   7|   11|          4|
    |tmp_38_0_2_cast_reg_6014                 |   8|   12|          4|
    |tmp_41_reg_5772                          |   7|    7|          0|
    |tmp_43_reg_6818                          |   0|    2|          2|
    |tmp_44_1_0_2_reg_6838                    |  32|   32|          0|
    |tmp_44_1_1_2_reg_7137                    |  32|   32|          0|
    |tmp_44_1_1_reg_6041                      |  32|   32|          0|
    |tmp_44_1_2_1_reg_6486                    |  32|   32|          0|
    |tmp_44_1_2_2_reg_6540                    |  32|   32|          0|
    |tmp_44_1_2_reg_6215                      |  32|   32|          0|
    |tmp_44_1_reg_6742                        |  32|   32|          0|
    |tmp_44_reg_6824                          |   8|    9|          1|
    |tmp_45_1_0_2_reg_6843                    |  32|   32|          0|
    |tmp_45_1_1_2_reg_7178                    |  32|   32|          0|
    |tmp_45_1_1_reg_6046                      |  32|   32|          0|
    |tmp_45_1_2_1_reg_6491                    |  32|   32|          0|
    |tmp_45_1_2_2_reg_7298                    |  32|   32|          0|
    |tmp_45_1_2_reg_6220                      |  32|   32|          0|
    |tmp_45_1_reg_6747                        |  32|   32|          0|
    |tmp_48_0_1_1_reg_6449                    |   8|   32|         24|
    |tmp_48_1_1_1_reg_7038                    |   8|   32|         24|
    |tmp_48_1_2_1_reg_6401                    |   8|   32|         24|
    |tmp_48_reg_6889                          |   0|    2|          2|
    |tmp_49_reg_6895                          |   8|    9|          1|
    |tmp_51_0_0_1_reg_6629                    |  32|   32|          0|
    |tmp_51_0_0_2_reg_6684                    |  32|   32|          0|
    |tmp_51_0_1_1_reg_6560                    |  32|   32|          0|
    |tmp_51_0_1_2_reg_7008                    |  32|   32|          0|
    |tmp_51_0_2_1_reg_6318                    |  32|   32|          0|
    |tmp_51_0_2_2_reg_6471                    |  32|   32|          0|
    |tmp_51_0_2_reg_6279                      |  32|   32|          0|
    |tmp_51_1_0_1_reg_6788                    |  32|   32|          0|
    |tmp_51_1_1_reg_6068                      |  32|   32|          0|
    |tmp_51_1_2_1_reg_6520                    |  32|   32|          0|
    |tmp_51_1_2_reg_6476                      |  32|   32|          0|
    |tmp_51_1_reg_6901                        |  32|   32|          0|
    |tmp_52_0_0_1_reg_6634                    |  32|   32|          0|
    |tmp_52_0_0_2_reg_6813                    |  32|   32|          0|
    |tmp_52_0_1_1_reg_6649                    |  32|   32|          0|
    |tmp_52_0_1_2_reg_7072                    |  32|   32|          0|
    |tmp_52_0_2_1_reg_6323                    |  32|   32|          0|
    |tmp_52_0_2_reg_6284                      |  32|   32|          0|
    |tmp_52_1_0_1_reg_6793                    |  32|   32|          0|
    |tmp_52_1_1_reg_6073                      |  32|   32|          0|
    |tmp_52_1_2_1_reg_6525                    |  32|   32|          0|
    |tmp_52_1_2_reg_6481                      |  32|   32|          0|
    |tmp_52_1_reg_6906                        |  32|   32|          0|
    |tmp_52_reg_6945                          |   0|    2|          2|
    |tmp_53_reg_6951                          |   8|    9|          1|
    |tmp_55_0_1_1_reg_6455                    |   8|   32|         24|
    |tmp_55_0_2_1_reg_6231                    |   8|   32|         24|
    |tmp_55_1_0_1_reg_6830                    |   8|   32|         24|
    |tmp_55_1_1_1_reg_6921                    |   8|   32|         24|
    |tmp_55_1_2_1_reg_6409                    |   8|   32|         24|
    |tmp_55_1_2_2_reg_7193                    |   8|   32|         24|
    |tmp_55_1_reg_6706                        |   8|   32|         24|
    |tmp_56_reg_6312                          |   7|    8|          1|
    |tmp_57_reg_5787                          |   0|    2|          2|
    |tmp_58_0_1_1_reg_6565                    |  32|   32|          0|
    |tmp_58_0_1_2_reg_7077                    |  32|   32|          0|
    |tmp_58_0_2_1_reg_6328                    |  32|   32|          0|
    |tmp_58_0_2_2_reg_6381                    |  32|   32|          0|
    |tmp_58_0_2_reg_6150                      |  32|   32|          0|
    |tmp_58_1_0_2_reg_6982                    |  32|   32|          0|
    |tmp_58_1_1_1_reg_7046                    |  32|   32|          0|
    |tmp_58_1_1_reg_6101                      |  32|   32|          0|
    |tmp_58_1_2_1_reg_6530                    |  32|   32|          0|
    |tmp_58_1_2_2_reg_7303                    |  32|   32|          0|
    |tmp_58_1_2_reg_6269                      |  32|   32|          0|
    |tmp_58_1_reg_6778                        |  32|   32|          0|
    |tmp_58_reg_5928                          |   8|    8|          0|
    |tmp_59_0_1_1_reg_6570                    |  32|   32|          0|
    |tmp_59_0_1_2_reg_7082                    |  32|   32|          0|
    |tmp_59_0_2_1_reg_6333                    |  32|   32|          0|
    |tmp_59_0_2_2_reg_6386                    |  32|   32|          0|
    |tmp_59_0_2_reg_6155                      |  32|   32|          0|
    |tmp_59_1_0_2_reg_6987                    |  32|   32|          0|
    |tmp_59_1_1_1_reg_7051                    |  32|   32|          0|
    |tmp_59_1_1_reg_6106                      |  32|   32|          0|
    |tmp_59_1_2_1_reg_6535                    |  32|   32|          0|
    |tmp_59_1_2_reg_6274                      |  32|   32|          0|
    |tmp_59_1_reg_6783                        |  32|   32|          0|
    |tmp_59_reg_6133                          |   0|    2|          2|
    |tmp_62_0_0_1_reg_6639                    |   8|   32|         24|
    |tmp_62_0_0_2_reg_6768                    |   8|   32|         24|
    |tmp_62_0_1_1_reg_6463                    |   8|   32|         24|
    |tmp_62_0_1_2_reg_5950                    |   8|   32|         24|
    |tmp_62_0_2_1_reg_6239                    |   8|   32|         24|
    |tmp_62_0_2_2_reg_6289                    |   8|   32|         24|
    |tmp_63_reg_5981                          |   0|    2|          2|
    |tmp_65_0_1_1_reg_6575                    |  32|   32|          0|
    |tmp_65_0_2_1_reg_6338                    |  32|   32|          0|
    |tmp_65_0_2_2_reg_6391                    |  32|   32|          0|
    |tmp_65_0_2_reg_6176                      |  32|   32|          0|
    |tmp_66_0_1_1_reg_6580                    |  32|   32|          0|
    |tmp_66_0_1_2_reg_6009                    |  32|   32|          0|
    |tmp_66_0_2_1_reg_6376                    |  32|   32|          0|
    |tmp_66_0_2_2_reg_6396                    |  32|   32|          0|
    |tmp_66_0_2_reg_6181                      |  32|   32|          0|
    |tmp_67_reg_6024                          |   0|    2|          2|
    |tmp_6_reg_6602                           |   0|    2|          2|
    |tmp_72_reg_6203                          |   0|    2|          2|
    |tmp_74_reg_7375                          |  24|   24|          0|
    |tmp_7_reg_5480                           |   9|    9|          0|
    |tmp_80_reg_6585                          |   0|    2|          2|
    |tmp_86_reg_5804                          |   0|    2|          2|
    |tmp_87_reg_5810                          |   8|    9|          1|
    |tmp_90_reg_5938                          |   0|    2|          2|
    |tmp_91_reg_5944                          |   8|    9|          1|
    |tmp_94_reg_5969                          |   0|    2|          2|
    |tmp_95_reg_5975                          |   8|    9|          1|
    |tmp_98_reg_6078                          |   0|    2|          2|
    |tmp_cast_reg_5446                        |   9|    9|          0|
    |tmp_reg_5441                             |   5|    5|          0|
    +-----------------------------------------+----+-----+-----------+
    |Total                                    |6111| 6591|        480|
    +-----------------------------------------+----+-----+-----------+



================================================================
== Interface
================================================================
* Summary: 
+------------------+-----+-----+------------+--------------+--------------+
|     RTL Ports    | Dir | Bits|  Protocol  | Source Object|    C Type    |
+------------------+-----+-----+------------+--------------+--------------+
|ap_clk            |  in |    1| ap_ctrl_hs |   sobel_ip   | return value |
|ap_rst            |  in |    1| ap_ctrl_hs |   sobel_ip   | return value |
|ap_start          |  in |    1| ap_ctrl_hs |   sobel_ip   | return value |
|ap_done           | out |    1| ap_ctrl_hs |   sobel_ip   | return value |
|ap_idle           | out |    1| ap_ctrl_hs |   sobel_ip   | return value |
|ap_ready          | out |    1| ap_ctrl_hs |   sobel_ip   | return value |
|sub_in_address0   | out |    9|  ap_memory |    sub_in    |     array    |
|sub_in_ce0        | out |    1|  ap_memory |    sub_in    |     array    |
|sub_in_q0         |  in |   32|  ap_memory |    sub_in    |     array    |
|sub_out_address0  | out |    8|  ap_memory |    sub_out   |     array    |
|sub_out_ce0       | out |    1|  ap_memory |    sub_out   |     array    |
|sub_out_we0       | out |    1|  ap_memory |    sub_out   |     array    |
|sub_out_d0        | out |   32|  ap_memory |    sub_out   |     array    |
+------------------+-----+-----+------------+--------------+--------------+

