

================================================================
== Vivado HLS Report for 'mm_ip'
================================================================
* Date:           Tue Mar 24 15:36:54 2015

* Version:        2013.3 (build date: Wed Oct 16 18:12:55 PM 2013)
* Project:        mm-small
* Solution:       unroll_2x10x10
* Product family: zynq zynq_fpv6 
* Target device:  xc7z020clg484-1


================================================================
== Performance Estimates
================================================================
+ Timing (ns): 
    * Summary: 
    +---------+-------+----------+------------+
    |  Clock  | Target| Estimated| Uncertainty|
    +---------+-------+----------+------------+
    |default  |   5.00|      4.35|        0.63|
    +---------+-------+----------+------------+

+ Latency (clock cycles): 
    * Summary: 
    +---------+---------+---------+---------+---------+
    |      Latency      |      Interval     | Pipeline|
    |   min   |   max   |   min   |   max   |   Type  |
    +---------+---------+---------+---------+---------+
    |  4456705|  4456705|  4456706|  4456706|   none  |
    +---------+---------+---------+---------+---------+

    + Detail: 
        * Instance: 
        N/A

        * Loop: 
        +--------------+---------+---------+----------+-----------+-----------+------+----------+
        |              |      Latency      | Iteration|  Initiation Interval  | Trip |          |
        |   Loop Name  |   min   |   max   |  Latency |  achieved |   target  | Count| Pipelined|
        +--------------+---------+---------+----------+-----------+-----------+------+----------+
        |- mm_label2   |  4456704|  4456704|     34818|          -|          -|   128|    no    |
        | + mm_label1  |    34816|    34816|       272|          -|          -|   128|    no    |
        +--------------+---------+---------+----------+-----------+-----------+------+----------+



================================================================
== Utilization Estimates
================================================================
* Summary: 
+-----------------+---------+-------+--------+-------+
|       Name      | BRAM_18K| DSP48E|   FF   |  LUT  |
+-----------------+---------+-------+--------+-------+
|Expression       |        -|      -|       0|   1266|
|FIFO             |        -|      -|       -|      -|
|Instance         |        -|     16|     216|     84|
|Memory           |        -|      -|       -|      -|
|Multiplexer      |        -|      -|       -|   1276|
|Register         |        -|      -|    1929|      -|
|ShiftMemory      |        -|      -|       -|      -|
+-----------------+---------+-------+--------+-------+
|Total            |        0|     16|    2145|   2626|
+-----------------+---------+-------+--------+-------+
|Available        |      280|    220|  106400|  53200|
+-----------------+---------+-------+--------+-------+
|Utilization (%)  |        0|      7|       2|      4|
+-----------------+---------+-------+--------+-------+

+ Detail: 
    * Instance: 
    +---------------------------+------------------------+---------+-------+----+----+
    |          Instance         |         Module         | BRAM_18K| DSP48E| FF | LUT|
    +---------------------------+------------------------+---------+-------+----+----+
    |mm_ip_mul_32s_32s_32_7_U0  |mm_ip_mul_32s_32s_32_7  |        0|      4|  54|  21|
    |mm_ip_mul_32s_32s_32_7_U1  |mm_ip_mul_32s_32s_32_7  |        0|      4|  54|  21|
    |mm_ip_mul_32s_32s_32_7_U2  |mm_ip_mul_32s_32s_32_7  |        0|      4|  54|  21|
    |mm_ip_mul_32s_32s_32_7_U3  |mm_ip_mul_32s_32s_32_7  |        0|      4|  54|  21|
    +---------------------------+------------------------+---------+-------+----+----+
    |Total                      |                        |        0|     16| 216|  84|
    +---------------------------+------------------------+---------+-------+----+----+

    * Memory: 
    N/A

    * FIFO: 
    N/A

    * Shift register: 
    N/A

    * Expression: 
    +----------------------+----------+-------+---+----+------------+------------+
    |     Variable Name    | Operation| DSP48E| FF| LUT| Bitwidth P0| Bitwidth P1|
    +----------------------+----------+-------+---+----+------------+------------+
    |grp_fu_2606_p2        |     +    |      0|  0|  32|          32|          32|
    |grp_fu_2612_p2        |     +    |      0|  0|  32|          32|          32|
    |grp_fu_2626_p2        |     +    |      0|  0|  32|          32|          32|
    |grp_fu_2640_p2        |     +    |      0|  0|  32|          32|          32|
    |grp_fu_2654_p2        |     +    |      0|  0|  32|          32|          32|
    |grp_fu_2668_p2        |     +    |      0|  0|  32|          32|          32|
    |grp_fu_2682_p2        |     +    |      0|  0|  32|          32|          32|
    |i_1_fu_2694_p2        |     +    |      0|  0|   8|           8|           1|
    |j_1_fu_4374_p2        |     +    |      0|  0|   8|           8|           1|
    |p_addr101_fu_5440_p2  |     +    |      0|  0|  15|          15|          14|
    |p_addr103_fu_5462_p2  |     +    |      0|  0|  15|          15|          14|
    |p_addr105_fu_5485_p2  |     +    |      0|  0|  15|          15|          14|
    |p_addr107_fu_5507_p2  |     +    |      0|  0|  15|          15|          13|
    |p_addr108_fu_5642_p2  |     +    |      0|  0|  15|          15|          13|
    |p_addr110_fu_5530_p2  |     +    |      0|  0|  15|          15|          13|
    |p_addr112_fu_5552_p2  |     +    |      0|  0|  15|          15|          13|
    |p_addr114_fu_5575_p2  |     +    |      0|  0|  15|          15|          13|
    |p_addr116_fu_5597_p2  |     +    |      0|  0|  15|          15|          13|
    |p_addr118_fu_5620_p2  |     +    |      0|  0|  15|          15|          13|
    |p_addr11_fu_4502_p2   |     +    |      0|  0|  15|          15|          15|
    |p_addr12_fu_5822_p2   |     +    |      0|  0|  15|          15|          10|
    |p_addr14_fu_4525_p2   |     +    |      0|  0|  15|          15|          15|
    |p_addr16_fu_4547_p2   |     +    |      0|  0|  15|          15|          15|
    |p_addr18_fu_4570_p2   |     +    |      0|  0|  15|          15|          15|
    |p_addr1_fu_5854_p2    |     +    |      0|  0|  15|          15|           9|
    |p_addr20_fu_4597_p2   |     +    |      0|  0|  15|          15|          15|
    |p_addr22_fu_4620_p2   |     +    |      0|  0|  15|          15|          15|
    |p_addr24_fu_5800_p2   |     +    |      0|  0|  15|          15|          11|
    |p_addr25_fu_4642_p2   |     +    |      0|  0|  15|          15|          15|
    |p_addr27_fu_4665_p2   |     +    |      0|  0|  15|          15|          15|
    |p_addr29_fu_4687_p2   |     +    |      0|  0|  15|          15|          15|
    |p_addr2_fu_5836_p2    |     +    |      0|  0|  16|          16|          16|
    |p_addr31_fu_4710_p2   |     +    |      0|  0|  15|          15|          15|
    |p_addr33_fu_4732_p2   |     +    |      0|  0|  15|          15|          15|
    |p_addr35_fu_4755_p2   |     +    |      0|  0|  15|          15|          15|
    |p_addr36_fu_5777_p2   |     +    |      0|  0|  15|          15|          11|
    |p_addr38_fu_4782_p2   |     +    |      0|  0|  15|          15|          15|
    |p_addr40_fu_4805_p2   |     +    |      0|  0|  15|          15|          15|
    |p_addr42_fu_4827_p2   |     +    |      0|  0|  15|          15|          15|
    |p_addr44_fu_4850_p2   |     +    |      0|  0|  15|          15|          15|
    |p_addr46_fu_4872_p2   |     +    |      0|  0|  15|          15|          15|
    |p_addr48_fu_5755_p2   |     +    |      0|  0|  15|          15|          12|
    |p_addr49_fu_4895_p2   |     +    |      0|  0|  15|          15|          15|
    |p_addr4_fu_4401_p2    |     +    |      0|  0|  15|          15|          15|
    |p_addr51_fu_4917_p2   |     +    |      0|  0|  15|          15|          15|
    |p_addr53_fu_4940_p2   |     +    |      0|  0|  15|          15|          15|
    |p_addr55_fu_4962_p2   |     +    |      0|  0|  15|          15|          15|
    |p_addr57_fu_4985_p2   |     +    |      0|  0|  15|          15|          15|
    |p_addr59_fu_5007_p2   |     +    |      0|  0|  15|          15|          15|
    |p_addr60_fu_5732_p2   |     +    |      0|  0|  15|          15|          12|
    |p_addr62_fu_5030_p2   |     +    |      0|  0|  15|          15|          15|
    |p_addr64_fu_5052_p2   |     +    |      0|  0|  15|          15|          15|
    |p_addr66_fu_5075_p2   |     +    |      0|  0|  15|          15|          15|
    |p_addr68_fu_5097_p2   |     +    |      0|  0|  15|          15|          15|
    |p_addr6_fu_4425_p2    |     +    |      0|  0|  15|          15|          15|
    |p_addr70_fu_5120_p2   |     +    |      0|  0|  15|          15|          15|
    |p_addr72_fu_5710_p2   |     +    |      0|  0|  15|          15|          12|
    |p_addr73_fu_5147_p2   |     +    |      0|  0|  15|          15|          14|
    |p_addr75_fu_5170_p2   |     +    |      0|  0|  15|          15|          14|
    |p_addr77_fu_5192_p2   |     +    |      0|  0|  15|          15|          14|
    |p_addr79_fu_5215_p2   |     +    |      0|  0|  15|          15|          14|
    |p_addr81_fu_5237_p2   |     +    |      0|  0|  15|          15|          14|
    |p_addr83_fu_5260_p2   |     +    |      0|  0|  15|          15|          14|
    |p_addr84_fu_5687_p2   |     +    |      0|  0|  15|          15|          12|
    |p_addr86_fu_5282_p2   |     +    |      0|  0|  15|          15|          14|
    |p_addr88_fu_5305_p2   |     +    |      0|  0|  15|          15|          14|
    |p_addr8_fu_4452_p2    |     +    |      0|  0|  15|          15|          15|
    |p_addr90_fu_5327_p2   |     +    |      0|  0|  15|          15|          14|
    |p_addr92_fu_5350_p2   |     +    |      0|  0|  15|          15|          14|
    |p_addr94_fu_5372_p2   |     +    |      0|  0|  15|          15|          14|
    |p_addr96_fu_5665_p2   |     +    |      0|  0|  15|          15|          13|
    |p_addr97_fu_5395_p2   |     +    |      0|  0|  15|          15|          14|
    |p_addr99_fu_5417_p2   |     +    |      0|  0|  15|          15|          14|
    |p_addr_fu_4475_p2     |     +    |      0|  0|  15|          15|          15|
    |tmp_8_s_fu_5864_p2    |     +    |      0|  0|  32|          32|          32|
    |exitcond1_fu_4368_p2  |   icmp   |      0|  0|   9|           8|           9|
    |exitcond2_fu_2688_p2  |   icmp   |      0|  0|   9|           8|           9|
    +----------------------+----------+-------+---+----+------------+------------+
    |Total                 |          |      0|  0|1266|        1264|        1189|
    +----------------------+----------+-------+---+----+------------+------------+

    * Multiplexer: 
    +---------------+------+-----------+-----+-----------+
    |      Name     |  LUT | Input Size| Bits| Total Bits|
    +---------------+------+-----------+-----+-----------+
    |i_reg_2510     |     8|          2|    8|         16|
    |in_r_address0  |  1260|        257|   15|       3855|
    |j_reg_2521     |     8|          2|    8|         16|
    +---------------+------+-----------+-----+-----------+
    |Total          |  1276|        261|   31|       3887|
    +---------------+------+-----------+-----+-----------+

    * Register: 
    +--------------------------+----+-----+-----------+
    |           Name           | FF | Bits| Const Bits|
    +--------------------------+----+-----+-----------+
    |ap_CS_fsm                 |   9|    9|          0|
    |i_1_reg_5875              |   8|    8|          0|
    |i_reg_2510                |   8|    8|          0|
    |in_addr_100_reg_6135      |   8|   15|          7|
    |in_addr_102_reg_6140      |   8|   15|          7|
    |in_addr_104_reg_6145      |   8|   15|          7|
    |in_addr_106_reg_6150      |   8|   15|          7|
    |in_addr_108_reg_6155      |   8|   15|          7|
    |in_addr_10_reg_5910       |   8|   15|          7|
    |in_addr_110_reg_6160      |   8|   15|          7|
    |in_addr_112_reg_6165      |   8|   15|          7|
    |in_addr_114_reg_6170      |   8|   15|          7|
    |in_addr_116_reg_6175      |   8|   15|          7|
    |in_addr_118_reg_6180      |   8|   15|          7|
    |in_addr_120_reg_6185      |   8|   15|          7|
    |in_addr_122_reg_6190      |   8|   15|          7|
    |in_addr_124_reg_6195      |   8|   15|          7|
    |in_addr_126_reg_6200      |   8|   15|          7|
    |in_addr_128_reg_6205      |   8|   15|          7|
    |in_addr_12_reg_5915       |   8|   15|          7|
    |in_addr_130_reg_6210      |   8|   15|          7|
    |in_addr_132_reg_6215      |   8|   15|          7|
    |in_addr_134_reg_6220      |   8|   15|          7|
    |in_addr_136_reg_6225      |   8|   15|          7|
    |in_addr_138_reg_6230      |   8|   15|          7|
    |in_addr_140_reg_6235      |   8|   15|          7|
    |in_addr_142_reg_6240      |   8|   15|          7|
    |in_addr_144_reg_6245      |   8|   15|          7|
    |in_addr_146_reg_6250      |   8|   15|          7|
    |in_addr_148_reg_6255      |   8|   15|          7|
    |in_addr_14_reg_5920       |   8|   15|          7|
    |in_addr_150_reg_6260      |   8|   15|          7|
    |in_addr_152_reg_6265      |   8|   15|          7|
    |in_addr_154_reg_6270      |   8|   15|          7|
    |in_addr_156_reg_6275      |   8|   15|          7|
    |in_addr_158_reg_6280      |   8|   15|          7|
    |in_addr_160_reg_6285      |   8|   15|          7|
    |in_addr_162_reg_6290      |   8|   15|          7|
    |in_addr_164_reg_6295      |   8|   15|          7|
    |in_addr_166_reg_6300      |   8|   15|          7|
    |in_addr_168_reg_6305      |   8|   15|          7|
    |in_addr_16_reg_5925       |   8|   15|          7|
    |in_addr_170_reg_6310      |   8|   15|          7|
    |in_addr_172_reg_6315      |   8|   15|          7|
    |in_addr_174_reg_6320      |   8|   15|          7|
    |in_addr_176_reg_6325      |   8|   15|          7|
    |in_addr_178_reg_6330      |   8|   15|          7|
    |in_addr_180_reg_6335      |   8|   15|          7|
    |in_addr_182_reg_6340      |   8|   15|          7|
    |in_addr_184_reg_6345      |   8|   15|          7|
    |in_addr_186_reg_6350      |   8|   15|          7|
    |in_addr_188_reg_6355      |   8|   15|          7|
    |in_addr_18_reg_5930       |   8|   15|          7|
    |in_addr_190_reg_6360      |   8|   15|          7|
    |in_addr_192_reg_6365      |   8|   15|          7|
    |in_addr_194_reg_6370      |   8|   15|          7|
    |in_addr_196_reg_6375      |   8|   15|          7|
    |in_addr_198_reg_6380      |   8|   15|          7|
    |in_addr_200_reg_6385      |   8|   15|          7|
    |in_addr_202_reg_6390      |   8|   15|          7|
    |in_addr_204_reg_6395      |   8|   15|          7|
    |in_addr_206_reg_6400      |   8|   15|          7|
    |in_addr_208_reg_6405      |   8|   15|          7|
    |in_addr_20_reg_5935       |   8|   15|          7|
    |in_addr_210_reg_6410      |   8|   15|          7|
    |in_addr_212_reg_6415      |   8|   15|          7|
    |in_addr_214_reg_6420      |   8|   15|          7|
    |in_addr_216_reg_6425      |   8|   15|          7|
    |in_addr_218_reg_6430      |   8|   15|          7|
    |in_addr_220_reg_6435      |   8|   15|          7|
    |in_addr_222_reg_6440      |   8|   15|          7|
    |in_addr_224_reg_6445      |   8|   15|          7|
    |in_addr_226_reg_6450      |   8|   15|          7|
    |in_addr_228_reg_6455      |   8|   15|          7|
    |in_addr_22_reg_5940       |   8|   15|          7|
    |in_addr_230_reg_6460      |   8|   15|          7|
    |in_addr_232_reg_6465      |   8|   15|          7|
    |in_addr_234_reg_6470      |   8|   15|          7|
    |in_addr_236_reg_6475      |   8|   15|          7|
    |in_addr_238_reg_6480      |   8|   15|          7|
    |in_addr_240_reg_6485      |   8|   15|          7|
    |in_addr_242_reg_6490      |   8|   15|          7|
    |in_addr_244_reg_6495      |   8|   15|          7|
    |in_addr_246_reg_6500      |   8|   15|          7|
    |in_addr_248_reg_6505      |   8|   15|          7|
    |in_addr_24_reg_5945       |   8|   15|          7|
    |in_addr_250_reg_6510      |   8|   15|          7|
    |in_addr_252_reg_6515      |   8|   15|          7|
    |in_addr_254_reg_6520      |   8|   15|          7|
    |in_addr_26_reg_5950       |   8|   15|          7|
    |in_addr_28_reg_5955       |   8|   15|          7|
    |in_addr_2_reg_5890        |   8|   15|          7|
    |in_addr_30_reg_5960       |   8|   15|          7|
    |in_addr_32_reg_5965       |   8|   15|          7|
    |in_addr_34_reg_5970       |   8|   15|          7|
    |in_addr_36_reg_5975       |   8|   15|          7|
    |in_addr_38_reg_5980       |   8|   15|          7|
    |in_addr_40_reg_5985       |   8|   15|          7|
    |in_addr_42_reg_5990       |   8|   15|          7|
    |in_addr_44_reg_5995       |   8|   15|          7|
    |in_addr_46_reg_6000       |   8|   15|          7|
    |in_addr_48_reg_6005       |   8|   15|          7|
    |in_addr_4_reg_5895        |   8|   15|          7|
    |in_addr_50_reg_6010       |   8|   15|          7|
    |in_addr_52_reg_6015       |   8|   15|          7|
    |in_addr_54_reg_6020       |   8|   15|          7|
    |in_addr_56_reg_6025       |   8|   15|          7|
    |in_addr_58_reg_6030       |   8|   15|          7|
    |in_addr_60_reg_6035       |   8|   15|          7|
    |in_addr_62_reg_6040       |   8|   15|          7|
    |in_addr_64_reg_6045       |   8|   15|          7|
    |in_addr_66_reg_6050       |   8|   15|          7|
    |in_addr_68_reg_6055       |   8|   15|          7|
    |in_addr_6_reg_5900        |   8|   15|          7|
    |in_addr_70_reg_6060       |   8|   15|          7|
    |in_addr_72_reg_6065       |   8|   15|          7|
    |in_addr_74_reg_6070       |   8|   15|          7|
    |in_addr_76_reg_6075       |   8|   15|          7|
    |in_addr_78_reg_6080       |   8|   15|          7|
    |in_addr_80_reg_6085       |   8|   15|          7|
    |in_addr_82_reg_6090       |   8|   15|          7|
    |in_addr_84_reg_6095       |   8|   15|          7|
    |in_addr_86_reg_6100       |   8|   15|          7|
    |in_addr_88_reg_6105       |   8|   15|          7|
    |in_addr_8_reg_5905        |   8|   15|          7|
    |in_addr_90_reg_6110       |   8|   15|          7|
    |in_addr_92_reg_6115       |   8|   15|          7|
    |in_addr_94_reg_6120       |   8|   15|          7|
    |in_addr_96_reg_6125       |   8|   15|          7|
    |in_addr_98_reg_6130       |   8|   15|          7|
    |in_addr_reg_5885          |   8|   15|          7|
    |j_1_reg_6528              |   8|    8|          0|
    |j_reg_2521                |   8|    8|          0|
    |p_addr2_reg_7277          |  16|   16|          0|
    |p_addr_cast_reg_5880      |   8|   16|          8|
    |reg_2534                  |  32|   32|          0|
    |reg_2538                  |  32|   32|          0|
    |reg_2542                  |  32|   32|          0|
    |reg_2546                  |  32|   32|          0|
    |reg_2550                  |  32|   32|          0|
    |reg_2554                  |  32|   32|          0|
    |reg_2558                  |  32|   32|          0|
    |reg_2562                  |  32|   32|          0|
    |reg_2590                  |  32|   32|          0|
    |reg_2594                  |  32|   32|          0|
    |reg_2598                  |  32|   32|          0|
    |reg_2602                  |  32|   32|          0|
    |reg_2618                  |  32|   32|          0|
    |reg_2622                  |  32|   32|          0|
    |reg_2632                  |  32|   32|          0|
    |reg_2636                  |  32|   32|          0|
    |reg_2646                  |  32|   32|          0|
    |reg_2650                  |  32|   32|          0|
    |reg_2660                  |  32|   32|          0|
    |reg_2664                  |  32|   32|          0|
    |reg_2674                  |  32|   32|          0|
    |reg_2678                  |  32|   32|          0|
    |tmp1_reg_6997             |  32|   32|          0|
    |tmp64_reg_7292            |  32|   32|          0|
    |tmp_263_reg_6620          |   8|    9|          1|
    |tmp_268_reg_6659          |   8|   10|          2|
    |tmp_277_reg_6710          |   8|   11|          3|
    |tmp_294_reg_6797          |   8|   12|          4|
    |tmp_2_trn_cast1_reg_6538  |   8|   15|          7|
    |tmp_8_s_reg_7297          |  32|   32|          0|
    +--------------------------+----+-----+-----------+
    |Total                     |1929| 2850|        921|
    +--------------------------+----+-----+-----------+



================================================================
== Interface
================================================================
* Summary: 
+----------------+-----+-----+------------+--------------+--------------+
|    RTL Ports   | Dir | Bits|  Protocol  | Source Object|    C Type    |
+----------------+-----+-----+------------+--------------+--------------+
|ap_clk          |  in |    1| ap_ctrl_hs |     mm_ip    | return value |
|ap_rst          |  in |    1| ap_ctrl_hs |     mm_ip    | return value |
|ap_start        |  in |    1| ap_ctrl_hs |     mm_ip    | return value |
|ap_done         | out |    1| ap_ctrl_hs |     mm_ip    | return value |
|ap_idle         | out |    1| ap_ctrl_hs |     mm_ip    | return value |
|ap_ready        | out |    1| ap_ctrl_hs |     mm_ip    | return value |
|in_r_address0   | out |   15|  ap_memory |     in_r     |     array    |
|in_r_ce0        | out |    1|  ap_memory |     in_r     |     array    |
|in_r_q0         |  in |   32|  ap_memory |     in_r     |     array    |
|out_r_address0  | out |   14|  ap_memory |     out_r    |     array    |
|out_r_ce0       | out |    1|  ap_memory |     out_r    |     array    |
|out_r_we0       | out |    1|  ap_memory |     out_r    |     array    |
|out_r_d0        | out |   32|  ap_memory |     out_r    |     array    |
+----------------+-----+-----+------------+--------------+--------------+

